#
# There is insufficient memory for the Java Runtime Environment to continue.
# Native memory allocation (mmap) failed to map 264241152 bytes for G1 virtual space
# Possible reasons:
#   The system is out of physical RAM or swap space
#   The process is running with CompressedOops enabled, and the Java Heap may be blocking the growth of the native heap
# Possible solutions:
#   Reduce memory load on the system
#   Increase physical memory or swap space
#   Check if swap backing store is full
#   Decrease Java heap size (-Xmx/-Xms)
#   Decrease number of Java threads
#   Decrease Java thread stack sizes (-Xss)
#   Set larger code cache with -XX:ReservedCodeCacheSize=
#   JVM is running with Unscaled Compressed Oops mode in which the Java heap is
#     placed in the first 4GB address space. The Java Heap base address is the
#     maximum limit for the native heap growth. Please use -XX:HeapBaseMinAddress
#     to set the Java Heap base and to place the Java Heap above 4GB virtual address.
# This output file may be truncated or incomplete.
#
#  Out of Memory Error (os_windows.cpp:3600), pid=10192, tid=1864
#
# JRE version:  (21.0.1+12) (build )
# Java VM: Java HotSpot(TM) 64-Bit Server VM (21.0.1+12-LTS-29, mixed mode, sharing, tiered, compressed oops, compressed class ptrs, g1 gc, windows-amd64)
# No core dump will be written. Minidumps are not enabled by default on client versions of Windows
#

---------------  S U M M A R Y ------------

Command Line: -Xmx512m C:\Users\USER01\AppData\Local\Temp\surefire9664260094979178398\surefirebooter-20250916170825046_3.jar C:\Users\USER01\AppData\Local\Temp\surefire9664260094979178398 2025-09-16T17-08-24_972-jvmRun1 surefire-20250916170825046_1tmp surefire_0-20250916170825046_2tmp

Host: 12th Gen Intel(R) Core(TM) i7-1265U, 12 cores, 15G,  Windows 11 , 64 bit Build 22621 (10.0.22621.5415)
Time: Tue Sep 16 17:08:25 2025 W. Central Africa Standard Time elapsed time: 0.006093 seconds (0d 0h 0m 0s)

---------------  T H R E A D  ---------------

Current thread (0x0000020a88f60bf0):  JavaThread "Unknown thread" [_thread_in_vm, id=1864, stack(0x000000a0f3200000,0x000000a0f3300000) (1024K)]

Stack: [0x000000a0f3200000,0x000000a0f3300000]
Native frames: (J=compiled Java code, j=interpreted, Vv=VM code, C=native code)
V  [jvm.dll+0x6c9029]
V  [jvm.dll+0x854b81]
V  [jvm.dll+0x856e5e]
V  [jvm.dll+0x857543]
V  [jvm.dll+0x280c06]
V  [jvm.dll+0x6c5715]
V  [jvm.dll+0x6ba10a]
V  [jvm.dll+0x3557ea]
V  [jvm.dll+0x35d436]
V  [jvm.dll+0x3ae1be]
V  [jvm.dll+0x3ae468]
V  [jvm.dll+0x3291fc]
V  [jvm.dll+0x329d8b]
V  [jvm.dll+0x81d179]
V  [jvm.dll+0x3bb4f1]
V  [jvm.dll+0x805ae8]
V  [jvm.dll+0x44effe]
V  [jvm.dll+0x450901]
C  [jli.dll+0x52a3]
C  [ucrtbase.dll+0x29333]
C  [KERNEL32.DLL+0x1259d]
C  [ntdll.dll+0x5af78]


---------------  P R O C E S S  ---------------

Threads class SMR info:
_java_thread_list=0x00007fff8a829b88, length=0, elements={
}

Java Threads: ( => current thread )
Total: 0

Other Threads:
  0x0000020a8b2d3400 WorkerThread "GC Thread#0"                     [id=24276, stack(0x000000a0f3300000,0x000000a0f3400000) (1024K)]
  0x0000020a8b2d99a0 ConcurrentGCThread "G1 Main Marker"            [id=14152, stack(0x000000a0f3400000,0x000000a0f3500000) (1024K)]
  0x0000020a8b2dacb0 WorkerThread "G1 Conc#0"                       [id=24948, stack(0x000000a0f3500000,0x000000a0f3600000) (1024K)]

[error occurred during error reporting (printing all threads), id 0xc0000005, EXCEPTION_ACCESS_VIOLATION (0xc0000005) at pc=0x00007fff89f9c2c7]
VM state: not at safepoint (not fully initialized)

VM Mutex/Monitor currently owned by a thread:  ([mutex/lock_event])
[0x00007fff8a89a6f8] Heap_lock - owner thread: 0x0000020a88f60bf0

Heap address: 0x00000000e0000000, size: 512 MB, Compressed Oops mode: 32-bit

CDS archive(s) mapped at: [0x0000000000000000-0x0000000000000000-0x0000000000000000), size 0, SharedBaseAddress: 0x0000000800000000, ArchiveRelocationMode: 1.
Narrow klass base: 0x0000000000000000, Narrow klass shift: 0, Narrow klass range: 0x0

GC Precious Log:
 CardTable entry size: 512
 Card Set container configuration: InlinePtr #cards 5 size 8 Array Of Cards #cards 12 size 40 Howl #buckets 4 coarsen threshold 1843 Howl Bitmap #cards 512 size 80 coarsen threshold 460 Card regions per heap region 1 cards per card region 2048

Heap:
 garbage-first heap   total 0K, used 0K [0x00000000e0000000, 0x0000000100000000)
  region size 1024K, 0 young (0K), 0 survivors (0K)

[error occurred during error reporting (printing heap information), id 0xc0000005, EXCEPTION_ACCESS_VIOLATION (0xc0000005) at pc=0x00007fff8a381be9]
GC Heap History (0 events):
No events

Dll operation events (1 events):
Event: 0.004 Loaded shared library C:\Program Files\Java\jdk-21\bin\java.dll

Deoptimization events (0 events):
No events

Classes loaded (0 events):
No events

Classes unloaded (0 events):
No events

Classes redefined (0 events):
No events

Internal exceptions (0 events):
No events

ZGC Phase Switch (0 events):
No events

VM Operations (0 events):
No events

Events (0 events):
No events


Dynamic libraries:
0x00007ff60bcf0000 - 0x00007ff60bd00000 	C:\Program Files\Java\jdk-21\bin\java.exe
0x00007ff828250000 - 0x00007ff828467000 	C:\WINDOWS\SYSTEM32\ntdll.dll
0x00007ff826b80000 - 0x00007ff826c44000 	C:\WINDOWS\System32\KERNEL32.DLL
0x00007ff825a90000 - 0x00007ff825e60000 	C:\WINDOWS\System32\KERNELBASE.dll
0x00007ff825810000 - 0x00007ff825921000 	C:\WINDOWS\System32\ucrtbase.dll
0x00007ff805fe0000 - 0x00007ff805ff9000 	C:\Program Files\Java\jdk-21\bin\jli.dll
0x00007ff8272c0000 - 0x00007ff827371000 	C:\WINDOWS\System32\ADVAPI32.dll
0x00007ff804800000 - 0x00007ff80481b000 	C:\Program Files\Java\jdk-21\bin\VCRUNTIME140.dll
0x00007ff827010000 - 0x00007ff8270b7000 	C:\WINDOWS\System32\msvcrt.dll
0x00007ff827110000 - 0x00007ff8271b8000 	C:\WINDOWS\System32\sechost.dll
0x00007ff825930000 - 0x00007ff825958000 	C:\WINDOWS\System32\bcrypt.dll
0x00007ff826a60000 - 0x00007ff826b78000 	C:\WINDOWS\System32\RPCRT4.dll
0x00007ff825ee0000 - 0x00007ff826091000 	C:\WINDOWS\System32\USER32.dll
0x00007ff8253d0000 - 0x00007ff8253f6000 	C:\WINDOWS\System32\win32u.dll
0x00007ff828170000 - 0x00007ff828199000 	C:\WINDOWS\System32\GDI32.dll
0x00007ff825960000 - 0x00007ff825a83000 	C:\WINDOWS\System32\gdi32full.dll
0x00007ff804390000 - 0x00007ff80462c000 	C:\WINDOWS\WinSxS\amd64_microsoft.windows.common-controls_6595b64144ccf1df_6.0.22621.5840_none_2710ea077384a4fe\COMCTL32.dll
0x00007ff825770000 - 0x00007ff82580a000 	C:\WINDOWS\System32\msvcp_win.dll
0x00007ff818ec0000 - 0x00007ff818eca000 	C:\WINDOWS\SYSTEM32\VERSION.dll
0x00007ff8270c0000 - 0x00007ff8270f1000 	C:\WINDOWS\System32\IMM32.DLL
0x00007ff806030000 - 0x00007ff80603c000 	C:\Program Files\Java\jdk-21\bin\vcruntime140_1.dll
0x00007fffba7e0000 - 0x00007fffba86e000 	C:\Program Files\Java\jdk-21\bin\msvcp140.dll
0x00007fff89c60000 - 0x00007fff8a975000 	C:\Program Files\Java\jdk-21\bin\server\jvm.dll
0x00007ff827240000 - 0x00007ff8272b1000 	C:\WINDOWS\System32\WS2_32.dll
0x00007ff825170000 - 0x00007ff8251bd000 	C:\WINDOWS\SYSTEM32\POWRPROF.dll
0x00007ff821b80000 - 0x00007ff821bb4000 	C:\WINDOWS\SYSTEM32\WINMM.dll
0x00007ff825150000 - 0x00007ff825163000 	C:\WINDOWS\SYSTEM32\UMPDC.dll
0x00007ff8242e0000 - 0x00007ff8242f8000 	C:\WINDOWS\SYSTEM32\kernel.appcore.dll
0x00007ff804d90000 - 0x00007ff804d9a000 	C:\Program Files\Java\jdk-21\bin\jimage.dll
0x00007ff822a00000 - 0x00007ff822c33000 	C:\WINDOWS\SYSTEM32\DBGHELP.DLL
0x00007ff827580000 - 0x00007ff827911000 	C:\WINDOWS\System32\combase.dll
0x00007ff826e50000 - 0x00007ff826f28000 	C:\WINDOWS\System32\OLEAUT32.dll
0x00007ffffa860000 - 0x00007ffffa892000 	C:\WINDOWS\SYSTEM32\dbgcore.DLL
0x00007ff825e60000 - 0x00007ff825edb000 	C:\WINDOWS\System32\bcryptPrimitives.dll
0x00007ff8040b0000 - 0x00007ff8040cf000 	C:\Program Files\Java\jdk-21\bin\java.dll

dbghelp: loaded successfully - version: 4.0.5 - missing functions: none
symbol engine: initialized successfully - sym options: 0x614 - pdb path: .;C:\Program Files\Java\jdk-21\bin;C:\WINDOWS\SYSTEM32;C:\WINDOWS\WinSxS\amd64_microsoft.windows.common-controls_6595b64144ccf1df_6.0.22621.5840_none_2710ea077384a4fe;C:\Program Files\Java\jdk-21\bin\server

VM Arguments:
jvm_args: -Xmx512m 
java_command: C:\Users\USER01\AppData\Local\Temp\surefire9664260094979178398\surefirebooter-20250916170825046_3.jar C:\Users\USER01\AppData\Local\Temp\surefire9664260094979178398 2025-09-16T17-08-24_972-jvmRun1 surefire-20250916170825046_1tmp surefire_0-20250916170825046_2tmp
java_class_path (initial): C:\Users\USER01\AppData\Local\Temp\surefire9664260094979178398\surefirebooter-20250916170825046_3.jar
Launcher Type: SUN_STANDARD

[Global flags]
     intx CICompilerCount                          = 4                                         {product} {ergonomic}
     uint ConcGCThreads                            = 3                                         {product} {ergonomic}
     uint G1ConcRefinementThreads                  = 10                                        {product} {ergonomic}
   size_t G1HeapRegionSize                         = 1048576                                   {product} {ergonomic}
    uintx GCDrainStackTargetSize                   = 64                                        {product} {ergonomic}
   size_t InitialHeapSize                          = 264241152                                 {product} {ergonomic}
   size_t MarkStackSize                            = 4194304                                   {product} {ergonomic}
   size_t MaxHeapSize                              = 536870912                                 {product} {command line}
   size_t MinHeapDeltaBytes                        = 1048576                                   {product} {ergonomic}
   size_t MinHeapSize                              = 8388608                                   {product} {ergonomic}
    uintx NonNMethodCodeHeapSize                   = 5839372                                {pd product} {ergonomic}
    uintx NonProfiledCodeHeapSize                  = 122909434                              {pd product} {ergonomic}
    uintx ProfiledCodeHeapSize                     = 122909434                              {pd product} {ergonomic}
    uintx ReservedCodeCacheSize                    = 251658240                              {pd product} {ergonomic}
     bool SegmentedCodeCache                       = true                                      {product} {ergonomic}
   size_t SoftMaxHeapSize                          = 536870912                              {manageable} {ergonomic}
     bool UseCompressedOops                        = true                           {product lp64_product} {ergonomic}
     bool UseG1GC                                  = true                                      {product} {ergonomic}
     bool UseLargePagesIndividualAllocation        = false                                  {pd product} {ergonomic}

Logging:
Log output configuration:
 #0: stdout all=warning uptime,level,tags foldmultilines=false
 #1: stderr all=off uptime,level,tags foldmultilines=false

Environment Variables:
JAVA_HOME=C:\Program Files\Java\jdk-21
PATH=E:\app\USER01\product\11.2.0\dbhome_1\bin;E:\app\USER01\product\11.1.0\db_2\bin;C:\Program Files\Common Files\Oracle\Java\javapath;C:\ProgramData\Oracle\Java\javapath;C:\WINDOWS\system32;C:\WINDOWS;C:\WINDOWS\System32\Wbem;C:\WINDOWS\System32\WindowsPowerShell\v1.0\;C:\WINDOWS\System32\OpenSSH\;C:\ProgramData\chocolatey\bin;C:\Program Files\Java\jdk-21\bin;C:\Program Files\TortoiseSVN\bin;C:\Program Files\Microsoft SQL Server\150\Tools\Binn\;C:\Program Files\nodejs\;E:\zenithe\Biometrie\Logiciel_enrolement;E:\MySQL\MySQL Server 5.0\bin;C:\Program Files\Git\cmd;C:\Program Files\Docker\Docker\resources\bin;E:\MongoDB\Server\8.0\bin;;C:\Program Files\Filestar;C:\ProgramData\Filestar\aliases;C:\Users\USER01\AppData\Local\Microsoft\WindowsApps;;C:\Users\USER01\AppData\Local\Programs\Microsoft VS Code\bin;C:\Users\USER01\AppData\Roaming\npm;C:\Users\USER01\AppData\Local\Programs\mongosh\;C:\Users\USER01\AppData\Local\Programs\cursor\resources\app\bin
USERNAME=USER01
OS=Windows_NT
PROCESSOR_IDENTIFIER=Intel64 Family 6 Model 154 Stepping 4, GenuineIntel
TMP=C:\Users\USER01\AppData\Local\Temp
TEMP=C:\Users\USER01\AppData\Local\Temp




Periodic native trim disabled

---------------  S Y S T E M  ---------------

OS:
 Windows 11 , 64 bit Build 22621 (10.0.22621.5415)
OS uptime: 0 days 13:26 hours
Hyper-V role detected

CPU: total 12 (initial active 12) (6 cores per cpu, 2 threads per core) family 6 model 154 stepping 4 microcode 0x437, cx8, cmov, fxsr, ht, mmx, 3dnowpref, sse, sse2, sse3, ssse3, sse4.1, sse4.2, popcnt, lzcnt, tsc, tscinvbit, avx, avx2, aes, erms, clmul, bmi1, bmi2, adx, sha, fma, vzeroupper, clflush, clflushopt, clwb, hv, serialize, rdtscp, rdpid, fsrm, f16c, cet_ibt, cet_ss
Processor Information for processor 0
  Max Mhz: 1800, Current Mhz: 1800, Mhz Limit: 1800
Processor Information for processor 1
  Max Mhz: 1800, Current Mhz: 1800, Mhz Limit: 1800
Processor Information for processor 2
  Max Mhz: 1800, Current Mhz: 1800, Mhz Limit: 1800
Processor Information for processor 3
  Max Mhz: 1800, Current Mhz: 1800, Mhz Limit: 1800
Processor Information for processor 4
  Max Mhz: 1800, Current Mhz: 1523, Mhz Limit: 1800
Processor Information for processor 5
  Max Mhz: 1800, Current Mhz: 1800, Mhz Limit: 1800
Processor Information for processor 6
  Max Mhz: 1800, Current Mhz: 1800, Mhz Limit: 1800
Processor Information for processor 7
  Max Mhz: 1800, Current Mhz: 1800, Mhz Limit: 1800
Processor Information for processor 8
  Max Mhz: 1800, Current Mhz: 1800, Mhz Limit: 1800
Processor Information for processor 9
  Max Mhz: 1800, Current Mhz: 1800, Mhz Limit: 1800
Processor Information for processor 10
  Max Mhz: 1800, Current Mhz: 1800, Mhz Limit: 1800
Processor Information for processor 11
  Max Mhz: 1800, Current Mhz: 1800, Mhz Limit: 1800

Memory: 4k page, system-wide physical 16016M (4320M free)
TotalPageFile size 23794M (AvailPageFile size 94M)
current process WorkingSet (physical memory assigned to process): 11M, peak: 11M
current process commit charge ("private bytes"): 64M, peak: 315M

vm_info: Java HotSpot(TM) 64-Bit Server VM (21.0.1+12-LTS-29) for windows-amd64 JRE (21.0.1+12-LTS-29), built on 2023-10-05T13:27:09Z by "mach5one" with MS VC++ 17.1 (VS2022)

END.
