#
# There is insufficient memory for the Java Runtime Environment to continue.
# Native memory allocation (malloc) failed to allocate 32744 bytes for Chunk::new
# Possible reasons:
#   The system is out of physical RAM or swap space
#   The process is running with CompressedOops enabled, and the Java Heap may be blocking the growth of the native heap
# Possible solutions:
#   Reduce memory load on the system
#   Increase physical memory or swap space
#   Check if swap backing store is full
#   Decrease Java heap size (-Xmx/-Xms)
#   Decrease number of Java threads
#   Decrease Java thread stack sizes (-Xss)
#   Set larger code cache with -XX:ReservedCodeCacheSize=
#   JVM is running with Zero Based Compressed Oops mode in which the Java heap is
#     placed in the first 32GB address space. The Java Heap base address is the
#     maximum limit for the native heap growth. Please use -XX:HeapBaseMinAddress
#     to set the Java Heap base and to place the Java Heap above 32GB virtual address.
# This output file may be truncated or incomplete.
#
#  Out of Memory Error (arena.cpp:168), pid=17300, tid=23044
#
# JRE version: Java(TM) SE Runtime Environment (21.0.1+12) (build 21.0.1+12-LTS-29)
# Java VM: Java HotSpot(TM) 64-Bit Server VM (21.0.1+12-LTS-29, mixed mode, tiered, compressed oops, compressed class ptrs, g1 gc, windows-amd64)
# No core dump will be written. Minidumps are not enabled by default on client versions of Windows
#

---------------  S U M M A R Y ------------

Command Line: db.biometry.biometry.BiometryApplication

Host: 12th Gen Intel(R) Core(TM) i7-1265U, 12 cores, 15G,  Windows 11 , 64 bit Build 22621 (10.0.22621.5415)
Time: Tue Sep 16 16:43:16 2025 W. Central Africa Standard Time elapsed time: 0.154296 seconds (0d 0h 0m 0s)

---------------  T H R E A D  ---------------

Current thread (0x000001ad04093180):  JavaThread "C2 CompilerThread0" daemon [_thread_in_native, id=23044, stack(0x0000006132b00000,0x0000006132c00000) (1024K)]


Current CompileTask:
C2:    154  163   !   4       java.util.zip.ZipFile$Source::checkAndAddEntry (295 bytes)

Stack: [0x0000006132b00000,0x0000006132c00000]
Native frames: (J=compiled Java code, j=interpreted, Vv=VM code, C=native code)
V  [jvm.dll+0x6c9029]
V  [jvm.dll+0x854b81]
V  [jvm.dll+0x856e5e]
V  [jvm.dll+0x857543]
V  [jvm.dll+0x280c06]
V  [jvm.dll+0xc3ead]
V  [jvm.dll+0xc43c3]
V  [jvm.dll+0x6f4c8e]
V  [jvm.dll+0x1e2186]
V  [jvm.dll+0x249c22]
V  [jvm.dll+0x2490b1]
V  [jvm.dll+0x1c9ca1]
V  [jvm.dll+0x2586b9]
V  [jvm.dll+0x256c9a]
V  [jvm.dll+0x3ef1b6]
V  [jvm.dll+0x7fd728]
V  [jvm.dll+0x6c777d]
C  [ucrtbase.dll+0x29333]
C  [KERNEL32.DLL+0x1259d]
C  [ntdll.dll+0x5af78]


---------------  P R O C E S S  ---------------

Threads class SMR info:
_java_thread_list=0x000001ad042a0590, length=12, elements={
0x000001ad5d0b63a0, 0x000001ad040a0050, 0x000001ad040a0c10, 0x000001ad0408f250,
0x000001ad0408fcb0, 0x000001ad04090710, 0x000001ad040bb110, 0x000001ad04093180,
0x000001ad04093c20, 0x000001ad0428f410, 0x000001ad042982d0, 0x000001ad04291a90
}

Java Threads: ( => current thread )
  0x000001ad5d0b63a0 JavaThread "main"                              [_thread_in_native, id=19956, stack(0x0000006131d00000,0x0000006131e00000) (1024K)]
  0x000001ad040a0050 JavaThread "Reference Handler"          daemon [_thread_blocked, id=26188, stack(0x0000006132500000,0x0000006132600000) (1024K)]
  0x000001ad040a0c10 JavaThread "Finalizer"                  daemon [_thread_blocked, id=9504, stack(0x0000006132600000,0x0000006132700000) (1024K)]
  0x000001ad0408f250 JavaThread "Signal Dispatcher"          daemon [_thread_blocked, id=21376, stack(0x0000006132700000,0x0000006132800000) (1024K)]
  0x000001ad0408fcb0 JavaThread "Attach Listener"            daemon [_thread_blocked, id=13564, stack(0x0000006132800000,0x0000006132900000) (1024K)]
  0x000001ad04090710 JavaThread "Service Thread"             daemon [_thread_blocked, id=23148, stack(0x0000006132900000,0x0000006132a00000) (1024K)]
  0x000001ad040bb110 JavaThread "Monitor Deflation Thread"   daemon [_thread_blocked, id=18608, stack(0x0000006132a00000,0x0000006132b00000) (1024K)]
=>0x000001ad04093180 JavaThread "C2 CompilerThread0"         daemon [_thread_in_native, id=23044, stack(0x0000006132b00000,0x0000006132c00000) (1024K)]
  0x000001ad04093c20 JavaThread "C1 CompilerThread0"         daemon [_thread_in_native, id=22880, stack(0x0000006132c00000,0x0000006132d00000) (1024K)]
  0x000001ad0428f410 JavaThread "Notification Thread"        daemon [_thread_blocked, id=15648, stack(0x0000006132d00000,0x0000006132e00000) (1024K)]
  0x000001ad042982d0 JavaThread "Common-Cleaner"             daemon [_thread_blocked, id=16656, stack(0x0000006132e00000,0x0000006132f00000) (1024K)]
  0x000001ad04291a90 JavaThread "C2 CompilerThread1"         daemon [_thread_in_native, id=17896, stack(0x0000006132f00000,0x0000006133000000) (1024K)]
Total: 12

Other Threads:
  0x000001ad04021330 VMThread "VM Thread"                           [id=22388, stack(0x0000006132400000,0x0000006132500000) (1024K)]
  0x000001ad7e73bfd0 WatcherThread "VM Periodic Task Thread"        [id=22844, stack(0x0000006132300000,0x0000006132400000) (1024K)]
  0x000001ad5f37ac00 WorkerThread "GC Thread#0"                     [id=21104, stack(0x0000006131e00000,0x0000006131f00000) (1024K)]
  0x000001ad5f38bff0 ConcurrentGCThread "G1 Main Marker"            [id=26548, stack(0x0000006131f00000,0x0000006132000000) (1024K)]
  0x000001ad5f38caf0 WorkerThread "G1 Conc#0"                       [id=2864, stack(0x0000006132000000,0x0000006132100000) (1024K)]
  0x000001ad7e60cbd0 ConcurrentGCThread "G1 Refine#0"               [id=22908, stack(0x0000006132100000,0x0000006132200000) (1024K)]
  0x000001ad7e60e660 ConcurrentGCThread "G1 Service"                [id=6948, stack(0x0000006132200000,0x0000006132300000) (1024K)]
Total: 7

Threads with active compile tasks:
C2 CompilerThread0      166  163   !   4       java.util.zip.ZipFile$Source::checkAndAddEntry (295 bytes)
C1 CompilerThread0      166  176       3       java.util.zip.ZipFile$Source::isManifestName (165 bytes)
C2 CompilerThread1      166  172       4       java.lang.AbstractStringBuilder::ensureCapacityInternal (39 bytes)
Total: 3

VM state: not at safepoint (normal execution)

VM Mutex/Monitor currently owned by a thread: None

Heap address: 0x0000000705a00000, size: 4006 MB, Compressed Oops mode: Zero based, Oop shift amount: 3

CDS archive(s) not mapped
Compressed class space mapped at: 0x0000000800000000-0x0000000840000000, reserved size: 1073741824
Narrow klass base: 0x0000000800000000, Narrow klass shift: 0, Narrow klass range: 0x40000000

GC Precious Log:
 CardTable entry size: 512
 Card Set container configuration: InlinePtr #cards 4 size 8 Array Of Cards #cards 16 size 48 Howl #buckets 8 coarsen threshold 3686 Howl Bitmap #cards 512 size 80 coarsen threshold 460 Card regions per heap region 1 cards per card region 4096
 CPUs: 12 total, 12 available
 Memory: 16016M
 Large Page Support: Disabled
 NUMA Support: Disabled
 Compressed Oops: Enabled (Zero based)
 Heap Region Size: 2M
 Heap Min Capacity: 8M
 Heap Initial Capacity: 252M
 Heap Max Capacity: 4006M
 Pre-touch: Disabled
 Parallel Workers: 10
 Concurrent Workers: 3
 Concurrent Refinement Workers: 10
 Periodic GC: Disabled

Heap:
 garbage-first heap   total 258048K, used 4096K [0x0000000705a00000, 0x0000000800000000)
  region size 2048K, 4 young (8192K), 0 survivors (0K)
 Metaspace       used 5507K, committed 5632K, reserved 1114112K
  class space    used 443K, committed 512K, reserved 1048576K

Heap Regions: E=young(eden), S=young(survivor), O=old, HS=humongous(starts), HC=humongous(continues), CS=collection set, F=free, TAMS=top-at-mark-start, PB=parsable bottom
|   0|0x0000000705a00000, 0x0000000705a00000, 0x0000000705c00000|  0%| F|  |TAMS 0x0000000705a00000| PB 0x0000000705a00000| Untracked 
|   1|0x0000000705c00000, 0x0000000705c00000, 0x0000000705e00000|  0%| F|  |TAMS 0x0000000705c00000| PB 0x0000000705c00000| Untracked 
|   2|0x0000000705e00000, 0x0000000705e00000, 0x0000000706000000|  0%| F|  |TAMS 0x0000000705e00000| PB 0x0000000705e00000| Untracked 
|   3|0x0000000706000000, 0x0000000706000000, 0x0000000706200000|  0%| F|  |TAMS 0x0000000706000000| PB 0x0000000706000000| Untracked 
|   4|0x0000000706200000, 0x0000000706200000, 0x0000000706400000|  0%| F|  |TAMS 0x0000000706200000| PB 0x0000000706200000| Untracked 
|   5|0x0000000706400000, 0x0000000706400000, 0x0000000706600000|  0%| F|  |TAMS 0x0000000706400000| PB 0x0000000706400000| Untracked 
|   6|0x0000000706600000, 0x0000000706600000, 0x0000000706800000|  0%| F|  |TAMS 0x0000000706600000| PB 0x0000000706600000| Untracked 
|   7|0x0000000706800000, 0x0000000706800000, 0x0000000706a00000|  0%| F|  |TAMS 0x0000000706800000| PB 0x0000000706800000| Untracked 
|   8|0x0000000706a00000, 0x0000000706a00000, 0x0000000706c00000|  0%| F|  |TAMS 0x0000000706a00000| PB 0x0000000706a00000| Untracked 
|   9|0x0000000706c00000, 0x0000000706c00000, 0x0000000706e00000|  0%| F|  |TAMS 0x0000000706c00000| PB 0x0000000706c00000| Untracked 
|  10|0x0000000706e00000, 0x0000000706e00000, 0x0000000707000000|  0%| F|  |TAMS 0x0000000706e00000| PB 0x0000000706e00000| Untracked 
|  11|0x0000000707000000, 0x0000000707000000, 0x0000000707200000|  0%| F|  |TAMS 0x0000000707000000| PB 0x0000000707000000| Untracked 
|  12|0x0000000707200000, 0x0000000707200000, 0x0000000707400000|  0%| F|  |TAMS 0x0000000707200000| PB 0x0000000707200000| Untracked 
|  13|0x0000000707400000, 0x0000000707400000, 0x0000000707600000|  0%| F|  |TAMS 0x0000000707400000| PB 0x0000000707400000| Untracked 
|  14|0x0000000707600000, 0x0000000707600000, 0x0000000707800000|  0%| F|  |TAMS 0x0000000707600000| PB 0x0000000707600000| Untracked 
|  15|0x0000000707800000, 0x0000000707800000, 0x0000000707a00000|  0%| F|  |TAMS 0x0000000707800000| PB 0x0000000707800000| Untracked 
|  16|0x0000000707a00000, 0x0000000707a00000, 0x0000000707c00000|  0%| F|  |TAMS 0x0000000707a00000| PB 0x0000000707a00000| Untracked 
|  17|0x0000000707c00000, 0x0000000707c00000, 0x0000000707e00000|  0%| F|  |TAMS 0x0000000707c00000| PB 0x0000000707c00000| Untracked 
|  18|0x0000000707e00000, 0x0000000707e00000, 0x0000000708000000|  0%| F|  |TAMS 0x0000000707e00000| PB 0x0000000707e00000| Untracked 
|  19|0x0000000708000000, 0x0000000708000000, 0x0000000708200000|  0%| F|  |TAMS 0x0000000708000000| PB 0x0000000708000000| Untracked 
|  20|0x0000000708200000, 0x0000000708200000, 0x0000000708400000|  0%| F|  |TAMS 0x0000000708200000| PB 0x0000000708200000| Untracked 
|  21|0x0000000708400000, 0x0000000708400000, 0x0000000708600000|  0%| F|  |TAMS 0x0000000708400000| PB 0x0000000708400000| Untracked 
|  22|0x0000000708600000, 0x0000000708600000, 0x0000000708800000|  0%| F|  |TAMS 0x0000000708600000| PB 0x0000000708600000| Untracked 
|  23|0x0000000708800000, 0x0000000708800000, 0x0000000708a00000|  0%| F|  |TAMS 0x0000000708800000| PB 0x0000000708800000| Untracked 
|  24|0x0000000708a00000, 0x0000000708a00000, 0x0000000708c00000|  0%| F|  |TAMS 0x0000000708a00000| PB 0x0000000708a00000| Untracked 
|  25|0x0000000708c00000, 0x0000000708c00000, 0x0000000708e00000|  0%| F|  |TAMS 0x0000000708c00000| PB 0x0000000708c00000| Untracked 
|  26|0x0000000708e00000, 0x0000000708e00000, 0x0000000709000000|  0%| F|  |TAMS 0x0000000708e00000| PB 0x0000000708e00000| Untracked 
|  27|0x0000000709000000, 0x0000000709000000, 0x0000000709200000|  0%| F|  |TAMS 0x0000000709000000| PB 0x0000000709000000| Untracked 
|  28|0x0000000709200000, 0x0000000709200000, 0x0000000709400000|  0%| F|  |TAMS 0x0000000709200000| PB 0x0000000709200000| Untracked 
|  29|0x0000000709400000, 0x0000000709400000, 0x0000000709600000|  0%| F|  |TAMS 0x0000000709400000| PB 0x0000000709400000| Untracked 
|  30|0x0000000709600000, 0x0000000709600000, 0x0000000709800000|  0%| F|  |TAMS 0x0000000709600000| PB 0x0000000709600000| Untracked 
|  31|0x0000000709800000, 0x0000000709800000, 0x0000000709a00000|  0%| F|  |TAMS 0x0000000709800000| PB 0x0000000709800000| Untracked 
|  32|0x0000000709a00000, 0x0000000709a00000, 0x0000000709c00000|  0%| F|  |TAMS 0x0000000709a00000| PB 0x0000000709a00000| Untracked 
|  33|0x0000000709c00000, 0x0000000709c00000, 0x0000000709e00000|  0%| F|  |TAMS 0x0000000709c00000| PB 0x0000000709c00000| Untracked 
|  34|0x0000000709e00000, 0x0000000709e00000, 0x000000070a000000|  0%| F|  |TAMS 0x0000000709e00000| PB 0x0000000709e00000| Untracked 
|  35|0x000000070a000000, 0x000000070a000000, 0x000000070a200000|  0%| F|  |TAMS 0x000000070a000000| PB 0x000000070a000000| Untracked 
|  36|0x000000070a200000, 0x000000070a200000, 0x000000070a400000|  0%| F|  |TAMS 0x000000070a200000| PB 0x000000070a200000| Untracked 
|  37|0x000000070a400000, 0x000000070a400000, 0x000000070a600000|  0%| F|  |TAMS 0x000000070a400000| PB 0x000000070a400000| Untracked 
|  38|0x000000070a600000, 0x000000070a600000, 0x000000070a800000|  0%| F|  |TAMS 0x000000070a600000| PB 0x000000070a600000| Untracked 
|  39|0x000000070a800000, 0x000000070a800000, 0x000000070aa00000|  0%| F|  |TAMS 0x000000070a800000| PB 0x000000070a800000| Untracked 
|  40|0x000000070aa00000, 0x000000070aa00000, 0x000000070ac00000|  0%| F|  |TAMS 0x000000070aa00000| PB 0x000000070aa00000| Untracked 
|  41|0x000000070ac00000, 0x000000070ac00000, 0x000000070ae00000|  0%| F|  |TAMS 0x000000070ac00000| PB 0x000000070ac00000| Untracked 
|  42|0x000000070ae00000, 0x000000070ae00000, 0x000000070b000000|  0%| F|  |TAMS 0x000000070ae00000| PB 0x000000070ae00000| Untracked 
|  43|0x000000070b000000, 0x000000070b000000, 0x000000070b200000|  0%| F|  |TAMS 0x000000070b000000| PB 0x000000070b000000| Untracked 
|  44|0x000000070b200000, 0x000000070b200000, 0x000000070b400000|  0%| F|  |TAMS 0x000000070b200000| PB 0x000000070b200000| Untracked 
|  45|0x000000070b400000, 0x000000070b400000, 0x000000070b600000|  0%| F|  |TAMS 0x000000070b400000| PB 0x000000070b400000| Untracked 
|  46|0x000000070b600000, 0x000000070b600000, 0x000000070b800000|  0%| F|  |TAMS 0x000000070b600000| PB 0x000000070b600000| Untracked 
|  47|0x000000070b800000, 0x000000070b800000, 0x000000070ba00000|  0%| F|  |TAMS 0x000000070b800000| PB 0x000000070b800000| Untracked 
|  48|0x000000070ba00000, 0x000000070ba00000, 0x000000070bc00000|  0%| F|  |TAMS 0x000000070ba00000| PB 0x000000070ba00000| Untracked 
|  49|0x000000070bc00000, 0x000000070bc00000, 0x000000070be00000|  0%| F|  |TAMS 0x000000070bc00000| PB 0x000000070bc00000| Untracked 
|  50|0x000000070be00000, 0x000000070be00000, 0x000000070c000000|  0%| F|  |TAMS 0x000000070be00000| PB 0x000000070be00000| Untracked 
|  51|0x000000070c000000, 0x000000070c000000, 0x000000070c200000|  0%| F|  |TAMS 0x000000070c000000| PB 0x000000070c000000| Untracked 
|  52|0x000000070c200000, 0x000000070c200000, 0x000000070c400000|  0%| F|  |TAMS 0x000000070c200000| PB 0x000000070c200000| Untracked 
|  53|0x000000070c400000, 0x000000070c400000, 0x000000070c600000|  0%| F|  |TAMS 0x000000070c400000| PB 0x000000070c400000| Untracked 
|  54|0x000000070c600000, 0x000000070c600000, 0x000000070c800000|  0%| F|  |TAMS 0x000000070c600000| PB 0x000000070c600000| Untracked 
|  55|0x000000070c800000, 0x000000070c800000, 0x000000070ca00000|  0%| F|  |TAMS 0x000000070c800000| PB 0x000000070c800000| Untracked 
|  56|0x000000070ca00000, 0x000000070ca00000, 0x000000070cc00000|  0%| F|  |TAMS 0x000000070ca00000| PB 0x000000070ca00000| Untracked 
|  57|0x000000070cc00000, 0x000000070cc00000, 0x000000070ce00000|  0%| F|  |TAMS 0x000000070cc00000| PB 0x000000070cc00000| Untracked 
|  58|0x000000070ce00000, 0x000000070ce00000, 0x000000070d000000|  0%| F|  |TAMS 0x000000070ce00000| PB 0x000000070ce00000| Untracked 
|  59|0x000000070d000000, 0x000000070d000000, 0x000000070d200000|  0%| F|  |TAMS 0x000000070d000000| PB 0x000000070d000000| Untracked 
|  60|0x000000070d200000, 0x000000070d200000, 0x000000070d400000|  0%| F|  |TAMS 0x000000070d200000| PB 0x000000070d200000| Untracked 
|  61|0x000000070d400000, 0x000000070d400000, 0x000000070d600000|  0%| F|  |TAMS 0x000000070d400000| PB 0x000000070d400000| Untracked 
|  62|0x000000070d600000, 0x000000070d600000, 0x000000070d800000|  0%| F|  |TAMS 0x000000070d600000| PB 0x000000070d600000| Untracked 
|  63|0x000000070d800000, 0x000000070d800000, 0x000000070da00000|  0%| F|  |TAMS 0x000000070d800000| PB 0x000000070d800000| Untracked 
|  64|0x000000070da00000, 0x000000070da00000, 0x000000070dc00000|  0%| F|  |TAMS 0x000000070da00000| PB 0x000000070da00000| Untracked 
|  65|0x000000070dc00000, 0x000000070dc00000, 0x000000070de00000|  0%| F|  |TAMS 0x000000070dc00000| PB 0x000000070dc00000| Untracked 
|  66|0x000000070de00000, 0x000000070de00000, 0x000000070e000000|  0%| F|  |TAMS 0x000000070de00000| PB 0x000000070de00000| Untracked 
|  67|0x000000070e000000, 0x000000070e000000, 0x000000070e200000|  0%| F|  |TAMS 0x000000070e000000| PB 0x000000070e000000| Untracked 
|  68|0x000000070e200000, 0x000000070e200000, 0x000000070e400000|  0%| F|  |TAMS 0x000000070e200000| PB 0x000000070e200000| Untracked 
|  69|0x000000070e400000, 0x000000070e400000, 0x000000070e600000|  0%| F|  |TAMS 0x000000070e400000| PB 0x000000070e400000| Untracked 
|  70|0x000000070e600000, 0x000000070e600000, 0x000000070e800000|  0%| F|  |TAMS 0x000000070e600000| PB 0x000000070e600000| Untracked 
|  71|0x000000070e800000, 0x000000070e800000, 0x000000070ea00000|  0%| F|  |TAMS 0x000000070e800000| PB 0x000000070e800000| Untracked 
|  72|0x000000070ea00000, 0x000000070ea00000, 0x000000070ec00000|  0%| F|  |TAMS 0x000000070ea00000| PB 0x000000070ea00000| Untracked 
|  73|0x000000070ec00000, 0x000000070ec00000, 0x000000070ee00000|  0%| F|  |TAMS 0x000000070ec00000| PB 0x000000070ec00000| Untracked 
|  74|0x000000070ee00000, 0x000000070ee00000, 0x000000070f000000|  0%| F|  |TAMS 0x000000070ee00000| PB 0x000000070ee00000| Untracked 
|  75|0x000000070f000000, 0x000000070f000000, 0x000000070f200000|  0%| F|  |TAMS 0x000000070f000000| PB 0x000000070f000000| Untracked 
|  76|0x000000070f200000, 0x000000070f200000, 0x000000070f400000|  0%| F|  |TAMS 0x000000070f200000| PB 0x000000070f200000| Untracked 
|  77|0x000000070f400000, 0x000000070f400000, 0x000000070f600000|  0%| F|  |TAMS 0x000000070f400000| PB 0x000000070f400000| Untracked 
|  78|0x000000070f600000, 0x000000070f600000, 0x000000070f800000|  0%| F|  |TAMS 0x000000070f600000| PB 0x000000070f600000| Untracked 
|  79|0x000000070f800000, 0x000000070f800000, 0x000000070fa00000|  0%| F|  |TAMS 0x000000070f800000| PB 0x000000070f800000| Untracked 
|  80|0x000000070fa00000, 0x000000070fa00000, 0x000000070fc00000|  0%| F|  |TAMS 0x000000070fa00000| PB 0x000000070fa00000| Untracked 
|  81|0x000000070fc00000, 0x000000070fc00000, 0x000000070fe00000|  0%| F|  |TAMS 0x000000070fc00000| PB 0x000000070fc00000| Untracked 
|  82|0x000000070fe00000, 0x000000070fe00000, 0x0000000710000000|  0%| F|  |TAMS 0x000000070fe00000| PB 0x000000070fe00000| Untracked 
|  83|0x0000000710000000, 0x0000000710000000, 0x0000000710200000|  0%| F|  |TAMS 0x0000000710000000| PB 0x0000000710000000| Untracked 
|  84|0x0000000710200000, 0x0000000710200000, 0x0000000710400000|  0%| F|  |TAMS 0x0000000710200000| PB 0x0000000710200000| Untracked 
|  85|0x0000000710400000, 0x0000000710400000, 0x0000000710600000|  0%| F|  |TAMS 0x0000000710400000| PB 0x0000000710400000| Untracked 
|  86|0x0000000710600000, 0x0000000710600000, 0x0000000710800000|  0%| F|  |TAMS 0x0000000710600000| PB 0x0000000710600000| Untracked 
|  87|0x0000000710800000, 0x0000000710800000, 0x0000000710a00000|  0%| F|  |TAMS 0x0000000710800000| PB 0x0000000710800000| Untracked 
|  88|0x0000000710a00000, 0x0000000710a00000, 0x0000000710c00000|  0%| F|  |TAMS 0x0000000710a00000| PB 0x0000000710a00000| Untracked 
|  89|0x0000000710c00000, 0x0000000710c00000, 0x0000000710e00000|  0%| F|  |TAMS 0x0000000710c00000| PB 0x0000000710c00000| Untracked 
|  90|0x0000000710e00000, 0x0000000710e00000, 0x0000000711000000|  0%| F|  |TAMS 0x0000000710e00000| PB 0x0000000710e00000| Untracked 
|  91|0x0000000711000000, 0x0000000711000000, 0x0000000711200000|  0%| F|  |TAMS 0x0000000711000000| PB 0x0000000711000000| Untracked 
|  92|0x0000000711200000, 0x0000000711200000, 0x0000000711400000|  0%| F|  |TAMS 0x0000000711200000| PB 0x0000000711200000| Untracked 
|  93|0x0000000711400000, 0x0000000711400000, 0x0000000711600000|  0%| F|  |TAMS 0x0000000711400000| PB 0x0000000711400000| Untracked 
|  94|0x0000000711600000, 0x0000000711600000, 0x0000000711800000|  0%| F|  |TAMS 0x0000000711600000| PB 0x0000000711600000| Untracked 
|  95|0x0000000711800000, 0x0000000711800000, 0x0000000711a00000|  0%| F|  |TAMS 0x0000000711800000| PB 0x0000000711800000| Untracked 
|  96|0x0000000711a00000, 0x0000000711a00000, 0x0000000711c00000|  0%| F|  |TAMS 0x0000000711a00000| PB 0x0000000711a00000| Untracked 
|  97|0x0000000711c00000, 0x0000000711c00000, 0x0000000711e00000|  0%| F|  |TAMS 0x0000000711c00000| PB 0x0000000711c00000| Untracked 
|  98|0x0000000711e00000, 0x0000000711e00000, 0x0000000712000000|  0%| F|  |TAMS 0x0000000711e00000| PB 0x0000000711e00000| Untracked 
|  99|0x0000000712000000, 0x0000000712000000, 0x0000000712200000|  0%| F|  |TAMS 0x0000000712000000| PB 0x0000000712000000| Untracked 
| 100|0x0000000712200000, 0x0000000712200000, 0x0000000712400000|  0%| F|  |TAMS 0x0000000712200000| PB 0x0000000712200000| Untracked 
| 101|0x0000000712400000, 0x0000000712400000, 0x0000000712600000|  0%| F|  |TAMS 0x0000000712400000| PB 0x0000000712400000| Untracked 
| 102|0x0000000712600000, 0x0000000712600000, 0x0000000712800000|  0%| F|  |TAMS 0x0000000712600000| PB 0x0000000712600000| Untracked 
| 103|0x0000000712800000, 0x0000000712800000, 0x0000000712a00000|  0%| F|  |TAMS 0x0000000712800000| PB 0x0000000712800000| Untracked 
| 104|0x0000000712a00000, 0x0000000712a00000, 0x0000000712c00000|  0%| F|  |TAMS 0x0000000712a00000| PB 0x0000000712a00000| Untracked 
| 105|0x0000000712c00000, 0x0000000712c00000, 0x0000000712e00000|  0%| F|  |TAMS 0x0000000712c00000| PB 0x0000000712c00000| Untracked 
| 106|0x0000000712e00000, 0x0000000712e00000, 0x0000000713000000|  0%| F|  |TAMS 0x0000000712e00000| PB 0x0000000712e00000| Untracked 
| 107|0x0000000713000000, 0x0000000713000000, 0x0000000713200000|  0%| F|  |TAMS 0x0000000713000000| PB 0x0000000713000000| Untracked 
| 108|0x0000000713200000, 0x0000000713200000, 0x0000000713400000|  0%| F|  |TAMS 0x0000000713200000| PB 0x0000000713200000| Untracked 
| 109|0x0000000713400000, 0x0000000713400000, 0x0000000713600000|  0%| F|  |TAMS 0x0000000713400000| PB 0x0000000713400000| Untracked 
| 110|0x0000000713600000, 0x0000000713600000, 0x0000000713800000|  0%| F|  |TAMS 0x0000000713600000| PB 0x0000000713600000| Untracked 
| 111|0x0000000713800000, 0x0000000713800000, 0x0000000713a00000|  0%| F|  |TAMS 0x0000000713800000| PB 0x0000000713800000| Untracked 
| 112|0x0000000713a00000, 0x0000000713a00000, 0x0000000713c00000|  0%| F|  |TAMS 0x0000000713a00000| PB 0x0000000713a00000| Untracked 
| 113|0x0000000713c00000, 0x0000000713c00000, 0x0000000713e00000|  0%| F|  |TAMS 0x0000000713c00000| PB 0x0000000713c00000| Untracked 
| 114|0x0000000713e00000, 0x0000000713e00000, 0x0000000714000000|  0%| F|  |TAMS 0x0000000713e00000| PB 0x0000000713e00000| Untracked 
| 115|0x0000000714000000, 0x0000000714000000, 0x0000000714200000|  0%| F|  |TAMS 0x0000000714000000| PB 0x0000000714000000| Untracked 
| 116|0x0000000714200000, 0x0000000714200000, 0x0000000714400000|  0%| F|  |TAMS 0x0000000714200000| PB 0x0000000714200000| Untracked 
| 117|0x0000000714400000, 0x0000000714400000, 0x0000000714600000|  0%| F|  |TAMS 0x0000000714400000| PB 0x0000000714400000| Untracked 
| 118|0x0000000714600000, 0x0000000714600000, 0x0000000714800000|  0%| F|  |TAMS 0x0000000714600000| PB 0x0000000714600000| Untracked 
| 119|0x0000000714800000, 0x0000000714800000, 0x0000000714a00000|  0%| F|  |TAMS 0x0000000714800000| PB 0x0000000714800000| Untracked 
| 120|0x0000000714a00000, 0x0000000714a00000, 0x0000000714c00000|  0%| F|  |TAMS 0x0000000714a00000| PB 0x0000000714a00000| Untracked 
| 121|0x0000000714c00000, 0x0000000714c97830, 0x0000000714e00000| 29%| E|  |TAMS 0x0000000714c00000| PB 0x0000000714c00000| Complete 
| 122|0x0000000714e00000, 0x0000000714fd6750, 0x0000000715000000| 91%| E|  |TAMS 0x0000000714e00000| PB 0x0000000714e00000| Complete 
| 123|0x0000000715000000, 0x0000000715200000, 0x0000000715200000|100%| E|CS|TAMS 0x0000000715000000| PB 0x0000000715000000| Complete 
| 124|0x0000000715200000, 0x0000000715400000, 0x0000000715400000|100%| E|CS|TAMS 0x0000000715200000| PB 0x0000000715200000| Complete 
| 125|0x0000000715400000, 0x0000000715600000, 0x0000000715600000|100%| E|CS|TAMS 0x0000000715400000| PB 0x0000000715400000| Complete 

Card table byte_map: [0x000001ad77480000,0x000001ad77c60000] _byte_map_base: 0x000001ad73c53000

Marking Bits: (CMBitMap*) 0x000001ad5f37b300
 Bits: [0x000001ad77c60000, 0x000001ad7baf8000)

Polling page: 0x000001ad5eac0000

Metaspace:

Usage:
  Non-class:      4.95 MB used.
      Class:    443.57 KB used.
       Both:      5.38 MB used.

Virtual space:
  Non-class space:       64.00 MB reserved,       5.00 MB (  8%) committed,  1 nodes.
      Class space:        1.00 GB reserved,     512.00 KB ( <1%) committed,  1 nodes.
             Both:        1.06 GB reserved,       5.50 MB ( <1%) committed. 

Chunk freelists:
   Non-Class:  10.95 MB
       Class:  15.56 MB
        Both:  26.51 MB

MaxMetaspaceSize: unlimited
CompressedClassSpaceSize: 1.00 GB
Initial GC threshold: 21.00 MB
Current GC threshold: 21.00 MB
CDS: off
 - commit_granule_bytes: 65536.
 - commit_granule_words: 8192.
 - virtual_space_node_default_size: 8388608.
 - enlarge_chunks_in_place: 1.
 - use_allocation_guard: 0.


Internal statistics:

num_allocs_failed_limit: 0.
num_arena_births: 4.
num_arena_deaths: 0.
num_vsnodes_births: 2.
num_vsnodes_deaths: 0.
num_space_committed: 88.
num_space_uncommitted: 0.
num_chunks_returned_to_freelist: 0.
num_chunks_taken_from_freelist: 12.
num_chunk_merges: 0.
num_chunk_splits: 4.
num_chunks_enlarged: 0.
num_inconsistent_stats: 0.

CodeHeap 'non-profiled nmethods': size=120000Kb used=40Kb max_used=40Kb free=119959Kb
 bounds [0x000001ad6f220000, 0x000001ad6f490000, 0x000001ad76750000]
CodeHeap 'profiled nmethods': size=120000Kb used=234Kb max_used=234Kb free=119766Kb
 bounds [0x000001ad67750000, 0x000001ad679c0000, 0x000001ad6ec80000]
CodeHeap 'non-nmethods': size=5760Kb used=1207Kb max_used=1221Kb free=4552Kb
 bounds [0x000001ad6ec80000, 0x000001ad6eef0000, 0x000001ad6f220000]
 total_blobs=508 nmethods=173 adapters=240
 compilation: enabled
              stopped_count=0, restarted_count=0
 full_count=0

Compilation events (20 events):
Event: 0.149 Thread 0x000001ad04291a90  164       4       java.util.zip.ZipCoder$UTF8ZipCoder::checkedHash (79 bytes)
Event: 0.149 Thread 0x000001ad04093c20  167       3       java.io.RandomAccessFile::read (8 bytes)
Event: 0.149 Thread 0x000001ad04093c20 nmethod 167 0x000001ad67789090 code [0x000001ad67789240, 0x000001ad67789380]
Event: 0.149 Thread 0x000001ad04093c20  168   !   3       java.io.RandomAccessFile::readBytes (32 bytes)
Event: 0.149 Thread 0x000001ad04093c20 nmethod 168 0x000001ad67789410 code [0x000001ad677895e0, 0x000001ad67789810]
Event: 0.150 Thread 0x000001ad04291a90 nmethod 164 0x000001ad6f228790 code [0x000001ad6f228960, 0x000001ad6f228d60]
Event: 0.150 Thread 0x000001ad04291a90  165       4       java.util.zip.ZipFile$Source::isMetaName (141 bytes)
Event: 0.151 Thread 0x000001ad04291a90 nmethod 165 0x000001ad6f228e90 code [0x000001ad6f229040, 0x000001ad6f229288]
Event: 0.151 Thread 0x000001ad04291a90  169       4       java.lang.Math::max (11 bytes)
Event: 0.151 Thread 0x000001ad04291a90 nmethod 169 0x000001ad6f229490 code [0x000001ad6f229600, 0x000001ad6f229678]
Event: 0.151 Thread 0x000001ad04291a90  166       4       java.util.zip.ZipFile$Source::nextEntryPos (22 bytes)
Event: 0.152 Thread 0x000001ad04093c20  170       3       java.lang.ref.Reference::reachabilityFence (1 bytes)
Event: 0.152 Thread 0x000001ad04291a90 nmethod 166 0x000001ad6f229790 code [0x000001ad6f229920, 0x000001ad6f229a88]
Event: 0.152 Thread 0x000001ad04093c20 nmethod 170 0x000001ad67789990 code [0x000001ad67789b20, 0x000001ad67789c10]
Event: 0.152 Thread 0x000001ad04093c20  171       3       java.util.Objects::requireNonNull (15 bytes)
Event: 0.153 Thread 0x000001ad04093c20 nmethod 171 0x000001ad67789c90 code [0x000001ad67789e40, 0x000001ad6778a038]
Event: 0.153 Thread 0x000001ad04291a90  172       4       java.lang.AbstractStringBuilder::ensureCapacityInternal (39 bytes)
Event: 0.153 Thread 0x000001ad04093c20  173       3       java.io.RandomAccessFile::readFully (45 bytes)
Event: 0.153 Thread 0x000001ad04093c20 nmethod 173 0x000001ad6778a110 code [0x000001ad6778a2e0, 0x000001ad6778a660]
Event: 0.153 Thread 0x000001ad04093c20  174       1       java.util.zip.Inflater$InflaterZStreamRef::address (5 bytes)

GC Heap History (0 events):
No events

Dll operation events (5 events):
Event: 0.004 Loaded shared library C:\Program Files\Java\jdk-21\bin\java.dll
Event: 0.053 Loaded shared library C:\Program Files\Java\jdk-21\bin\jsvml.dll
Event: 0.127 Loaded shared library C:\Program Files\Java\jdk-21\bin\net.dll
Event: 0.128 Loaded shared library C:\Program Files\Java\jdk-21\bin\nio.dll
Event: 0.133 Loaded shared library C:\Program Files\Java\jdk-21\bin\zip.dll

Deoptimization events (20 events):
Event: 0.140 Thread 0x000001ad5d0b63a0 DEOPT PACKING pc=0x000001ad6777a3e7 sp=0x0000006131dfa370
Event: 0.140 Thread 0x000001ad5d0b63a0 DEOPT UNPACKING pc=0x000001ad6ecd4e42 sp=0x0000006131df97e0 mode 0
Event: 0.140 Thread 0x000001ad5d0b63a0 DEOPT PACKING pc=0x000001ad6777a3e7 sp=0x0000006131dfa370
Event: 0.140 Thread 0x000001ad5d0b63a0 DEOPT UNPACKING pc=0x000001ad6ecd4e42 sp=0x0000006131df97e0 mode 0
Event: 0.140 Thread 0x000001ad5d0b63a0 DEOPT PACKING pc=0x000001ad6777a3e7 sp=0x0000006131dfa370
Event: 0.140 Thread 0x000001ad5d0b63a0 DEOPT UNPACKING pc=0x000001ad6ecd4e42 sp=0x0000006131df97e0 mode 0
Event: 0.141 Thread 0x000001ad5d0b63a0 DEOPT PACKING pc=0x000001ad6777a3e7 sp=0x0000006131dfa370
Event: 0.141 Thread 0x000001ad5d0b63a0 DEOPT UNPACKING pc=0x000001ad6ecd4e42 sp=0x0000006131df97e0 mode 0
Event: 0.141 Thread 0x000001ad5d0b63a0 DEOPT PACKING pc=0x000001ad6777a3e7 sp=0x0000006131dfa370
Event: 0.141 Thread 0x000001ad5d0b63a0 DEOPT UNPACKING pc=0x000001ad6ecd4e42 sp=0x0000006131df97e0 mode 0
Event: 0.141 Thread 0x000001ad5d0b63a0 DEOPT PACKING pc=0x000001ad6777a3e7 sp=0x0000006131dfa370
Event: 0.141 Thread 0x000001ad5d0b63a0 DEOPT UNPACKING pc=0x000001ad6ecd4e42 sp=0x0000006131df97e0 mode 0
Event: 0.141 Thread 0x000001ad5d0b63a0 DEOPT PACKING pc=0x000001ad6777a3e7 sp=0x0000006131dfa370
Event: 0.141 Thread 0x000001ad5d0b63a0 DEOPT UNPACKING pc=0x000001ad6ecd4e42 sp=0x0000006131df97e0 mode 0
Event: 0.141 Thread 0x000001ad5d0b63a0 DEOPT PACKING pc=0x000001ad6775dc99 sp=0x0000006131dfa9f0
Event: 0.141 Thread 0x000001ad5d0b63a0 DEOPT UNPACKING pc=0x000001ad6ecd4e42 sp=0x0000006131df9e10 mode 0
Event: 0.141 Thread 0x000001ad5d0b63a0 DEOPT PACKING pc=0x000001ad6777a3e7 sp=0x0000006131dfa370
Event: 0.141 Thread 0x000001ad5d0b63a0 DEOPT UNPACKING pc=0x000001ad6ecd4e42 sp=0x0000006131df97e0 mode 0
Event: 0.141 Thread 0x000001ad5d0b63a0 DEOPT PACKING pc=0x000001ad6777a3e7 sp=0x0000006131dfa370
Event: 0.141 Thread 0x000001ad5d0b63a0 DEOPT UNPACKING pc=0x000001ad6ecd4e42 sp=0x0000006131df97e0 mode 0

Classes loaded (20 events):
Event: 0.142 Loading class java/util/SequencedSet done
Event: 0.142 Loading class java/util/SortedSet done
Event: 0.142 Loading class java/util/NavigableSet done
Event: 0.142 Loading class java/util/TreeSet done
Event: 0.142 Loading class java/util/TreeMap
Event: 0.143 Loading class java/util/NavigableMap
Event: 0.143 Loading class java/util/SortedMap
Event: 0.143 Loading class java/util/SortedMap done
Event: 0.143 Loading class java/util/NavigableMap done
Event: 0.143 Loading class java/util/TreeMap done
Event: 0.143 Loading class java/util/TreeMap$Entry
Event: 0.143 Loading class java/util/TreeMap$Entry done
Event: 0.143 Loading class java/util/TreeMap$KeySet
Event: 0.143 Loading class java/util/TreeMap$KeySet done
Event: 0.143 Loading class java/util/TreeMap$KeyIterator
Event: 0.144 Loading class java/util/TreeMap$PrivateEntryIterator
Event: 0.144 Loading class java/util/TreeMap$PrivateEntryIterator done
Event: 0.144 Loading class java/util/TreeMap$KeyIterator done
Event: 0.149 Loading class java/util/ArrayList$Itr
Event: 0.150 Loading class java/util/ArrayList$Itr done

Classes unloaded (0 events):
No events

Classes redefined (0 events):
No events

Internal exceptions (0 events):
No events

ZGC Phase Switch (0 events):
No events

VM Operations (2 events):
Event: 0.137 Executing VM operation: HandshakeAllThreads (Deoptimize)
Event: 0.137 Executing VM operation: HandshakeAllThreads (Deoptimize) done

Events (12 events):
Event: 0.009 Thread 0x000001ad5d0b63a0 Thread added: 0x000001ad5d0b63a0
Event: 0.051 Thread 0x000001ad040a0050 Thread added: 0x000001ad040a0050
Event: 0.051 Thread 0x000001ad040a0c10 Thread added: 0x000001ad040a0c10
Event: 0.052 Thread 0x000001ad0408f250 Thread added: 0x000001ad0408f250
Event: 0.052 Thread 0x000001ad0408fcb0 Thread added: 0x000001ad0408fcb0
Event: 0.052 Thread 0x000001ad04090710 Thread added: 0x000001ad04090710
Event: 0.052 Thread 0x000001ad040bb110 Thread added: 0x000001ad040bb110
Event: 0.052 Thread 0x000001ad04093180 Thread added: 0x000001ad04093180
Event: 0.052 Thread 0x000001ad04093c20 Thread added: 0x000001ad04093c20
Event: 0.110 Thread 0x000001ad0428f410 Thread added: 0x000001ad0428f410
Event: 0.115 Thread 0x000001ad042982d0 Thread added: 0x000001ad042982d0
Event: 0.148 Thread 0x000001ad04291a90 Thread added: 0x000001ad04291a90


Dynamic libraries:
0x00007ff60bcf0000 - 0x00007ff60bd00000 	C:\Program Files\Java\jdk-21\bin\java.exe
0x00007ff828250000 - 0x00007ff828467000 	C:\WINDOWS\SYSTEM32\ntdll.dll
0x00007ff826b80000 - 0x00007ff826c44000 	C:\WINDOWS\System32\KERNEL32.DLL
0x00007ff825a90000 - 0x00007ff825e60000 	C:\WINDOWS\System32\KERNELBASE.dll
0x00007ff825810000 - 0x00007ff825921000 	C:\WINDOWS\System32\ucrtbase.dll
0x00007ff804800000 - 0x00007ff80481b000 	C:\Program Files\Java\jdk-21\bin\VCRUNTIME140.dll
0x00007ff805fe0000 - 0x00007ff805ff9000 	C:\Program Files\Java\jdk-21\bin\jli.dll
0x00007ff8272c0000 - 0x00007ff827371000 	C:\WINDOWS\System32\ADVAPI32.dll
0x00007ff827010000 - 0x00007ff8270b7000 	C:\WINDOWS\System32\msvcrt.dll
0x00007ff827110000 - 0x00007ff8271b8000 	C:\WINDOWS\System32\sechost.dll
0x00007ff825930000 - 0x00007ff825958000 	C:\WINDOWS\System32\bcrypt.dll
0x00007ff826a60000 - 0x00007ff826b78000 	C:\WINDOWS\System32\RPCRT4.dll
0x00007ff825ee0000 - 0x00007ff826091000 	C:\WINDOWS\System32\USER32.dll
0x00007ff8253d0000 - 0x00007ff8253f6000 	C:\WINDOWS\System32\win32u.dll
0x00007ff828170000 - 0x00007ff828199000 	C:\WINDOWS\System32\GDI32.dll
0x00007ff804390000 - 0x00007ff80462c000 	C:\WINDOWS\WinSxS\amd64_microsoft.windows.common-controls_6595b64144ccf1df_6.0.22621.5840_none_2710ea077384a4fe\COMCTL32.dll
0x00007ff825960000 - 0x00007ff825a83000 	C:\WINDOWS\System32\gdi32full.dll
0x00007ff825770000 - 0x00007ff82580a000 	C:\WINDOWS\System32\msvcp_win.dll
0x00007ff818ec0000 - 0x00007ff818eca000 	C:\WINDOWS\SYSTEM32\VERSION.dll
0x00007ff8270c0000 - 0x00007ff8270f1000 	C:\WINDOWS\System32\IMM32.DLL
0x00007ff806030000 - 0x00007ff80603c000 	C:\Program Files\Java\jdk-21\bin\vcruntime140_1.dll
0x00007fffba7e0000 - 0x00007fffba86e000 	C:\Program Files\Java\jdk-21\bin\msvcp140.dll
0x00007fff89c60000 - 0x00007fff8a975000 	C:\Program Files\Java\jdk-21\bin\server\jvm.dll
0x00007ff827240000 - 0x00007ff8272b1000 	C:\WINDOWS\System32\WS2_32.dll
0x00007ff825170000 - 0x00007ff8251bd000 	C:\WINDOWS\SYSTEM32\POWRPROF.dll
0x00007ff821b80000 - 0x00007ff821bb4000 	C:\WINDOWS\SYSTEM32\WINMM.dll
0x00007ff825150000 - 0x00007ff825163000 	C:\WINDOWS\SYSTEM32\UMPDC.dll
0x00007ff8242e0000 - 0x00007ff8242f8000 	C:\WINDOWS\SYSTEM32\kernel.appcore.dll
0x00007ff804d90000 - 0x00007ff804d9a000 	C:\Program Files\Java\jdk-21\bin\jimage.dll
0x00007ff822a00000 - 0x00007ff822c33000 	C:\WINDOWS\SYSTEM32\DBGHELP.DLL
0x00007ff827580000 - 0x00007ff827911000 	C:\WINDOWS\System32\combase.dll
0x00007ff826e50000 - 0x00007ff826f28000 	C:\WINDOWS\System32\OLEAUT32.dll
0x00007ffffa860000 - 0x00007ffffa892000 	C:\WINDOWS\SYSTEM32\dbgcore.DLL
0x00007ff825e60000 - 0x00007ff825edb000 	C:\WINDOWS\System32\bcryptPrimitives.dll
0x00007ff8040b0000 - 0x00007ff8040cf000 	C:\Program Files\Java\jdk-21\bin\java.dll
0x00007ff8260a0000 - 0x00007ff826941000 	C:\WINDOWS\System32\SHELL32.dll
0x00007ff825630000 - 0x00007ff82576f000 	C:\WINDOWS\System32\wintypes.dll
0x00007ff823100000 - 0x00007ff823a1a000 	C:\WINDOWS\SYSTEM32\windows.storage.dll
0x00007ff827e10000 - 0x00007ff827f1a000 	C:\WINDOWS\System32\SHCORE.dll
0x00007ff827da0000 - 0x00007ff827e09000 	C:\WINDOWS\System32\shlwapi.dll
0x00007ff825280000 - 0x00007ff8252a5000 	C:\WINDOWS\SYSTEM32\profapi.dll
0x00007fffbb3f0000 - 0x00007fffbb4c7000 	C:\Program Files\Java\jdk-21\bin\jsvml.dll
0x00007ff804a30000 - 0x00007ff804a40000 	C:\Program Files\Java\jdk-21\bin\net.dll
0x00007ff821240000 - 0x00007ff82136c000 	C:\WINDOWS\SYSTEM32\WINHTTP.dll
0x00007ff8247a0000 - 0x00007ff824809000 	C:\WINDOWS\system32\mswsock.dll
0x00007ff803390000 - 0x00007ff8033a6000 	C:\Program Files\Java\jdk-21\bin\nio.dll
0x00007fffee020000 - 0x00007fffee038000 	C:\Program Files\Java\jdk-21\bin\zip.dll

dbghelp: loaded successfully - version: 4.0.5 - missing functions: none
symbol engine: initialized successfully - sym options: 0x614 - pdb path: .;C:\Program Files\Java\jdk-21\bin;C:\WINDOWS\SYSTEM32;C:\WINDOWS\WinSxS\amd64_microsoft.windows.common-controls_6595b64144ccf1df_6.0.22621.5840_none_2710ea077384a4fe;C:\Program Files\Java\jdk-21\bin\server

VM Arguments:
java_command: db.biometry.biometry.BiometryApplication
java_class_path (initial): E:\zenithe\ERP_Projet_Esphere\ESPHERE-ASS\biometrie\biometry\biometry\target\classes;C:\Users\USER01\.m2\repository\org\springframework\boot\spring-boot-starter-data-jpa\3.4.4\spring-boot-starter-data-jpa-3.4.4.jar;C:\Users\USER01\.m2\repository\org\springframework\boot\spring-boot-starter\3.4.4\spring-boot-starter-3.4.4.jar;C:\Users\USER01\.m2\repository\org\springframework\boot\spring-boot\3.4.4\spring-boot-3.4.4.jar;C:\Users\USER01\.m2\repository\org\springframework\boot\spring-boot-autoconfigure\3.4.4\spring-boot-autoconfigure-3.4.4.jar;C:\Users\USER01\.m2\repository\org\springframework\boot\spring-boot-starter-logging\3.4.4\spring-boot-starter-logging-3.4.4.jar;C:\Users\USER01\.m2\repository\ch\qos\logback\logback-classic\1.5.18\logback-classic-1.5.18.jar;C:\Users\USER01\.m2\repository\ch\qos\logback\logback-core\1.5.18\logback-core-1.5.18.jar;C:\Users\USER01\.m2\repository\org\apache\logging\log4j\log4j-to-slf4j\2.24.3\log4j-to-slf4j-2.24.3.jar;C:\Users\USER01\.m2\repository\org\apache\logging\log4j\log4j-api\2.24.3\log4j-api-2.24.3.jar;C:\Users\USER01\.m2\repository\org\slf4j\jul-to-slf4j\2.0.17\jul-to-slf4j-2.0.17.jar;C:\Users\USER01\.m2\repository\jakarta\annotation\jakarta.annotation-api\2.1.1\jakarta.annotation-api-2.1.1.jar;C:\Users\USER01\.m2\repository\org\yaml\snakeyaml\2.3\snakeyaml-2.3.jar;C:\Users\USER01\.m2\repository\org\springframework\boot\spring-boot-starter-jdbc\3.4.4\spring-boot-starter-jdbc-3.4.4.jar;C:\Users\USER01\.m2\repository\com\zaxxer\HikariCP\5.1.0\HikariCP-5.1.0.jar;C:\Users\USER01\.m2\repository\org\springframework\spring-jdbc\6.2.5\spring-jdbc-6.2.5.jar;C:\Users\USER01\.m2\repository\org\hibernate\orm\hibernate-core\6.6.11.Final\hibernate-core-6.6.11.Final.jar;C:\Users\USER01\.m2\repository\jakarta\persistence\jakarta.persistence-api\3.1.0\jakarta.persistence-api-3.1.0.jar;C:\Users\USER01\.m2\repository\jakarta\transaction\jakarta.transaction-api\2.0.1\jakarta.transaction-api-2.0.1.jar;C:\Users\USER01\.m2\repository\org\jboss\logging\jboss-logging\3.6.1.Final\jboss-logging-3.6.1.Final.jar;C:\Users\USER01\.m2\repository\org\hibernate\common\hibernate-commons-annotations\7.0.3.Final\hibernate-commons-annotations-7.0.3.Final.jar;C:\Users\USER01\.m2\repository\io\smallrye\jandex\3.2.0\jandex-3.2.0.jar;C:\Users\USER01\.m2\repository\com\fasterxml\classmate\1.7.0\classmate-1.7.0.jar;C:\Users\USER01\.m2\repository\net\bytebuddy\byte-buddy\1.15.11\byte-buddy-1.15.11.jar;C:\Users\USER01\.m2\repository\org\glassfish\jaxb\jaxb-runtime\4.0.5\jaxb-runtime-4.0.5.jar;C:\Users\USER01\.m2\repository\org\glassfish\jaxb\jaxb-core\4.0.5\jaxb-core-4.0.5.jar;C:\Users\USER01\.m2\repository\org\eclipse\angus\angus-activation\2.0.2\angus-activation-2.0.2.jar;C:\Users\USER01\.m2\repository\org\glassfish\jaxb\txw2\4.0.5\txw2-4.0.5.jar;C:\Users\USER01\.m2\repository\com\sun\istack\istack-commons-runtime\4.1.2\istack-commons-runtime-4.1.2.jar;C:\Users\USER01\.m2\repository\jakarta\inject\jakarta.inject-api\2.0.1\jakarta.inject-api-2.0.1.jar;C:\Users\USER01\.m2\repository\org\antlr\antlr4-runtime\4.13.0\antlr4-runtime-4.13.0.jar;C:\Users\USER01\.m2\repository\org\springframework\data\spring-data-jpa\3.4.4\spring-data-jpa-3.4.4.jar;C:\Users\USER01\.m2\repository\org\springframework\data\spring-data-commons\3.4.4\spring-data-commons-3.4.4.jar;C:\Users\USER01\.m2\repository\org\springframework\spring-orm\6.2.5\spring-orm-6.2.5.jar;C:\Users\USER01\.m2\repository\org\springframework\spring-context\6.2.5\spring-context-6.2.5.jar;C:\Users\USER01\.m2\repository\org\springframework\spring-aop\6.2.5\spring-aop-6.2.5.jar;C:\Users\USER01\.m2\repository\org\springframework\spring-tx\6.2.5\spring-tx-6.2.5.jar;C:\Users\USER01\.m2\repository\org\springframework\spring-beans\6.2.5\spring-beans-6.2.5.jar;C:\Users\USER01\.m2\repository\org\springframework\spring-aspects\6.2.5\spring-aspects-6.2.5.jar;C:\Users\USER01\.m2\repository\org\aspectj\aspectjweaver\1.9.23\aspectjweaver-1.9.23.jar;C:\Users\USER01\.m2\repository\org\springframework\boot\spring-boot-starter-web\3.4.4\spring-boot-starter-web-3.4.4.jar;C:\Users\USER01\.m2\repository\org\springframework\boot\spring-boot-starter-json\3.4.4\spring-boot-starter-json-3.4.4.jar;C:\Users\USER01\.m2\repository\com\fasterxml\jackson\datatype\jackson-datatype-jdk8\2.18.3\jackson-datatype-jdk8-2.18.3.jar;C:\Users\USER01\.m2\repository\com\fasterxml\jackson\datatype\jackson-datatype-jsr310\2.18.3\jackson-datatype-jsr310-2.18.3.jar;C:\Users\USER01\.m2\repository\com\fasterxml\jackson\module\jackson-module-parameter-names\2.18.3\jackson-module-parameter-names-2.18.3.jar;C:\Users\USER01\.m2\repository\org\springframework\boot\spring-boot-starter-tomcat\3.4.4\spring-boot-starter-tomcat-3.4.4.jar;C:\Users\USER01\.m2\repository\org\apache\tomcat\embed\tomcat-embed-core\10.1.39\tomcat-embed-core-10.1.39.jar;C:\Users\USER01\.m2\repository\org\apache\tomcat\embed\tomcat-embed-el\10.1.39\tomcat-embed-el-10.1.39.jar;C:\Users\USER01\.m2\repository\org\apache\tomcat\embed\tomcat-embed-websocket\10.1.39\tomcat-embed-websocket-10.1.39.jar;C:\Users\USER01\.m2\repository\org\springframework\spring-web\6.2.5\spring-web-6.2.5.jar;C:\Users\USER01\.m2\repository\org\springframework\spring-webmvc\6.2.5\spring-webmvc-6.2.5.jar;C:\Users\USER01\.m2\repository\org\springframework\spring-expression\6.2.5\spring-expression-6.2.5.jar;C:\Users\USER01\.m2\repository\org\springframework\boot\spring-boot-starter-data-rest\3.4.4\spring-boot-starter-data-rest-3.4.4.jar;C:\Users\USER01\.m2\repository\org\springframework\data\spring-data-rest-webmvc\4.4.4\spring-data-rest-webmvc-4.4.4.jar;C:\Users\USER01\.m2\repository\org\springframework\data\spring-data-rest-core\4.4.4\spring-data-rest-core-4.4.4.jar;C:\Users\USER01\.m2\repository\org\springframework\hateoas\spring-hateoas\2.4.1\spring-hateoas-2.4.1.jar;C:\Users\USER01\.m2\repository\org\springframework\plugin\spring-plugin-core\3.0.0\spring-plugin-core-3.0.0.jar;C:\Users\USER01\.m2\repository\org\atteo\evo-inflector\1.3\evo-inflector-1.3.jar;C:\Users\USER01\.m2\repository\com\fasterxml\jackson\core\jackson-annotations\2.18.3\jackson-annotations-2.18.3.jar;C:\Users\USER01\.m2\repository\org\springframework\cloud\spring-cloud-starter\4.2.1\spring-cloud-starter-4.2.1.jar;C:\Users\USER01\.m2\repository\org\springframework\cloud\spring-cloud-context\4.2.1\spring-cloud-context-4.2.1.jar;C:\Users\USER01\.m2\repository\org\springframework\security\spring-security-crypto\6.4.4\spring-security-crypto-6.4.4.jar;C:\Users\USER01\.m2\repository\org\springframework\cloud\spring-cloud-commons\4.2.1\spring-cloud-commons-4.2.1.jar;C:\Users\USER01\.m2\repository\org\bouncycastle\bcprov-jdk18on\1.78.1\bcprov-jdk18on-1.78.1.jar;C:\Users\USER01\.m2\repository\org\springframework\cloud\spring-cloud-starter-netflix-eureka-client\4.2.1\spring-cloud-starter-netflix-eureka-client-4.2.1.jar;C:\Users\USER01\.m2\repository\org\springframework\cloud\spring-cloud-netflix-eureka-client\4.2.1\spring-cloud-netflix-eureka-client-4.2.1.jar;C:\Users\USER01\.m2\repository\org\apache\httpcomponents\client5\httpclient5\5.4.2\httpclient5-5.4.2.jar;C:\Users\USER01\.m2\repository\org\apache\httpcomponents\core5\httpcore5\5.3.3\httpcore5-5.3.3.jar;C:\Users\USER01\.m2\repository\org\apache\httpcomponents\core5\httpcore5-h2\5.3.3\httpcore5-h2-5.3.3.jar;C:\Users\USER01\.m2\repository\com\netflix\eureka\eureka-client\2.0.4\eureka-client-2.0.4.jar;C:\Users\USER01\.m2\repository\com\thoughtworks\xstream\xstream\1.4.20\xstream-1.4.20.jar;C:\Users\USER01\.m2\repository\io\github\x-stream\mxparser\1.2.2\mxparser-1.2.2.jar;C:\Users\USER01\.m2\repository\xmlpull\xmlpull\1.1.3.1\xmlpull-1.1.3.1.jar;C:\Users\USER01\.m2\repository\jakarta\ws\rs\jakarta.ws.rs-api\3.1.0\jakarta.ws.rs-api-3.1.0.jar;C:\Users\USER01\.m2\repository\com\netflix\spectator\spectator-api\1.7.3\spectator-api-1.7.3.jar;C:\Users\USER01\.m2\repository\org\apache\httpcomponents\httpclient\4.5.3\httpclient-4.5.3.jar;C:\Users\USER01\.m2\repository\org\apache\httpcomponents\httpcore\4.4.16\httpcore-4.4.16.jar;C:\Users\USER01\.m2\repository\commons-codec\commons-codec\1.17.2\commons-codec-1.17.2.jar;C:\Users\USER01\.m2\repository\commons-configuration\commons-configuration\1.10\commons-configuration-1.10.jar;C:\Users\USER01\.m2\repository\commons-lang\commons-lang\2.6\commons-lang-2.6.jar;C:\Users\USER01\.m2\repository\com\fasterxml\jackson\core\jackson-core\2.18.3\jackson-core-2.18.3.jar;C:\Users\USER01\.m2\repository\com\netflix\netflix-commons\netflix-eventbus\0.3.0\netflix-eventbus-0.3.0.jar;C:\Users\USER01\.m2\repository\com\netflix\netflix-commons\netflix-infix\0.3.0\netflix-infix-0.3.0.jar;C:\Users\USER01\.m2\repository\commons-jxpath\commons-jxpath\1.3\commons-jxpath-1.3.jar;C:\Users\USER01\.m2\repository\joda-time\joda-time\2.3\joda-time-2.3.jar;C:\Users\USER01\.m2\repository\org\antlr\antlr-runtime\3.4\antlr-runtime-3.4.jar;C:\Users\USER01\.m2\repository\org\antlr\stringtemplate\3.2.1\stringtemplate-3.2.1.jar;C:\Users\USER01\.m2\repository\antlr\antlr\2.7.7\antlr-2.7.7.jar;C:\Users\USER01\.m2\repository\com\google\guava\guava\14.0.1\guava-14.0.1.jar;C:\Users\USER01\.m2\repository\com\google\code\gson\gson\2.11.0\gson-2.11.0.jar;C:\Users\USER01\.m2\repository\com\google\errorprone\error_prone_annotations\2.27.0\error_prone_annotations-2.27.0.jar;C:\Users\USER01\.m2\repository\com\netflix\servo\servo-core\0.5.3\servo-core-0.5.3.jar;C:\Users\USER01\.m2\repository\org\apache\commons\commons-math\2.2\commons-math-2.2.jar;C:\Users\USER01\.m2\repository\javax\annotation\javax.annotation-api\1.2\javax.annotation-api-1.2.jar;C:\Users\USER01\.m2\repository\org\codehaus\jettison\jettison\1.5.4\jettison-1.5.4.jar;C:\Users\USER01\.m2\repository\org\springframework\cloud\spring-cloud-starter-loadbalancer\4.2.1\spring-cloud-starter-loadbalancer-4.2.1.jar;C:\Users\USER01\.m2\repository\org\springframework\cloud\spring-cloud-loadbalancer\4.2.1\spring-cloud-loadbalancer-4.2.1.jar;C:\Users\USER01\.m2\repository\io\projectreactor\reactor-core\3.7.4\reactor-core-3.7.4.jar;C:\Users\USER01\.m2\repository\org\reactivestreams\reactive-streams\1.0.4\reactive-streams-1.0.4.jar;C:\Users\USER01\.m2\repository\io\projectreactor\addons\reactor-extra\3.5.2\reactor-extra-3.5.2.jar;C:\Users\USER01\.m2\repository\org\springframework\boot\spring-boot-starter-cache\3.4.4\spring-boot-starter-cache-3.4.4.jar;C:\Users\USER01\.m2\repository\org\springframework\spring-context-support\6.2.5\spring-context-support-6.2.5.jar;C:\Users\USER01\.m2\repository\com\stoyanr\evictor\1.0.0\evictor-1.0.0.jar;C:\Users\USER01\.m2\repository\org\springframework\cloud\spring-cloud-starter-config\4.2.1\spring-cloud-starter-config-4.2.1.jar;C:\Users\USER01\.m2\repository\org\springframework\cloud\spring-cloud-config-client\4.2.1\spring-cloud-config-client-4.2.1.jar;C:\Users\USER01\.m2\repository\com\fasterxml\jackson\core\jackson-databind\2.18.3\jackson-databind-2.18.3.jar;C:\Users\USER01\.m2\repository\com\mysql\mysql-connector-j\9.1.0\mysql-connector-j-9.1.0.jar;C:\Users\USER01\.m2\repository\org\springframework\boot\spring-boot-starter-actuator\3.4.4\spring-boot-starter-actuator-3.4.4.jar;C:\Users\USER01\.m2\repository\org\springframework\boot\spring-boot-actuator-autoconfigure\3.4.4\spring-boot-actuator-autoconfigure-3.4.4.jar;C:\Users\USER01\.m2\repository\org\springframework\boot\spring-boot-actuator\3.4.4\spring-boot-actuator-3.4.4.jar;C:\Users\USER01\.m2\repository\io\micrometer\micrometer-observation\1.14.5\micrometer-observation-1.14.5.jar;C:\Users\USER01\.m2\repository\io\micrometer\micrometer-commons\1.14.5\micrometer-commons-1.14.5.jar;C:\Users\USER01\.m2\repository\io\micrometer\micrometer-jakarta9\1.14.5\micrometer-jakarta9-1.14.5.jar;C:\Users\USER01\.m2\repository\org\springframework\cloud\spring-cloud-starter-bootstrap\4.2.1\spring-cloud-starter-bootstrap-4.2.1.jar;C:\Users\USER01\.m2\repository\io\micrometer\micrometer-tracing-bridge-brave\1.4.4\micrometer-tracing-bridge-brave-1.4.4.jar;C:\Users\USER01\.m2\repository\io\micrometer\micrometer-tracing\1.4.4\micrometer-tracing-1.4.4.jar;C:\Users\USER01\.m2\repository\io\micrometer\context-propagation\1.1.2\context-propagation-1.1.2.jar;C:\Users\USER01\.m2\repository\aopalliance\aopalliance\1.0\aopalliance-1.0.jar;C:\Users\USER01\.m2\repository\org\slf4j\slf4j-api\2.0.17\slf4j-api-2.0.17.jar;C:\Users\USER01\.m2\repository\io\zipkin\brave\brave\6.0.3\brave-6.0.3.jar;C:\Users\USER01\.m2\repository\io\zipkin\brave\brave-context-slf4j\6.0.3\brave-context-slf4j-6.0.3.jar;C:\Users\USER01\.m2\repository\io\zipkin\brave\brave-instrumentation-http\6.0.3\brave-instrumentation-http-6.0.3.jar;C:\Users\USER01\.m2\repository\io\zipkin\aws\brave-propagation-aws\1.2.5\brave-propagation-aws-1.2.5.jar;C:\Users\USER01\.m2\repository\io\zipkin\contrib\brave-propagation-w3c\brave-propagation-tracecontext\0.2.0\brave-propagation-tracecontext-0.2.0.jar;C:\Users\USER01\.m2\repository\io\zipkin\reporter2\zipkin-reporter-brave\3.4.3\zipkin-reporter-brave-3.4.3.jar;C:\Users\USER01\.m2\repository\io\zipkin\reporter2\zipkin-reporter\3.4.3\zipkin-reporter-3.4.3.jar;C:\Users\USER01\.m2\repository\io\github\openfeign\feign-micrometer\13.5\feign-micrometer-13.5.jar;C:\Users\USER01\.m2\repository\io\github\openfeign\feign-core\13.5\feign-core-13.5.jar;C:\Users\USER01\.m2\repository\io\micrometer\micrometer-core\1.14.5\micrometer-core-1.14.5.jar;C:\Users\USER01\.m2\repository\org\hdrhistogram\HdrHistogram\2.2.2\HdrHistogram-2.2.2.jar;C:\Users\USER01\.m2\repository\org\latencyutils\LatencyUtils\2.0.3\LatencyUtils-2.0.3.jar;C:\Users\USER01\.m2\repository\io\jsonwebtoken\jjwt-api\0.11.5\jjwt-api-0.11.5.jar;C:\Users\USER01\.m2\repository\io\jsonwebtoken\jjwt-impl\0.11.5\jjwt-impl-0.11.5.jar;C:\Users\USER01\.m2\repository\io\jsonwebtoken\jjwt-jackson\0.11.5\jjwt-jackson-0.11.5.jar;C:\Users\USER01\.m2\repository\org\projectlombok\lombok\1.18.36\lombok-1.18.36.jar;C:\Users\USER01\.m2\repository\com\jayway\jsonpath\json-path\2.9.0\json-path-2.9.0.jar;C:\Users\USER01\.m2\repository\jakarta\xml\bind\jakarta.xml.bind-api\4.0.2\jakarta.xml.bind-api-4.0.2.jar;C:\Users\USER01\.m2\repository\jakarta\activation\jakarta.activation-api\2.1.3\jakarta.activation-api-2.1.3.jar;C:\Users\USER01\.m2\repository\net\minidev\json-smart\2.5.2\json-smart-2.5.2.jar;C:\Users\USER01\.m2\repository\net\minidev\accessors-smart\2.5.2\accessors-smart-2.5.2.jar;C:\Users\USER01\.m2\repository\org\ow2\asm\asm\9.7.1\asm-9.7.1.jar;C:\Users\USER01\.m2\repository\org\springframework\spring-core\6.2.5\spring-core-6.2.5.jar;C:\Users\USER01\.m2\repository\org\springframework\spring-jcl\6.2.5\spring-jcl-6.2.5.jar
Launcher Type: SUN_STANDARD

[Global flags]
     intx CICompilerCount                          = 4                                         {product} {ergonomic}
     uint ConcGCThreads                            = 3                                         {product} {ergonomic}
     uint G1ConcRefinementThreads                  = 10                                        {product} {ergonomic}
   size_t G1HeapRegionSize                         = 2097152                                   {product} {ergonomic}
    uintx GCDrainStackTargetSize                   = 64                                        {product} {ergonomic}
   size_t InitialHeapSize                          = 264241152                                 {product} {ergonomic}
   size_t MarkStackSize                            = 4194304                                   {product} {ergonomic}
   size_t MaxHeapSize                              = 4200595456                                {product} {ergonomic}
   size_t MaxNewSize                               = 2518679552                                {product} {ergonomic}
   size_t MinHeapDeltaBytes                        = 2097152                                   {product} {ergonomic}
   size_t MinHeapSize                              = 8388608                                   {product} {ergonomic}
    uintx NonNMethodCodeHeapSize                   = 5839372                                {pd product} {ergonomic}
    uintx NonProfiledCodeHeapSize                  = 122909434                              {pd product} {ergonomic}
    uintx ProfiledCodeHeapSize                     = 122909434                              {pd product} {ergonomic}
    uintx ReservedCodeCacheSize                    = 251658240                              {pd product} {ergonomic}
     bool SegmentedCodeCache                       = true                                      {product} {ergonomic}
   size_t SoftMaxHeapSize                          = 4200595456                             {manageable} {ergonomic}
     bool UseCompressedOops                        = true                           {product lp64_product} {ergonomic}
     bool UseG1GC                                  = true                                      {product} {ergonomic}
     bool UseLargePagesIndividualAllocation        = false                                  {pd product} {ergonomic}

Logging:
Log output configuration:
 #0: stdout all=warning uptime,level,tags foldmultilines=false
 #1: stderr all=off uptime,level,tags foldmultilines=false

Environment Variables:
JAVA_HOME=C:\Program Files\Java\jdk-21
PATH=E:\app\USER01\product\11.2.0\dbhome_1\bin;E:\app\USER01\product\11.1.0\db_2\bin;C:\Program Files\Common Files\Oracle\Java\javapath;C:\ProgramData\Oracle\Java\javapath;C:\WINDOWS\system32;C:\WINDOWS;C:\WINDOWS\System32\Wbem;C:\WINDOWS\System32\WindowsPowerShell\v1.0\;C:\WINDOWS\System32\OpenSSH\;C:\ProgramData\chocolatey\bin;C:\Program Files\Java\jdk-21\bin;C:\Program Files\TortoiseSVN\bin;C:\Program Files\Microsoft SQL Server\150\Tools\Binn\;C:\Program Files\nodejs\;E:\zenithe\Biometrie\Logiciel_enrolement;E:\MySQL\MySQL Server 5.0\bin;C:\Program Files\Git\cmd;C:\Program Files\Docker\Docker\resources\bin;E:\MongoDB\Server\8.0\bin;;C:\Program Files\Filestar;C:\ProgramData\Filestar\aliases;C:\Users\USER01\AppData\Local\Microsoft\WindowsApps;;C:\Users\USER01\AppData\Local\Programs\Microsoft VS Code\bin;C:\Users\USER01\AppData\Roaming\npm;C:\Users\USER01\AppData\Local\Programs\mongosh\;C:\Users\USER01\AppData\Local\Programs\cursor\resources\app\bin
USERNAME=USER01
OS=Windows_NT
PROCESSOR_IDENTIFIER=Intel64 Family 6 Model 154 Stepping 4, GenuineIntel
TMP=C:\Users\USER01\AppData\Local\Temp
TEMP=C:\Users\USER01\AppData\Local\Temp




Periodic native trim disabled

---------------  S Y S T E M  ---------------

OS:
 Windows 11 , 64 bit Build 22621 (10.0.22621.5415)
OS uptime: 0 days 13:01 hours
Hyper-V role detected

CPU: total 12 (initial active 12) (6 cores per cpu, 2 threads per core) family 6 model 154 stepping 4 microcode 0x437, cx8, cmov, fxsr, ht, mmx, 3dnowpref, sse, sse2, sse3, ssse3, sse4.1, sse4.2, popcnt, lzcnt, tsc, tscinvbit, avx, avx2, aes, erms, clmul, bmi1, bmi2, adx, sha, fma, vzeroupper, clflush, clflushopt, clwb, hv, serialize, rdtscp, rdpid, fsrm, f16c, cet_ibt, cet_ss
Processor Information for processor 0
  Max Mhz: 1800, Current Mhz: 1800, Mhz Limit: 1800
Processor Information for processor 1
  Max Mhz: 1800, Current Mhz: 1800, Mhz Limit: 1800
Processor Information for processor 2
  Max Mhz: 1800, Current Mhz: 1800, Mhz Limit: 1800
Processor Information for processor 3
  Max Mhz: 1800, Current Mhz: 1800, Mhz Limit: 1800
Processor Information for processor 4
  Max Mhz: 1800, Current Mhz: 1523, Mhz Limit: 1800
Processor Information for processor 5
  Max Mhz: 1800, Current Mhz: 1523, Mhz Limit: 1800
Processor Information for processor 6
  Max Mhz: 1800, Current Mhz: 1523, Mhz Limit: 1800
Processor Information for processor 7
  Max Mhz: 1800, Current Mhz: 1800, Mhz Limit: 1800
Processor Information for processor 8
  Max Mhz: 1800, Current Mhz: 1800, Mhz Limit: 1800
Processor Information for processor 9
  Max Mhz: 1800, Current Mhz: 1800, Mhz Limit: 1800
Processor Information for processor 10
  Max Mhz: 1800, Current Mhz: 1800, Mhz Limit: 1800
Processor Information for processor 11
  Max Mhz: 1800, Current Mhz: 1800, Mhz Limit: 1800

Memory: 4k page, system-wide physical 16016M (4207M free)
TotalPageFile size 23794M (AvailPageFile size 2M)
current process WorkingSet (physical memory assigned to process): 41M, peak: 41M
current process commit charge ("private bytes"): 337M, peak: 337M

vm_info: Java HotSpot(TM) 64-Bit Server VM (21.0.1+12-LTS-29) for windows-amd64 JRE (21.0.1+12-LTS-29), built on 2023-10-05T13:27:09Z by "mach5one" with MS VC++ 17.1 (VS2022)

END.
