#
# There is insufficient memory for the Java Runtime Environment to continue.
# Native memory allocation (malloc) failed to allocate 32744 bytes for ChunkPool::allocate
# Possible reasons:
#   The system is out of physical RAM or swap space
#   The process is running with CompressedOops enabled, and the Java Heap may be blocking the growth of the native heap
# Possible solutions:
#   Reduce memory load on the system
#   Increase physical memory or swap space
#   Check if swap backing store is full
#   Decrease Java heap size (-Xmx/-Xms)
#   Decrease number of Java threads
#   Decrease Java thread stack sizes (-Xss)
#   Set larger code cache with -XX:ReservedCodeCacheSize=
#   JVM is running with Zero Based Compressed Oops mode in which the Java heap is
#     placed in the first 32GB address space. The Java Heap base address is the
#     maximum limit for the native heap growth. Please use -XX:HeapBaseMinAddress
#     to set the Java Heap base and to place the Java Heap above 32GB virtual address.
# This output file may be truncated or incomplete.
#
#  Out of Memory Error (./open/src/hotspot/share/memory/arena.cpp:81), pid=70144, tid=51588
#
# JRE version: Java(TM) SE Runtime Environment 18.9 (11.0.16+11) (build 11.0.16+11-LTS-199)
# Java VM: Java HotSpot(TM) 64-Bit Server VM 18.9 (11.0.16+11-LTS-199, mixed mode, tiered, compressed oops, g1 gc, windows-amd64)
# No core dump will be written. Minidumps are not enabled by default on client versions of Windows
#

---------------  S U M M A R Y ------------

Command Line: C:\Users\USER01\AppData\Local\Temp\surefire8968493107648019347\surefirebooter12318622103116387969.jar C:\Users\USER01\AppData\Local\Temp\surefire8968493107648019347 2024-03-27T15-05-36_912-jvmRun1 surefire13971105072756348630tmp surefire_013530894031101556665tmp

Host: 12th Gen Intel(R) Core(TM) i7-1265U, 12 cores, 15G,  Windows 11 , 64 bit Build 22621 (10.0.22621.3235)
Time: Wed Mar 27 15:05:44 2024 W. Central Africa Standard Time elapsed time: 7.169872 seconds (0d 0h 0m 7s)

---------------  T H R E A D  ---------------

Current thread (0x0000022fdf134800):  JavaThread "C1 CompilerThread0" daemon [_thread_in_native, id=51588, stack(0x00000048d2a00000,0x00000048d2b00000)]


Current CompileTask:
C1:   7169 7874 % !   3       io.github.classgraph.ClasspathElementZip::open @ 583 (1094 bytes)

Stack: [0x00000048d2a00000,0x00000048d2b00000]
Native frames: (J=compiled Java code, j=interpreted, Vv=VM code, C=native code)
V  [jvm.dll+0x62a3ea]
V  [jvm.dll+0x76418f]
V  [jvm.dll+0x765839]
V  [jvm.dll+0x765ec3]
V  [jvm.dll+0x23da98]
V  [jvm.dll+0xb2c7b]
V  [jvm.dll+0xb2fdc]
V  [jvm.dll+0x1227b6]
V  [jvm.dll+0x124909]
V  [jvm.dll+0x122dd4]
V  [jvm.dll+0x12b73b]
V  [jvm.dll+0x12accd]
V  [jvm.dll+0x1225c3]
V  [jvm.dll+0x124909]
V  [jvm.dll+0x122dd4]
V  [jvm.dll+0x11cb1c]
V  [jvm.dll+0x12ca2a]
V  [jvm.dll+0x117e69]
V  [jvm.dll+0x1181d0]
V  [jvm.dll+0x11848f]
V  [jvm.dll+0x117734]
V  [jvm.dll+0x119607]
V  [jvm.dll+0x207006]
V  [jvm.dll+0x20519b]
V  [jvm.dll+0x729fa0]
V  [jvm.dll+0x722b74]
V  [jvm.dll+0x629286]
C  [ucrtbase.dll+0x29363]
C  [KERNEL32.DLL+0x1257d]
C  [ntdll.dll+0x5aa58]


---------------  P R O C E S S  ---------------

Threads class SMR info:
_java_thread_list=0x0000022fe0e9e630, length=35, elements={
0x0000022fb9adc000, 0x0000022fde876000, 0x0000022fde877800, 0x0000022fdf187800,
0x0000022fdf189800, 0x0000022fdf18b000, 0x0000022fdf18e000, 0x0000022fdf134800,
0x0000022fdf137800, 0x0000022fdf2fe000, 0x0000022fdf398000, 0x0000022fdf6a7000,
0x0000022fdf7ef800, 0x0000022fe4ea9800, 0x0000022fe332c000, 0x0000022fe3545800,
0x0000022fe868a000, 0x0000022fe08b9800, 0x0000022fe3efa000, 0x0000022fe3efb000,
0x0000022fe72f2800, 0x0000022fe72f5000, 0x0000022fe72f4800, 0x0000022fe72f3800,
0x0000022fe7bcf000, 0x0000022fe7bd1800, 0x0000022fe7bd3000, 0x0000022fe7bd2000,
0x0000022fe7bcf800, 0x0000022fe7bd0800, 0x0000022fe7bce000, 0x0000022fe7bcd000,
0x0000022fe7bd9800, 0x0000022fe7bd8800, 0x0000022fe7bd4800
}

Java Threads: ( => current thread )
  0x0000022fb9adc000 JavaThread "main" [_thread_blocked, id=71940, stack(0x00000048d1d00000,0x00000048d1e00000)]
  0x0000022fde876000 JavaThread "Reference Handler" daemon [_thread_blocked, id=72984, stack(0x00000048d2400000,0x00000048d2500000)]
  0x0000022fde877800 JavaThread "Finalizer" daemon [_thread_blocked, id=71884, stack(0x00000048d2500000,0x00000048d2600000)]
  0x0000022fdf187800 JavaThread "Signal Dispatcher" daemon [_thread_blocked, id=72880, stack(0x00000048d2600000,0x00000048d2700000)]
  0x0000022fdf189800 JavaThread "Attach Listener" daemon [_thread_blocked, id=68752, stack(0x00000048d2700000,0x00000048d2800000)]
  0x0000022fdf18b000 JavaThread "Service Thread" daemon [_thread_blocked, id=42572, stack(0x00000048d2800000,0x00000048d2900000)]
  0x0000022fdf18e000 JavaThread "C2 CompilerThread0" daemon [_thread_in_native, id=3188, stack(0x00000048d2900000,0x00000048d2a00000)]
=>0x0000022fdf134800 JavaThread "C1 CompilerThread0" daemon [_thread_in_native, id=51588, stack(0x00000048d2a00000,0x00000048d2b00000)]
  0x0000022fdf137800 JavaThread "Sweeper thread" daemon [_thread_blocked, id=26440, stack(0x00000048d2b00000,0x00000048d2c00000)]
  0x0000022fdf2fe000 JavaThread "Common-Cleaner" daemon [_thread_blocked, id=48708, stack(0x00000048d2d00000,0x00000048d2e00000)]
  0x0000022fdf398000 JavaThread "surefire-forkedjvm-command-thread" daemon [_thread_in_native, id=70784, stack(0x00000048d2e00000,0x00000048d2f00000)]
  0x0000022fdf6a7000 JavaThread "surefire-forkedjvm-ping-30s" daemon [_thread_in_native, id=73040, stack(0x00000048d2f00000,0x00000048d3000000)]
  0x0000022fdf7ef800 JavaThread "C2 CompilerThread1" daemon [_thread_in_native, id=71728, stack(0x00000048d3000000,0x00000048d3100000)]
  0x0000022fe4ea9800 JavaThread "MySQL Statement Cancellation Timer" daemon [_thread_blocked, id=71904, stack(0x00000048d3800000,0x00000048d3900000)]
  0x0000022fe332c000 JavaThread "HikariPool-1 housekeeper" daemon [_thread_blocked, id=72464, stack(0x00000048d3900000,0x00000048d3a00000)]
  0x0000022fe3545800 JavaThread "HikariPool-1 connection adder" daemon [_thread_blocked, id=41700, stack(0x00000048d3a00000,0x00000048d3b00000)]
  0x0000022fe868a000 JavaThread "ClassGraph-worker-0" daemon [_thread_in_native, id=57416, stack(0x00000048d3c00000,0x00000048d3d00000)]
  0x0000022fe08b9800 JavaThread "ClassGraph-worker-1" daemon [_thread_in_native, id=71340, stack(0x00000048d3d00000,0x00000048d3e00000)]
  0x0000022fe3efa000 JavaThread "ClassGraph-worker-2" daemon [_thread_in_Java, id=72136, stack(0x00000048d3e00000,0x00000048d3f00000)]
  0x0000022fe3efb000 JavaThread "ClassGraph-worker-3" daemon [_thread_in_native, id=73012, stack(0x00000048d3f00000,0x00000048d4000000)]
  0x0000022fe72f2800 JavaThread "ClassGraph-worker-4" daemon [_thread_in_native, id=63236, stack(0x00000048d4000000,0x00000048d4100000)]
  0x0000022fe72f5000 JavaThread "ClassGraph-worker-5" daemon [_thread_in_Java, id=70692, stack(0x00000048d4100000,0x00000048d4200000)]
  0x0000022fe72f4800 JavaThread "ClassGraph-worker-6" daemon [_thread_in_Java, id=73664, stack(0x00000048d4200000,0x00000048d4300000)]
  0x0000022fe72f3800 JavaThread "ClassGraph-worker-7" daemon [_thread_in_native, id=49384, stack(0x00000048d4300000,0x00000048d4400000)]
  0x0000022fe7bcf000 JavaThread "ClassGraph-worker-8" daemon [_thread_in_Java, id=62708, stack(0x00000048d4400000,0x00000048d4500000)]
  0x0000022fe7bd1800 JavaThread "ClassGraph-worker-9" daemon [_thread_in_Java, id=61604, stack(0x00000048d4500000,0x00000048d4600000)]
  0x0000022fe7bd3000 JavaThread "ClassGraph-worker-10" daemon [_thread_in_Java, id=63048, stack(0x00000048d4600000,0x00000048d4700000)]
  0x0000022fe7bd2000 JavaThread "ClassGraph-worker-11" daemon [_thread_in_Java, id=71872, stack(0x00000048d4700000,0x00000048d4800000)]
  0x0000022fe7bcf800 JavaThread "ClassGraph-worker-12" daemon [_thread_in_Java, id=43388, stack(0x00000048d4800000,0x00000048d4900000)]
  0x0000022fe7bd0800 JavaThread "ClassGraph-worker-13" daemon [_thread_in_Java, id=48344, stack(0x00000048d4900000,0x00000048d4a00000)]
  0x0000022fe7bce000 JavaThread "ClassGraph-worker-14" daemon [_thread_in_native, id=71564, stack(0x00000048d4a00000,0x00000048d4b00000)]
  0x0000022fe7bcd000 JavaThread "ClassGraph-worker-15" daemon [_thread_in_Java, id=66864, stack(0x00000048d4b00000,0x00000048d4c00000)]
  0x0000022fe7bd9800 JavaThread "ClassGraph-worker-16" daemon [_thread_in_Java, id=71236, stack(0x00000048d4c00000,0x00000048d4d00000)]
  0x0000022fe7bd8800 JavaThread "ClassGraph-worker-17" daemon [_thread_in_native, id=73388, stack(0x00000048d4d00000,0x00000048d4e00000)]
  0x0000022fe7bd4800 JavaThread "ClassGraph-worker-18" daemon [_thread_in_Java, id=72004, stack(0x00000048d4e00000,0x00000048d4f00000)]

Other Threads:
  0x0000022fde874800 VMThread "VM Thread" [stack: 0x00000048d2300000,0x00000048d2400000] [id=67972]
  0x0000022fdf2fd000 WatcherThread [stack: 0x00000048d2c00000,0x00000048d2d00000] [id=38188]
  0x0000022fb9af1000 GCTaskThread "GC Thread#0" [stack: 0x00000048d1e00000,0x00000048d1f00000] [id=63636]
  0x0000022fe033c000 GCTaskThread "GC Thread#1" [stack: 0x00000048d3100000,0x00000048d3200000] [id=58088]
  0x0000022fe077f000 GCTaskThread "GC Thread#2" [stack: 0x00000048d3200000,0x00000048d3300000] [id=11956]
  0x0000022fe05fb000 GCTaskThread "GC Thread#3" [stack: 0x00000048d3300000,0x00000048d3400000] [id=71280]
  0x0000022fe04f6000 GCTaskThread "GC Thread#4" [stack: 0x00000048d3400000,0x00000048d3500000] [id=73456]
  0x0000022fe0ed6800 GCTaskThread "GC Thread#5" [stack: 0x00000048d3500000,0x00000048d3600000] [id=45436]
  0x0000022fe0173000 GCTaskThread "GC Thread#6" [stack: 0x00000048d3b00000,0x00000048d3c00000] [id=72212]
  0x0000022fb9b4c000 ConcurrentGCThread "G1 Main Marker" [stack: 0x00000048d1f00000,0x00000048d2000000] [id=65772]
  0x0000022fb9b4d800 ConcurrentGCThread "G1 Conc#0" [stack: 0x00000048d2000000,0x00000048d2100000] [id=68512]
  0x0000022fe090b800 ConcurrentGCThread "G1 Conc#1" [stack: 0x00000048d3600000,0x00000048d3700000] [id=72808]
  0x0000022fe0bb4800 ConcurrentGCThread "G1 Conc#2" [stack: 0x00000048d3700000,0x00000048d3800000] [id=30640]
  0x0000022fde75b800 ConcurrentGCThread "G1 Refine#0" [stack: 0x00000048d2100000,0x00000048d2200000] [id=48672]
  0x0000022fde75e000 ConcurrentGCThread "G1 Young RemSet Sampling" [stack: 0x00000048d2200000,0x00000048d2300000] [id=69628]

Threads with active compile tasks:
C2 CompilerThread0     7207 7704   !   4       java.lang.reflect.Field::declaredAnnotations (82 bytes)
C1 CompilerThread0     7207 7874 % !   3       io.github.classgraph.ClasspathElementZip::open @ 583 (1094 bytes)
C2 CompilerThread1     7207 7699   !   4       java.lang.reflect.Executable::declaredAnnotations (85 bytes)

VM state:not at safepoint (normal execution)

VM Mutex/Monitor currently owned by a thread: None

Heap address: 0x0000000705a00000, size: 4006 MB, Compressed Oops mode: Zero based, Oop shift amount: 3
Narrow klass base: 0x0000000800000000, Narrow klass shift: 0
Compressed class space size: 1073741824 Address: 0x0000000800000000

Heap:
 garbage-first heap   total 310272K, used 101129K [0x0000000705a00000, 0x0000000800000000)
  region size 1024K, 83 young (84992K), 23 survivors (23552K)
 Metaspace       used 70397K, capacity 72589K, committed 72784K, reserved 1112064K
  class space    used 8825K, capacity 9691K, committed 9728K, reserved 1048576K
Heap Regions: E=young(eden), S=young(survivor), O=old, HS=humongous(starts), HC=humongous(continues), CS=collection set, F=free, A=archive, TAMS=top-at-mark-start (previous, next)
|   0|0x0000000705a00000, 0x0000000705b00000, 0x0000000705b00000|100%|HS|  |TAMS 0x0000000705b00000, 0x0000000705a00000| Complete 
|   1|0x0000000705b00000, 0x0000000705c00000, 0x0000000705c00000|100%| O|  |TAMS 0x0000000705c00000, 0x0000000705b00000| Untracked 
|   2|0x0000000705c00000, 0x0000000705d00000, 0x0000000705d00000|100%| O|  |TAMS 0x0000000705d00000, 0x0000000705c00000| Untracked 
|   3|0x0000000705d00000, 0x0000000705e00000, 0x0000000705e00000|100%| O|  |TAMS 0x0000000705e00000, 0x0000000705d00000| Untracked 
|   4|0x0000000705e00000, 0x0000000705f00000, 0x0000000705f00000|100%| O|  |TAMS 0x0000000705f00000, 0x0000000705e00000| Untracked 
|   5|0x0000000705f00000, 0x0000000706000000, 0x0000000706000000|100%| O|  |TAMS 0x0000000706000000, 0x0000000705f00000| Untracked 
|   6|0x0000000706000000, 0x0000000706100000, 0x0000000706100000|100%| O|  |TAMS 0x0000000706100000, 0x0000000706000000| Untracked 
|   7|0x0000000706100000, 0x0000000706200000, 0x0000000706200000|100%| O|  |TAMS 0x0000000706200000, 0x0000000706100000| Untracked 
|   8|0x0000000706200000, 0x0000000706300000, 0x0000000706300000|100%| O|  |TAMS 0x0000000706300000, 0x0000000706200000| Untracked 
|   9|0x0000000706300000, 0x0000000706400000, 0x0000000706400000|100%| O|  |TAMS 0x0000000706400000, 0x0000000706300000| Untracked 
|  10|0x0000000706400000, 0x0000000706500000, 0x0000000706500000|100%| O|  |TAMS 0x0000000706500000, 0x0000000706400000| Untracked 
|  11|0x0000000706500000, 0x0000000706600000, 0x0000000706600000|100%| O|  |TAMS 0x0000000706600000, 0x0000000706500000| Untracked 
|  12|0x0000000706600000, 0x0000000706700000, 0x0000000706700000|100%| O|  |TAMS 0x0000000706700000, 0x0000000706600000| Untracked 
|  13|0x0000000706700000, 0x0000000706800000, 0x0000000706800000|100%| O|  |TAMS 0x00000007067eaa00, 0x0000000706700000| Untracked 
|  14|0x0000000706800000, 0x0000000706900000, 0x0000000706900000|100%| O|  |TAMS 0x0000000706800000, 0x0000000706800000| Untracked 
|  15|0x0000000706900000, 0x00000007069c2400, 0x0000000706a00000| 75%| O|  |TAMS 0x0000000706900000, 0x0000000706900000| Untracked 
|  16|0x0000000706a00000, 0x0000000706b00000, 0x0000000706b00000|100%|HS|  |TAMS 0x0000000706a00000, 0x0000000706a00000| Complete 
|  17|0x0000000706b00000, 0x0000000706b00000, 0x0000000706c00000|  0%| F|  |TAMS 0x0000000706b00000, 0x0000000706b00000| Untracked 
|  18|0x0000000706c00000, 0x0000000706c00000, 0x0000000706d00000|  0%| F|  |TAMS 0x0000000706c00000, 0x0000000706c00000| Untracked 
|  19|0x0000000706d00000, 0x0000000706d00000, 0x0000000706e00000|  0%| F|  |TAMS 0x0000000706d00000, 0x0000000706d00000| Untracked 
|  20|0x0000000706e00000, 0x0000000706e00000, 0x0000000706f00000|  0%| F|  |TAMS 0x0000000706e00000, 0x0000000706e00000| Untracked 
|  21|0x0000000706f00000, 0x0000000706f00000, 0x0000000707000000|  0%| F|  |TAMS 0x0000000706f00000, 0x0000000706f00000| Untracked 
|  22|0x0000000707000000, 0x0000000707000000, 0x0000000707100000|  0%| F|  |TAMS 0x0000000707000000, 0x0000000707000000| Untracked 
|  23|0x0000000707100000, 0x0000000707100000, 0x0000000707200000|  0%| F|  |TAMS 0x0000000707100000, 0x0000000707100000| Untracked 
|  24|0x0000000707200000, 0x0000000707200000, 0x0000000707300000|  0%| F|  |TAMS 0x0000000707200000, 0x0000000707200000| Untracked 
|  25|0x0000000707300000, 0x0000000707300000, 0x0000000707400000|  0%| F|  |TAMS 0x0000000707300000, 0x0000000707300000| Untracked 
|  26|0x0000000707400000, 0x0000000707400000, 0x0000000707500000|  0%| F|  |TAMS 0x0000000707400000, 0x0000000707400000| Untracked 
|  27|0x0000000707500000, 0x0000000707500000, 0x0000000707600000|  0%| F|  |TAMS 0x0000000707500000, 0x0000000707500000| Untracked 
|  28|0x0000000707600000, 0x0000000707600000, 0x0000000707700000|  0%| F|  |TAMS 0x0000000707600000, 0x0000000707600000| Untracked 
|  29|0x0000000707700000, 0x0000000707700000, 0x0000000707800000|  0%| F|  |TAMS 0x0000000707700000, 0x0000000707700000| Untracked 
|  30|0x0000000707800000, 0x0000000707800000, 0x0000000707900000|  0%| F|  |TAMS 0x0000000707800000, 0x0000000707800000| Untracked 
|  31|0x0000000707900000, 0x0000000707900000, 0x0000000707a00000|  0%| F|  |TAMS 0x0000000707900000, 0x0000000707900000| Untracked 
|  32|0x0000000707a00000, 0x0000000707a00000, 0x0000000707b00000|  0%| F|  |TAMS 0x0000000707a00000, 0x0000000707a00000| Untracked 
|  33|0x0000000707b00000, 0x0000000707b00000, 0x0000000707c00000|  0%| F|  |TAMS 0x0000000707b00000, 0x0000000707b00000| Untracked 
|  34|0x0000000707c00000, 0x0000000707c00000, 0x0000000707d00000|  0%| F|  |TAMS 0x0000000707c00000, 0x0000000707c00000| Untracked 
|  35|0x0000000707d00000, 0x0000000707d00000, 0x0000000707e00000|  0%| F|  |TAMS 0x0000000707d00000, 0x0000000707d00000| Untracked 
|  36|0x0000000707e00000, 0x0000000707e00000, 0x0000000707f00000|  0%| F|  |TAMS 0x0000000707e00000, 0x0000000707e00000| Untracked 
|  37|0x0000000707f00000, 0x0000000707f00000, 0x0000000708000000|  0%| F|  |TAMS 0x0000000707f00000, 0x0000000707f00000| Untracked 
|  38|0x0000000708000000, 0x0000000708000000, 0x0000000708100000|  0%| F|  |TAMS 0x0000000708000000, 0x0000000708000000| Untracked 
|  39|0x0000000708100000, 0x0000000708100000, 0x0000000708200000|  0%| F|  |TAMS 0x0000000708100000, 0x0000000708100000| Untracked 
|  40|0x0000000708200000, 0x0000000708200000, 0x0000000708300000|  0%| F|  |TAMS 0x0000000708200000, 0x0000000708200000| Untracked 
|  41|0x0000000708300000, 0x0000000708300000, 0x0000000708400000|  0%| F|  |TAMS 0x0000000708300000, 0x0000000708300000| Untracked 
|  42|0x0000000708400000, 0x0000000708400000, 0x0000000708500000|  0%| F|  |TAMS 0x0000000708400000, 0x0000000708400000| Untracked 
|  43|0x0000000708500000, 0x0000000708500000, 0x0000000708600000|  0%| F|  |TAMS 0x0000000708500000, 0x0000000708500000| Untracked 
|  44|0x0000000708600000, 0x0000000708600000, 0x0000000708700000|  0%| F|  |TAMS 0x0000000708600000, 0x0000000708600000| Untracked 
|  45|0x0000000708700000, 0x0000000708700000, 0x0000000708800000|  0%| F|  |TAMS 0x0000000708700000, 0x0000000708700000| Untracked 
|  46|0x0000000708800000, 0x0000000708800000, 0x0000000708900000|  0%| F|  |TAMS 0x0000000708800000, 0x0000000708800000| Untracked 
|  47|0x0000000708900000, 0x0000000708900000, 0x0000000708a00000|  0%| F|  |TAMS 0x0000000708900000, 0x0000000708900000| Untracked 
|  48|0x0000000708a00000, 0x0000000708a00000, 0x0000000708b00000|  0%| F|  |TAMS 0x0000000708a00000, 0x0000000708a00000| Untracked 
|  49|0x0000000708b00000, 0x0000000708b00000, 0x0000000708c00000|  0%| F|  |TAMS 0x0000000708b00000, 0x0000000708b00000| Untracked 
|  50|0x0000000708c00000, 0x0000000708c00000, 0x0000000708d00000|  0%| F|  |TAMS 0x0000000708c00000, 0x0000000708c00000| Untracked 
|  51|0x0000000708d00000, 0x0000000708d00000, 0x0000000708e00000|  0%| F|  |TAMS 0x0000000708d00000, 0x0000000708d00000| Untracked 
|  52|0x0000000708e00000, 0x0000000708e00000, 0x0000000708f00000|  0%| F|  |TAMS 0x0000000708e00000, 0x0000000708e00000| Untracked 
|  53|0x0000000708f00000, 0x0000000708f00000, 0x0000000709000000|  0%| F|  |TAMS 0x0000000708f00000, 0x0000000708f00000| Untracked 
|  54|0x0000000709000000, 0x0000000709000000, 0x0000000709100000|  0%| F|  |TAMS 0x0000000709000000, 0x0000000709000000| Untracked 
|  55|0x0000000709100000, 0x0000000709100000, 0x0000000709200000|  0%| F|  |TAMS 0x0000000709100000, 0x0000000709100000| Untracked 
|  56|0x0000000709200000, 0x0000000709200000, 0x0000000709300000|  0%| F|  |TAMS 0x0000000709200000, 0x0000000709200000| Untracked 
|  57|0x0000000709300000, 0x0000000709300000, 0x0000000709400000|  0%| F|  |TAMS 0x0000000709300000, 0x0000000709300000| Untracked 
|  58|0x0000000709400000, 0x0000000709400000, 0x0000000709500000|  0%| F|  |TAMS 0x0000000709400000, 0x0000000709400000| Untracked 
|  59|0x0000000709500000, 0x0000000709500000, 0x0000000709600000|  0%| F|  |TAMS 0x0000000709500000, 0x0000000709500000| Untracked 
|  60|0x0000000709600000, 0x0000000709600000, 0x0000000709700000|  0%| F|  |TAMS 0x0000000709600000, 0x0000000709600000| Untracked 
|  61|0x0000000709700000, 0x0000000709700000, 0x0000000709800000|  0%| F|  |TAMS 0x0000000709700000, 0x0000000709700000| Untracked 
|  62|0x0000000709800000, 0x0000000709800000, 0x0000000709900000|  0%| F|  |TAMS 0x0000000709800000, 0x0000000709800000| Untracked 
|  63|0x0000000709900000, 0x0000000709900000, 0x0000000709a00000|  0%| F|  |TAMS 0x0000000709900000, 0x0000000709900000| Untracked 
|  64|0x0000000709a00000, 0x0000000709a00000, 0x0000000709b00000|  0%| F|  |TAMS 0x0000000709a00000, 0x0000000709a00000| Untracked 
|  65|0x0000000709b00000, 0x0000000709b00000, 0x0000000709c00000|  0%| F|  |TAMS 0x0000000709b00000, 0x0000000709b00000| Untracked 
|  66|0x0000000709c00000, 0x0000000709c00000, 0x0000000709d00000|  0%| F|  |TAMS 0x0000000709c00000, 0x0000000709c00000| Untracked 
|  67|0x0000000709d00000, 0x0000000709d00000, 0x0000000709e00000|  0%| F|  |TAMS 0x0000000709d00000, 0x0000000709d00000| Untracked 
|  68|0x0000000709e00000, 0x0000000709e00000, 0x0000000709f00000|  0%| F|  |TAMS 0x0000000709e00000, 0x0000000709e00000| Untracked 
|  69|0x0000000709f00000, 0x0000000709f00000, 0x000000070a000000|  0%| F|  |TAMS 0x0000000709f00000, 0x0000000709f00000| Untracked 
|  70|0x000000070a000000, 0x000000070a000000, 0x000000070a100000|  0%| F|  |TAMS 0x000000070a000000, 0x000000070a000000| Untracked 
|  71|0x000000070a100000, 0x000000070a100000, 0x000000070a200000|  0%| F|  |TAMS 0x000000070a100000, 0x000000070a100000| Untracked 
|  72|0x000000070a200000, 0x000000070a200000, 0x000000070a300000|  0%| F|  |TAMS 0x000000070a200000, 0x000000070a200000| Untracked 
|  73|0x000000070a300000, 0x000000070a300000, 0x000000070a400000|  0%| F|  |TAMS 0x000000070a300000, 0x000000070a300000| Untracked 
|  74|0x000000070a400000, 0x000000070a400000, 0x000000070a500000|  0%| F|  |TAMS 0x000000070a400000, 0x000000070a400000| Untracked 
|  75|0x000000070a500000, 0x000000070a500000, 0x000000070a600000|  0%| F|  |TAMS 0x000000070a500000, 0x000000070a500000| Untracked 
|  76|0x000000070a600000, 0x000000070a600000, 0x000000070a700000|  0%| F|  |TAMS 0x000000070a600000, 0x000000070a600000| Untracked 
|  77|0x000000070a700000, 0x000000070a700000, 0x000000070a800000|  0%| F|  |TAMS 0x000000070a700000, 0x000000070a700000| Untracked 
|  78|0x000000070a800000, 0x000000070a800000, 0x000000070a900000|  0%| F|  |TAMS 0x000000070a800000, 0x000000070a800000| Untracked 
|  79|0x000000070a900000, 0x000000070a900000, 0x000000070aa00000|  0%| F|  |TAMS 0x000000070a900000, 0x000000070a900000| Untracked 
|  80|0x000000070aa00000, 0x000000070aa00000, 0x000000070ab00000|  0%| F|  |TAMS 0x000000070aa00000, 0x000000070aa00000| Untracked 
|  81|0x000000070ab00000, 0x000000070ab00000, 0x000000070ac00000|  0%| F|  |TAMS 0x000000070ab00000, 0x000000070ab00000| Untracked 
|  82|0x000000070ac00000, 0x000000070ac00000, 0x000000070ad00000|  0%| F|  |TAMS 0x000000070ac00000, 0x000000070ac00000| Untracked 
|  83|0x000000070ad00000, 0x000000070ad00000, 0x000000070ae00000|  0%| F|  |TAMS 0x000000070ad00000, 0x000000070ad00000| Untracked 
|  84|0x000000070ae00000, 0x000000070ae00000, 0x000000070af00000|  0%| F|  |TAMS 0x000000070ae00000, 0x000000070ae00000| Untracked 
|  85|0x000000070af00000, 0x000000070af00000, 0x000000070b000000|  0%| F|  |TAMS 0x000000070af00000, 0x000000070af00000| Untracked 
|  86|0x000000070b000000, 0x000000070b000000, 0x000000070b100000|  0%| F|  |TAMS 0x000000070b000000, 0x000000070b000000| Untracked 
|  87|0x000000070b100000, 0x000000070b100000, 0x000000070b200000|  0%| F|  |TAMS 0x000000070b100000, 0x000000070b100000| Untracked 
|  88|0x000000070b200000, 0x000000070b200000, 0x000000070b300000|  0%| F|  |TAMS 0x000000070b200000, 0x000000070b200000| Untracked 
|  89|0x000000070b300000, 0x000000070b300000, 0x000000070b400000|  0%| F|  |TAMS 0x000000070b300000, 0x000000070b300000| Untracked 
|  90|0x000000070b400000, 0x000000070b400000, 0x000000070b500000|  0%| F|  |TAMS 0x000000070b400000, 0x000000070b400000| Untracked 
|  91|0x000000070b500000, 0x000000070b500000, 0x000000070b600000|  0%| F|  |TAMS 0x000000070b500000, 0x000000070b500000| Untracked 
|  92|0x000000070b600000, 0x000000070b600000, 0x000000070b700000|  0%| F|  |TAMS 0x000000070b600000, 0x000000070b600000| Untracked 
|  93|0x000000070b700000, 0x000000070b700000, 0x000000070b800000|  0%| F|  |TAMS 0x000000070b700000, 0x000000070b700000| Untracked 
|  94|0x000000070b800000, 0x000000070b800000, 0x000000070b900000|  0%| F|  |TAMS 0x000000070b800000, 0x000000070b800000| Untracked 
|  95|0x000000070b900000, 0x000000070b900000, 0x000000070ba00000|  0%| F|  |TAMS 0x000000070b900000, 0x000000070b900000| Untracked 
|  96|0x000000070ba00000, 0x000000070ba00000, 0x000000070bb00000|  0%| F|  |TAMS 0x000000070ba00000, 0x000000070ba00000| Untracked 
|  97|0x000000070bb00000, 0x000000070bb00000, 0x000000070bc00000|  0%| F|  |TAMS 0x000000070bb00000, 0x000000070bb00000| Untracked 
|  98|0x000000070bc00000, 0x000000070bc00000, 0x000000070bd00000|  0%| F|  |TAMS 0x000000070bc00000, 0x000000070bc00000| Untracked 
|  99|0x000000070bd00000, 0x000000070be00000, 0x000000070be00000|100%| S|CS|TAMS 0x000000070bd00000, 0x000000070bd00000| Complete 
| 100|0x000000070be00000, 0x000000070bf00000, 0x000000070bf00000|100%| S|CS|TAMS 0x000000070be00000, 0x000000070be00000| Complete 
| 101|0x000000070bf00000, 0x000000070c000000, 0x000000070c000000|100%| S|CS|TAMS 0x000000070bf00000, 0x000000070bf00000| Complete 
| 102|0x000000070c000000, 0x000000070c100000, 0x000000070c100000|100%| S|CS|TAMS 0x000000070c000000, 0x000000070c000000| Complete 
| 103|0x000000070c100000, 0x000000070c200000, 0x000000070c200000|100%| S|CS|TAMS 0x000000070c100000, 0x000000070c100000| Complete 
| 104|0x000000070c200000, 0x000000070c300000, 0x000000070c300000|100%| S|CS|TAMS 0x000000070c200000, 0x000000070c200000| Complete 
| 105|0x000000070c300000, 0x000000070c400000, 0x000000070c400000|100%| S|CS|TAMS 0x000000070c300000, 0x000000070c300000| Complete 
| 106|0x000000070c400000, 0x000000070c500000, 0x000000070c500000|100%| S|CS|TAMS 0x000000070c400000, 0x000000070c400000| Complete 
| 107|0x000000070c500000, 0x000000070c600000, 0x000000070c600000|100%| S|CS|TAMS 0x000000070c500000, 0x000000070c500000| Complete 
| 108|0x000000070c600000, 0x000000070c700000, 0x000000070c700000|100%| S|CS|TAMS 0x000000070c600000, 0x000000070c600000| Complete 
| 109|0x000000070c700000, 0x000000070c800000, 0x000000070c800000|100%| S|CS|TAMS 0x000000070c700000, 0x000000070c700000| Complete 
| 110|0x000000070c800000, 0x000000070c900000, 0x000000070c900000|100%| S|CS|TAMS 0x000000070c800000, 0x000000070c800000| Complete 
| 111|0x000000070c900000, 0x000000070ca00000, 0x000000070ca00000|100%| S|CS|TAMS 0x000000070c900000, 0x000000070c900000| Complete 
| 112|0x000000070ca00000, 0x000000070cb00000, 0x000000070cb00000|100%| S|CS|TAMS 0x000000070ca00000, 0x000000070ca00000| Complete 
| 113|0x000000070cb00000, 0x000000070cc00000, 0x000000070cc00000|100%| S|CS|TAMS 0x000000070cb00000, 0x000000070cb00000| Complete 
| 114|0x000000070cc00000, 0x000000070cd00000, 0x000000070cd00000|100%| S|CS|TAMS 0x000000070cc00000, 0x000000070cc00000| Complete 
| 115|0x000000070cd00000, 0x000000070ce00000, 0x000000070ce00000|100%| S|CS|TAMS 0x000000070cd00000, 0x000000070cd00000| Complete 
| 116|0x000000070ce00000, 0x000000070cf00000, 0x000000070cf00000|100%| S|CS|TAMS 0x000000070ce00000, 0x000000070ce00000| Complete 
| 117|0x000000070cf00000, 0x000000070d000000, 0x000000070d000000|100%| S|CS|TAMS 0x000000070cf00000, 0x000000070cf00000| Complete 
| 118|0x000000070d000000, 0x000000070d100000, 0x000000070d100000|100%| S|CS|TAMS 0x000000070d000000, 0x000000070d000000| Complete 
| 119|0x000000070d100000, 0x000000070d200000, 0x000000070d200000|100%| S|CS|TAMS 0x000000070d100000, 0x000000070d100000| Complete 
| 120|0x000000070d200000, 0x000000070d300000, 0x000000070d300000|100%| S|CS|TAMS 0x000000070d200000, 0x000000070d200000| Complete 
| 121|0x000000070d300000, 0x000000070d400000, 0x000000070d400000|100%| S|CS|TAMS 0x000000070d300000, 0x000000070d300000| Complete 
| 122|0x000000070d400000, 0x000000070d400000, 0x000000070d500000|  0%| F|  |TAMS 0x000000070d400000, 0x000000070d400000| Untracked 
| 123|0x000000070d500000, 0x000000070d500000, 0x000000070d600000|  0%| F|  |TAMS 0x000000070d500000, 0x000000070d500000| Untracked 
| 124|0x000000070d600000, 0x000000070d600000, 0x000000070d700000|  0%| F|  |TAMS 0x000000070d600000, 0x000000070d600000| Untracked 
| 125|0x000000070d700000, 0x000000070d700000, 0x000000070d800000|  0%| F|  |TAMS 0x000000070d700000, 0x000000070d700000| Untracked 
| 126|0x000000070d800000, 0x000000070d800000, 0x000000070d900000|  0%| F|  |TAMS 0x000000070d800000, 0x000000070d800000| Untracked 
| 127|0x000000070d900000, 0x000000070d900000, 0x000000070da00000|  0%| F|  |TAMS 0x000000070d900000, 0x000000070d900000| Untracked 
| 128|0x000000070da00000, 0x000000070da00000, 0x000000070db00000|  0%| F|  |TAMS 0x000000070da00000, 0x000000070da00000| Untracked 
| 129|0x000000070db00000, 0x000000070db00000, 0x000000070dc00000|  0%| F|  |TAMS 0x000000070db00000, 0x000000070db00000| Untracked 
| 130|0x000000070dc00000, 0x000000070dc00000, 0x000000070dd00000|  0%| F|  |TAMS 0x000000070dc00000, 0x000000070dc00000| Untracked 
| 131|0x000000070dd00000, 0x000000070dd00000, 0x000000070de00000|  0%| F|  |TAMS 0x000000070dd00000, 0x000000070dd00000| Untracked 
| 132|0x000000070de00000, 0x000000070de00000, 0x000000070df00000|  0%| F|  |TAMS 0x000000070de00000, 0x000000070de00000| Untracked 
| 133|0x000000070df00000, 0x000000070df00000, 0x000000070e000000|  0%| F|  |TAMS 0x000000070df00000, 0x000000070df00000| Untracked 
| 134|0x000000070e000000, 0x000000070e000000, 0x000000070e100000|  0%| F|  |TAMS 0x000000070e000000, 0x000000070e000000| Untracked 
| 135|0x000000070e100000, 0x000000070e100000, 0x000000070e200000|  0%| F|  |TAMS 0x000000070e100000, 0x000000070e100000| Untracked 
| 136|0x000000070e200000, 0x000000070e200000, 0x000000070e300000|  0%| F|  |TAMS 0x000000070e200000, 0x000000070e200000| Untracked 
| 137|0x000000070e300000, 0x000000070e300000, 0x000000070e400000|  0%| F|  |TAMS 0x000000070e300000, 0x000000070e300000| Untracked 
| 138|0x000000070e400000, 0x000000070e400000, 0x000000070e500000|  0%| F|  |TAMS 0x000000070e400000, 0x000000070e400000| Untracked 
| 139|0x000000070e500000, 0x000000070e500000, 0x000000070e600000|  0%| F|  |TAMS 0x000000070e500000, 0x000000070e500000| Untracked 
| 140|0x000000070e600000, 0x000000070e600000, 0x000000070e700000|  0%| F|  |TAMS 0x000000070e600000, 0x000000070e600000| Untracked 
| 141|0x000000070e700000, 0x000000070e700000, 0x000000070e800000|  0%| F|  |TAMS 0x000000070e700000, 0x000000070e700000| Untracked 
| 142|0x000000070e800000, 0x000000070e800000, 0x000000070e900000|  0%| F|  |TAMS 0x000000070e800000, 0x000000070e800000| Untracked 
| 143|0x000000070e900000, 0x000000070e900000, 0x000000070ea00000|  0%| F|  |TAMS 0x000000070e900000, 0x000000070e900000| Untracked 
| 144|0x000000070ea00000, 0x000000070ea00000, 0x000000070eb00000|  0%| F|  |TAMS 0x000000070ea00000, 0x000000070ea00000| Untracked 
| 145|0x000000070eb00000, 0x000000070eb00000, 0x000000070ec00000|  0%| F|  |TAMS 0x000000070eb00000, 0x000000070eb00000| Untracked 
| 146|0x000000070ec00000, 0x000000070ec00000, 0x000000070ed00000|  0%| F|  |TAMS 0x000000070ec00000, 0x000000070ec00000| Untracked 
| 147|0x000000070ed00000, 0x000000070ed00000, 0x000000070ee00000|  0%| F|  |TAMS 0x000000070ed00000, 0x000000070ed00000| Untracked 
| 148|0x000000070ee00000, 0x000000070ee00000, 0x000000070ef00000|  0%| F|  |TAMS 0x000000070ee00000, 0x000000070ee00000| Untracked 
| 149|0x000000070ef00000, 0x000000070ef00000, 0x000000070f000000|  0%| F|  |TAMS 0x000000070ef00000, 0x000000070ef00000| Untracked 
| 150|0x000000070f000000, 0x000000070f000000, 0x000000070f100000|  0%| F|  |TAMS 0x000000070f000000, 0x000000070f000000| Untracked 
| 151|0x000000070f100000, 0x000000070f100000, 0x000000070f200000|  0%| F|  |TAMS 0x000000070f100000, 0x000000070f100000| Untracked 
| 152|0x000000070f200000, 0x000000070f200000, 0x000000070f300000|  0%| F|  |TAMS 0x000000070f200000, 0x000000070f200000| Untracked 
| 153|0x000000070f300000, 0x000000070f300000, 0x000000070f400000|  0%| F|  |TAMS 0x000000070f300000, 0x000000070f300000| Untracked 
| 154|0x000000070f400000, 0x000000070f400000, 0x000000070f500000|  0%| F|  |TAMS 0x000000070f400000, 0x000000070f400000| Untracked 
| 155|0x000000070f500000, 0x000000070f500000, 0x000000070f600000|  0%| F|  |TAMS 0x000000070f500000, 0x000000070f500000| Untracked 
| 156|0x000000070f600000, 0x000000070f600000, 0x000000070f700000|  0%| F|  |TAMS 0x000000070f600000, 0x000000070f600000| Untracked 
| 157|0x000000070f700000, 0x000000070f700000, 0x000000070f800000|  0%| F|  |TAMS 0x000000070f700000, 0x000000070f700000| Untracked 
| 158|0x000000070f800000, 0x000000070f800000, 0x000000070f900000|  0%| F|  |TAMS 0x000000070f800000, 0x000000070f800000| Untracked 
| 159|0x000000070f900000, 0x000000070f900000, 0x000000070fa00000|  0%| F|  |TAMS 0x000000070f900000, 0x000000070f900000| Untracked 
| 160|0x000000070fa00000, 0x000000070fa00000, 0x000000070fb00000|  0%| F|  |TAMS 0x000000070fa00000, 0x000000070fa00000| Untracked 
| 161|0x000000070fb00000, 0x000000070fb00000, 0x000000070fc00000|  0%| F|  |TAMS 0x000000070fb00000, 0x000000070fb00000| Untracked 
| 162|0x000000070fc00000, 0x000000070fc00000, 0x000000070fd00000|  0%| F|  |TAMS 0x000000070fc00000, 0x000000070fc00000| Untracked 
| 163|0x000000070fd00000, 0x000000070fd00000, 0x000000070fe00000|  0%| F|  |TAMS 0x000000070fd00000, 0x000000070fd00000| Untracked 
| 164|0x000000070fe00000, 0x000000070fe00000, 0x000000070ff00000|  0%| F|  |TAMS 0x000000070fe00000, 0x000000070fe00000| Untracked 
| 165|0x000000070ff00000, 0x000000070ff00000, 0x0000000710000000|  0%| F|  |TAMS 0x000000070ff00000, 0x000000070ff00000| Untracked 
| 166|0x0000000710000000, 0x0000000710000000, 0x0000000710100000|  0%| F|  |TAMS 0x0000000710000000, 0x0000000710000000| Untracked 
| 167|0x0000000710100000, 0x0000000710100000, 0x0000000710200000|  0%| F|  |TAMS 0x0000000710100000, 0x0000000710100000| Untracked 
| 168|0x0000000710200000, 0x0000000710200000, 0x0000000710300000|  0%| F|  |TAMS 0x0000000710200000, 0x0000000710200000| Untracked 
| 169|0x0000000710300000, 0x0000000710300000, 0x0000000710400000|  0%| F|  |TAMS 0x0000000710300000, 0x0000000710300000| Untracked 
| 170|0x0000000710400000, 0x0000000710400000, 0x0000000710500000|  0%| F|  |TAMS 0x0000000710400000, 0x0000000710400000| Untracked 
| 171|0x0000000710500000, 0x0000000710500000, 0x0000000710600000|  0%| F|  |TAMS 0x0000000710500000, 0x0000000710500000| Untracked 
| 172|0x0000000710600000, 0x0000000710600000, 0x0000000710700000|  0%| F|  |TAMS 0x0000000710600000, 0x0000000710600000| Untracked 
| 173|0x0000000710700000, 0x0000000710700000, 0x0000000710800000|  0%| F|  |TAMS 0x0000000710700000, 0x0000000710700000| Untracked 
| 174|0x0000000710800000, 0x0000000710800000, 0x0000000710900000|  0%| F|  |TAMS 0x0000000710800000, 0x0000000710800000| Untracked 
| 175|0x0000000710900000, 0x0000000710900000, 0x0000000710a00000|  0%| F|  |TAMS 0x0000000710900000, 0x0000000710900000| Untracked 
| 176|0x0000000710a00000, 0x0000000710a00000, 0x0000000710b00000|  0%| F|  |TAMS 0x0000000710a00000, 0x0000000710a00000| Untracked 
| 177|0x0000000710b00000, 0x0000000710b00000, 0x0000000710c00000|  0%| F|  |TAMS 0x0000000710b00000, 0x0000000710b00000| Untracked 
| 178|0x0000000710c00000, 0x0000000710c00000, 0x0000000710d00000|  0%| F|  |TAMS 0x0000000710c00000, 0x0000000710c00000| Untracked 
| 179|0x0000000710d00000, 0x0000000710d00000, 0x0000000710e00000|  0%| F|  |TAMS 0x0000000710d00000, 0x0000000710d00000| Untracked 
| 180|0x0000000710e00000, 0x0000000710e00000, 0x0000000710f00000|  0%| F|  |TAMS 0x0000000710e00000, 0x0000000710e00000| Untracked 
| 181|0x0000000710f00000, 0x0000000710f00000, 0x0000000711000000|  0%| F|  |TAMS 0x0000000710f00000, 0x0000000710f00000| Untracked 
| 182|0x0000000711000000, 0x0000000711000000, 0x0000000711100000|  0%| F|  |TAMS 0x0000000711000000, 0x0000000711000000| Untracked 
| 183|0x0000000711100000, 0x0000000711100000, 0x0000000711200000|  0%| F|  |TAMS 0x0000000711100000, 0x0000000711100000| Untracked 
| 184|0x0000000711200000, 0x0000000711200000, 0x0000000711300000|  0%| F|  |TAMS 0x0000000711200000, 0x0000000711200000| Untracked 
| 185|0x0000000711300000, 0x0000000711300000, 0x0000000711400000|  0%| F|  |TAMS 0x0000000711300000, 0x0000000711300000| Untracked 
| 186|0x0000000711400000, 0x0000000711400000, 0x0000000711500000|  0%| F|  |TAMS 0x0000000711400000, 0x0000000711400000| Untracked 
| 187|0x0000000711500000, 0x0000000711500000, 0x0000000711600000|  0%| F|  |TAMS 0x0000000711500000, 0x0000000711500000| Untracked 
| 188|0x0000000711600000, 0x0000000711600000, 0x0000000711700000|  0%| F|  |TAMS 0x0000000711600000, 0x0000000711600000| Untracked 
| 189|0x0000000711700000, 0x0000000711700000, 0x0000000711800000|  0%| F|  |TAMS 0x0000000711700000, 0x0000000711700000| Untracked 
| 190|0x0000000711800000, 0x0000000711800000, 0x0000000711900000|  0%| F|  |TAMS 0x0000000711800000, 0x0000000711800000| Untracked 
| 191|0x0000000711900000, 0x0000000711900000, 0x0000000711a00000|  0%| F|  |TAMS 0x0000000711900000, 0x0000000711900000| Untracked 
| 192|0x0000000711a00000, 0x0000000711a00000, 0x0000000711b00000|  0%| F|  |TAMS 0x0000000711a00000, 0x0000000711a00000| Untracked 
| 193|0x0000000711b00000, 0x0000000711b00000, 0x0000000711c00000|  0%| F|  |TAMS 0x0000000711b00000, 0x0000000711b00000| Untracked 
| 194|0x0000000711c00000, 0x0000000711c00000, 0x0000000711d00000|  0%| F|  |TAMS 0x0000000711c00000, 0x0000000711c00000| Untracked 
| 195|0x0000000711d00000, 0x0000000711d00000, 0x0000000711e00000|  0%| F|  |TAMS 0x0000000711d00000, 0x0000000711d00000| Untracked 
| 196|0x0000000711e00000, 0x0000000711e00000, 0x0000000711f00000|  0%| F|  |TAMS 0x0000000711e00000, 0x0000000711e00000| Untracked 
| 197|0x0000000711f00000, 0x0000000711f00000, 0x0000000712000000|  0%| F|  |TAMS 0x0000000711f00000, 0x0000000711f00000| Untracked 
| 198|0x0000000712000000, 0x0000000712000000, 0x0000000712100000|  0%| F|  |TAMS 0x0000000712000000, 0x0000000712000000| Untracked 
| 199|0x0000000712100000, 0x0000000712100000, 0x0000000712200000|  0%| F|  |TAMS 0x0000000712100000, 0x0000000712100000| Untracked 
| 200|0x0000000712200000, 0x0000000712200000, 0x0000000712300000|  0%| F|  |TAMS 0x0000000712200000, 0x0000000712200000| Untracked 
| 201|0x0000000712300000, 0x0000000712300000, 0x0000000712400000|  0%| F|  |TAMS 0x0000000712300000, 0x0000000712300000| Untracked 
| 202|0x0000000712400000, 0x0000000712400000, 0x0000000712500000|  0%| F|  |TAMS 0x0000000712400000, 0x0000000712400000| Untracked 
| 203|0x0000000712500000, 0x0000000712500000, 0x0000000712600000|  0%| F|  |TAMS 0x0000000712500000, 0x0000000712500000| Untracked 
| 204|0x0000000712600000, 0x0000000712600000, 0x0000000712700000|  0%| F|  |TAMS 0x0000000712600000, 0x0000000712600000| Untracked 
| 205|0x0000000712700000, 0x0000000712700000, 0x0000000712800000|  0%| F|  |TAMS 0x0000000712700000, 0x0000000712700000| Untracked 
| 206|0x0000000712800000, 0x0000000712800000, 0x0000000712900000|  0%| F|  |TAMS 0x0000000712800000, 0x0000000712800000| Untracked 
| 207|0x0000000712900000, 0x0000000712900000, 0x0000000712a00000|  0%| F|  |TAMS 0x0000000712900000, 0x0000000712900000| Untracked 
| 208|0x0000000712a00000, 0x0000000712a00000, 0x0000000712b00000|  0%| F|  |TAMS 0x0000000712a00000, 0x0000000712a00000| Untracked 
| 209|0x0000000712b00000, 0x0000000712b00000, 0x0000000712c00000|  0%| F|  |TAMS 0x0000000712b00000, 0x0000000712b00000| Untracked 
| 210|0x0000000712c00000, 0x0000000712c00000, 0x0000000712d00000|  0%| F|  |TAMS 0x0000000712c00000, 0x0000000712c00000| Untracked 
| 211|0x0000000712d00000, 0x0000000712d00000, 0x0000000712e00000|  0%| F|  |TAMS 0x0000000712d00000, 0x0000000712d00000| Untracked 
| 212|0x0000000712e00000, 0x0000000712e00000, 0x0000000712f00000|  0%| F|  |TAMS 0x0000000712e00000, 0x0000000712e00000| Untracked 
| 213|0x0000000712f00000, 0x0000000712f00000, 0x0000000713000000|  0%| F|  |TAMS 0x0000000712f00000, 0x0000000712f00000| Untracked 
| 214|0x0000000713000000, 0x0000000713000000, 0x0000000713100000|  0%| F|  |TAMS 0x0000000713000000, 0x0000000713000000| Untracked 
| 215|0x0000000713100000, 0x0000000713100000, 0x0000000713200000|  0%| F|  |TAMS 0x0000000713100000, 0x0000000713100000| Untracked 
| 216|0x0000000713200000, 0x0000000713200000, 0x0000000713300000|  0%| F|  |TAMS 0x0000000713200000, 0x0000000713200000| Untracked 
| 217|0x0000000713300000, 0x0000000713300000, 0x0000000713400000|  0%| F|  |TAMS 0x0000000713300000, 0x0000000713300000| Untracked 
| 218|0x0000000713400000, 0x0000000713400000, 0x0000000713500000|  0%| F|  |TAMS 0x0000000713400000, 0x0000000713400000| Untracked 
| 219|0x0000000713500000, 0x0000000713500000, 0x0000000713600000|  0%| F|  |TAMS 0x0000000713500000, 0x0000000713500000| Untracked 
| 220|0x0000000713600000, 0x0000000713600000, 0x0000000713700000|  0%| F|  |TAMS 0x0000000713600000, 0x0000000713600000| Untracked 
| 221|0x0000000713700000, 0x0000000713700000, 0x0000000713800000|  0%| F|  |TAMS 0x0000000713700000, 0x0000000713700000| Untracked 
| 222|0x0000000713800000, 0x0000000713800000, 0x0000000713900000|  0%| F|  |TAMS 0x0000000713800000, 0x0000000713800000| Untracked 
| 223|0x0000000713900000, 0x0000000713900000, 0x0000000713a00000|  0%| F|  |TAMS 0x0000000713900000, 0x0000000713900000| Untracked 
| 224|0x0000000713a00000, 0x0000000713a00000, 0x0000000713b00000|  0%| F|  |TAMS 0x0000000713a00000, 0x0000000713a00000| Untracked 
| 225|0x0000000713b00000, 0x0000000713b00000, 0x0000000713c00000|  0%| F|  |TAMS 0x0000000713b00000, 0x0000000713b00000| Untracked 
| 226|0x0000000713c00000, 0x0000000713c00000, 0x0000000713d00000|  0%| F|  |TAMS 0x0000000713c00000, 0x0000000713c00000| Untracked 
| 227|0x0000000713d00000, 0x0000000713d00000, 0x0000000713e00000|  0%| F|  |TAMS 0x0000000713d00000, 0x0000000713d00000| Untracked 
| 228|0x0000000713e00000, 0x0000000713e00000, 0x0000000713f00000|  0%| F|  |TAMS 0x0000000713e00000, 0x0000000713e00000| Untracked 
| 229|0x0000000713f00000, 0x0000000713f00000, 0x0000000714000000|  0%| F|  |TAMS 0x0000000713f00000, 0x0000000713f00000| Untracked 
| 230|0x0000000714000000, 0x0000000714000000, 0x0000000714100000|  0%| F|  |TAMS 0x0000000714000000, 0x0000000714000000| Untracked 
| 231|0x0000000714100000, 0x0000000714100000, 0x0000000714200000|  0%| F|  |TAMS 0x0000000714100000, 0x0000000714100000| Untracked 
| 232|0x0000000714200000, 0x0000000714200000, 0x0000000714300000|  0%| F|  |TAMS 0x0000000714200000, 0x0000000714200000| Untracked 
| 233|0x0000000714300000, 0x0000000714300000, 0x0000000714400000|  0%| F|  |TAMS 0x0000000714300000, 0x0000000714300000| Untracked 
| 234|0x0000000714400000, 0x0000000714400000, 0x0000000714500000|  0%| F|  |TAMS 0x0000000714400000, 0x0000000714400000| Untracked 
| 235|0x0000000714500000, 0x0000000714500000, 0x0000000714600000|  0%| F|  |TAMS 0x0000000714500000, 0x0000000714500000| Untracked 
| 236|0x0000000714600000, 0x0000000714600000, 0x0000000714700000|  0%| F|  |TAMS 0x0000000714600000, 0x0000000714600000| Untracked 
| 237|0x0000000714700000, 0x0000000714700000, 0x0000000714800000|  0%| F|  |TAMS 0x0000000714700000, 0x0000000714700000| Untracked 
| 238|0x0000000714800000, 0x0000000714800000, 0x0000000714900000|  0%| F|  |TAMS 0x0000000714800000, 0x0000000714800000| Untracked 
| 239|0x0000000714900000, 0x0000000714900000, 0x0000000714a00000|  0%| F|  |TAMS 0x0000000714900000, 0x0000000714900000| Untracked 
| 240|0x0000000714a00000, 0x0000000714a00000, 0x0000000714b00000|  0%| F|  |TAMS 0x0000000714a00000, 0x0000000714a00000| Untracked 
| 241|0x0000000714b00000, 0x0000000714b80800, 0x0000000714c00000| 50%| E|  |TAMS 0x0000000714b00000, 0x0000000714b00000| Complete 
| 242|0x0000000714c00000, 0x0000000714d00000, 0x0000000714d00000|100%| E|CS|TAMS 0x0000000714c00000, 0x0000000714c00000| Complete 
| 243|0x0000000714d00000, 0x0000000714e00000, 0x0000000714e00000|100%| E|CS|TAMS 0x0000000714d00000, 0x0000000714d00000| Complete 
| 244|0x0000000714e00000, 0x0000000714f00000, 0x0000000714f00000|100%| E|CS|TAMS 0x0000000714e00000, 0x0000000714e00000| Complete 
| 245|0x0000000714f00000, 0x0000000715000000, 0x0000000715000000|100%| E|CS|TAMS 0x0000000714f00000, 0x0000000714f00000| Complete 
| 246|0x0000000715000000, 0x0000000715100000, 0x0000000715100000|100%| E|CS|TAMS 0x0000000715000000, 0x0000000715000000| Complete 
| 247|0x0000000715100000, 0x0000000715200000, 0x0000000715200000|100%| E|CS|TAMS 0x0000000715100000, 0x0000000715100000| Complete 
| 248|0x0000000715200000, 0x0000000715300000, 0x0000000715300000|100%| E|CS|TAMS 0x0000000715200000, 0x0000000715200000| Complete 
| 249|0x0000000715300000, 0x0000000715400000, 0x0000000715400000|100%| E|CS|TAMS 0x0000000715300000, 0x0000000715300000| Complete 
| 250|0x0000000715400000, 0x0000000715500000, 0x0000000715500000|100%| E|CS|TAMS 0x0000000715400000, 0x0000000715400000| Complete 
| 251|0x0000000715500000, 0x0000000715600000, 0x0000000715600000|100%| E|CS|TAMS 0x0000000715500000, 0x0000000715500000| Complete 
| 252|0x0000000715600000, 0x0000000715700000, 0x0000000715700000|100%| E|CS|TAMS 0x0000000715600000, 0x0000000715600000| Complete 
| 253|0x0000000715700000, 0x0000000715800000, 0x0000000715800000|100%| E|CS|TAMS 0x0000000715700000, 0x0000000715700000| Complete 
| 254|0x0000000715800000, 0x0000000715900000, 0x0000000715900000|100%| E|CS|TAMS 0x0000000715800000, 0x0000000715800000| Complete 
| 255|0x0000000715900000, 0x0000000715a00000, 0x0000000715a00000|100%| E|CS|TAMS 0x0000000715900000, 0x0000000715900000| Complete 
| 256|0x0000000715a00000, 0x0000000715b00000, 0x0000000715b00000|100%| E|CS|TAMS 0x0000000715a00000, 0x0000000715a00000| Complete 
| 257|0x0000000715b00000, 0x0000000715c00000, 0x0000000715c00000|100%| E|CS|TAMS 0x0000000715b00000, 0x0000000715b00000| Complete 
| 258|0x0000000715c00000, 0x0000000715d00000, 0x0000000715d00000|100%| E|CS|TAMS 0x0000000715c00000, 0x0000000715c00000| Complete 
| 259|0x0000000715d00000, 0x0000000715e00000, 0x0000000715e00000|100%| E|CS|TAMS 0x0000000715d00000, 0x0000000715d00000| Complete 
| 260|0x0000000715e00000, 0x0000000715f00000, 0x0000000715f00000|100%| E|CS|TAMS 0x0000000715e00000, 0x0000000715e00000| Complete 
| 261|0x0000000715f00000, 0x0000000716000000, 0x0000000716000000|100%| E|CS|TAMS 0x0000000715f00000, 0x0000000715f00000| Complete 
| 262|0x0000000716000000, 0x0000000716100000, 0x0000000716100000|100%| E|CS|TAMS 0x0000000716000000, 0x0000000716000000| Complete 
| 263|0x0000000716100000, 0x0000000716200000, 0x0000000716200000|100%| E|CS|TAMS 0x0000000716100000, 0x0000000716100000| Complete 
| 264|0x0000000716200000, 0x0000000716300000, 0x0000000716300000|100%| E|CS|TAMS 0x0000000716200000, 0x0000000716200000| Complete 
| 265|0x0000000716300000, 0x0000000716400000, 0x0000000716400000|100%| E|CS|TAMS 0x0000000716300000, 0x0000000716300000| Complete 
| 266|0x0000000716400000, 0x0000000716500000, 0x0000000716500000|100%| E|CS|TAMS 0x0000000716400000, 0x0000000716400000| Complete 
| 267|0x0000000716500000, 0x0000000716600000, 0x0000000716600000|100%| E|CS|TAMS 0x0000000716500000, 0x0000000716500000| Complete 
| 268|0x0000000716600000, 0x0000000716700000, 0x0000000716700000|100%| E|CS|TAMS 0x0000000716600000, 0x0000000716600000| Complete 
| 269|0x0000000716700000, 0x0000000716800000, 0x0000000716800000|100%| E|CS|TAMS 0x0000000716700000, 0x0000000716700000| Complete 
| 270|0x0000000716800000, 0x0000000716900000, 0x0000000716900000|100%| E|CS|TAMS 0x0000000716800000, 0x0000000716800000| Complete 
| 271|0x0000000716900000, 0x0000000716a00000, 0x0000000716a00000|100%| E|CS|TAMS 0x0000000716900000, 0x0000000716900000| Complete 
| 272|0x0000000716a00000, 0x0000000716b00000, 0x0000000716b00000|100%| E|CS|TAMS 0x0000000716a00000, 0x0000000716a00000| Complete 
| 273|0x0000000716b00000, 0x0000000716c00000, 0x0000000716c00000|100%| E|CS|TAMS 0x0000000716b00000, 0x0000000716b00000| Complete 
| 274|0x0000000716c00000, 0x0000000716d00000, 0x0000000716d00000|100%| E|CS|TAMS 0x0000000716c00000, 0x0000000716c00000| Complete 
| 275|0x0000000716d00000, 0x0000000716e00000, 0x0000000716e00000|100%| E|CS|TAMS 0x0000000716d00000, 0x0000000716d00000| Complete 
| 276|0x0000000716e00000, 0x0000000716f00000, 0x0000000716f00000|100%| E|CS|TAMS 0x0000000716e00000, 0x0000000716e00000| Complete 
| 277|0x0000000716f00000, 0x0000000717000000, 0x0000000717000000|100%| E|CS|TAMS 0x0000000716f00000, 0x0000000716f00000| Complete 
| 278|0x0000000717000000, 0x0000000717100000, 0x0000000717100000|100%| E|CS|TAMS 0x0000000717000000, 0x0000000717000000| Complete 
| 279|0x0000000717100000, 0x0000000717200000, 0x0000000717200000|100%| E|CS|TAMS 0x0000000717100000, 0x0000000717100000| Complete 
| 280|0x0000000717200000, 0x0000000717300000, 0x0000000717300000|100%| E|CS|TAMS 0x0000000717200000, 0x0000000717200000| Complete 
| 281|0x0000000717300000, 0x0000000717400000, 0x0000000717400000|100%| E|CS|TAMS 0x0000000717300000, 0x0000000717300000| Complete 
| 282|0x0000000717400000, 0x0000000717500000, 0x0000000717500000|100%| E|CS|TAMS 0x0000000717400000, 0x0000000717400000| Complete 
| 283|0x0000000717500000, 0x0000000717600000, 0x0000000717600000|100%| E|CS|TAMS 0x0000000717500000, 0x0000000717500000| Complete 
| 284|0x0000000717600000, 0x0000000717700000, 0x0000000717700000|100%| E|CS|TAMS 0x0000000717600000, 0x0000000717600000| Complete 
| 285|0x0000000717700000, 0x0000000717800000, 0x0000000717800000|100%| E|CS|TAMS 0x0000000717700000, 0x0000000717700000| Complete 
| 286|0x0000000717800000, 0x0000000717900000, 0x0000000717900000|100%| E|CS|TAMS 0x0000000717800000, 0x0000000717800000| Complete 
| 287|0x0000000717900000, 0x0000000717a00000, 0x0000000717a00000|100%| E|CS|TAMS 0x0000000717900000, 0x0000000717900000| Complete 
| 288|0x0000000717a00000, 0x0000000717b00000, 0x0000000717b00000|100%| E|CS|TAMS 0x0000000717a00000, 0x0000000717a00000| Complete 
| 289|0x0000000717b00000, 0x0000000717c00000, 0x0000000717c00000|100%| E|CS|TAMS 0x0000000717b00000, 0x0000000717b00000| Complete 
| 290|0x0000000717c00000, 0x0000000717d00000, 0x0000000717d00000|100%| E|CS|TAMS 0x0000000717c00000, 0x0000000717c00000| Complete 
| 291|0x0000000717d00000, 0x0000000717e00000, 0x0000000717e00000|100%| E|CS|TAMS 0x0000000717d00000, 0x0000000717d00000| Complete 
| 292|0x0000000717e00000, 0x0000000717f00000, 0x0000000717f00000|100%| E|CS|TAMS 0x0000000717e00000, 0x0000000717e00000| Complete 
| 293|0x0000000717f00000, 0x0000000718000000, 0x0000000718000000|100%| E|CS|TAMS 0x0000000717f00000, 0x0000000717f00000| Complete 
| 294|0x0000000718000000, 0x0000000718100000, 0x0000000718100000|100%| E|CS|TAMS 0x0000000718000000, 0x0000000718000000| Complete 
| 295|0x0000000718100000, 0x0000000718200000, 0x0000000718200000|100%| E|CS|TAMS 0x0000000718100000, 0x0000000718100000| Complete 
| 296|0x0000000718200000, 0x0000000718300000, 0x0000000718300000|100%| E|CS|TAMS 0x0000000718200000, 0x0000000718200000| Complete 
| 297|0x0000000718300000, 0x0000000718400000, 0x0000000718400000|100%| E|CS|TAMS 0x0000000718300000, 0x0000000718300000| Complete 
| 298|0x0000000718400000, 0x0000000718500000, 0x0000000718500000|100%| E|CS|TAMS 0x0000000718400000, 0x0000000718400000| Complete 
| 299|0x0000000718500000, 0x0000000718600000, 0x0000000718600000|100%| E|CS|TAMS 0x0000000718500000, 0x0000000718500000| Complete 
| 300|0x0000000718600000, 0x0000000718700000, 0x0000000718700000|100%| E|CS|TAMS 0x0000000718600000, 0x0000000718600000| Complete 
| 301|0x0000000718700000, 0x0000000718800000, 0x0000000718800000|100%| E|CS|TAMS 0x0000000718700000, 0x0000000718700000| Complete 
| 302|0x0000000718800000, 0x0000000718900000, 0x0000000718900000|100%| E|CS|TAMS 0x0000000718800000, 0x0000000718800000| Complete 

Card table byte_map: [0x0000022fd2de0000,0x0000022fd35c0000] _byte_map_base: 0x0000022fcf5b3000

Marking Bits (Prev, Next): (CMBitMap*) 0x0000022fb9b3aa20, (CMBitMap*) 0x0000022fb9b3a9e8
 Prev Bits: [0x0000022fd7c40000, 0x0000022fdbad8000)
 Next Bits: [0x0000022fd3da0000, 0x0000022fd7c38000)

Polling page: 0x0000022fb9bb0000

Metaspace:

Usage:
  Non-class:     61.42 MB capacity,    60.13 MB ( 98%) used,     1.03 MB (  2%) free+waste,   269.06 KB ( <1%) overhead. 
      Class:      9.46 MB capacity,     8.62 MB ( 91%) used,   733.63 KB (  8%) free+waste,   131.44 KB (  1%) overhead. 
       Both:     70.89 MB capacity,    68.75 MB ( 97%) used,     1.75 MB (  2%) free+waste,   400.50 KB ( <1%) overhead. 

Virtual space:
  Non-class space:       62.00 MB reserved,      61.58 MB (>99%) committed 
      Class space:        1.00 GB reserved,       9.50 MB ( <1%) committed 
             Both:        1.06 GB reserved,      71.08 MB (  7%) committed 

Chunk freelists:
   Non-Class:  3.75 KB
       Class:  640 bytes
        Both:  4.38 KB

CodeHeap 'non-profiled nmethods': size=120000Kb used=5004Kb max_used=5004Kb free=114995Kb
 bounds [0x0000022fca440000, 0x0000022fca930000, 0x0000022fd1970000]
CodeHeap 'profiled nmethods': size=120000Kb used=17911Kb max_used=17911Kb free=102088Kb
 bounds [0x0000022fc2f10000, 0x0000022fc4090000, 0x0000022fca440000]
CodeHeap 'non-nmethods': size=5760Kb used=1264Kb max_used=1318Kb free=4495Kb
 bounds [0x0000022fc2970000, 0x0000022fc2be0000, 0x0000022fc2f10000]
 total_blobs=8458 nmethods=7822 adapters=546
 compilation: enabled
              stopped_count=0, restarted_count=0
 full_count=0

Compilation events (10 events):
Event: 7.154 Thread 0x0000022fdf134800 nmethod 7869 0x0000022fc408c690 code [0x0000022fc408c840, 0x0000022fc408ca58]
Event: 7.154 Thread 0x0000022fdf134800 7870       2       java.util.concurrent.locks.AbstractQueuedSynchronizer::releaseShared (16 bytes)
Event: 7.154 Thread 0x0000022fdf134800 nmethod 7870 0x0000022fc408cb90 code [0x0000022fc408cd40, 0x0000022fc408ceb8]
Event: 7.157 Thread 0x0000022fdf134800 7871       2       java.io.File::<init> (20 bytes)
Event: 7.157 Thread 0x0000022fdf134800 nmethod 7871 0x0000022fc408cf90 code [0x0000022fc408d120, 0x0000022fc408d298]
Event: 7.162 Thread 0x0000022fdf134800 7872       2       java.util.concurrent.locks.AbstractQueuedSynchronizer::compareAndSetState (10 bytes)
Event: 7.162 Thread 0x0000022fdf134800 nmethod 7872 0x0000022fc408d310 code [0x0000022fc408d4c0, 0x0000022fc408d718]
Event: 7.166 Thread 0x0000022fdf134800 7873       2       nonapi.io.github.classgraph.fileslice.reader.RandomAccessFileChannelReader::readUnsignedShort (50 bytes)
Event: 7.167 Thread 0x0000022fdf134800 nmethod 7873 0x0000022fc408d890 code [0x0000022fc408da40, 0x0000022fc408dc98]
Event: 7.167 Thread 0x0000022fdf134800 7874 % !   3       io.github.classgraph.ClasspathElementZip::open @ 583 (1094 bytes)

GC Heap History (10 events):
Event: 2.386 GC heap before
{Heap before GC invocations=4 (full 0):
 garbage-first heap   total 258048K, used 88034K [0x0000000705a00000, 0x0000000800000000)
  region size 1024K, 79 young (80896K), 5 survivors (5120K)
 Metaspace       used 32513K, capacity 33463K, committed 33584K, reserved 1079296K
  class space    used 3813K, capacity 4206K, committed 4224K, reserved 1048576K
}
Event: 2.391 GC heap after
{Heap after GC invocations=5 (full 0):
 garbage-first heap   total 258048K, used 15035K [0x0000000705a00000, 0x0000000800000000)
  region size 1024K, 7 young (7168K), 7 survivors (7168K)
 Metaspace       used 32513K, capacity 33463K, committed 33584K, reserved 1079296K
  class space    used 3813K, capacity 4206K, committed 4224K, reserved 1048576K
}
Event: 2.755 GC heap before
{Heap before GC invocations=5 (full 0):
 garbage-first heap   total 258048K, used 40635K [0x0000000705a00000, 0x0000000800000000)
  region size 1024K, 33 young (33792K), 7 survivors (7168K)
 Metaspace       used 34821K, capacity 35848K, committed 35920K, reserved 1081344K
  class space    used 4138K, capacity 4595K, committed 4608K, reserved 1048576K
}
Event: 2.761 GC heap after
{Heap after GC invocations=6 (full 0):
 garbage-first heap   total 258048K, used 16261K [0x0000000705a00000, 0x0000000800000000)
  region size 1024K, 9 young (9216K), 9 survivors (9216K)
 Metaspace       used 34821K, capacity 35848K, committed 35920K, reserved 1081344K
  class space    used 4138K, capacity 4595K, committed 4608K, reserved 1048576K
}
Event: 4.355 GC heap before
{Heap before GC invocations=7 (full 0):
 garbage-first heap   total 258048K, used 137093K [0x0000000705a00000, 0x0000000800000000)
  region size 1024K, 127 young (130048K), 9 survivors (9216K)
 Metaspace       used 51034K, capacity 52487K, committed 52560K, reserved 1095680K
  class space    used 6290K, capacity 6858K, committed 6912K, reserved 1048576K
}
Event: 4.364 GC heap after
{Heap after GC invocations=8 (full 0):
 garbage-first heap   total 258048K, used 23230K [0x0000000705a00000, 0x0000000800000000)
  region size 1024K, 15 young (15360K), 15 survivors (15360K)
 Metaspace       used 51034K, capacity 52487K, committed 52560K, reserved 1095680K
  class space    used 6290K, capacity 6858K, committed 6912K, reserved 1048576K
}
Event: 5.128 GC heap before
{Heap before GC invocations=8 (full 0):
 garbage-first heap   total 258048K, used 130750K [0x0000000705a00000, 0x0000000800000000)
  region size 1024K, 122 young (124928K), 15 survivors (15360K)
 Metaspace       used 58689K, capacity 60160K, committed 60240K, reserved 1101824K
  class space    used 7283K, capacity 7876K, committed 7936K, reserved 1048576K
}
Event: 5.139 GC heap after
{Heap after GC invocations=9 (full 0):
 garbage-first heap   total 310272K, used 27562K [0x0000000705a00000, 0x0000000800000000)
  region size 1024K, 13 young (13312K), 13 survivors (13312K)
 Metaspace       used 58689K, capacity 60160K, committed 60240K, reserved 1101824K
  class space    used 7283K, capacity 7876K, committed 7936K, reserved 1048576K
}
Event: 6.748 GC heap before
{Heap before GC invocations=10 (full 0):
 garbage-first heap   total 310272K, used 199594K [0x0000000705a00000, 0x0000000800000000)
  region size 1024K, 181 young (185344K), 13 survivors (13312K)
 Metaspace       used 67809K, capacity 69844K, committed 69968K, reserved 1110016K
  class space    used 8514K, capacity 9353K, committed 9472K, reserved 1048576K
}
Event: 6.762 GC heap after
{Heap after GC invocations=11 (full 0):
 garbage-first heap   total 310272K, used 39689K [0x0000000705a00000, 0x0000000800000000)
  region size 1024K, 23 young (23552K), 23 survivors (23552K)
 Metaspace       used 67809K, capacity 69844K, committed 69968K, reserved 1110016K
  class space    used 8514K, capacity 9353K, committed 9472K, reserved 1048576K
}

Deoptimization events (10 events):
Event: 6.791 Thread 0x0000022fdf18b000 Uncommon trap: reason=class_check action=maybe_recompile pc=0x0000022fca83ad7c method=java.util.stream.StreamOpFlag.fromCharacteristics(Ljava/util/Spliterator;)I @ 14 c2
Event: 6.843 Thread 0x0000022fb9adc000 Uncommon trap: reason=class_check action=maybe_recompile pc=0x0000022fca5e5734 method=org.springframework.core.SerializableTypeWrapper.unwrap(Ljava/lang/reflect/Type;)Ljava/lang/reflect/Type; @ 18 c2
Event: 6.933 Thread 0x0000022fb9adc000 Uncommon trap: reason=unstable_if action=reinterpret pc=0x0000022fca873a50 method=org.springframework.core.annotation.AnnotationsScanner.isWithoutHierarchy(Ljava/lang/reflect/AnnotatedElement;Lorg/springframework/core/annotation/MergedAnnotations$SearchSt
Event: 6.934 Thread 0x0000022fb9adc000 Uncommon trap: reason=unstable_if action=reinterpret pc=0x0000022fca85a318 method=org.springframework.core.annotation.AnnotationsScanner.processMethodHierarchy(Ljava/lang/Object;[ILjava/lang/Class;Lorg/springframework/core/annotation/AnnotationsProcessor;
Event: 6.943 Thread 0x0000022fb9adc000 Uncommon trap: reason=unstable_if action=reinterpret pc=0x0000022fca84489c method=org.springframework.core.annotation.AnnotationsScanner.processMethodHierarchy(Ljava/lang/Object;[ILjava/lang/Class;Lorg/springframework/core/annotation/AnnotationsProcessor;
Event: 6.950 Thread 0x0000022fb9adc000 Uncommon trap: reason=unstable_if action=reinterpret pc=0x0000022fca83cf84 method=org.springframework.core.annotation.AnnotationsScanner.isWithoutHierarchy(Ljava/lang/reflect/AnnotatedElement;Lorg/springframework/core/annotation/MergedAnnotations$SearchSt
Event: 6.973 Thread 0x0000022fb9adc000 Uncommon trap: reason=unstable_if action=reinterpret pc=0x0000022fca809fe0 method=org.springframework.beans.factory.support.AbstractBeanFactory.isTypeMatch(Ljava/lang/String;Lorg/springframework/core/ResolvableType;Z)Z @ 34 c2
Event: 7.021 Thread 0x0000022fb9adc000 Uncommon trap: reason=unstable_if action=reinterpret pc=0x0000022fca7ae768 method=java.lang.String.regionMatches(ZILjava/lang/String;II)Z @ 52 c2
Event: 7.073 Thread 0x0000022fb9adc000 Uncommon trap: reason=unstable_if action=reinterpret pc=0x0000022fca6b9ec4 method=java.lang.reflect.AccessibleObject.checkAccess(Ljava/lang/Class;Ljava/lang/Class;Ljava/lang/Class;I)V @ 9 c2
Event: 7.138 Thread 0x0000022fe3efb000 Uncommon trap: reason=unstable_if action=reinterpret pc=0x0000022fca6922b0 method=java.util.Collections$SetFromMap.add(Ljava/lang/Object;)Z @ 13 c2

Classes redefined (0 events):
No events

Internal exceptions (10 events):
Event: 6.979 Thread 0x0000022fb9adc000 Exception <a 'java/lang/ClassNotFoundException'{0x000000071702df28}: org/springframework/beans/factory/InitializingBeanCustomizer> (0x000000071702df28) thrown at [./open/src/hotspot/share/classfile/systemDictionary.cpp, line 226]
Event: 6.980 Thread 0x0000022fb9adc000 Exception <a 'java/lang/ClassNotFoundException'{0x0000000717043a28}: org/springframework/web/servlet/HandlerMappingCustomizer> (0x0000000717043a28) thrown at [./open/src/hotspot/share/classfile/systemDictionary.cpp, line 226]
Event: 6.980 Thread 0x0000022fb9adc000 Exception <a 'java/lang/ClassNotFoundException'{0x0000000717057190}: org/springframework/core/OrderedCustomizer> (0x0000000717057190) thrown at [./open/src/hotspot/share/classfile/systemDictionary.cpp, line 226]
Event: 6.980 Thread 0x0000022fb9adc000 Exception <a 'java/lang/ClassNotFoundException'{0x000000071706d0a8}: org/springframework/beans/factory/BeanNameAwareCustomizer> (0x000000071706d0a8) thrown at [./open/src/hotspot/share/classfile/systemDictionary.cpp, line 226]
Event: 6.980 Thread 0x0000022fb9adc000 Exception <a 'java/lang/ClassNotFoundException'{0x0000000717081c88}: org/springframework/beans/factory/AwareCustomizer> (0x0000000717081c88) thrown at [./open/src/hotspot/share/classfile/systemDictionary.cpp, line 226]
Event: 6.980 Thread 0x0000022fb9adc000 Exception <a 'java/lang/ClassNotFoundException'{0x0000000717098068}: org/springframework/web/context/ServletContextAwareCustomizer> (0x0000000717098068) thrown at [./open/src/hotspot/share/classfile/systemDictionary.cpp, line 226]
Event: 6.980 Thread 0x0000022fb9adc000 Exception <a 'java/lang/ClassNotFoundException'{0x00000007170aca40}: org/springframework/beans/factory/AwareCustomizer> (0x00000007170aca40) thrown at [./open/src/hotspot/share/classfile/systemDictionary.cpp, line 226]
Event: 6.980 Thread 0x0000022fb9adc000 Exception <a 'java/lang/ClassNotFoundException'{0x00000007170c2e20}: org/springframework/context/ApplicationContextAwareCustomizer> (0x00000007170c2e20) thrown at [./open/src/hotspot/share/classfile/systemDictionary.cpp, line 226]
Event: 6.981 Thread 0x0000022fb9adc000 Exception <a 'java/lang/ClassNotFoundException'{0x00000007170d7d18}: org/springframework/beans/factory/AwareCustomizer> (0x00000007170d7d18) thrown at [./open/src/hotspot/share/classfile/systemDictionary.cpp, line 226]
Event: 6.983 Thread 0x0000022fb9adc000 Exception <a 'java/lang/IncompatibleClassChangeError'{0x0000000716f040c0}: Found class java.lang.Object, but interface was expected> (0x0000000716f040c0) thrown at [./open/src/hotspot/share/interpreter/linkResolver.cpp, line 838]

Events (10 events):
Event: 7.112 loading class nonapi/io/github/classgraph/fastzipfilereader/FastZipEntry done
Event: 7.113 loading class java/util/zip/DataFormatException
Event: 7.113 loading class java/util/zip/DataFormatException done
Event: 7.113 loading class nonapi/io/github/classgraph/fastzipfilereader/NestedJarHandler$RecyclableInflater
Event: 7.113 loading class nonapi/io/github/classgraph/fastzipfilereader/NestedJarHandler$RecyclableInflater done
Event: 7.113 loading class nonapi/io/github/classgraph/recycler/Resettable
Event: 7.113 loading class nonapi/io/github/classgraph/recycler/Resettable done
Event: 7.138 Thread 0x0000022fe3efb000 Uncommon trap: trap_request=0xffffff4d fr.pc=0x0000022fca6922b0 relative=0x0000000000000850
Event: 7.138 Thread 0x0000022fe3efb000 DEOPT PACKING pc=0x0000022fca6922b0 sp=0x00000048d3ffe2f0
Event: 7.138 Thread 0x0000022fe3efb000 DEOPT UNPACKING pc=0x0000022fc29968af sp=0x00000048d3ffe2f0 mode 2


Dynamic libraries:
0x00007ff62fc90000 - 0x00007ff62fc9f000 	C:\Program Files\Java\jdk-11.0.16\bin\java.exe
0x00007ffad5df0000 - 0x00007ffad6006000 	C:\WINDOWS\SYSTEM32\ntdll.dll
0x00007ffad5220000 - 0x00007ffad52e4000 	C:\WINDOWS\System32\KERNEL32.DLL
0x00007ffad32c0000 - 0x00007ffad3666000 	C:\WINDOWS\System32\KERNELBASE.dll
0x00007ffad3130000 - 0x00007ffad3241000 	C:\WINDOWS\System32\ucrtbase.dll
0x00007ffaca880000 - 0x00007ffaca895000 	C:\Program Files\Java\jdk-11.0.16\bin\VCRUNTIME140.dll
0x00007ffacad60000 - 0x00007ffacad78000 	C:\Program Files\Java\jdk-11.0.16\bin\jli.dll
0x00007ffad52f0000 - 0x00007ffad53a2000 	C:\WINDOWS\System32\ADVAPI32.dll
0x00007ffad5560000 - 0x00007ffad5607000 	C:\WINDOWS\System32\msvcrt.dll
0x00007ffad53b0000 - 0x00007ffad5458000 	C:\WINDOWS\System32\sechost.dll
0x00007ffad3850000 - 0x00007ffad3878000 	C:\WINDOWS\System32\bcrypt.dll
0x00007ffad5a90000 - 0x00007ffad5ba5000 	C:\WINDOWS\System32\RPCRT4.dll
0x00007ffad4a20000 - 0x00007ffad4bcd000 	C:\WINDOWS\System32\USER32.dll
0x00007ffad39a0000 - 0x00007ffad39c6000 	C:\WINDOWS\System32\win32u.dll
0x00007ffad5d80000 - 0x00007ffad5da9000 	C:\WINDOWS\System32\GDI32.dll
0x00007ffab8d50000 - 0x00007ffab8fe3000 	C:\WINDOWS\WinSxS\amd64_microsoft.windows.common-controls_6595b64144ccf1df_6.0.22621.3235_none_270f74e173860f98\COMCTL32.dll
0x00007ffad3880000 - 0x00007ffad3998000 	C:\WINDOWS\System32\gdi32full.dll
0x00007ffad3670000 - 0x00007ffad370a000 	C:\WINDOWS\System32\msvcp_win.dll
0x00007ffaca2b0000 - 0x00007ffaca2ba000 	C:\WINDOWS\SYSTEM32\VERSION.dll
0x00007ffad5bb0000 - 0x00007ffad5be1000 	C:\WINDOWS\System32\IMM32.DLL
0x00007ffaa6ed0000 - 0x00007ffaa6f6b000 	C:\Program Files\Java\jdk-11.0.16\bin\msvcp140.dll
0x00007ffa5c6f0000 - 0x00007ffa5d208000 	C:\Program Files\Java\jdk-11.0.16\bin\server\jvm.dll
0x00007ffad54f0000 - 0x00007ffad54f8000 	C:\WINDOWS\System32\PSAPI.DLL
0x00007ffab0670000 - 0x00007ffab0679000 	C:\WINDOWS\SYSTEM32\WSOCK32.dll
0x00007ffacb300000 - 0x00007ffacb334000 	C:\WINDOWS\SYSTEM32\WINMM.dll
0x00007ffad5460000 - 0x00007ffad54d1000 	C:\WINDOWS\System32\WS2_32.dll
0x00007ffad2130000 - 0x00007ffad2148000 	C:\WINDOWS\SYSTEM32\kernel.appcore.dll
0x00007ffacc1d0000 - 0x00007ffacc1e0000 	C:\Program Files\Java\jdk-11.0.16\bin\verify.dll
0x00007ffad0af0000 - 0x00007ffad0d23000 	C:\WINDOWS\SYSTEM32\DBGHELP.DLL
0x00007ffad4e90000 - 0x00007ffad5218000 	C:\WINDOWS\System32\combase.dll
0x00007ffad4db0000 - 0x00007ffad4e87000 	C:\WINDOWS\System32\OLEAUT32.dll
0x00007ffac0950000 - 0x00007ffac0982000 	C:\WINDOWS\SYSTEM32\dbgcore.DLL
0x00007ffad3710000 - 0x00007ffad378a000 	C:\WINDOWS\System32\bcryptPrimitives.dll
0x00007ffaca850000 - 0x00007ffaca878000 	C:\Program Files\Java\jdk-11.0.16\bin\java.dll
0x00007ffacb540000 - 0x00007ffacb54a000 	C:\Program Files\Java\jdk-11.0.16\bin\jimage.dll
0x00007ffaca830000 - 0x00007ffaca846000 	C:\Program Files\Java\jdk-11.0.16\bin\zip.dll
0x00007ffad3b90000 - 0x00007ffad43ed000 	C:\WINDOWS\System32\SHELL32.dll
0x00007ffad1040000 - 0x00007ffad1938000 	C:\WINDOWS\SYSTEM32\windows.storage.dll
0x00007ffad0f00000 - 0x00007ffad103e000 	C:\WINDOWS\SYSTEM32\wintypes.dll
0x00007ffad4550000 - 0x00007ffad4643000 	C:\WINDOWS\System32\SHCORE.dll
0x00007ffad44f0000 - 0x00007ffad454e000 	C:\WINDOWS\System32\shlwapi.dll
0x00007ffad3060000 - 0x00007ffad3086000 	C:\WINDOWS\SYSTEM32\profapi.dll
0x00007ffaca810000 - 0x00007ffaca829000 	C:\Program Files\Java\jdk-11.0.16\bin\net.dll
0x00007ffaccf40000 - 0x00007ffacd077000 	C:\WINDOWS\SYSTEM32\WINHTTP.dll
0x00007ffad25a0000 - 0x00007ffad2609000 	C:\WINDOWS\system32\mswsock.dll
0x00007ffaca770000 - 0x00007ffaca782000 	C:\Program Files\Java\jdk-11.0.16\bin\nio.dll
0x00007ffacad50000 - 0x00007ffacad59000 	C:\Program Files\Java\jdk-11.0.16\bin\management.dll
0x00007ffacad00000 - 0x00007ffacad0b000 	C:\Program Files\Java\jdk-11.0.16\bin\management_ext.dll
0x00007ffaac370000 - 0x00007ffaac387000 	C:\WINDOWS\system32\napinsp.dll
0x00007ffaac350000 - 0x00007ffaac36b000 	C:\WINDOWS\system32\pnrpnsp.dll
0x00007ffad1bd0000 - 0x00007ffad1cc9000 	C:\WINDOWS\SYSTEM32\DNSAPI.dll
0x00007ffad1ba0000 - 0x00007ffad1bcd000 	C:\WINDOWS\SYSTEM32\IPHLPAPI.DLL
0x00007ffad46e0000 - 0x00007ffad46e9000 	C:\WINDOWS\System32\NSI.dll
0x00007ffaac330000 - 0x00007ffaac341000 	C:\WINDOWS\System32\winrnr.dll
0x00007ffacb5f0000 - 0x00007ffacb605000 	C:\WINDOWS\system32\wshbth.dll
0x00007ffaac300000 - 0x00007ffaac321000 	C:\WINDOWS\system32\nlansp_c.dll
0x00007ffaccaa0000 - 0x00007ffaccaaa000 	C:\Windows\System32\rasadhlp.dll
0x00007ffacb610000 - 0x00007ffacb693000 	C:\WINDOWS\System32\fwpuclnt.dll
0x00007ffad28f0000 - 0x00007ffad290b000 	C:\WINDOWS\SYSTEM32\CRYPTSP.dll
0x00007ffad2090000 - 0x00007ffad20c5000 	C:\WINDOWS\system32\rsaenh.dll
0x00007ffad2640000 - 0x00007ffad266c000 	C:\WINDOWS\SYSTEM32\USERENV.dll
0x00007ffad28d0000 - 0x00007ffad28dc000 	C:\WINDOWS\SYSTEM32\CRYPTBASE.dll
0x00007ffacce10000 - 0x00007ffacce29000 	C:\WINDOWS\SYSTEM32\dhcpcsvc6.DLL
0x00007ffaccdf0000 - 0x00007ffacce0f000 	C:\WINDOWS\SYSTEM32\dhcpcsvc.DLL

dbghelp: loaded successfully - version: 4.0.5 - missing functions: none
symbol engine: initialized successfully - sym options: 0x614 - pdb path: .;C:\Program Files\Java\jdk-11.0.16\bin;C:\WINDOWS\SYSTEM32;C:\WINDOWS\WinSxS\amd64_microsoft.windows.common-controls_6595b64144ccf1df_6.0.22621.3235_none_270f74e173860f98;C:\Program Files\Java\jdk-11.0.16\bin\server

VM Arguments:
java_command: C:\Users\USER01\AppData\Local\Temp\surefire8968493107648019347\surefirebooter12318622103116387969.jar C:\Users\USER01\AppData\Local\Temp\surefire8968493107648019347 2024-03-27T15-05-36_912-jvmRun1 surefire13971105072756348630tmp surefire_013530894031101556665tmp
java_class_path (initial): C:\Users\USER01\AppData\Local\Temp\surefire8968493107648019347\surefirebooter12318622103116387969.jar
Launcher Type: SUN_STANDARD

[Global flags]
     intx CICompilerCount                          = 4                                         {product} {ergonomic}
     uint ConcGCThreads                            = 3                                         {product} {ergonomic}
     uint G1ConcRefinementThreads                  = 10                                        {product} {ergonomic}
   size_t G1HeapRegionSize                         = 1048576                                   {product} {ergonomic}
    uintx GCDrainStackTargetSize                   = 64                                        {product} {ergonomic}
   size_t InitialHeapSize                          = 264241152                                 {product} {ergonomic}
   size_t MarkStackSize                            = 4194304                                   {product} {ergonomic}
   size_t MaxHeapSize                              = 4200595456                                {product} {ergonomic}
   size_t MaxNewSize                               = 2519728128                                {product} {ergonomic}
   size_t MinHeapDeltaBytes                        = 1048576                                   {product} {ergonomic}
    uintx NonNMethodCodeHeapSize                   = 5836300                                {pd product} {ergonomic}
    uintx NonProfiledCodeHeapSize                  = 122910970                              {pd product} {ergonomic}
    uintx ProfiledCodeHeapSize                     = 122910970                              {pd product} {ergonomic}
    uintx ReservedCodeCacheSize                    = 251658240                              {pd product} {ergonomic}
     bool SegmentedCodeCache                       = true                                      {product} {ergonomic}
     bool UseCompressedClassPointers               = true                                 {lp64_product} {ergonomic}
     bool UseCompressedOops                        = true                                 {lp64_product} {ergonomic}
     bool UseG1GC                                  = true                                      {product} {ergonomic}
     bool UseLargePagesIndividualAllocation        = false                                  {pd product} {ergonomic}

Logging:
Log output configuration:
 #0: stdout all=warning uptime,level,tags
 #1: stderr all=off uptime,level,tags

Environment Variables:
JAVA_HOME=C:\Program Files\Java\jdk-11.0.16
PATH=E:\app\USER01\product\11.2.0\dbhome_1\bin;E:\app\USER01\product\11.1.0\db_2\bin;C:\Program Files\Common Files\Oracle\Java\javapath;C:\ProgramData\Oracle\Java\javapath;C:\WINDOWS\system32;C:\WINDOWS;C:\WINDOWS\System32\Wbem;C:\WINDOWS\System32\WindowsPowerShell\v1.0\;C:\WINDOWS\System32\OpenSSH\;C:\ProgramData\chocolatey\bin;C:\Program Files\Java\jdk1.8.0_144\bin;C:\Program Files\Java\jdk-11.0.16\bin;C:\Program Files\VisualSVN Server\bin;C:\Program Files\TortoiseSVN\bin;C:\Program Files\Microsoft SQL Server\150\Tools\Binn\;C:\Program Files\nodejs\;C:\Users\USER01\AppData\Local\Microsoft\WindowsApps;;C:\Users\USER01\AppData\Local\Programs\Microsoft VS Code\bin;C:\Users\USER01\AppData\Roaming\npm
USERNAME=USER01
OS=Windows_NT
PROCESSOR_IDENTIFIER=Intel64 Family 6 Model 154 Stepping 4, GenuineIntel



---------------  S Y S T E M  ---------------

OS: Windows 11 , 64 bit Build 22621 (10.0.22621.3235)
Hyper-V role detected

CPU:total 12 (initial active 12) (6 cores per cpu, 2 threads per core) family 6 model 154 stepping 4 microcode 0x430, cmov, cx8, fxsr, mmx, sse, sse2, sse3, ssse3, sse4.1, sse4.2, popcnt, avx, avx2, aes, clmul, erms, 3dnowpref, lzcnt, ht, tsc, tscinvbit, bmi1, bmi2, adx, sha, fma

Memory: 4k page, system-wide physical 16016M (303M free)
TotalPageFile size 38961M (AvailPageFile size 6M)
current process WorkingSet (physical memory assigned to process): 452M, peak: 456M
current process commit charge ("private bytes"): 579M, peak: 584M

vm_info: Java HotSpot(TM) 64-Bit Server VM (11.0.16+11-LTS-199) for windows-amd64 JRE (11.0.16+11-LTS-199), built on Jun 28 2022 08:23:17 by "mach5one" with MS VC++ 15.9 (VS2017)

END.
