#
# There is insufficient memory for the Java Runtime Environment to continue.
# Native memory allocation (malloc) failed to allocate 842656 bytes for Chunk::new
# Possible reasons:
#   The system is out of physical RAM or swap space
#   The process is running with CompressedOops enabled, and the Java Heap may be blocking the growth of the native heap
# Possible solutions:
#   Reduce memory load on the system
#   Increase physical memory or swap space
#   Check if swap backing store is full
#   Decrease Java heap size (-Xmx/-Xms)
#   Decrease number of Java threads
#   Decrease Java thread stack sizes (-Xss)
#   Set larger code cache with -XX:ReservedCodeCacheSize=
#   JVM is running with Zero Based Compressed Oops mode in which the Java heap is
#     placed in the first 32GB address space. The Java Heap base address is the
#     maximum limit for the native heap growth. Please use -XX:HeapBaseMinAddress
#     to set the Java Heap base and to place the Java Heap above 32GB virtual address.
# This output file may be truncated or incomplete.
#
#  Out of Memory Error (arena.cpp:168), pid=101328, tid=54668
#
# JRE version: Java(TM) SE Runtime Environment (21.0.1+12) (build 21.0.1+12-LTS-29)
# Java VM: Java HotSpot(TM) 64-Bit Server VM (21.0.1+12-LTS-29, mixed mode, sharing, tiered, compressed oops, compressed class ptrs, g1 gc, windows-amd64)
# No core dump will be written. Minidumps are not enabled by default on client versions of Windows
#

---------------  S U M M A R Y ------------

Command Line: zuul_server.ZuulServerApplication

Host: 12th Gen Intel(R) Core(TM) i7-1265U, 12 cores, 15G,  Windows 11 , 64 bit Build 22621 (10.0.22621.5262)
Time: Fri Jun 13 11:38:46 2025 W. Central Africa Standard Time elapsed time: 1.212183 seconds (0d 0h 0m 1s)

---------------  T H R E A D  ---------------

Current thread (0x000001d6e91893f0):  JavaThread "C2 CompilerThread1" daemon [_thread_in_native, id=54668, stack(0x000000cab4d00000,0x000000cab4e00000) (1024K)]


Current CompileTask:
C2:   1212 2182       4       java.lang.invoke.MethodType::makeImpl (109 bytes)

Stack: [0x000000cab4d00000,0x000000cab4e00000]
Native frames: (J=compiled Java code, j=interpreted, Vv=VM code, C=native code)
V  [jvm.dll+0x6c9029]
V  [jvm.dll+0x854b81]
V  [jvm.dll+0x856e5e]
V  [jvm.dll+0x857543]
V  [jvm.dll+0x280c06]
V  [jvm.dll+0xc3ead]
V  [jvm.dll+0xc43c3]
V  [jvm.dll+0x2f3f3f]
V  [jvm.dll+0x5f40a6]
V  [jvm.dll+0x252bef]
V  [jvm.dll+0x252fbf]
V  [jvm.dll+0x24b734]
V  [jvm.dll+0x248fa3]
V  [jvm.dll+0x1c9ca1]
V  [jvm.dll+0x2586b9]
V  [jvm.dll+0x256c9a]
V  [jvm.dll+0x3ef1b6]
V  [jvm.dll+0x7fd728]
V  [jvm.dll+0x6c777d]
C  [ucrtbase.dll+0x29333]
C  [KERNEL32.DLL+0x1259d]
C  [ntdll.dll+0x5af58]


---------------  P R O C E S S  ---------------

Threads class SMR info:
_java_thread_list=0x000001d6ea2397c0, length=13, elements={
0x000001d6c35a3bd0, 0x000001d6e4b4a150, 0x000001d6e4b4b070, 0x000001d6e4b4ed50,
0x000001d6e4b4f7b0, 0x000001d6e4b50c10, 0x000001d6e4b518d0, 0x000001d6e4b5ac90,
0x000001d6e4b5b340, 0x000001d6e9183d70, 0x000001d6e918c4e0, 0x000001d6e91893f0,
0x000001d6ea2aad10
}

Java Threads: ( => current thread )
  0x000001d6c35a3bd0 JavaThread "main"                              [_thread_in_vm, id=24592, stack(0x000000cab3b00000,0x000000cab3c00000) (1024K)]
  0x000001d6e4b4a150 JavaThread "Reference Handler"          daemon [_thread_blocked, id=16848, stack(0x000000cab4300000,0x000000cab4400000) (1024K)]
  0x000001d6e4b4b070 JavaThread "Finalizer"                  daemon [_thread_blocked, id=102732, stack(0x000000cab4400000,0x000000cab4500000) (1024K)]
  0x000001d6e4b4ed50 JavaThread "Signal Dispatcher"          daemon [_thread_blocked, id=110744, stack(0x000000cab4500000,0x000000cab4600000) (1024K)]
  0x000001d6e4b4f7b0 JavaThread "Attach Listener"            daemon [_thread_blocked, id=114092, stack(0x000000cab4600000,0x000000cab4700000) (1024K)]
  0x000001d6e4b50c10 JavaThread "Service Thread"             daemon [_thread_blocked, id=115592, stack(0x000000cab4700000,0x000000cab4800000) (1024K)]
  0x000001d6e4b518d0 JavaThread "Monitor Deflation Thread"   daemon [_thread_blocked, id=65012, stack(0x000000cab4800000,0x000000cab4900000) (1024K)]
  0x000001d6e4b5ac90 JavaThread "C2 CompilerThread0"         daemon [_thread_in_native, id=24128, stack(0x000000cab4900000,0x000000cab4a00000) (1024K)]
  0x000001d6e4b5b340 JavaThread "C1 CompilerThread0"         daemon [_thread_blocked, id=66892, stack(0x000000cab4a00000,0x000000cab4b00000) (1024K)]
  0x000001d6e9183d70 JavaThread "Notification Thread"        daemon [_thread_blocked, id=36496, stack(0x000000cab4b00000,0x000000cab4c00000) (1024K)]
  0x000001d6e918c4e0 JavaThread "Common-Cleaner"             daemon [_thread_blocked, id=45952, stack(0x000000cab4c00000,0x000000cab4d00000) (1024K)]
=>0x000001d6e91893f0 JavaThread "C2 CompilerThread1"         daemon [_thread_in_native, id=54668, stack(0x000000cab4d00000,0x000000cab4e00000) (1024K)]
  0x000001d6ea2aad10 JavaThread "background-preinit"                [_thread_in_vm, id=57452, stack(0x000000cab5400000,0x000000cab5500000) (1024K)]
Total: 13

Other Threads:
  0x000001d6e4b2bbb0 VMThread "VM Thread"                           [id=117136, stack(0x000000cab4200000,0x000000cab4300000) (1024K)]
  0x000001d6e4b13b60 WatcherThread "VM Periodic Task Thread"        [id=18184, stack(0x000000cab4100000,0x000000cab4200000) (1024K)]
  0x000001d6c5757010 WorkerThread "GC Thread#0"                     [id=32088, stack(0x000000cab3c00000,0x000000cab3d00000) (1024K)]
  0x000001d6e9bf8930 WorkerThread "GC Thread#1"                     [id=33592, stack(0x000000cab4e00000,0x000000cab4f00000) (1024K)]
  0x000001d6e9879bb0 WorkerThread "GC Thread#2"                     [id=51656, stack(0x000000cab4f00000,0x000000cab5000000) (1024K)]
  0x000001d6e9879f50 WorkerThread "GC Thread#3"                     [id=113304, stack(0x000000cab5000000,0x000000cab5100000) (1024K)]
  0x000001d6e9a64d80 WorkerThread "GC Thread#4"                     [id=101748, stack(0x000000cab5100000,0x000000cab5200000) (1024K)]
  0x000001d6e9a65120 WorkerThread "GC Thread#5"                     [id=80952, stack(0x000000cab5200000,0x000000cab5300000) (1024K)]
  0x000001d6ea0b67a0 WorkerThread "GC Thread#6"                     [id=102424, stack(0x000000cab5300000,0x000000cab5400000) (1024K)]
  0x000001d6c5768c00 ConcurrentGCThread "G1 Main Marker"            [id=11760, stack(0x000000cab3d00000,0x000000cab3e00000) (1024K)]
  0x000001d6c5769700 WorkerThread "G1 Conc#0"                       [id=65184, stack(0x000000cab3e00000,0x000000cab3f00000) (1024K)]
  0x000001d6e49e7c70 ConcurrentGCThread "G1 Refine#0"               [id=54392, stack(0x000000cab3f00000,0x000000cab4000000) (1024K)]
  0x000001d6e49e85f0 ConcurrentGCThread "G1 Service"                [id=26744, stack(0x000000cab4000000,0x000000cab4100000) (1024K)]
Total: 13

Threads with active compile tasks:
C2 CompilerThread0     1228 2238       4       org.springframework.asm.ClassReader::readUnsignedShort (26 bytes)
C2 CompilerThread1     1228 2182       4       java.lang.invoke.MethodType::makeImpl (109 bytes)
Total: 2

VM state: not at safepoint (normal execution)

VM Mutex/Monitor currently owned by a thread: None

Heap address: 0x0000000705a00000, size: 4006 MB, Compressed Oops mode: Zero based, Oop shift amount: 3

CDS archive(s) mapped at: [0x000001d680000000-0x000001d680c90000-0x000001d680c90000), size 13172736, SharedBaseAddress: 0x000001d680000000, ArchiveRelocationMode: 1.
Compressed class space mapped at: 0x000001d681000000-0x000001d6c1000000, reserved size: 1073741824
Narrow klass base: 0x000001d680000000, Narrow klass shift: 0, Narrow klass range: 0x100000000

GC Precious Log:
 CardTable entry size: 512
 Card Set container configuration: InlinePtr #cards 4 size 8 Array Of Cards #cards 16 size 48 Howl #buckets 8 coarsen threshold 3686 Howl Bitmap #cards 512 size 80 coarsen threshold 460 Card regions per heap region 1 cards per card region 4096
 CPUs: 12 total, 12 available
 Memory: 16016M
 Large Page Support: Disabled
 NUMA Support: Disabled
 Compressed Oops: Enabled (Zero based)
 Heap Region Size: 2M
 Heap Min Capacity: 8M
 Heap Initial Capacity: 252M
 Heap Max Capacity: 4006M
 Pre-touch: Disabled
 Parallel Workers: 10
 Concurrent Workers: 3
 Concurrent Refinement Workers: 10
 Periodic GC: Disabled

Heap:
 garbage-first heap   total 258048K, used 54915K [0x0000000705a00000, 0x0000000800000000)
  region size 2048K, 23 young (47104K), 2 survivors (4096K)
 Metaspace       used 17161K, committed 17472K, reserved 1114112K
  class space    used 2103K, committed 2240K, reserved 1048576K

Heap Regions: E=young(eden), S=young(survivor), O=old, HS=humongous(starts), HC=humongous(continues), CS=collection set, F=free, TAMS=top-at-mark-start, PB=parsable bottom
|   0|0x0000000705a00000, 0x0000000705c00000, 0x0000000705c00000|100%| O|  |TAMS 0x0000000705a00000| PB 0x0000000705a00000| Untracked 
|   1|0x0000000705c00000, 0x0000000705e00000, 0x0000000705e00000|100%| O|  |TAMS 0x0000000705c00000| PB 0x0000000705c00000| Untracked 
|   2|0x0000000705e00000, 0x0000000706000000, 0x0000000706000000|100%| O|  |TAMS 0x0000000705e00000| PB 0x0000000705e00000| Untracked 
|   3|0x0000000706000000, 0x0000000706200000, 0x0000000706200000|100%| O|  |TAMS 0x0000000706000000| PB 0x0000000706000000| Untracked 
|   4|0x0000000706200000, 0x00000007063a0f10, 0x0000000706400000| 81%| O|  |TAMS 0x0000000706200000| PB 0x0000000706200000| Untracked 
|   5|0x0000000706400000, 0x0000000706400000, 0x0000000706600000|  0%| F|  |TAMS 0x0000000706400000| PB 0x0000000706400000| Untracked 
|   6|0x0000000706600000, 0x0000000706600000, 0x0000000706800000|  0%| F|  |TAMS 0x0000000706600000| PB 0x0000000706600000| Untracked 
|   7|0x0000000706800000, 0x0000000706800000, 0x0000000706a00000|  0%| F|  |TAMS 0x0000000706800000| PB 0x0000000706800000| Untracked 
|   8|0x0000000706a00000, 0x0000000706a00000, 0x0000000706c00000|  0%| F|  |TAMS 0x0000000706a00000| PB 0x0000000706a00000| Untracked 
|   9|0x0000000706c00000, 0x0000000706c00000, 0x0000000706e00000|  0%| F|  |TAMS 0x0000000706c00000| PB 0x0000000706c00000| Untracked 
|  10|0x0000000706e00000, 0x0000000706e00000, 0x0000000707000000|  0%| F|  |TAMS 0x0000000706e00000| PB 0x0000000706e00000| Untracked 
|  11|0x0000000707000000, 0x0000000707000000, 0x0000000707200000|  0%| F|  |TAMS 0x0000000707000000| PB 0x0000000707000000| Untracked 
|  12|0x0000000707200000, 0x0000000707200000, 0x0000000707400000|  0%| F|  |TAMS 0x0000000707200000| PB 0x0000000707200000| Untracked 
|  13|0x0000000707400000, 0x0000000707400000, 0x0000000707600000|  0%| F|  |TAMS 0x0000000707400000| PB 0x0000000707400000| Untracked 
|  14|0x0000000707600000, 0x0000000707600000, 0x0000000707800000|  0%| F|  |TAMS 0x0000000707600000| PB 0x0000000707600000| Untracked 
|  15|0x0000000707800000, 0x0000000707800000, 0x0000000707a00000|  0%| F|  |TAMS 0x0000000707800000| PB 0x0000000707800000| Untracked 
|  16|0x0000000707a00000, 0x0000000707a00000, 0x0000000707c00000|  0%| F|  |TAMS 0x0000000707a00000| PB 0x0000000707a00000| Untracked 
|  17|0x0000000707c00000, 0x0000000707c00000, 0x0000000707e00000|  0%| F|  |TAMS 0x0000000707c00000| PB 0x0000000707c00000| Untracked 
|  18|0x0000000707e00000, 0x0000000707e00000, 0x0000000708000000|  0%| F|  |TAMS 0x0000000707e00000| PB 0x0000000707e00000| Untracked 
|  19|0x0000000708000000, 0x0000000708000000, 0x0000000708200000|  0%| F|  |TAMS 0x0000000708000000| PB 0x0000000708000000| Untracked 
|  20|0x0000000708200000, 0x0000000708200000, 0x0000000708400000|  0%| F|  |TAMS 0x0000000708200000| PB 0x0000000708200000| Untracked 
|  21|0x0000000708400000, 0x0000000708400000, 0x0000000708600000|  0%| F|  |TAMS 0x0000000708400000| PB 0x0000000708400000| Untracked 
|  22|0x0000000708600000, 0x0000000708600000, 0x0000000708800000|  0%| F|  |TAMS 0x0000000708600000| PB 0x0000000708600000| Untracked 
|  23|0x0000000708800000, 0x0000000708800000, 0x0000000708a00000|  0%| F|  |TAMS 0x0000000708800000| PB 0x0000000708800000| Untracked 
|  24|0x0000000708a00000, 0x0000000708a00000, 0x0000000708c00000|  0%| F|  |TAMS 0x0000000708a00000| PB 0x0000000708a00000| Untracked 
|  25|0x0000000708c00000, 0x0000000708c00000, 0x0000000708e00000|  0%| F|  |TAMS 0x0000000708c00000| PB 0x0000000708c00000| Untracked 
|  26|0x0000000708e00000, 0x0000000708e00000, 0x0000000709000000|  0%| F|  |TAMS 0x0000000708e00000| PB 0x0000000708e00000| Untracked 
|  27|0x0000000709000000, 0x0000000709000000, 0x0000000709200000|  0%| F|  |TAMS 0x0000000709000000| PB 0x0000000709000000| Untracked 
|  28|0x0000000709200000, 0x0000000709200000, 0x0000000709400000|  0%| F|  |TAMS 0x0000000709200000| PB 0x0000000709200000| Untracked 
|  29|0x0000000709400000, 0x0000000709400000, 0x0000000709600000|  0%| F|  |TAMS 0x0000000709400000| PB 0x0000000709400000| Untracked 
|  30|0x0000000709600000, 0x0000000709600000, 0x0000000709800000|  0%| F|  |TAMS 0x0000000709600000| PB 0x0000000709600000| Untracked 
|  31|0x0000000709800000, 0x0000000709800000, 0x0000000709a00000|  0%| F|  |TAMS 0x0000000709800000| PB 0x0000000709800000| Untracked 
|  32|0x0000000709a00000, 0x0000000709a00000, 0x0000000709c00000|  0%| F|  |TAMS 0x0000000709a00000| PB 0x0000000709a00000| Untracked 
|  33|0x0000000709c00000, 0x0000000709c00000, 0x0000000709e00000|  0%| F|  |TAMS 0x0000000709c00000| PB 0x0000000709c00000| Untracked 
|  34|0x0000000709e00000, 0x0000000709e00000, 0x000000070a000000|  0%| F|  |TAMS 0x0000000709e00000| PB 0x0000000709e00000| Untracked 
|  35|0x000000070a000000, 0x000000070a000000, 0x000000070a200000|  0%| F|  |TAMS 0x000000070a000000| PB 0x000000070a000000| Untracked 
|  36|0x000000070a200000, 0x000000070a200000, 0x000000070a400000|  0%| F|  |TAMS 0x000000070a200000| PB 0x000000070a200000| Untracked 
|  37|0x000000070a400000, 0x000000070a400000, 0x000000070a600000|  0%| F|  |TAMS 0x000000070a400000| PB 0x000000070a400000| Untracked 
|  38|0x000000070a600000, 0x000000070a600000, 0x000000070a800000|  0%| F|  |TAMS 0x000000070a600000| PB 0x000000070a600000| Untracked 
|  39|0x000000070a800000, 0x000000070a800000, 0x000000070aa00000|  0%| F|  |TAMS 0x000000070a800000| PB 0x000000070a800000| Untracked 
|  40|0x000000070aa00000, 0x000000070aa00000, 0x000000070ac00000|  0%| F|  |TAMS 0x000000070aa00000| PB 0x000000070aa00000| Untracked 
|  41|0x000000070ac00000, 0x000000070ac00000, 0x000000070ae00000|  0%| F|  |TAMS 0x000000070ac00000| PB 0x000000070ac00000| Untracked 
|  42|0x000000070ae00000, 0x000000070ae00000, 0x000000070b000000|  0%| F|  |TAMS 0x000000070ae00000| PB 0x000000070ae00000| Untracked 
|  43|0x000000070b000000, 0x000000070b000000, 0x000000070b200000|  0%| F|  |TAMS 0x000000070b000000| PB 0x000000070b000000| Untracked 
|  44|0x000000070b200000, 0x000000070b200000, 0x000000070b400000|  0%| F|  |TAMS 0x000000070b200000| PB 0x000000070b200000| Untracked 
|  45|0x000000070b400000, 0x000000070b400000, 0x000000070b600000|  0%| F|  |TAMS 0x000000070b400000| PB 0x000000070b400000| Untracked 
|  46|0x000000070b600000, 0x000000070b600000, 0x000000070b800000|  0%| F|  |TAMS 0x000000070b600000| PB 0x000000070b600000| Untracked 
|  47|0x000000070b800000, 0x000000070b800000, 0x000000070ba00000|  0%| F|  |TAMS 0x000000070b800000| PB 0x000000070b800000| Untracked 
|  48|0x000000070ba00000, 0x000000070ba00000, 0x000000070bc00000|  0%| F|  |TAMS 0x000000070ba00000| PB 0x000000070ba00000| Untracked 
|  49|0x000000070bc00000, 0x000000070bc00000, 0x000000070be00000|  0%| F|  |TAMS 0x000000070bc00000| PB 0x000000070bc00000| Untracked 
|  50|0x000000070be00000, 0x000000070be00000, 0x000000070c000000|  0%| F|  |TAMS 0x000000070be00000| PB 0x000000070be00000| Untracked 
|  51|0x000000070c000000, 0x000000070c000000, 0x000000070c200000|  0%| F|  |TAMS 0x000000070c000000| PB 0x000000070c000000| Untracked 
|  52|0x000000070c200000, 0x000000070c200000, 0x000000070c400000|  0%| F|  |TAMS 0x000000070c200000| PB 0x000000070c200000| Untracked 
|  53|0x000000070c400000, 0x000000070c400000, 0x000000070c600000|  0%| F|  |TAMS 0x000000070c400000| PB 0x000000070c400000| Untracked 
|  54|0x000000070c600000, 0x000000070c600000, 0x000000070c800000|  0%| F|  |TAMS 0x000000070c600000| PB 0x000000070c600000| Untracked 
|  55|0x000000070c800000, 0x000000070c800000, 0x000000070ca00000|  0%| F|  |TAMS 0x000000070c800000| PB 0x000000070c800000| Untracked 
|  56|0x000000070ca00000, 0x000000070ca00000, 0x000000070cc00000|  0%| F|  |TAMS 0x000000070ca00000| PB 0x000000070ca00000| Untracked 
|  57|0x000000070cc00000, 0x000000070cc00000, 0x000000070ce00000|  0%| F|  |TAMS 0x000000070cc00000| PB 0x000000070cc00000| Untracked 
|  58|0x000000070ce00000, 0x000000070ce00000, 0x000000070d000000|  0%| F|  |TAMS 0x000000070ce00000| PB 0x000000070ce00000| Untracked 
|  59|0x000000070d000000, 0x000000070d000000, 0x000000070d200000|  0%| F|  |TAMS 0x000000070d000000| PB 0x000000070d000000| Untracked 
|  60|0x000000070d200000, 0x000000070d200000, 0x000000070d400000|  0%| F|  |TAMS 0x000000070d200000| PB 0x000000070d200000| Untracked 
|  61|0x000000070d400000, 0x000000070d400000, 0x000000070d600000|  0%| F|  |TAMS 0x000000070d400000| PB 0x000000070d400000| Untracked 
|  62|0x000000070d600000, 0x000000070d600000, 0x000000070d800000|  0%| F|  |TAMS 0x000000070d600000| PB 0x000000070d600000| Untracked 
|  63|0x000000070d800000, 0x000000070d800000, 0x000000070da00000|  0%| F|  |TAMS 0x000000070d800000| PB 0x000000070d800000| Untracked 
|  64|0x000000070da00000, 0x000000070da00000, 0x000000070dc00000|  0%| F|  |TAMS 0x000000070da00000| PB 0x000000070da00000| Untracked 
|  65|0x000000070dc00000, 0x000000070dc00000, 0x000000070de00000|  0%| F|  |TAMS 0x000000070dc00000| PB 0x000000070dc00000| Untracked 
|  66|0x000000070de00000, 0x000000070de00000, 0x000000070e000000|  0%| F|  |TAMS 0x000000070de00000| PB 0x000000070de00000| Untracked 
|  67|0x000000070e000000, 0x000000070e000000, 0x000000070e200000|  0%| F|  |TAMS 0x000000070e000000| PB 0x000000070e000000| Untracked 
|  68|0x000000070e200000, 0x000000070e200000, 0x000000070e400000|  0%| F|  |TAMS 0x000000070e200000| PB 0x000000070e200000| Untracked 
|  69|0x000000070e400000, 0x000000070e400000, 0x000000070e600000|  0%| F|  |TAMS 0x000000070e400000| PB 0x000000070e400000| Untracked 
|  70|0x000000070e600000, 0x000000070e600000, 0x000000070e800000|  0%| F|  |TAMS 0x000000070e600000| PB 0x000000070e600000| Untracked 
|  71|0x000000070e800000, 0x000000070e800000, 0x000000070ea00000|  0%| F|  |TAMS 0x000000070e800000| PB 0x000000070e800000| Untracked 
|  72|0x000000070ea00000, 0x000000070ea00000, 0x000000070ec00000|  0%| F|  |TAMS 0x000000070ea00000| PB 0x000000070ea00000| Untracked 
|  73|0x000000070ec00000, 0x000000070ec00000, 0x000000070ee00000|  0%| F|  |TAMS 0x000000070ec00000| PB 0x000000070ec00000| Untracked 
|  74|0x000000070ee00000, 0x000000070ee00000, 0x000000070f000000|  0%| F|  |TAMS 0x000000070ee00000| PB 0x000000070ee00000| Untracked 
|  75|0x000000070f000000, 0x000000070f000000, 0x000000070f200000|  0%| F|  |TAMS 0x000000070f000000| PB 0x000000070f000000| Untracked 
|  76|0x000000070f200000, 0x000000070f200000, 0x000000070f400000|  0%| F|  |TAMS 0x000000070f200000| PB 0x000000070f200000| Untracked 
|  77|0x000000070f400000, 0x000000070f400000, 0x000000070f600000|  0%| F|  |TAMS 0x000000070f400000| PB 0x000000070f400000| Untracked 
|  78|0x000000070f600000, 0x000000070f600000, 0x000000070f800000|  0%| F|  |TAMS 0x000000070f600000| PB 0x000000070f600000| Untracked 
|  79|0x000000070f800000, 0x000000070f800000, 0x000000070fa00000|  0%| F|  |TAMS 0x000000070f800000| PB 0x000000070f800000| Untracked 
|  80|0x000000070fa00000, 0x000000070fa00000, 0x000000070fc00000|  0%| F|  |TAMS 0x000000070fa00000| PB 0x000000070fa00000| Untracked 
|  81|0x000000070fc00000, 0x000000070fc00000, 0x000000070fe00000|  0%| F|  |TAMS 0x000000070fc00000| PB 0x000000070fc00000| Untracked 
|  82|0x000000070fe00000, 0x000000070fe00000, 0x0000000710000000|  0%| F|  |TAMS 0x000000070fe00000| PB 0x000000070fe00000| Untracked 
|  83|0x0000000710000000, 0x0000000710000000, 0x0000000710200000|  0%| F|  |TAMS 0x0000000710000000| PB 0x0000000710000000| Untracked 
|  84|0x0000000710200000, 0x0000000710200000, 0x0000000710400000|  0%| F|  |TAMS 0x0000000710200000| PB 0x0000000710200000| Untracked 
|  85|0x0000000710400000, 0x0000000710400000, 0x0000000710600000|  0%| F|  |TAMS 0x0000000710400000| PB 0x0000000710400000| Untracked 
|  86|0x0000000710600000, 0x0000000710600000, 0x0000000710800000|  0%| F|  |TAMS 0x0000000710600000| PB 0x0000000710600000| Untracked 
|  87|0x0000000710800000, 0x0000000710800000, 0x0000000710a00000|  0%| F|  |TAMS 0x0000000710800000| PB 0x0000000710800000| Untracked 
|  88|0x0000000710a00000, 0x0000000710a00000, 0x0000000710c00000|  0%| F|  |TAMS 0x0000000710a00000| PB 0x0000000710a00000| Untracked 
|  89|0x0000000710c00000, 0x0000000710c00000, 0x0000000710e00000|  0%| F|  |TAMS 0x0000000710c00000| PB 0x0000000710c00000| Untracked 
|  90|0x0000000710e00000, 0x0000000710e00000, 0x0000000711000000|  0%| F|  |TAMS 0x0000000710e00000| PB 0x0000000710e00000| Untracked 
|  91|0x0000000711000000, 0x0000000711000000, 0x0000000711200000|  0%| F|  |TAMS 0x0000000711000000| PB 0x0000000711000000| Untracked 
|  92|0x0000000711200000, 0x0000000711200000, 0x0000000711400000|  0%| F|  |TAMS 0x0000000711200000| PB 0x0000000711200000| Untracked 
|  93|0x0000000711400000, 0x0000000711400000, 0x0000000711600000|  0%| F|  |TAMS 0x0000000711400000| PB 0x0000000711400000| Untracked 
|  94|0x0000000711600000, 0x0000000711600000, 0x0000000711800000|  0%| F|  |TAMS 0x0000000711600000| PB 0x0000000711600000| Untracked 
|  95|0x0000000711800000, 0x0000000711800000, 0x0000000711a00000|  0%| F|  |TAMS 0x0000000711800000| PB 0x0000000711800000| Untracked 
|  96|0x0000000711a00000, 0x0000000711a00000, 0x0000000711c00000|  0%| F|  |TAMS 0x0000000711a00000| PB 0x0000000711a00000| Untracked 
|  97|0x0000000711c00000, 0x0000000711c00000, 0x0000000711e00000|  0%| F|  |TAMS 0x0000000711c00000| PB 0x0000000711c00000| Untracked 
|  98|0x0000000711e00000, 0x0000000711e00000, 0x0000000712000000|  0%| F|  |TAMS 0x0000000711e00000| PB 0x0000000711e00000| Untracked 
|  99|0x0000000712000000, 0x0000000712000000, 0x0000000712200000|  0%| F|  |TAMS 0x0000000712000000| PB 0x0000000712000000| Untracked 
| 100|0x0000000712200000, 0x0000000712200000, 0x0000000712400000|  0%| F|  |TAMS 0x0000000712200000| PB 0x0000000712200000| Untracked 
| 101|0x0000000712400000, 0x0000000712400000, 0x0000000712600000|  0%| F|  |TAMS 0x0000000712400000| PB 0x0000000712400000| Untracked 
| 102|0x0000000712600000, 0x0000000712600000, 0x0000000712800000|  0%| F|  |TAMS 0x0000000712600000| PB 0x0000000712600000| Untracked 
| 103|0x0000000712800000, 0x00000007129c9370, 0x0000000712a00000| 89%| E|  |TAMS 0x0000000712800000| PB 0x0000000712800000| Complete 
| 104|0x0000000712a00000, 0x0000000712c00000, 0x0000000712c00000|100%| E|CS|TAMS 0x0000000712a00000| PB 0x0000000712a00000| Complete 
| 105|0x0000000712c00000, 0x0000000712e00000, 0x0000000712e00000|100%| E|CS|TAMS 0x0000000712c00000| PB 0x0000000712c00000| Complete 
| 106|0x0000000712e00000, 0x0000000713000000, 0x0000000713000000|100%| E|CS|TAMS 0x0000000712e00000| PB 0x0000000712e00000| Complete 
| 107|0x0000000713000000, 0x0000000713200000, 0x0000000713200000|100%| E|CS|TAMS 0x0000000713000000| PB 0x0000000713000000| Complete 
| 108|0x0000000713200000, 0x0000000713400000, 0x0000000713400000|100%| E|CS|TAMS 0x0000000713200000| PB 0x0000000713200000| Complete 
| 109|0x0000000713400000, 0x0000000713600000, 0x0000000713600000|100%| E|CS|TAMS 0x0000000713400000| PB 0x0000000713400000| Complete 
| 110|0x0000000713600000, 0x0000000713800000, 0x0000000713800000|100%| E|CS|TAMS 0x0000000713600000| PB 0x0000000713600000| Complete 
| 111|0x0000000713800000, 0x0000000713a00000, 0x0000000713a00000|100%| E|CS|TAMS 0x0000000713800000| PB 0x0000000713800000| Complete 
| 112|0x0000000713a00000, 0x0000000713bffff8, 0x0000000713c00000| 99%| S|CS|TAMS 0x0000000713a00000| PB 0x0000000713a00000| Complete 
| 113|0x0000000713c00000, 0x0000000713e00000, 0x0000000713e00000|100%| E|CS|TAMS 0x0000000713c00000| PB 0x0000000713c00000| Complete 
| 114|0x0000000713e00000, 0x0000000714000000, 0x0000000714000000|100%| E|CS|TAMS 0x0000000713e00000| PB 0x0000000713e00000| Complete 
| 115|0x0000000714000000, 0x0000000714200000, 0x0000000714200000|100%| S|CS|TAMS 0x0000000714000000| PB 0x0000000714000000| Complete 
| 116|0x0000000714200000, 0x0000000714400000, 0x0000000714400000|100%| E|CS|TAMS 0x0000000714200000| PB 0x0000000714200000| Complete 
| 117|0x0000000714400000, 0x0000000714600000, 0x0000000714600000|100%| E|CS|TAMS 0x0000000714400000| PB 0x0000000714400000| Complete 
| 118|0x0000000714600000, 0x0000000714800000, 0x0000000714800000|100%| E|CS|TAMS 0x0000000714600000| PB 0x0000000714600000| Complete 
| 119|0x0000000714800000, 0x0000000714a00000, 0x0000000714a00000|100%| E|CS|TAMS 0x0000000714800000| PB 0x0000000714800000| Complete 
| 120|0x0000000714a00000, 0x0000000714c00000, 0x0000000714c00000|100%| E|CS|TAMS 0x0000000714a00000| PB 0x0000000714a00000| Complete 
| 121|0x0000000714c00000, 0x0000000714e00000, 0x0000000714e00000|100%| E|CS|TAMS 0x0000000714c00000| PB 0x0000000714c00000| Complete 
| 122|0x0000000714e00000, 0x0000000715000000, 0x0000000715000000|100%| E|CS|TAMS 0x0000000714e00000| PB 0x0000000714e00000| Complete 
| 123|0x0000000715000000, 0x0000000715200000, 0x0000000715200000|100%| E|CS|TAMS 0x0000000715000000| PB 0x0000000715000000| Complete 
| 124|0x0000000715200000, 0x0000000715400000, 0x0000000715400000|100%| E|CS|TAMS 0x0000000715200000| PB 0x0000000715200000| Complete 
| 125|0x0000000715400000, 0x0000000715600000, 0x0000000715600000|100%| E|CS|TAMS 0x0000000715400000| PB 0x0000000715400000| Complete 

Card table byte_map: [0x000001d6dd860000,0x000001d6de040000] _byte_map_base: 0x000001d6da033000

Marking Bits: (CMBitMap*) 0x000001d6c5757710
 Bits: [0x000001d6de040000, 0x000001d6e1ed8000)

Polling page: 0x000001d6c36e0000

Metaspace:

Usage:
  Non-class:     14.73 MB used.
      Class:      2.06 MB used.
       Both:     16.79 MB used.

Virtual space:
  Non-class space:       64.00 MB reserved,      14.88 MB ( 23%) committed,  1 nodes.
      Class space:        1.00 GB reserved,       2.19 MB ( <1%) committed,  1 nodes.
             Both:        1.06 GB reserved,      17.06 MB (  2%) committed. 

Chunk freelists:
   Non-Class:  912.00 KB
       Class:  13.80 MB
        Both:  14.69 MB

MaxMetaspaceSize: unlimited
CompressedClassSpaceSize: 1.00 GB
Initial GC threshold: 21.00 MB
Current GC threshold: 21.00 MB
CDS: on
 - commit_granule_bytes: 65536.
 - commit_granule_words: 8192.
 - virtual_space_node_default_size: 8388608.
 - enlarge_chunks_in_place: 1.
 - use_allocation_guard: 0.


Internal statistics:

num_allocs_failed_limit: 0.
num_arena_births: 298.
num_arena_deaths: 0.
num_vsnodes_births: 2.
num_vsnodes_deaths: 0.
num_space_committed: 273.
num_space_uncommitted: 0.
num_chunks_returned_to_freelist: 0.
num_chunks_taken_from_freelist: 833.
num_chunk_merges: 0.
num_chunk_splits: 563.
num_chunks_enlarged: 410.
num_inconsistent_stats: 0.

CodeHeap 'non-profiled nmethods': size=120000Kb used=979Kb max_used=979Kb free=119020Kb
 bounds [0x000001d6d5600000, 0x000001d6d5870000, 0x000001d6dcb30000]
CodeHeap 'profiled nmethods': size=120000Kb used=4467Kb max_used=4467Kb free=115532Kb
 bounds [0x000001d6cdb30000, 0x000001d6cdf90000, 0x000001d6d5060000]
CodeHeap 'non-nmethods': size=5760Kb used=1428Kb max_used=1445Kb free=4331Kb
 bounds [0x000001d6d5060000, 0x000001d6d52d0000, 0x000001d6d5600000]
 total_blobs=2794 nmethods=2278 adapters=420
 compilation: enabled
              stopped_count=0, restarted_count=0
 full_count=0

Compilation events (20 events):
Event: 1.206 Thread 0x000001d6e4b5ac90 2221       4       java.util.jar.JarFile::maybeInstantiateVerifier (42 bytes)
Event: 1.206 Thread 0x000001d6e4b5b340 2222       3       java.util.concurrent.ConcurrentMap::computeIfAbsent (51 bytes)
Event: 1.207 Thread 0x000001d6e4b5b340 nmethod 2222 0x000001d6cdf66910 code [0x000001d6cdf66b20, 0x000001d6cdf67100]
Event: 1.207 Thread 0x000001d6e4b5b340 2224       3       java.lang.PublicMethods$MethodList::<init> (10 bytes)
Event: 1.207 Thread 0x000001d6e4b5b340 nmethod 2224 0x000001d6cdf67290 code [0x000001d6cdf67440, 0x000001d6cdf67600]
Event: 1.207 Thread 0x000001d6e4b5b340 2225       3       jdk.internal.org.objectweb.asm.Frame::merge (395 bytes)
Event: 1.208 Thread 0x000001d6e4b5b340 nmethod 2225 0x000001d6cdf67690 code [0x000001d6cdf67940, 0x000001d6cdf687e0]
Event: 1.208 Thread 0x000001d6e4b5b340 2227   !   3       java.util.concurrent.ConcurrentHashMap::transfer (849 bytes)
Event: 1.210 Thread 0x000001d6e4b5b340 nmethod 2227 0x000001d6cdf68e10 code [0x000001d6cdf69280, 0x000001d6cdf6baf8]
Event: 1.210 Thread 0x000001d6e4b5b340 2230       3       org.springframework.core.annotation.AttributeMethods::get (7 bytes)
Event: 1.210 Thread 0x000001d6e4b5b340 nmethod 2230 0x000001d6cdf6d290 code [0x000001d6cdf6d440, 0x000001d6cdf6d580]
Event: 1.210 Thread 0x000001d6e4b5b340 2226       3       jdk.internal.org.objectweb.asm.Frame::getConcreteOutputType (111 bytes)
Event: 1.210 Thread 0x000001d6e4b5b340 nmethod 2226 0x000001d6cdf6d690 code [0x000001d6cdf6d860, 0x000001d6cdf6dc50]
Event: 1.210 Thread 0x000001d6e4b5b340 2231       3       java.lang.StringBuilder::append (8 bytes)
Event: 1.210 Thread 0x000001d6e4b5b340 nmethod 2231 0x000001d6cdf6dd90 code [0x000001d6cdf6df40, 0x000001d6cdf6e090]
Event: 1.210 Thread 0x000001d6e4b5b340 2228       1       java.util.Collections$SingletonList::size (2 bytes)
Event: 1.210 Thread 0x000001d6e4b5b340 nmethod 2228 0x000001d6d56f0190 code [0x000001d6d56f0320, 0x000001d6d56f03e8]
Event: 1.210 Thread 0x000001d6e4b5b340 2232       3       org.springframework.asm.ClassReader::readUtf (44 bytes)
Event: 1.210 Thread 0x000001d6e4b5b340 nmethod 2232 0x000001d6cdf6e110 code [0x000001d6cdf6e300, 0x000001d6cdf6e728]
Event: 1.210 Thread 0x000001d6e4b5b340 2234       3       org.springframework.asm.ClassReader::readUtf (161 bytes)

GC Heap History (4 events):
Event: 0.456 GC heap before
{Heap before GC invocations=0 (full 0):
 garbage-first heap   total 258048K, used 22528K [0x0000000705a00000, 0x0000000800000000)
  region size 2048K, 11 young (22528K), 0 survivors (0K)
 Metaspace       used 2495K, committed 2624K, reserved 1114112K
  class space    used 250K, committed 320K, reserved 1048576K
}
Event: 0.461 GC heap after
{Heap after GC invocations=1 (full 0):
 garbage-first heap   total 258048K, used 9471K [0x0000000705a00000, 0x0000000800000000)
  region size 2048K, 2 young (4096K), 2 survivors (4096K)
 Metaspace       used 2495K, committed 2624K, reserved 1114112K
  class space    used 250K, committed 320K, reserved 1048576K
}
Event: 0.749 GC heap before
{Heap before GC invocations=1 (full 0):
 garbage-first heap   total 258048K, used 27903K [0x0000000705a00000, 0x0000000800000000)
  region size 2048K, 12 young (24576K), 2 survivors (4096K)
 Metaspace       used 7300K, committed 7552K, reserved 1114112K
  class space    used 815K, committed 960K, reserved 1048576K
}
Event: 0.754 GC heap after
{Heap after GC invocations=2 (full 0):
 garbage-first heap   total 258048K, used 13955K [0x0000000705a00000, 0x0000000800000000)
  region size 2048K, 2 young (4096K), 2 survivors (4096K)
 Metaspace       used 7300K, committed 7552K, reserved 1114112K
  class space    used 815K, committed 960K, reserved 1048576K
}

Dll operation events (6 events):
Event: 0.006 Loaded shared library C:\Program Files\Java\jdk-21\bin\java.dll
Event: 0.030 Loaded shared library C:\Program Files\Java\jdk-21\bin\jsvml.dll
Event: 0.075 Loaded shared library C:\Program Files\Java\jdk-21\bin\net.dll
Event: 0.076 Loaded shared library C:\Program Files\Java\jdk-21\bin\nio.dll
Event: 0.079 Loaded shared library C:\Program Files\Java\jdk-21\bin\zip.dll
Event: 0.296 Loaded shared library C:\Program Files\Java\jdk-21\bin\jimage.dll

Deoptimization events (20 events):
Event: 1.114 Thread 0x000001d6c35a3bd0 Uncommon trap: trap_request=0xffffffde fr.pc=0x000001d6d56d9918 relative=0x0000000000000078
Event: 1.114 Thread 0x000001d6c35a3bd0 Uncommon trap: reason=class_check action=maybe_recompile pc=0x000001d6d56d9918 method=java.util.LinkedHashMap.afterNodeInsertion(Z)V @ 15 c2
Event: 1.114 Thread 0x000001d6c35a3bd0 DEOPT PACKING pc=0x000001d6d56d9918 sp=0x000000cab3bfe1d0
Event: 1.114 Thread 0x000001d6c35a3bd0 DEOPT UNPACKING pc=0x000001d6d50b46a2 sp=0x000000cab3bfe148 mode 2
Event: 1.114 Thread 0x000001d6c35a3bd0 Uncommon trap: trap_request=0xffffffde fr.pc=0x000001d6d56d9918 relative=0x0000000000000078
Event: 1.114 Thread 0x000001d6c35a3bd0 Uncommon trap: reason=class_check action=maybe_recompile pc=0x000001d6d56d9918 method=java.util.LinkedHashMap.afterNodeInsertion(Z)V @ 15 c2
Event: 1.114 Thread 0x000001d6c35a3bd0 DEOPT PACKING pc=0x000001d6d56d9918 sp=0x000000cab3bfe1d0
Event: 1.114 Thread 0x000001d6c35a3bd0 DEOPT UNPACKING pc=0x000001d6d50b46a2 sp=0x000000cab3bfe148 mode 2
Event: 1.131 Thread 0x000001d6c35a3bd0 Uncommon trap: trap_request=0xffffff45 fr.pc=0x000001d6d568f5c0 relative=0x0000000000000760
Event: 1.131 Thread 0x000001d6c35a3bd0 Uncommon trap: reason=unstable_if action=reinterpret pc=0x000001d6d568f5c0 method=java.util.ArrayList.grow(I)[Ljava/lang/Object; @ 17 c2
Event: 1.131 Thread 0x000001d6c35a3bd0 DEOPT PACKING pc=0x000001d6d568f5c0 sp=0x000000cab3bfe340
Event: 1.131 Thread 0x000001d6c35a3bd0 DEOPT UNPACKING pc=0x000001d6d50b46a2 sp=0x000000cab3bfe1d8 mode 2
Event: 1.144 Thread 0x000001d6ea2aad10 Uncommon trap: trap_request=0xffffff45 fr.pc=0x000001d6d56e9efc relative=0x0000000000000c7c
Event: 1.144 Thread 0x000001d6ea2aad10 Uncommon trap: reason=unstable_if action=reinterpret pc=0x000001d6d56e9efc method=java.util.concurrent.ConcurrentHashMap.putVal(Ljava/lang/Object;Ljava/lang/Object;Z)Ljava/lang/Object; @ 112 c2
Event: 1.144 Thread 0x000001d6ea2aad10 DEOPT PACKING pc=0x000001d6d56e9efc sp=0x000000cab54fd1c0
Event: 1.144 Thread 0x000001d6ea2aad10 DEOPT UNPACKING pc=0x000001d6d50b46a2 sp=0x000000cab54fd140 mode 2
Event: 1.155 Thread 0x000001d6c35a3bd0 Uncommon trap: trap_request=0xffffffc6 fr.pc=0x000001d6d56cfe64 relative=0x0000000000000384
Event: 1.155 Thread 0x000001d6c35a3bd0 Uncommon trap: reason=bimorphic_or_optimized_type_check action=maybe_recompile pc=0x000001d6d56cfe64 method=java.util.HashMap.getNode(Ljava/lang/Object;)Ljava/util/HashMap$Node; @ 128 c2
Event: 1.155 Thread 0x000001d6c35a3bd0 DEOPT PACKING pc=0x000001d6d56cfe64 sp=0x000000cab3bfda70
Event: 1.155 Thread 0x000001d6c35a3bd0 DEOPT UNPACKING pc=0x000001d6d50b46a2 sp=0x000000cab3bfd988 mode 2

Classes loaded (20 events):
Event: 1.156 Loading class com/sun/beans/WeakCache
Event: 1.156 Loading class com/sun/beans/WeakCache done
Event: 1.156 Loading class com/sun/beans/WildcardTypeImpl
Event: 1.157 Loading class com/sun/beans/WildcardTypeImpl done
Event: 1.172 Loading class java/util/Collections$ReverseComparator
Event: 1.172 Loading class java/util/Collections$ReverseComparator done
Event: 1.172 Loading class java/util/Comparators$NaturalOrderComparator
Event: 1.172 Loading class java/util/Comparators$NaturalOrderComparator done
Event: 1.172 Loading class java/util/Collections$ReverseComparator2
Event: 1.172 Loading class java/util/Collections$ReverseComparator2 done
Event: 1.173 Loading class java/util/stream/SortedOps
Event: 1.173 Loading class java/util/stream/SortedOps done
Event: 1.173 Loading class java/util/stream/SortedOps$OfRef
Event: 1.173 Loading class java/util/stream/SortedOps$OfRef done
Event: 1.173 Loading class java/util/stream/SortedOps$RefSortingSink
Event: 1.173 Loading class java/util/stream/SortedOps$AbstractRefSortingSink
Event: 1.173 Loading class java/util/stream/SortedOps$AbstractRefSortingSink done
Event: 1.173 Loading class java/util/stream/SortedOps$RefSortingSink done
Event: 1.186 Loading class java/lang/AssertionError
Event: 1.186 Loading class java/lang/AssertionError done

Classes unloaded (0 events):
No events

Classes redefined (0 events):
No events

Internal exceptions (20 events):
Event: 0.846 Thread 0x000001d6c35a3bd0 Exception <a 'java/lang/NoSuchMethodError'{0x00000007151ae5a0}: 'java.lang.Object java.lang.invoke.DirectMethodHandle$Holder.invokeSpecial(java.lang.Object, java.lang.Object, java.lang.Object, java.lang.Object, java.lang.Object, java.lang.Object, java.lang.Object, int)'> (0x00000007151ae5a0) 
thrown [s\open\src\hotspot\share\interpreter\linkResolver.cpp, line 773]
Event: 0.860 Thread 0x000001d6c35a3bd0 Exception <a 'java/lang/NoSuchMethodError'{0x0000000714e9a5e8}: 'int java.lang.invoke.DirectMethodHandle$Holder.invokeInterface(java.lang.Object, java.lang.Object)'> (0x0000000714e9a5e8) 
thrown [s\open\src\hotspot\share\interpreter\linkResolver.cpp, line 773]
Event: 0.862 Thread 0x000001d6c35a3bd0 Exception <a 'java/lang/NoSuchMethodError'{0x0000000714ebc878}: 'void java.lang.invoke.DirectMethodHandle$Holder.invokeSpecial(java.lang.Object, java.lang.Object, java.lang.Object, java.lang.Object, java.lang.Object)'> (0x0000000714ebc878) 
thrown [s\open\src\hotspot\share\interpreter\linkResolver.cpp, line 773]
Event: 0.896 Thread 0x000001d6c35a3bd0 Exception <a 'java/lang/NoSuchMethodError'{0x0000000714fbc608}: 'java.lang.Object java.lang.invoke.DirectMethodHandle$Holder.invokeSpecial(java.lang.Object, java.lang.Object, java.lang.Object, int, java.lang.Object)'> (0x0000000714fbc608) 
thrown [s\open\src\hotspot\share\interpreter\linkResolver.cpp, line 773]
Event: 0.897 Thread 0x000001d6c35a3bd0 Exception <a 'java/lang/NoSuchMethodError'{0x0000000714fc3ef8}: 'java.lang.Object java.lang.invoke.DirectMethodHandle$Holder.newInvokeSpecial(java.lang.Object, java.lang.Object, java.lang.Object, int, java.lang.Object)'> (0x0000000714fc3ef8) 
thrown [s\open\src\hotspot\share\interpreter\linkResolver.cpp, line 773]
Event: 0.897 Thread 0x000001d6c35a3bd0 Exception <a 'java/lang/NoSuchMethodError'{0x0000000714fcb3b0}: 'java.lang.Object java.lang.invoke.Invokers$Holder.linkToTargetMethod(java.lang.Object, java.lang.Object, int, java.lang.Object, java.lang.Object)'> (0x0000000714fcb3b0) 
thrown [s\open\src\hotspot\share\interpreter\linkResolver.cpp, line 773]
Event: 0.897 Thread 0x000001d6c35a3bd0 Exception <a 'java/lang/NoSuchMethodError'{0x0000000714fd9900}: 'java.lang.Object java.lang.invoke.DirectMethodHandle$Holder.newInvokeSpecial(java.lang.Object, int, java.lang.Object)'> (0x0000000714fd9900) 
thrown [s\open\src\hotspot\share\interpreter\linkResolver.cpp, line 773]
Event: 0.898 Thread 0x000001d6c35a3bd0 Exception <a 'java/lang/NoSuchMethodError'{0x0000000714fde560}: 'int java.lang.invoke.DirectMethodHandle$Holder.invokeSpecialIFC(java.lang.Object, java.lang.Object, java.lang.Object, java.lang.Object)'> (0x0000000714fde560) 
thrown [s\open\src\hotspot\share\interpreter\linkResolver.cpp, line 773]
Event: 0.913 Thread 0x000001d6c35a3bd0 Exception <a 'java/lang/NoSuchMethodError'{0x0000000714cdae38}: 'void java.lang.invoke.DirectMethodHandle$Holder.invokeInterface(java.lang.Object, java.lang.Object, java.lang.Object)'> (0x0000000714cdae38) 
thrown [s\open\src\hotspot\share\interpreter\linkResolver.cpp, line 773]
Event: 0.925 Thread 0x000001d6c35a3bd0 Exception <a 'java/lang/NoSuchMethodError'{0x0000000714d67f18}: 'java.lang.reflect.Field[] java.lang.Class.getDeclaredFields(java.lang.Class)'> (0x0000000714d67f18) 
thrown [s\open\src\hotspot\share\interpreter\linkResolver.cpp, line 773]
Event: 0.925 Thread 0x000001d6c35a3bd0 Exception <a 'java/lang/NoSuchMethodError'{0x0000000714d6cac8}: 'java.lang.Object java.lang.invoke.DirectMethodHandle$Holder.invokeStatic(java.lang.Object, java.lang.Object, int)'> (0x0000000714d6cac8) 
thrown [s\open\src\hotspot\share\interpreter\linkResolver.cpp, line 773]
Event: 0.926 Thread 0x000001d6c35a3bd0 Exception <a 'java/lang/NoSuchMethodError'{0x0000000714d77c48}: 'void java.lang.invoke.DelegatingMethodHandle$Holder.delegate(java.lang.Object, java.lang.Object, int, java.lang.Object)'> (0x0000000714d77c48) 
thrown [s\open\src\hotspot\share\interpreter\linkResolver.cpp, line 773]
Event: 0.951 Thread 0x000001d6c35a3bd0 Exception <a 'java/lang/NoSuchMethodError'{0x0000000714a5fb28}: 'void java.lang.invoke.DirectMethodHandle$Holder.invokeSpecial(java.lang.Object, java.lang.Object, java.lang.Object)'> (0x0000000714a5fb28) 
thrown [s\open\src\hotspot\share\interpreter\linkResolver.cpp, line 773]
Event: 0.956 Thread 0x000001d6c35a3bd0 Exception <a 'java/lang/NoSuchMethodError'{0x0000000714b7e860}: 'java.lang.Object java.lang.invoke.DirectMethodHandle$Holder.newInvokeSpecial(java.lang.Object, java.lang.Object, int, java.lang.Object)'> (0x0000000714b7e860) 
thrown [s\open\src\hotspot\share\interpreter\linkResolver.cpp, line 773]
Event: 0.957 Thread 0x000001d6c35a3bd0 Exception <a 'java/lang/NoSuchMethodError'{0x0000000714b87e18}: 'void java.lang.invoke.DirectMethodHandle$Holder.invokeSpecial(java.lang.Object, java.lang.Object, java.lang.Object, java.lang.Object, java.lang.Object, java.lang.Object)'> (0x0000000714b87e18) 
thrown [s\open\src\hotspot\share\interpreter\linkResolver.cpp, line 773]
Event: 0.958 Thread 0x000001d6c35a3bd0 Exception <a 'java/lang/NoSuchMethodError'{0x0000000714ba3b30}: 'java.lang.Object java.lang.invoke.DirectMethodHandle$Holder.newInvokeSpecial(java.lang.Object, java.lang.Object, java.lang.Object, java.lang.Object, java.lang.Object, java.lang.Object)'> (0x0000000714ba3b30) 
thrown [s\open\src\hotspot\share\interpreter\linkResolver.cpp, line 773]
Event: 0.960 Thread 0x000001d6c35a3bd0 Exception <a 'java/lang/NoSuchMethodError'{0x0000000714bb0bd8}: 'int java.lang.invoke.DirectMethodHandle$Holder.invokeVirtual(java.lang.Object, java.lang.Object)'> (0x0000000714bb0bd8) 
thrown [s\open\src\hotspot\share\interpreter\linkResolver.cpp, line 773]
Event: 0.974 Thread 0x000001d6c35a3bd0 Exception <a 'java/lang/NoSuchMethodError'{0x000000071487fd40}: 'void java.lang.invoke.DirectMethodHandle$Holder.invokeStaticInit(java.lang.Object, java.lang.Object, java.lang.Object)'> (0x000000071487fd40) 
thrown [s\open\src\hotspot\share\interpreter\linkResolver.cpp, line 773]
Event: 0.983 Thread 0x000001d6c35a3bd0 Exception <a 'java/lang/NoSuchMethodError'{0x000000071490c8a8}: 'void java.lang.invoke.DirectMethodHandle$Holder.invokeVirtual(java.lang.Object, java.lang.Object, java.lang.Object, java.lang.Object)'> (0x000000071490c8a8) 
thrown [s\open\src\hotspot\share\interpreter\linkResolver.cpp, line 773]
Event: 1.033 Thread 0x000001d6c35a3bd0 Exception <a 'java/lang/NoSuchMethodError'{0x0000000714456aa0}: 'void java.lang.invoke.DirectMethodHandle$Holder.invokeStatic(java.lang.Object, java.lang.Object, int)'> (0x0000000714456aa0) 
thrown [s\open\src\hotspot\share\interpreter\linkResolver.cpp, line 773]

ZGC Phase Switch (0 events):
No events

VM Operations (20 events):
Event: 0.925 Executing VM operation: HandshakeAllThreads (Deoptimize)
Event: 0.925 Executing VM operation: HandshakeAllThreads (Deoptimize) done
Event: 0.937 Executing VM operation: HandshakeAllThreads (Deoptimize)
Event: 0.937 Executing VM operation: HandshakeAllThreads (Deoptimize) done
Event: 0.965 Executing VM operation: ICBufferFull
Event: 0.965 Executing VM operation: ICBufferFull done
Event: 1.021 Executing VM operation: HandshakeAllThreads (Deoptimize)
Event: 1.021 Executing VM operation: HandshakeAllThreads (Deoptimize) done
Event: 1.023 Executing VM operation: HandshakeAllThreads (Deoptimize)
Event: 1.023 Executing VM operation: HandshakeAllThreads (Deoptimize) done
Event: 1.023 Executing VM operation: HandshakeAllThreads (Deoptimize)
Event: 1.023 Executing VM operation: HandshakeAllThreads (Deoptimize) done
Event: 1.033 Executing VM operation: HandshakeAllThreads (Deoptimize)
Event: 1.033 Executing VM operation: HandshakeAllThreads (Deoptimize) done
Event: 1.113 Executing VM operation: HandshakeAllThreads (Deoptimize)
Event: 1.113 Executing VM operation: HandshakeAllThreads (Deoptimize) done
Event: 1.131 Executing VM operation: HandshakeAllThreads (Deoptimize)
Event: 1.131 Executing VM operation: HandshakeAllThreads (Deoptimize) done
Event: 1.165 Executing VM operation: HandshakeAllThreads (Deoptimize)
Event: 1.165 Executing VM operation: HandshakeAllThreads (Deoptimize) done

Events (15 events):
Event: 0.018 Thread 0x000001d6c35a3bd0 Thread added: 0x000001d6c35a3bd0
Event: 0.028 Thread 0x000001d6e4b4a150 Thread added: 0x000001d6e4b4a150
Event: 0.028 Thread 0x000001d6e4b4b070 Thread added: 0x000001d6e4b4b070
Event: 0.028 Thread 0x000001d6e4b4ed50 Thread added: 0x000001d6e4b4ed50
Event: 0.028 Thread 0x000001d6e4b4f7b0 Thread added: 0x000001d6e4b4f7b0
Event: 0.028 Thread 0x000001d6e4b50c10 Thread added: 0x000001d6e4b50c10
Event: 0.028 Thread 0x000001d6e4b518d0 Thread added: 0x000001d6e4b518d0
Event: 0.028 Thread 0x000001d6e4b5ac90 Thread added: 0x000001d6e4b5ac90
Event: 0.029 Thread 0x000001d6e4b5b340 Thread added: 0x000001d6e4b5b340
Event: 0.070 Thread 0x000001d6e9183d70 Thread added: 0x000001d6e9183d70
Event: 0.072 Thread 0x000001d6e918c4e0 Thread added: 0x000001d6e918c4e0
Event: 0.100 Thread 0x000001d6e91893f0 Thread added: 0x000001d6e91893f0
Event: 0.943 Thread 0x000001d6ea194060 Thread added: 0x000001d6ea194060
Event: 0.950 Thread 0x000001d6ea194060 Thread exited: 0x000001d6ea194060
Event: 1.027 Thread 0x000001d6ea2aad10 Thread added: 0x000001d6ea2aad10


Dynamic libraries:
0x00007ff6e6c60000 - 0x00007ff6e6c70000 	C:\Program Files\Java\jdk-21\bin\java.exe
0x00007ff9df930000 - 0x00007ff9dfb47000 	C:\WINDOWS\SYSTEM32\ntdll.dll
0x00007ff9ddde0000 - 0x00007ff9ddea4000 	C:\WINDOWS\System32\KERNEL32.DLL
0x00007ff9dce50000 - 0x00007ff9dd223000 	C:\WINDOWS\System32\KERNELBASE.dll
0x00007ff9dcd30000 - 0x00007ff9dce41000 	C:\WINDOWS\System32\ucrtbase.dll
0x00007ff9d51d0000 - 0x00007ff9d51e9000 	C:\Program Files\Java\jdk-21\bin\jli.dll
0x00007ff9ddab0000 - 0x00007ff9ddb61000 	C:\WINDOWS\System32\ADVAPI32.dll
0x00007ff9df730000 - 0x00007ff9df7d7000 	C:\WINDOWS\System32\msvcrt.dll
0x00007ff9df7e0000 - 0x00007ff9df887000 	C:\WINDOWS\System32\sechost.dll
0x00007ff9dd590000 - 0x00007ff9dd5b8000 	C:\WINDOWS\System32\bcrypt.dll
0x00007ff9dd990000 - 0x00007ff9ddaa4000 	C:\WINDOWS\System32\RPCRT4.dll
0x00007ff970020000 - 0x00007ff97003b000 	C:\Program Files\Java\jdk-21\bin\VCRUNTIME140.dll
0x00007ff9de1d0000 - 0x00007ff9de381000 	C:\WINDOWS\System32\USER32.dll
0x00007ff9dd3a0000 - 0x00007ff9dd3c6000 	C:\WINDOWS\System32\win32u.dll
0x00007ff9ddb70000 - 0x00007ff9ddb99000 	C:\WINDOWS\System32\GDI32.dll
0x00007ff9bf010000 - 0x00007ff9bf2ab000 	C:\WINDOWS\WinSxS\amd64_microsoft.windows.common-controls_6595b64144ccf1df_6.0.22621.5262_none_2712bde373830908\COMCTL32.dll
0x00007ff9dcc00000 - 0x00007ff9dcd22000 	C:\WINDOWS\System32\gdi32full.dll
0x00007ff9dca20000 - 0x00007ff9dcaba000 	C:\WINDOWS\System32\msvcp_win.dll
0x00007ff9d1b00000 - 0x00007ff9d1b0a000 	C:\WINDOWS\SYSTEM32\VERSION.dll
0x00007ff9df6f0000 - 0x00007ff9df721000 	C:\WINDOWS\System32\IMM32.DLL
0x00007ff9a3c00000 - 0x00007ff9a3c0c000 	C:\Program Files\Java\jdk-21\bin\vcruntime140_1.dll
0x00007ff9426d0000 - 0x00007ff94275e000 	C:\Program Files\Java\jdk-21\bin\msvcp140.dll
0x00007ff9428f0000 - 0x00007ff943605000 	C:\Program Files\Java\jdk-21\bin\server\jvm.dll
0x00007ff9de020000 - 0x00007ff9de091000 	C:\WINDOWS\System32\WS2_32.dll
0x00007ff9d94c0000 - 0x00007ff9d94f4000 	C:\WINDOWS\SYSTEM32\WINMM.dll
0x00007ff9dc8f0000 - 0x00007ff9dc93d000 	C:\WINDOWS\SYSTEM32\POWRPROF.dll
0x00007ff9dc8d0000 - 0x00007ff9dc8e3000 	C:\WINDOWS\SYSTEM32\UMPDC.dll
0x00007ff9db9c0000 - 0x00007ff9db9d8000 	C:\WINDOWS\SYSTEM32\kernel.appcore.dll
0x00007ff99b0c0000 - 0x00007ff99b0ca000 	C:\Program Files\Java\jdk-21\bin\jimage.dll
0x00007ff9da310000 - 0x00007ff9da542000 	C:\WINDOWS\SYSTEM32\DBGHELP.DLL
0x00007ff9dee20000 - 0x00007ff9df1b3000 	C:\WINDOWS\System32\combase.dll
0x00007ff9de0a0000 - 0x00007ff9de177000 	C:\WINDOWS\System32\OLEAUT32.dll
0x00007ff9b7150000 - 0x00007ff9b7182000 	C:\WINDOWS\SYSTEM32\dbgcore.DLL
0x00007ff9dd510000 - 0x00007ff9dd58b000 	C:\WINDOWS\System32\bcryptPrimitives.dll
0x00007ff94edf0000 - 0x00007ff94ee0f000 	C:\Program Files\Java\jdk-21\bin\java.dll
0x00007ff9de390000 - 0x00007ff9dec2d000 	C:\WINDOWS\System32\SHELL32.dll
0x00007ff9dcac0000 - 0x00007ff9dcbff000 	C:\WINDOWS\System32\wintypes.dll
0x00007ff9da790000 - 0x00007ff9db0ad000 	C:\WINDOWS\SYSTEM32\windows.storage.dll
0x00007ff9ddc20000 - 0x00007ff9ddd2b000 	C:\WINDOWS\System32\SHCORE.dll
0x00007ff9ddd40000 - 0x00007ff9ddda6000 	C:\WINDOWS\System32\shlwapi.dll
0x00007ff9dc950000 - 0x00007ff9dc97b000 	C:\WINDOWS\SYSTEM32\profapi.dll
0x00007ff94dbc0000 - 0x00007ff94dc97000 	C:\Program Files\Java\jdk-21\bin\jsvml.dll
0x00007ff980e30000 - 0x00007ff980e40000 	C:\Program Files\Java\jdk-21\bin\net.dll
0x00007ff9d8720000 - 0x00007ff9d884c000 	C:\WINDOWS\SYSTEM32\WINHTTP.dll
0x00007ff9dbe90000 - 0x00007ff9dbefa000 	C:\WINDOWS\system32\mswsock.dll
0x00007ff94edd0000 - 0x00007ff94ede6000 	C:\Program Files\Java\jdk-21\bin\nio.dll
0x00007ff94dba0000 - 0x00007ff94dbb8000 	C:\Program Files\Java\jdk-21\bin\zip.dll
0x00007ff9db2b0000 - 0x00007ff9db2dd000 	C:\WINDOWS\SYSTEM32\IPHLPAPI.DLL
0x00007ff9dddb0000 - 0x00007ff9dddb9000 	C:\WINDOWS\System32\NSI.dll
0x00007ff9db2e0000 - 0x00007ff9db3d8000 	C:\WINDOWS\SYSTEM32\DNSAPI.dll
0x00007ff9d6690000 - 0x00007ff9d669a000 	C:\Windows\System32\rasadhlp.dll
0x00007ff9d82a0000 - 0x00007ff9d8323000 	C:\WINDOWS\System32\fwpuclnt.dll

dbghelp: loaded successfully - version: 4.0.5 - missing functions: none
symbol engine: initialized successfully - sym options: 0x614 - pdb path: .;C:\Program Files\Java\jdk-21\bin;C:\WINDOWS\SYSTEM32;C:\WINDOWS\WinSxS\amd64_microsoft.windows.common-controls_6595b64144ccf1df_6.0.22621.5262_none_2712bde373830908;C:\Program Files\Java\jdk-21\bin\server

VM Arguments:
java_command: zuul_server.ZuulServerApplication
java_class_path (initial): E:\ProjetSpringBoot\spring-cloud-gescom-api\eureka-server\eureka-server\target\classes;C:\Users\USER01\.m2\repository\org\springframework\cloud\spring-cloud-starter-config\4.2.1\spring-cloud-starter-config-4.2.1.jar;C:\Users\USER01\.m2\repository\org\springframework\cloud\spring-cloud-starter\4.2.1\spring-cloud-starter-4.2.1.jar;C:\Users\USER01\.m2\repository\org\springframework\cloud\spring-cloud-context\4.2.1\spring-cloud-context-4.2.1.jar;C:\Users\USER01\.m2\repository\org\springframework\security\spring-security-crypto\6.4.4\spring-security-crypto-6.4.4.jar;C:\Users\USER01\.m2\repository\org\springframework\cloud\spring-cloud-commons\4.2.1\spring-cloud-commons-4.2.1.jar;C:\Users\USER01\.m2\repository\org\bouncycastle\bcprov-jdk18on\1.78.1\bcprov-jdk18on-1.78.1.jar;C:\Users\USER01\.m2\repository\org\springframework\cloud\spring-cloud-config-client\4.2.1\spring-cloud-config-client-4.2.1.jar;C:\Users\USER01\.m2\repository\org\springframework\boot\spring-boot-autoconfigure\3.4.4\spring-boot-autoconfigure-3.4.4.jar;C:\Users\USER01\.m2\repository\org\springframework\spring-web\6.2.5\spring-web-6.2.5.jar;C:\Users\USER01\.m2\repository\org\springframework\spring-beans\6.2.5\spring-beans-6.2.5.jar;C:\Users\USER01\.m2\repository\io\micrometer\micrometer-observation\1.14.5\micrometer-observation-1.14.5.jar;C:\Users\USER01\.m2\repository\io\micrometer\micrometer-commons\1.14.5\micrometer-commons-1.14.5.jar;C:\Users\USER01\.m2\repository\com\fasterxml\jackson\core\jackson-annotations\2.18.3\jackson-annotations-2.18.3.jar;C:\Users\USER01\.m2\repository\org\apache\httpcomponents\client5\httpclient5\5.4.2\httpclient5-5.4.2.jar;C:\Users\USER01\.m2\repository\org\apache\httpcomponents\core5\httpcore5\5.3.3\httpcore5-5.3.3.jar;C:\Users\USER01\.m2\repository\org\apache\httpcomponents\core5\httpcore5-h2\5.3.3\httpcore5-h2-5.3.3.jar;C:\Users\USER01\.m2\repository\com\fasterxml\jackson\core\jackson-databind\2.18.3\jackson-databind-2.18.3.jar;C:\Users\USER01\.m2\repository\com\fasterxml\jackson\core\jackson-core\2.18.3\jackson-core-2.18.3.jar;C:\Users\USER01\.m2\repository\org\springframework\cloud\spring-cloud-starter-netflix-eureka-client\4.2.1\spring-cloud-starter-netflix-eureka-client-4.2.1.jar;C:\Users\USER01\.m2\repository\org\springframework\cloud\spring-cloud-netflix-eureka-client\4.2.1\spring-cloud-netflix-eureka-client-4.2.1.jar;C:\Users\USER01\.m2\repository\com\netflix\eureka\eureka-client\2.0.4\eureka-client-2.0.4.jar;C:\Users\USER01\.m2\repository\com\thoughtworks\xstream\xstream\1.4.20\xstream-1.4.20.jar;C:\Users\USER01\.m2\repository\io\github\x-stream\mxparser\1.2.2\mxparser-1.2.2.jar;C:\Users\USER01\.m2\repository\xmlpull\xmlpull\1.1.3.1\xmlpull-1.1.3.1.jar;C:\Users\USER01\.m2\repository\jakarta\ws\rs\jakarta.ws.rs-api\3.1.0\jakarta.ws.rs-api-3.1.0.jar;C:\Users\USER01\.m2\repository\jakarta\inject\jakarta.inject-api\2.0.1\jakarta.inject-api-2.0.1.jar;C:\Users\USER01\.m2\repository\jakarta\annotation\jakarta.annotation-api\2.1.1\jakarta.annotation-api-2.1.1.jar;C:\Users\USER01\.m2\repository\com\netflix\spectator\spectator-api\1.7.3\spectator-api-1.7.3.jar;C:\Users\USER01\.m2\repository\org\slf4j\slf4j-api\2.0.17\slf4j-api-2.0.17.jar;C:\Users\USER01\.m2\repository\org\apache\httpcomponents\httpclient\4.5.3\httpclient-4.5.3.jar;C:\Users\USER01\.m2\repository\org\apache\httpcomponents\httpcore\4.4.16\httpcore-4.4.16.jar;C:\Users\USER01\.m2\repository\commons-codec\commons-codec\1.17.2\commons-codec-1.17.2.jar;C:\Users\USER01\.m2\repository\commons-configuration\commons-configuration\1.10\commons-configuration-1.10.jar;C:\Users\USER01\.m2\repository\commons-lang\commons-lang\2.6\commons-lang-2.6.jar;C:\Users\USER01\.m2\repository\com\netflix\netflix-commons\netflix-eventbus\0.3.0\netflix-eventbus-0.3.0.jar;C:\Users\USER01\.m2\repository\com\netflix\netflix-commons\netflix-infix\0.3.0\netflix-infix-0.3.0.jar;C:\Users\USER01\.m2\repository\commons-jxpath\commons-jxpath\1.3\commons-jxpath-1.3.jar;C:\Users\USER01\.m2\repository\joda-time\joda-time\2.3\joda-time-2.3.jar;C:\Users\USER01\.m2\repository\org\antlr\antlr-runtime\3.4\antlr-runtime-3.4.jar;C:\Users\USER01\.m2\repository\org\antlr\stringtemplate\3.2.1\stringtemplate-3.2.1.jar;C:\Users\USER01\.m2\repository\antlr\antlr\2.7.7\antlr-2.7.7.jar;C:\Users\USER01\.m2\repository\com\google\guava\guava\14.0.1\guava-14.0.1.jar;C:\Users\USER01\.m2\repository\com\google\code\gson\gson\2.11.0\gson-2.11.0.jar;C:\Users\USER01\.m2\repository\com\google\errorprone\error_prone_annotations\2.27.0\error_prone_annotations-2.27.0.jar;C:\Users\USER01\.m2\repository\com\netflix\servo\servo-core\0.5.3\servo-core-0.5.3.jar;C:\Users\USER01\.m2\repository\org\apache\commons\commons-math\2.2\commons-math-2.2.jar;C:\Users\USER01\.m2\repository\javax\annotation\javax.annotation-api\1.2\javax.annotation-api-1.2.jar;C:\Users\USER01\.m2\repository\org\codehaus\jettison\jettison\1.5.4\jettison-1.5.4.jar;C:\Users\USER01\.m2\repository\org\springframework\cloud\spring-cloud-starter-loadbalancer\4.2.1\spring-cloud-starter-loadbalancer-4.2.1.jar;C:\Users\USER01\.m2\repository\org\springframework\cloud\spring-cloud-loadbalancer\4.2.1\spring-cloud-loadbalancer-4.2.1.jar;C:\Users\USER01\.m2\repository\io\projectreactor\reactor-core\3.7.4\reactor-core-3.7.4.jar;C:\Users\USER01\.m2\repository\org\reactivestreams\reactive-streams\1.0.4\reactive-streams-1.0.4.jar;C:\Users\USER01\.m2\repository\io\projectreactor\addons\reactor-extra\3.5.2\reactor-extra-3.5.2.jar;C:\Users\USER01\.m2\repository\org\springframework\boot\spring-boot-starter-cache\3.4.4\spring-boot-starter-cache-3.4.4.jar;C:\Users\USER01\.m2\repository\org\springframework\spring-context-support\6.2.5\spring-context-support-6.2.5.jar;C:\Users\USER01\.m2\repository\com\stoyanr\evictor\1.0.0\evictor-1.0.0.jar;C:\Users\USER01\.m2\repository\org\springframework\cloud\spring-cloud-starter-netflix-eureka-server\4.2.1\spring-cloud-starter-netflix-eureka-server-4.2.1.jar;C:\Users\USER01\.m2\repository\org\springframework\cloud\spring-cloud-netflix-eureka-server\4.2.1\spring-cloud-netflix-eureka-server-4.2.1.jar;C:\Users\USER01\.m2\repository\org\springframework\boot\spring-boot-starter-web\3.4.4\spring-boot-starter-web-3.4.4.jar;C:\Users\USER01\.m2\repository\org\springframework\boot\spring-boot-starter-json\3.4.4\spring-boot-starter-json-3.4.4.jar;C:\Users\USER01\.m2\repository\com\fasterxml\jackson\datatype\jackson-datatype-jdk8\2.18.3\jackson-datatype-jdk8-2.18.3.jar;C:\Users\USER01\.m2\repository\com\fasterxml\jackson\datatype\jackson-datatype-jsr310\2.18.3\jackson-datatype-jsr310-2.18.3.jar;C:\Users\USER01\.m2\repository\com\fasterxml\jackson\module\jackson-module-parameter-names\2.18.3\jackson-module-parameter-names-2.18.3.jar;C:\Users\USER01\.m2\repository\org\springframework\boot\spring-boot-starter-tomcat\3.4.4\spring-boot-starter-tomcat-3.4.4.jar;C:\Users\USER01\.m2\repository\org\apache\tomcat\embed\tomcat-embed-core\10.1.39\tomcat-embed-core-10.1.39.jar;C:\Users\USER01\.m2\repository\org\apache\tomcat\embed\tomcat-embed-el\10.1.39\tomcat-embed-el-10.1.39.jar;C:\Users\USER01\.m2\repository\org\apache\tomcat\embed\tomcat-embed-websocket\10.1.39\tomcat-embed-websocket-10.1.39.jar;C:\Users\USER01\.m2\repository\org\springframework\spring-webmvc\6.2.5\spring-webmvc-6.2.5.jar;C:\Users\USER01\.m2\repository\org\springframework\spring-aop\6.2.5\spring-aop-6.2.5.jar;C:\Users\USER01\.m2\repository\org\springframework\spring-expression\6.2.5\spring-expression-6.2.5.jar;C:\Users\USER01\.m2\repository\org\springframework\boot\spring-boot-starter-actuator\3.4.4\spring-boot-starter-actuator-3.4.4.jar;C:\Users\USER01\.m2\repository\org\springframework\boot\spring-boot-actuator-autoconfigure\3.4.4\spring-boot-actuator-autoconfigure-3.4.4.jar;C:\Users\USER01\.m2\repository\org\springframework\boot\spring-boot-actuator\3.4.4\spring-boot-actuator-3.4.4.jar;C:\Users\USER01\.m2\repository\io\micrometer\micrometer-jakarta9\1.14.5\micrometer-jakarta9-1.14.5.jar;C:\Users\USER01\.m2\repository\io\micrometer\micrometer-core\1.14.5\micrometer-core-1.14.5.jar;C:\Users\USER01\.m2\repository\org\hdrhistogram\HdrHistogram\2.2.2\HdrHistogram-2.2.2.jar;C:\Users\USER01\.m2\repository\org\latencyutils\LatencyUtils\2.0.3\LatencyUtils-2.0.3.jar;C:\Users\USER01\.m2\repository\org\springframework\boot\spring-boot-starter-freemarker\3.4.4\spring-boot-starter-freemarker-3.4.4.jar;C:\Users\USER01\.m2\repository\org\freemarker\freemarker\2.3.34\freemarker-2.3.34.jar;C:\Users\USER01\.m2\repository\com\netflix\eureka\eureka-client-jersey3\2.0.4\eureka-client-jersey3-2.0.4.jar;C:\Users\USER01\.m2\repository\org\glassfish\jersey\connectors\jersey-apache-connector\3.1.10\jersey-apache-connector-3.1.10.jar;C:\Users\USER01\.m2\repository\com\netflix\eureka\eureka-core-jersey3\2.0.4\eureka-core-jersey3-2.0.4.jar;C:\Users\USER01\.m2\repository\com\netflix\eureka\eureka-core\2.0.4\eureka-core-2.0.4.jar;C:\Users\USER01\.m2\repository\org\glassfish\jersey\containers\jersey-container-servlet\3.1.10\jersey-container-servlet-3.1.10.jar;C:\Users\USER01\.m2\repository\org\glassfish\jersey\containers\jersey-container-servlet-core\3.1.10\jersey-container-servlet-core-3.1.10.jar;C:\Users\USER01\.m2\repository\org\glassfish\jersey\core\jersey-common\3.1.10\jersey-common-3.1.10.jar;C:\Users\USER01\.m2\repository\org\glassfish\hk2\osgi-resource-locator\1.0.3\osgi-resource-locator-1.0.3.jar;C:\Users\USER01\.m2\repository\org\glassfish\jersey\core\jersey-server\3.1.10\jersey-server-3.1.10.jar;C:\Users\USER01\.m2\repository\jakarta\validation\jakarta.validation-api\3.0.2\jakarta.validation-api-3.0.2.jar;C:\Users\USER01\.m2\repository\org\glassfish\jersey\core\jersey-client\3.1.10\jersey-client-3.1.10.jar;C:\Users\USER01\.m2\repository\org\glassfish\jersey\inject\jersey-hk2\3.1.10\jersey-hk2-3.1.10.jar;C:\Users\USER01\.m2\repository\org\glassfish\hk2\hk2-locator\3.0.6\hk2-locator-3.0.6.jar;C:\Users\USER01\.m2\repository\org\glassfish\hk2\hk2-utils\3.0.6\hk2-utils-3.0.6.jar;C:\Users\USER01\.m2\repository\org\javassist\javassist\3.30.2-GA\javassist-3.30.2-GA.jar;C:\Users\USER01\.m2\repository\org\glassfish\hk2\spring-bridge\3.1.1\spring-bridge-3.1.1.jar;C:\Users\USER01\.m2\repository\org\glassfish\hk2\hk2-api\3.1.1\hk2-api-3.1.1.jar;C:\Users\USER01\.m2\repository\org\springframework\spring-context\6.2.5\spring-context-6.2.5.jar;C:\Users\USER01\.m2\repository\com\fasterxml\jackson\dataformat\jackson-dataformat-xml\2.18.3\jackson-dataformat-xml-2.18.3.jar;C:\Users\USER01\.m2\repository\org\codehaus\woodstox\stax2-api\4.2.2\stax2-api-4.2.2.jar;C:\Users\USER01\.m2\repository\com\fasterxml\woodstox\woodstox-core\7.0.0\woodstox-core-7.0.0.jar;C:\Users\USER01\.m2\repository\org\glassfish\jaxb\jaxb-runtime\4.0.5\jaxb-runtime-4.0.5.jar;C:\Users\USER01\.m2\repository\org\glassfish\jaxb\jaxb-core\4.0.5\jaxb-core-4.0.5.jar;C:\Users\USER01\.m2\repository\org\eclipse\angus\angus-activation\2.0.2\angus-activation-2.0.2.jar;C:\Users\USER01\.m2\repository\org\glassfish\jaxb\txw2\4.0.5\txw2-4.0.5.jar;C:\Users\USER01\.m2\repository\com\sun\istack\istack-commons-runtime\4.1.2\istack-commons-runtime-4.1.2.jar;C:\Users\USER01\.m2\repository\org\springframework\boot\spring-boot-starter\3.4.4\spring-boot-starter-3.4.4.jar;C:\Users\USER01\.m2\repository\org\springframework\boot\spring-boot\3.4.4\spring-boot-3.4.4.jar;C:\Users\USER01\.m2\repository\org\springframework\boot\spring-boot-starter-logging\3.4.4\spring-boot-starter-logging-3.4.4.jar;C:\Users\USER01\.m2\repository\ch\qos\logback\logback-classic\1.5.18\logback-classic-1.5.18.jar;C:\Users\USER01\.m2\repository\ch\qos\logback\logback-core\1.5.18\logback-core-1.5.18.jar;C:\Users\USER01\.m2\repository\org\apache\logging\log4j\log4j-to-slf4j\2.24.3\log4j-to-slf4j-2.24.3.jar;C:\Users\USER01\.m2\repository\org\apache\logging\log4j\log4j-api\2.24.3\log4j-api-2.24.3.jar;C:\Users\USER01\.m2\repository\org\slf4j\jul-to-slf4j\2.0.17\jul-to-slf4j-2.0.17.jar;C:\Users\USER01\.m2\repository\org\yaml\snakeyaml\2.3\snakeyaml-2.3.jar;C:\Users\USER01\.m2\repository\jakarta\xml\bind\jakarta.xml.bind-api\4.0.2\jakarta.xml.bind-api-4.0.2.jar;C:\Users\USER01\.m2\repository\jakarta\activation\jakarta.activation-api\2.1.3\jakarta.activation-api-2.1.3.jar;C:\Users\USER01\.m2\repository\org\springframework\spring-core\6.2.5\spring-core-6.2.5.jar;C:\Users\USER01\.m2\repository\org\springframework\spring-jcl\6.2.5\spring-jcl-6.2.5.jar;C:\Users\USER01\.m2\repository\org\springframework\cloud\spring-cloud-starter-bootstrap\4.2.1\spring-cloud-starter-bootstrap-4.2.1.jar
Launcher Type: SUN_STANDARD

[Global flags]
     intx CICompilerCount                          = 4                                         {product} {ergonomic}
     uint ConcGCThreads                            = 3                                         {product} {ergonomic}
     uint G1ConcRefinementThreads                  = 10                                        {product} {ergonomic}
   size_t G1HeapRegionSize                         = 2097152                                   {product} {ergonomic}
    uintx GCDrainStackTargetSize                   = 64                                        {product} {ergonomic}
   size_t InitialHeapSize                          = 264241152                                 {product} {ergonomic}
   size_t MarkStackSize                            = 4194304                                   {product} {ergonomic}
   size_t MaxHeapSize                              = 4200595456                                {product} {ergonomic}
   size_t MaxNewSize                               = 2518679552                                {product} {ergonomic}
   size_t MinHeapDeltaBytes                        = 2097152                                   {product} {ergonomic}
   size_t MinHeapSize                              = 8388608                                   {product} {ergonomic}
    uintx NonNMethodCodeHeapSize                   = 5839372                                {pd product} {ergonomic}
    uintx NonProfiledCodeHeapSize                  = 122909434                              {pd product} {ergonomic}
    uintx ProfiledCodeHeapSize                     = 122909434                              {pd product} {ergonomic}
    uintx ReservedCodeCacheSize                    = 251658240                              {pd product} {ergonomic}
     bool SegmentedCodeCache                       = true                                      {product} {ergonomic}
   size_t SoftMaxHeapSize                          = 4200595456                             {manageable} {ergonomic}
     bool UseCompressedOops                        = true                           {product lp64_product} {ergonomic}
     bool UseG1GC                                  = true                                      {product} {ergonomic}
     bool UseLargePagesIndividualAllocation        = false                                  {pd product} {ergonomic}

Logging:
Log output configuration:
 #0: stdout all=warning uptime,level,tags foldmultilines=false
 #1: stderr all=off uptime,level,tags foldmultilines=false

Environment Variables:
JAVA_HOME=C:\Program Files\Java\jdk-21
PATH=E:\app\USER01\product\11.2.0\dbhome_1\bin;E:\app\USER01\product\11.1.0\db_2\bin;C:\Program Files\Common Files\Oracle\Java\javapath;C:\ProgramData\Oracle\Java\javapath;C:\WINDOWS\system32;C:\WINDOWS;C:\WINDOWS\System32\Wbem;C:\WINDOWS\System32\WindowsPowerShell\v1.0\;C:\WINDOWS\System32\OpenSSH\;C:\ProgramData\chocolatey\bin;C:\Program Files\Java\jdk-21\bin;C:\Program Files\TortoiseSVN\bin;C:\Program Files\Microsoft SQL Server\150\Tools\Binn\;C:\Program Files\nodejs\;E:\zenithe\Biometrie\Logiciel_enrolement;E:\MySQL\MySQL Server 5.0\bin;C:\Program Files\Git\cmd;C:\Program Files\Docker\Docker\resources\bin;E:\MongoDB\Server\8.0\bin;;C:\Program Files\Filestar;C:\ProgramData\Filestar\aliases;C:\Users\USER01\AppData\Local\Microsoft\WindowsApps;;C:\Users\USER01\AppData\Local\Programs\Microsoft VS Code\bin;C:\Users\USER01\AppData\Roaming\npm;C:\Users\USER01\AppData\Local\Programs\mongosh\;C:\Users\USER01\AppData\Local\Programs\cursor\resources\app\bin
USERNAME=USER01
OS=Windows_NT
PROCESSOR_IDENTIFIER=Intel64 Family 6 Model 154 Stepping 4, GenuineIntel
TMP=C:\Users\USER01\AppData\Local\Temp
TEMP=C:\Users\USER01\AppData\Local\Temp




Periodic native trim disabled

---------------  S Y S T E M  ---------------

OS:
 Windows 11 , 64 bit Build 22621 (10.0.22621.5262)
OS uptime: 13 days 17:30 hours
Hyper-V role detected

CPU: total 12 (initial active 12) (6 cores per cpu, 2 threads per core) family 6 model 154 stepping 4 microcode 0x434, cx8, cmov, fxsr, ht, mmx, 3dnowpref, sse, sse2, sse3, ssse3, sse4.1, sse4.2, popcnt, lzcnt, tsc, tscinvbit, avx, avx2, aes, erms, clmul, bmi1, bmi2, adx, sha, fma, vzeroupper, clflush, clflushopt, clwb, hv, serialize, rdtscp, rdpid, fsrm, f16c, cet_ibt, cet_ss
Processor Information for processor 0
  Max Mhz: 1800, Current Mhz: 1800, Mhz Limit: 1800
Processor Information for processor 1
  Max Mhz: 1800, Current Mhz: 1800, Mhz Limit: 1800
Processor Information for processor 2
  Max Mhz: 1800, Current Mhz: 1800, Mhz Limit: 1800
Processor Information for processor 3
  Max Mhz: 1800, Current Mhz: 1800, Mhz Limit: 1800
Processor Information for processor 4
  Max Mhz: 1800, Current Mhz: 1800, Mhz Limit: 1800
Processor Information for processor 5
  Max Mhz: 1800, Current Mhz: 1800, Mhz Limit: 1800
Processor Information for processor 6
  Max Mhz: 1800, Current Mhz: 1523, Mhz Limit: 1800
Processor Information for processor 7
  Max Mhz: 1800, Current Mhz: 1800, Mhz Limit: 1800
Processor Information for processor 8
  Max Mhz: 1800, Current Mhz: 1800, Mhz Limit: 1800
Processor Information for processor 9
  Max Mhz: 1800, Current Mhz: 1800, Mhz Limit: 1800
Processor Information for processor 10
  Max Mhz: 1800, Current Mhz: 1800, Mhz Limit: 1800
Processor Information for processor 11
  Max Mhz: 1800, Current Mhz: 1800, Mhz Limit: 1800

Memory: 4k page, system-wide physical 16016M (540M free)
TotalPageFile size 38732M (AvailPageFile size 2M)
current process WorkingSet (physical memory assigned to process): 139M, peak: 139M
current process commit charge ("private bytes"): 382M, peak: 382M

vm_info: Java HotSpot(TM) 64-Bit Server VM (21.0.1+12-LTS-29) for windows-amd64 JRE (21.0.1+12-LTS-29), built on 2023-10-05T13:27:09Z by "mach5one" with MS VC++ 17.1 (VS2022)

END.
