#
# There is insufficient memory for the Java Runtime Environment to continue.
# Native memory allocation (malloc) failed to allocate 296976 bytes for Chunk::new
# Possible reasons:
#   The system is out of physical RAM or swap space
#   The process is running with CompressedOops enabled, and the Java Heap may be blocking the growth of the native heap
# Possible solutions:
#   Reduce memory load on the system
#   Increase physical memory or swap space
#   Check if swap backing store is full
#   Decrease Java heap size (-Xmx/-Xms)
#   Decrease number of Java threads
#   Decrease Java thread stack sizes (-Xss)
#   Set larger code cache with -XX:ReservedCodeCacheSize=
#   JVM is running with Zero Based Compressed Oops mode in which the Java heap is
#     placed in the first 32GB address space. The Java Heap base address is the
#     maximum limit for the native heap growth. Please use -XX:HeapBaseMinAddress
#     to set the Java Heap base and to place the Java Heap above 32GB virtual address.
# This output file may be truncated or incomplete.
#
#  Out of Memory Error (arena.cpp:168), pid=7256, tid=16800
#
# JRE version: Java(TM) SE Runtime Environment (21.0.1+12) (build 21.0.1+12-LTS-29)
# Java VM: Java HotSpot(TM) 64-Bit Server VM (21.0.1+12-LTS-29, mixed mode, sharing, tiered, compressed oops, compressed class ptrs, g1 gc, windows-amd64)
# No core dump will be written. Minidumps are not enabled by default on client versions of Windows
#

---------------  S U M M A R Y ------------

Command Line: zuul_server.ZuulServerApplication

Host: 12th Gen Intel(R) Core(TM) i7-1265U, 12 cores, 15G,  Windows 11 , 64 bit Build 22621 (10.0.22621.5415)
Time: Tue Jul  1 09:42:04 2025 W. Central Africa Standard Time elapsed time: 5602.357406 seconds (0d 1h 33m 22s)

---------------  T H R E A D  ---------------

Current thread (0x0000020da0084960):  JavaThread "C2 CompilerThread0" daemon [_thread_in_native, id=16800, stack(0x000000baeb600000,0x000000baeb700000) (1024K)]


Current CompileTask:
C2:5602358 10812       4       io.micrometer.common.KeyValues::toKeyValues (30 bytes)

Stack: [0x000000baeb600000,0x000000baeb700000]
Native frames: (J=compiled Java code, j=interpreted, Vv=VM code, C=native code)
V  [jvm.dll+0x6c9029]
V  [jvm.dll+0x854b81]
V  [jvm.dll+0x856e5e]
V  [jvm.dll+0x857543]
V  [jvm.dll+0x280c06]
V  [jvm.dll+0xc3ead]
V  [jvm.dll+0xc43c3]
V  [jvm.dll+0x3b5732]
V  [jvm.dll+0x382475]
V  [jvm.dll+0x3818ea]
V  [jvm.dll+0x249ad0]
V  [jvm.dll+0x2490b1]
V  [jvm.dll+0x1c9ca1]
V  [jvm.dll+0x2586b9]
V  [jvm.dll+0x256c9a]
V  [jvm.dll+0x3ef1b6]
V  [jvm.dll+0x7fd728]
V  [jvm.dll+0x6c777d]
C  [ucrtbase.dll+0x29333]
C  [KERNEL32.DLL+0x1259d]
C  [ntdll.dll+0x5af78]


---------------  P R O C E S S  ---------------

Threads class SMR info:
_java_thread_list=0x0000020de6841ff0, length=58, elements={
0x0000020da007d3a0, 0x0000020da007e2c0, 0x0000020da0080a30, 0x0000020da00834a0,
0x0000020da0083f00, 0x0000020da0a58090, 0x0000020da0084960, 0x0000020da0088900,
0x0000020da0bdcc70, 0x0000020da0bea500, 0x0000020de67ad040, 0x0000020de6b51af0,
0x0000020de9b51490, 0x0000020de6e1fd90, 0x0000020deaeee800, 0x0000020de91db590,
0x0000020debda1480, 0x0000020de6bb8e00, 0x0000020de6bb9490, 0x0000020de6bb73c0,
0x0000020de6bba1b0, 0x0000020de6bb9b20, 0x0000020de6bb80e0, 0x0000020de6bba840,
0x0000020de6bb8770, 0x0000020deb687170, 0x0000020deb689240, 0x0000020deb683cf0,
0x0000020deb6898d0, 0x0000020deb686450, 0x0000020deb685730, 0x0000020deb688520,
0x0000020deb682940, 0x0000020deb689f60, 0x0000020deb684a10, 0x0000020deb682fd0,
0x0000020deb688bb0, 0x0000020deb685dc0, 0x0000020deb686ae0, 0x0000020deb687800,
0x0000020deb6850a0, 0x0000020deb687e90, 0x0000020deb683660, 0x0000020deb684380,
0x0000020deb66dc40, 0x0000020deb66e960, 0x0000020deb66e2d0, 0x0000020deb669410,
0x0000020deb66eff0, 0x0000020deb668060, 0x0000020deb668d80, 0x0000020deb6686f0,
0x0000020deb669aa0, 0x0000020deb66a130, 0x0000020deb66f680, 0x0000020deb66cf20,
0x0000020deb66a7c0, 0x0000020deb66b4e0
}

Java Threads: ( => current thread )
  0x0000020da007d3a0 JavaThread "Reference Handler"          daemon [_thread_blocked, id=17596, stack(0x000000baeb000000,0x000000baeb100000) (1024K)]
  0x0000020da007e2c0 JavaThread "Finalizer"                  daemon [_thread_blocked, id=5932, stack(0x000000baeb100000,0x000000baeb200000) (1024K)]
  0x0000020da0080a30 JavaThread "Signal Dispatcher"          daemon [_thread_blocked, id=10840, stack(0x000000baeb200000,0x000000baeb300000) (1024K)]
  0x0000020da00834a0 JavaThread "Attach Listener"            daemon [_thread_blocked, id=3512, stack(0x000000baeb300000,0x000000baeb400000) (1024K)]
  0x0000020da0083f00 JavaThread "Service Thread"             daemon [_thread_blocked, id=6060, stack(0x000000baeb400000,0x000000baeb500000) (1024K)]
  0x0000020da0a58090 JavaThread "Monitor Deflation Thread"   daemon [_thread_blocked, id=12932, stack(0x000000baeb500000,0x000000baeb600000) (1024K)]
=>0x0000020da0084960 JavaThread "C2 CompilerThread0"         daemon [_thread_in_native, id=16800, stack(0x000000baeb600000,0x000000baeb700000) (1024K)]
  0x0000020da0088900 JavaThread "C1 CompilerThread0"         daemon [_thread_blocked, id=18600, stack(0x000000baeb700000,0x000000baeb800000) (1024K)]
  0x0000020da0bdcc70 JavaThread "Notification Thread"        daemon [_thread_blocked, id=13968, stack(0x000000baeb800000,0x000000baeb900000) (1024K)]
  0x0000020da0bea500 JavaThread "Common-Cleaner"             daemon [_thread_blocked, id=19656, stack(0x000000baeb900000,0x000000baeba00000) (1024K)]
  0x0000020de67ad040 JavaThread "Catalina-utility-1"                [_thread_blocked, id=10980, stack(0x000000baec900000,0x000000baeca00000) (1024K)]
  0x0000020de6b51af0 JavaThread "Catalina-utility-2"                [_thread_blocked, id=16776, stack(0x000000baeca00000,0x000000baecb00000) (1024K)]
  0x0000020de9b51490 JavaThread "container-0"                       [_thread_blocked, id=12884, stack(0x000000baecb00000,0x000000baecc00000) (1024K)]
  0x0000020de6e1fd90 JavaThread "spectator-gauge-polling-0"  daemon [_thread_blocked, id=12664, stack(0x000000baecd00000,0x000000baece00000) (1024K)]
  0x0000020deaeee800 JavaThread "Eureka-DeltaRetentionTimer" daemon [_thread_blocked, id=19268, stack(0x000000baece00000,0x000000baecf00000) (1024K)]
  0x0000020de91db590 JavaThread "Eureka-EvictionTimer"       daemon [_thread_blocked, id=5528, stack(0x000000baecf00000,0x000000baed000000) (1024K)]
  0x0000020debda1480 JavaThread "Eureka-MeasureRateTimer"    daemon [_thread_blocked, id=4868, stack(0x000000baed000000,0x000000baed100000) (1024K)]
  0x0000020de6bb8e00 JavaThread "ReplicaAwareInstanceRegistry - RenewalThresholdUpdater" daemon [_thread_blocked, id=11396, stack(0x000000baed100000,0x000000baed200000) (1024K)]
  0x0000020de6bb9490 JavaThread "Eureka-MeasureRateTimer"    daemon [_thread_blocked, id=11480, stack(0x000000baed200000,0x000000baed300000) (1024K)]
  0x0000020de6bb73c0 JavaThread "Eureka-Jersey3Client-Conn-Cleaner2" daemon [_thread_blocked, id=336, stack(0x000000baed300000,0x000000baed400000) (1024K)]
  0x0000020de6bba1b0 JavaThread "TaskAcceptor-target_localhost" daemon [_thread_blocked, id=17744, stack(0x000000baed400000,0x000000baed500000) (1024K)]
  0x0000020de6bb9b20 JavaThread "TaskBatchingWorker-target_localhost-0" daemon [_thread_blocked, id=17480, stack(0x000000baed500000,0x000000baed600000) (1024K)]
  0x0000020de6bb80e0 JavaThread "TaskBatchingWorker-target_localhost-1" daemon [_thread_blocked, id=15800, stack(0x000000baed600000,0x000000baed700000) (1024K)]
  0x0000020de6bba840 JavaThread "TaskBatchingWorker-target_localhost-2" daemon [_thread_blocked, id=20348, stack(0x000000baed700000,0x000000baed800000) (1024K)]
  0x0000020de6bb8770 JavaThread "TaskBatchingWorker-target_localhost-3" daemon [_thread_blocked, id=16480, stack(0x000000baed800000,0x000000baed900000) (1024K)]
  0x0000020deb687170 JavaThread "TaskBatchingWorker-target_localhost-4" daemon [_thread_blocked, id=960, stack(0x000000baed900000,0x000000baeda00000) (1024K)]
  0x0000020deb689240 JavaThread "TaskBatchingWorker-target_localhost-5" daemon [_thread_blocked, id=20400, stack(0x000000baeda00000,0x000000baedb00000) (1024K)]
  0x0000020deb683cf0 JavaThread "TaskBatchingWorker-target_localhost-6" daemon [_thread_blocked, id=10476, stack(0x000000baedb00000,0x000000baedc00000) (1024K)]
  0x0000020deb6898d0 JavaThread "TaskBatchingWorker-target_localhost-7" daemon [_thread_blocked, id=10124, stack(0x000000baedc00000,0x000000baedd00000) (1024K)]
  0x0000020deb686450 JavaThread "TaskBatchingWorker-target_localhost-8" daemon [_thread_blocked, id=4932, stack(0x000000baedd00000,0x000000baede00000) (1024K)]
  0x0000020deb685730 JavaThread "TaskBatchingWorker-target_localhost-9" daemon [_thread_blocked, id=11272, stack(0x000000baede00000,0x000000baedf00000) (1024K)]
  0x0000020deb688520 JavaThread "TaskBatchingWorker-target_localhost-10" daemon [_thread_blocked, id=1756, stack(0x000000baedf00000,0x000000baee000000) (1024K)]
  0x0000020deb682940 JavaThread "TaskBatchingWorker-target_localhost-11" daemon [_thread_blocked, id=10984, stack(0x000000baee000000,0x000000baee100000) (1024K)]
  0x0000020deb689f60 JavaThread "TaskBatchingWorker-target_localhost-12" daemon [_thread_blocked, id=17712, stack(0x000000baee100000,0x000000baee200000) (1024K)]
  0x0000020deb684a10 JavaThread "TaskBatchingWorker-target_localhost-13" daemon [_thread_blocked, id=17648, stack(0x000000baee200000,0x000000baee300000) (1024K)]
  0x0000020deb682fd0 JavaThread "TaskBatchingWorker-target_localhost-14" daemon [_thread_blocked, id=13000, stack(0x000000baee300000,0x000000baee400000) (1024K)]
  0x0000020deb688bb0 JavaThread "TaskBatchingWorker-target_localhost-15" daemon [_thread_blocked, id=14764, stack(0x000000baee400000,0x000000baee500000) (1024K)]
  0x0000020deb685dc0 JavaThread "TaskBatchingWorker-target_localhost-16" daemon [_thread_blocked, id=13212, stack(0x000000baee500000,0x000000baee600000) (1024K)]
  0x0000020deb686ae0 JavaThread "TaskBatchingWorker-target_localhost-17" daemon [_thread_blocked, id=3592, stack(0x000000baee600000,0x000000baee700000) (1024K)]
  0x0000020deb687800 JavaThread "TaskBatchingWorker-target_localhost-18" daemon [_thread_blocked, id=11932, stack(0x000000baee700000,0x000000baee800000) (1024K)]
  0x0000020deb6850a0 JavaThread "TaskBatchingWorker-target_localhost-19" daemon [_thread_blocked, id=11852, stack(0x000000baee800000,0x000000baee900000) (1024K)]
  0x0000020deb687e90 JavaThread "TaskAcceptor-localhost"     daemon [_thread_blocked, id=15956, stack(0x000000baee900000,0x000000baeea00000) (1024K)]
  0x0000020deb683660 JavaThread "TaskNonBatchingWorker-localhost-0" daemon [_thread_blocked, id=4744, stack(0x000000baeea00000,0x000000baeeb00000) (1024K)]
  0x0000020deb684380 JavaThread "Eureka-PeerNodesUpdater"    daemon [_thread_blocked, id=344, stack(0x000000baeeb00000,0x000000baeec00000) (1024K)]
  0x0000020deb66dc40 JavaThread "Eureka-CacheFillTimer"      daemon [_thread_blocked, id=15548, stack(0x000000baeec00000,0x000000baeed00000) (1024K)]
  0x0000020deb66e960 JavaThread "http-nio-8761-exec-1"       daemon [_thread_blocked, id=5320, stack(0x000000baeee00000,0x000000baeef00000) (1024K)]
  0x0000020deb66e2d0 JavaThread "http-nio-8761-exec-2"       daemon [_thread_blocked, id=4024, stack(0x000000baeef00000,0x000000baef000000) (1024K)]
  0x0000020deb669410 JavaThread "http-nio-8761-exec-3"       daemon [_thread_blocked, id=8252, stack(0x000000baef000000,0x000000baef100000) (1024K)]
  0x0000020deb66eff0 JavaThread "http-nio-8761-exec-4"       daemon [_thread_blocked, id=10792, stack(0x000000baef100000,0x000000baef200000) (1024K)]
  0x0000020deb668060 JavaThread "http-nio-8761-exec-5"       daemon [_thread_blocked, id=13208, stack(0x000000baef200000,0x000000baef300000) (1024K)]
  0x0000020deb668d80 JavaThread "http-nio-8761-exec-6"       daemon [_thread_blocked, id=4200, stack(0x000000baef300000,0x000000baef400000) (1024K)]
  0x0000020deb6686f0 JavaThread "http-nio-8761-exec-7"       daemon [_thread_blocked, id=6872, stack(0x000000baef400000,0x000000baef500000) (1024K)]
  0x0000020deb669aa0 JavaThread "http-nio-8761-exec-8"       daemon [_thread_blocked, id=11196, stack(0x000000baef500000,0x000000baef600000) (1024K)]
  0x0000020deb66a130 JavaThread "http-nio-8761-exec-9"       daemon [_thread_blocked, id=14276, stack(0x000000baef600000,0x000000baef700000) (1024K)]
  0x0000020deb66f680 JavaThread "http-nio-8761-exec-10"      daemon [_thread_blocked, id=10136, stack(0x000000baef700000,0x000000baef800000) (1024K)]
  0x0000020deb66cf20 JavaThread "http-nio-8761-Poller"       daemon [_thread_in_native, id=15260, stack(0x000000baeed00000,0x000000baeee00000) (1024K)]
  0x0000020deb66a7c0 JavaThread "http-nio-8761-Acceptor"     daemon [_thread_in_native, id=18428, stack(0x000000baef800000,0x000000baef900000) (1024K)]
  0x0000020deb66b4e0 JavaThread "DestroyJavaVM"                     [_thread_blocked, id=13540, stack(0x000000baea800000,0x000000baea900000) (1024K)]
Total: 58

Other Threads:
  0x0000020da005ea80 VMThread "VM Thread"                           [id=6204, stack(0x000000baeaf00000,0x000000baeb000000) (1024K)]
  0x0000020da0047250 WatcherThread "VM Periodic Task Thread"        [id=13456, stack(0x000000baeae00000,0x000000baeaf00000) (1024K)]
  0x0000020dff4f9c50 WorkerThread "GC Thread#0"                     [id=14400, stack(0x000000baea900000,0x000000baeaa00000) (1024K)]
  0x0000020de64ecb10 WorkerThread "GC Thread#1"                     [id=6716, stack(0x000000baebb00000,0x000000baebc00000) (1024K)]
  0x0000020de64f4b40 WorkerThread "GC Thread#2"                     [id=15072, stack(0x000000baebc00000,0x000000baebd00000) (1024K)]
  0x0000020de67a14f0 WorkerThread "GC Thread#3"                     [id=11228, stack(0x000000baebd00000,0x000000baebe00000) (1024K)]
  0x0000020de675f170 WorkerThread "GC Thread#4"                     [id=18784, stack(0x000000baebe00000,0x000000baebf00000) (1024K)]
  0x0000020de675f510 WorkerThread "GC Thread#5"                     [id=8024, stack(0x000000baebf00000,0x000000baec000000) (1024K)]
  0x0000020de6ea1370 WorkerThread "GC Thread#6"                     [id=15700, stack(0x000000baec100000,0x000000baec200000) (1024K)]
  0x0000020de74a63b0 WorkerThread "GC Thread#7"                     [id=19160, stack(0x000000baec200000,0x000000baec300000) (1024K)]
  0x0000020de74a6750 WorkerThread "GC Thread#8"                     [id=5264, stack(0x000000baec300000,0x000000baec400000) (1024K)]
  0x0000020de74a6010 WorkerThread "GC Thread#9"                     [id=1904, stack(0x000000baec400000,0x000000baec500000) (1024K)]
  0x0000020dff50a830 ConcurrentGCThread "G1 Main Marker"            [id=18508, stack(0x000000baeaa00000,0x000000baeab00000) (1024K)]
  0x0000020dff50b330 WorkerThread "G1 Conc#0"                       [id=7280, stack(0x000000baeab00000,0x000000baeac00000) (1024K)]
  0x0000020de74a6af0 WorkerThread "G1 Conc#1"                       [id=8752, stack(0x000000baec500000,0x000000baec600000) (1024K)]
  0x0000020de74a5190 WorkerThread "G1 Conc#2"                       [id=12228, stack(0x000000baec600000,0x000000baec700000) (1024K)]
  0x0000020dff53e570 ConcurrentGCThread "G1 Refine#0"               [id=6576, stack(0x000000baeac00000,0x000000baead00000) (1024K)]
  0x0000020d9ff1a190 ConcurrentGCThread "G1 Service"                [id=15948, stack(0x000000baead00000,0x000000baeae00000) (1024K)]
Total: 18

Threads with active compile tasks:
C2 CompilerThread0  5602386 10812       4       io.micrometer.common.KeyValues::toKeyValues (30 bytes)
Total: 1

VM state: not at safepoint (normal execution)

VM Mutex/Monitor currently owned by a thread: None

Heap address: 0x0000000705a00000, size: 4006 MB, Compressed Oops mode: Zero based, Oop shift amount: 3

CDS archive(s) mapped at: [0x0000020da1000000-0x0000020da1c90000-0x0000020da1c90000), size 13172736, SharedBaseAddress: 0x0000020da1000000, ArchiveRelocationMode: 1.
Compressed class space mapped at: 0x0000020da2000000-0x0000020de2000000, reserved size: 1073741824
Narrow klass base: 0x0000020da1000000, Narrow klass shift: 0, Narrow klass range: 0x100000000

GC Precious Log:
 CardTable entry size: 512
 Card Set container configuration: InlinePtr #cards 4 size 8 Array Of Cards #cards 16 size 48 Howl #buckets 8 coarsen threshold 3686 Howl Bitmap #cards 512 size 80 coarsen threshold 460 Card regions per heap region 1 cards per card region 4096
 CPUs: 12 total, 12 available
 Memory: 16016M
 Large Page Support: Disabled
 NUMA Support: Disabled
 Compressed Oops: Enabled (Zero based)
 Heap Region Size: 2M
 Heap Min Capacity: 8M
 Heap Initial Capacity: 252M
 Heap Max Capacity: 4006M
 Pre-touch: Disabled
 Parallel Workers: 10
 Concurrent Workers: 3
 Concurrent Refinement Workers: 10
 Periodic GC: Disabled

Heap:
 garbage-first heap   total 114688K, used 60599K [0x0000000705a00000, 0x0000000800000000)
  region size 2048K, 11 young (22528K), 2 survivors (4096K)
 Metaspace       used 63471K, committed 64320K, reserved 1114112K
  class space    used 8068K, committed 8448K, reserved 1048576K

Heap Regions: E=young(eden), S=young(survivor), O=old, HS=humongous(starts), HC=humongous(continues), CS=collection set, F=free, TAMS=top-at-mark-start, PB=parsable bottom
|   0|0x0000000705a00000, 0x0000000705c00000, 0x0000000705c00000|100%| O|  |TAMS 0x0000000705a00000| PB 0x0000000705a00000| Untracked 
|   1|0x0000000705c00000, 0x0000000705e00000, 0x0000000705e00000|100%| O|  |TAMS 0x0000000705c00000| PB 0x0000000705c00000| Untracked 
|   2|0x0000000705e00000, 0x0000000706000000, 0x0000000706000000|100%| O|  |TAMS 0x0000000705e00000| PB 0x0000000705e00000| Untracked 
|   3|0x0000000706000000, 0x0000000706200000, 0x0000000706200000|100%| O|  |TAMS 0x0000000706000000| PB 0x0000000706000000| Untracked 
|   4|0x0000000706200000, 0x0000000706400000, 0x0000000706400000|100%| O|  |TAMS 0x0000000706200000| PB 0x0000000706200000| Untracked 
|   5|0x0000000706400000, 0x0000000706400000, 0x0000000706600000|  0%| F|  |TAMS 0x0000000706400000| PB 0x0000000706400000| Untracked 
|   6|0x0000000706600000, 0x0000000706800000, 0x0000000706800000|100%| O|  |TAMS 0x0000000706600000| PB 0x0000000706600000| Untracked 
|   7|0x0000000706800000, 0x0000000706a00000, 0x0000000706a00000|100%| O|  |TAMS 0x0000000706800000| PB 0x0000000706800000| Untracked 
|   8|0x0000000706a00000, 0x0000000706c00000, 0x0000000706c00000|100%| O|  |TAMS 0x0000000706a00000| PB 0x0000000706a00000| Untracked 
|   9|0x0000000706c00000, 0x0000000706e00000, 0x0000000706e00000|100%| O|  |TAMS 0x0000000706c00000| PB 0x0000000706c00000| Untracked 
|  10|0x0000000706e00000, 0x0000000707000000, 0x0000000707000000|100%| O|  |TAMS 0x0000000706e00000| PB 0x0000000706e00000| Untracked 
|  11|0x0000000707000000, 0x0000000707200000, 0x0000000707200000|100%| O|  |TAMS 0x0000000707000000| PB 0x0000000707000000| Untracked 
|  12|0x0000000707200000, 0x0000000707400000, 0x0000000707400000|100%| O|  |TAMS 0x0000000707200000| PB 0x0000000707200000| Untracked 
|  13|0x0000000707400000, 0x0000000707600000, 0x0000000707600000|100%| O|  |TAMS 0x0000000707400000| PB 0x0000000707400000| Untracked 
|  14|0x0000000707600000, 0x0000000707800000, 0x0000000707800000|100%| O|  |TAMS 0x0000000707600000| PB 0x0000000707600000| Untracked 
|  15|0x0000000707800000, 0x0000000707a00000, 0x0000000707a00000|100%| O|  |TAMS 0x0000000707800000| PB 0x0000000707800000| Untracked 
|  16|0x0000000707a00000, 0x0000000707c00000, 0x0000000707c00000|100%| O|  |TAMS 0x0000000707a00000| PB 0x0000000707a00000| Untracked 
|  17|0x0000000707c00000, 0x0000000707e00000, 0x0000000707e00000|100%| O|  |TAMS 0x0000000707c00000| PB 0x0000000707c00000| Untracked 
|  18|0x0000000707e00000, 0x0000000707e4ec98, 0x0000000708000000| 15%| O|  |TAMS 0x0000000707e00000| PB 0x0000000707e00000| Untracked 
|  19|0x0000000708000000, 0x0000000708200000, 0x0000000708200000|100%| O|  |TAMS 0x0000000708000000| PB 0x0000000708000000| Untracked 
|  20|0x0000000708200000, 0x0000000708400000, 0x0000000708400000|100%| O|  |TAMS 0x0000000708200000| PB 0x0000000708200000| Untracked 
|  21|0x0000000708400000, 0x0000000708400000, 0x0000000708600000|  0%| F|  |TAMS 0x0000000708400000| PB 0x0000000708400000| Untracked 
|  22|0x0000000708600000, 0x0000000708600000, 0x0000000708800000|  0%| F|  |TAMS 0x0000000708600000| PB 0x0000000708600000| Untracked 
|  23|0x0000000708800000, 0x0000000708800000, 0x0000000708a00000|  0%| F|  |TAMS 0x0000000708800000| PB 0x0000000708800000| Untracked 
|  24|0x0000000708a00000, 0x0000000708a00000, 0x0000000708c00000|  0%| F|  |TAMS 0x0000000708a00000| PB 0x0000000708a00000| Untracked 
|  25|0x0000000708c00000, 0x0000000708c00000, 0x0000000708e00000|  0%| F|  |TAMS 0x0000000708c00000| PB 0x0000000708c00000| Untracked 
|  26|0x0000000708e00000, 0x0000000708edf000, 0x0000000709000000| 43%| S|CS|TAMS 0x0000000708e00000| PB 0x0000000708e00000| Complete 
|  27|0x0000000709000000, 0x0000000709200000, 0x0000000709200000|100%| S|CS|TAMS 0x0000000709000000| PB 0x0000000709000000| Complete 
|  28|0x0000000709200000, 0x0000000709200000, 0x0000000709400000|  0%| F|  |TAMS 0x0000000709200000| PB 0x0000000709200000| Untracked 
|  29|0x0000000709400000, 0x0000000709400000, 0x0000000709600000|  0%| F|  |TAMS 0x0000000709400000| PB 0x0000000709400000| Untracked 
|  30|0x0000000709600000, 0x0000000709600000, 0x0000000709800000|  0%| F|  |TAMS 0x0000000709600000| PB 0x0000000709600000| Untracked 
|  31|0x0000000709800000, 0x0000000709800000, 0x0000000709a00000|  0%| F|  |TAMS 0x0000000709800000| PB 0x0000000709800000| Untracked 
|  32|0x0000000709a00000, 0x0000000709a00000, 0x0000000709c00000|  0%| F|  |TAMS 0x0000000709a00000| PB 0x0000000709a00000| Untracked 
|  33|0x0000000709c00000, 0x0000000709c00000, 0x0000000709e00000|  0%| F|  |TAMS 0x0000000709c00000| PB 0x0000000709c00000| Untracked 
|  34|0x0000000709e00000, 0x0000000709e00000, 0x000000070a000000|  0%| F|  |TAMS 0x0000000709e00000| PB 0x0000000709e00000| Untracked 
|  35|0x000000070a000000, 0x000000070a000000, 0x000000070a200000|  0%| F|  |TAMS 0x000000070a000000| PB 0x000000070a000000| Untracked 
|  36|0x000000070a200000, 0x000000070a200000, 0x000000070a400000|  0%| F|  |TAMS 0x000000070a200000| PB 0x000000070a200000| Untracked 
|  37|0x000000070a400000, 0x000000070a400000, 0x000000070a600000|  0%| F|  |TAMS 0x000000070a400000| PB 0x000000070a400000| Untracked 
|  38|0x000000070a600000, 0x000000070a600000, 0x000000070a800000|  0%| F|  |TAMS 0x000000070a600000| PB 0x000000070a600000| Untracked 
|  39|0x000000070a800000, 0x000000070a800000, 0x000000070aa00000|  0%| F|  |TAMS 0x000000070a800000| PB 0x000000070a800000| Untracked 
|  40|0x000000070aa00000, 0x000000070aa00000, 0x000000070ac00000|  0%| F|  |TAMS 0x000000070aa00000| PB 0x000000070aa00000| Untracked 
|  41|0x000000070ac00000, 0x000000070ac00000, 0x000000070ae00000|  0%| F|  |TAMS 0x000000070ac00000| PB 0x000000070ac00000| Untracked 
|  42|0x000000070ae00000, 0x000000070ae00000, 0x000000070b000000|  0%| F|  |TAMS 0x000000070ae00000| PB 0x000000070ae00000| Untracked 
|  43|0x000000070b000000, 0x000000070b000000, 0x000000070b200000|  0%| F|  |TAMS 0x000000070b000000| PB 0x000000070b000000| Untracked 
|  44|0x000000070b200000, 0x000000070b200000, 0x000000070b400000|  0%| F|  |TAMS 0x000000070b200000| PB 0x000000070b200000| Untracked 
|  45|0x000000070b400000, 0x000000070b400000, 0x000000070b600000|  0%| F|  |TAMS 0x000000070b400000| PB 0x000000070b400000| Untracked 
|  46|0x000000070b600000, 0x000000070b60cb90, 0x000000070b800000|  2%| E|  |TAMS 0x000000070b600000| PB 0x000000070b600000| Complete 
|  47|0x000000070b800000, 0x000000070ba00000, 0x000000070ba00000|100%| E|CS|TAMS 0x000000070b800000| PB 0x000000070b800000| Complete 
|  48|0x000000070ba00000, 0x000000070bc00000, 0x000000070bc00000|100%| E|CS|TAMS 0x000000070ba00000| PB 0x000000070ba00000| Complete 
|  49|0x000000070bc00000, 0x000000070be00000, 0x000000070be00000|100%| E|CS|TAMS 0x000000070bc00000| PB 0x000000070bc00000| Complete 
|  50|0x000000070be00000, 0x000000070c000000, 0x000000070c000000|100%| E|CS|TAMS 0x000000070be00000| PB 0x000000070be00000| Complete 
| 116|0x0000000714200000, 0x0000000714400000, 0x0000000714400000|100%| E|CS|TAMS 0x0000000714200000| PB 0x0000000714200000| Complete 
| 117|0x0000000714400000, 0x0000000714600000, 0x0000000714600000|100%| E|CS|TAMS 0x0000000714400000| PB 0x0000000714400000| Complete 
| 118|0x0000000714600000, 0x0000000714800000, 0x0000000714800000|100%| E|CS|TAMS 0x0000000714600000| PB 0x0000000714600000| Complete 
| 125|0x0000000715400000, 0x0000000715600000, 0x0000000715600000|100%| E|CS|TAMS 0x0000000715400000| PB 0x0000000715400000| Complete 
|2002|0x00000007ffe00000, 0x0000000800000000, 0x0000000800000000|100%| O|  |TAMS 0x00000007ffe00000| PB 0x00000007ffe00000| Untracked 

Card table byte_map: [0x0000020d995f0000,0x0000020d99dd0000] _byte_map_base: 0x0000020d95dc3000

Marking Bits: (CMBitMap*) 0x0000020dff4fa350
 Bits: [0x0000020d99dd0000, 0x0000020d9dc68000)

Polling page: 0x0000020dff8e0000

Metaspace:

Usage:
  Non-class:     54.10 MB used.
      Class:      7.88 MB used.
       Both:     61.98 MB used.

Virtual space:
  Non-class space:       64.00 MB reserved,      54.56 MB ( 85%) committed,  1 nodes.
      Class space:        1.00 GB reserved,       8.25 MB ( <1%) committed,  1 nodes.
             Both:        1.06 GB reserved,      62.81 MB (  6%) committed. 

Chunk freelists:
   Non-Class:  9.22 MB
       Class:  7.59 MB
        Both:  16.81 MB

MaxMetaspaceSize: unlimited
CompressedClassSpaceSize: 1.00 GB
Initial GC threshold: 21.00 MB
Current GC threshold: 97.94 MB
CDS: on
 - commit_granule_bytes: 65536.
 - commit_granule_words: 8192.
 - virtual_space_node_default_size: 8388608.
 - enlarge_chunks_in_place: 1.
 - use_allocation_guard: 0.


Internal statistics:

num_allocs_failed_limit: 9.
num_arena_births: 1286.
num_arena_deaths: 0.
num_vsnodes_births: 2.
num_vsnodes_deaths: 0.
num_space_committed: 1005.
num_space_uncommitted: 0.
num_chunks_returned_to_freelist: 9.
num_chunks_taken_from_freelist: 3579.
num_chunk_merges: 6.
num_chunk_splits: 2422.
num_chunks_enlarged: 1765.
num_inconsistent_stats: 0.

CodeHeap 'non-profiled nmethods': size=120000Kb used=6354Kb max_used=6354Kb free=113646Kb
 bounds [0x0000020d91270000, 0x0000020d918b0000, 0x0000020d987a0000]
CodeHeap 'profiled nmethods': size=120000Kb used=20933Kb max_used=20933Kb free=99067Kb
 bounds [0x0000020d897a0000, 0x0000020d8ac20000, 0x0000020d90cd0000]
CodeHeap 'non-nmethods': size=5760Kb used=1643Kb max_used=1690Kb free=4116Kb
 bounds [0x0000020d90cd0000, 0x0000020d90f40000, 0x0000020d91270000]
 total_blobs=10642 nmethods=9952 adapters=593
 compilation: enabled
              stopped_count=0, restarted_count=0
 full_count=0

Compilation events (20 events):
Event: 5571.475 Thread 0x0000020da0088900 nmethod 10800 0x0000020d8ac0c090 code [0x0000020d8ac0c380, 0x0000020d8ac0d1c0]
Event: 5571.475 Thread 0x0000020da0088900 10801   !   3       sun.nio.ch.NioSocketImpl::beginRead (30 bytes)
Event: 5571.475 Thread 0x0000020da0088900 nmethod 10801 0x0000020d8ac0d990 code [0x0000020d8ac0db60, 0x0000020d8ac0dfd8]
Event: 5572.288 Thread 0x0000020da0088900 10804       3       java.util.Vector::<init> (7 bytes)
Event: 5572.289 Thread 0x0000020da0088900 nmethod 10804 0x0000020d8ac0e190 code [0x0000020d8ac0e340, 0x0000020d8ac0e488]
Event: 5572.289 Thread 0x0000020da0088900 10805       3       java.util.Vector::<init> (49 bytes)
Event: 5572.289 Thread 0x0000020da0088900 nmethod 10805 0x0000020d8ac0e510 code [0x0000020d8ac0e760, 0x0000020d8ac0ef88]
Event: 5572.289 Thread 0x0000020da0088900 10806       3       java.util.TreeSet::size (10 bytes)
Event: 5572.289 Thread 0x0000020da0088900 nmethod 10806 0x0000020d8ac0f290 code [0x0000020d8ac0f440, 0x0000020d8ac0f620]
Event: 5572.291 Thread 0x0000020da0084960 10807       4       com.fasterxml.jackson.core.json.JsonWriteContext::writeFieldName (56 bytes)
Event: 5572.293 Thread 0x0000020da0084960 nmethod 10807 0x0000020d918a3810 code [0x0000020d918a39a0, 0x0000020d918a3b80]
Event: 5585.209 Thread 0x0000020da0088900 10808       1       java.net.StandardSocketOptions$StdSocketOption::type (5 bytes)
Event: 5585.209 Thread 0x0000020da0088900 nmethod 10808 0x0000020d918a3c90 code [0x0000020d918a3e20, 0x0000020d918a3ef0]
Event: 5601.444 Thread 0x0000020da0088900 10809       3       java.util.HashMap::clear (50 bytes)
Event: 5601.445 Thread 0x0000020da0088900 nmethod 10809 0x0000020d8ac0f710 code [0x0000020d8ac0f8c0, 0x0000020d8ac0fca8]
Event: 5601.820 Thread 0x0000020da0084960 10810       4       org.apache.tomcat.util.buf.MessageBytes::toString (69 bytes)
Event: 5601.825 Thread 0x0000020da0084960 nmethod 10810 0x0000020d918a3f90 code [0x0000020d918a4160, 0x0000020d918a4588]
Event: 5602.327 Thread 0x0000020da0088900 10811       3       org.apache.http.impl.io.AbstractMessageWriter::write (82 bytes)
Event: 5602.330 Thread 0x0000020da0088900 nmethod 10811 0x0000020d8ac0fd90 code [0x0000020d8ac10080, 0x0000020d8ac10e60]
Event: 5602.332 Thread 0x0000020da0084960 10812       4       io.micrometer.common.KeyValues::toKeyValues (30 bytes)

GC Heap History (20 events):
Event: 1.915 GC heap before
{Heap before GC invocations=3 (full 0):
 garbage-first heap   total 258048K, used 30872K [0x0000000705a00000, 0x0000000800000000)
  region size 2048K, 11 young (22528K), 4 survivors (8192K)
 Metaspace       used 21122K, committed 21504K, reserved 1114112K
  class space    used 2605K, committed 2816K, reserved 1048576K
}
Event: 1.919 GC heap after
{Heap after GC invocations=4 (full 0):
 garbage-first heap   total 258048K, used 20161K [0x0000000705a00000, 0x0000000800000000)
  region size 2048K, 3 young (6144K), 3 survivors (6144K)
 Metaspace       used 21122K, committed 21504K, reserved 1114112K
  class space    used 2605K, committed 2816K, reserved 1048576K
}
Event: 3.264 GC heap before
{Heap before GC invocations=5 (full 0):
 garbage-first heap   total 81920K, used 79553K [0x0000000705a00000, 0x0000000800000000)
  region size 2048K, 32 young (65536K), 3 survivors (6144K)
 Metaspace       used 28052K, committed 28480K, reserved 1114112K
  class space    used 3452K, committed 3648K, reserved 1048576K
}
Event: 3.271 GC heap after
{Heap after GC invocations=6 (full 0):
 garbage-first heap   total 92160K, used 24321K [0x0000000705a00000, 0x0000000800000000)
  region size 2048K, 5 young (10240K), 5 survivors (10240K)
 Metaspace       used 28052K, committed 28480K, reserved 1114112K
  class space    used 3452K, committed 3648K, reserved 1048576K
}
Event: 4.128 GC heap before
{Heap before GC invocations=6 (full 0):
 garbage-first heap   total 92160K, used 69377K [0x0000000705a00000, 0x0000000800000000)
  region size 2048K, 27 young (55296K), 5 survivors (10240K)
 Metaspace       used 34755K, committed 35264K, reserved 1114112K
  class space    used 4329K, committed 4544K, reserved 1048576K
}
Event: 4.138 GC heap after
{Heap after GC invocations=7 (full 0):
 garbage-first heap   total 92160K, used 27939K [0x0000000705a00000, 0x0000000800000000)
  region size 2048K, 2 young (4096K), 2 survivors (4096K)
 Metaspace       used 34755K, committed 35264K, reserved 1114112K
  class space    used 4329K, committed 4544K, reserved 1048576K
}
Event: 4.280 GC heap before
{Heap before GC invocations=7 (full 0):
 garbage-first heap   total 92160K, used 40227K [0x0000000705a00000, 0x0000000800000000)
  region size 2048K, 9 young (18432K), 2 survivors (4096K)
 Metaspace       used 35440K, committed 35968K, reserved 1114112K
  class space    used 4435K, committed 4672K, reserved 1048576K
}
Event: 4.286 GC heap after
{Heap after GC invocations=8 (full 0):
 garbage-first heap   total 92160K, used 27822K [0x0000000705a00000, 0x0000000800000000)
  region size 2048K, 2 young (4096K), 2 survivors (4096K)
 Metaspace       used 35440K, committed 35968K, reserved 1114112K
  class space    used 4435K, committed 4672K, reserved 1048576K
}
Event: 5.024 GC heap before
{Heap before GC invocations=9 (full 0):
 garbage-first heap   total 92160K, used 76974K [0x0000000705a00000, 0x0000000800000000)
  region size 2048K, 26 young (53248K), 2 survivors (4096K)
 Metaspace       used 43059K, committed 43648K, reserved 1114112K
  class space    used 5515K, committed 5760K, reserved 1048576K
}
Event: 5.034 GC heap after
{Heap after GC invocations=10 (full 0):
 garbage-first heap   total 92160K, used 34283K [0x0000000705a00000, 0x0000000800000000)
  region size 2048K, 4 young (8192K), 4 survivors (8192K)
 Metaspace       used 43059K, committed 43648K, reserved 1114112K
  class space    used 5515K, committed 5760K, reserved 1048576K
}
Event: 5.959 GC heap before
{Heap before GC invocations=10 (full 0):
 garbage-first heap   total 92160K, used 77291K [0x0000000705a00000, 0x0000000800000000)
  region size 2048K, 25 young (51200K), 4 survivors (8192K)
 Metaspace       used 49805K, committed 50496K, reserved 1114112K
  class space    used 6613K, committed 6912K, reserved 1048576K
}
Event: 5.965 GC heap after
{Heap after GC invocations=11 (full 0):
 garbage-first heap   total 94208K, used 38487K [0x0000000705a00000, 0x0000000800000000)
  region size 2048K, 3 young (6144K), 3 survivors (6144K)
 Metaspace       used 49805K, committed 50496K, reserved 1114112K
  class space    used 6613K, committed 6912K, reserved 1048576K
}
Event: 6.583 GC heap before
{Heap before GC invocations=11 (full 0):
 garbage-first heap   total 94208K, used 77399K [0x0000000705a00000, 0x0000000800000000)
  region size 2048K, 22 young (45056K), 3 survivors (6144K)
 Metaspace       used 56043K, committed 56704K, reserved 1114112K
  class space    used 7407K, committed 7680K, reserved 1048576K
}
Event: 6.587 GC heap after
{Heap after GC invocations=12 (full 0):
 garbage-first heap   total 94208K, used 42341K [0x0000000705a00000, 0x0000000800000000)
  region size 2048K, 3 young (6144K), 3 survivors (6144K)
 Metaspace       used 56043K, committed 56704K, reserved 1114112K
  class space    used 7407K, committed 7680K, reserved 1048576K
}
Event: 137.496 GC heap before
{Heap before GC invocations=12 (full 0):
 garbage-first heap   total 94208K, used 56677K [0x0000000705a00000, 0x0000000800000000)
  region size 2048K, 12 young (24576K), 3 survivors (6144K)
 Metaspace       used 59356K, committed 60096K, reserved 1114112K
  class space    used 7847K, committed 8192K, reserved 1048576K
}
Event: 137.501 GC heap after
{Heap after GC invocations=13 (full 0):
 garbage-first heap   total 94208K, used 43843K [0x0000000705a00000, 0x0000000800000000)
  region size 2048K, 1 young (2048K), 1 survivors (2048K)
 Metaspace       used 59356K, committed 60096K, reserved 1114112K
  class space    used 7847K, committed 8192K, reserved 1048576K
}
Event: 1906.010 GC heap before
{Heap before GC invocations=14 (full 0):
 garbage-first heap   total 94208K, used 80707K [0x0000000705a00000, 0x0000000800000000)
  region size 2048K, 19 young (38912K), 1 survivors (2048K)
 Metaspace       used 62060K, committed 62912K, reserved 1114112K
  class space    used 8051K, committed 8448K, reserved 1048576K
}
Event: 1906.022 GC heap after
{Heap after GC invocations=15 (full 0):
 garbage-first heap   total 114688K, used 44929K [0x0000000705a00000, 0x0000000800000000)
  region size 2048K, 2 young (4096K), 2 survivors (4096K)
 Metaspace       used 62060K, committed 62912K, reserved 1114112K
  class space    used 8051K, committed 8448K, reserved 1048576K
}
Event: 4970.869 GC heap before
{Heap before GC invocations=15 (full 0):
 garbage-first heap   total 114688K, used 100225K [0x0000000705a00000, 0x0000000800000000)
  region size 2048K, 29 young (59392K), 2 survivors (4096K)
 Metaspace       used 63307K, committed 64192K, reserved 1114112K
  class space    used 8063K, committed 8448K, reserved 1048576K
}
Event: 4970.877 GC heap after
{Heap after GC invocations=16 (full 0):
 garbage-first heap   total 114688K, used 44215K [0x0000000705a00000, 0x0000000800000000)
  region size 2048K, 2 young (4096K), 2 survivors (4096K)
 Metaspace       used 63307K, committed 64192K, reserved 1114112K
  class space    used 8063K, committed 8448K, reserved 1048576K
}

Dll operation events (11 events):
Event: 0.009 Loaded shared library C:\Program Files\Java\jdk-21\bin\java.dll
Event: 0.041 Loaded shared library C:\Program Files\Java\jdk-21\bin\jsvml.dll
Event: 0.110 Loaded shared library C:\Program Files\Java\jdk-21\bin\net.dll
Event: 0.112 Loaded shared library C:\Program Files\Java\jdk-21\bin\nio.dll
Event: 0.115 Loaded shared library C:\Program Files\Java\jdk-21\bin\zip.dll
Event: 0.290 Loaded shared library C:\Program Files\Java\jdk-21\bin\jimage.dll
Event: 1.607 Loaded shared library C:\Program Files\Java\jdk-21\bin\sunmscapi.dll
Event: 2.046 Loaded shared library C:\Program Files\Java\jdk-21\bin\extnet.dll
Event: 3.734 Loaded shared library C:\Program Files\Java\jdk-21\bin\management.dll
Event: 3.735 Loaded shared library C:\Program Files\Java\jdk-21\bin\management_ext.dll
Event: 3.911 Loaded shared library C:\Program Files\Java\jdk-21\bin\verify.dll

Deoptimization events (20 events):
Event: 5540.928 Thread 0x0000020deb66eff0 Uncommon trap: trap_request=0xffffffbe fr.pc=0x0000020d9189e14c relative=0x000000000000110c
Event: 5540.928 Thread 0x0000020deb66eff0 Uncommon trap: reason=profile_predicate action=maybe_recompile pc=0x0000020d9189e14c method=java.util.ComparableTimSort.binarySort([Ljava/lang/Object;III)V @ 34 c2
Event: 5540.928 Thread 0x0000020deb66eff0 DEOPT PACKING pc=0x0000020d9189e14c sp=0x000000baef1fd8b0
Event: 5540.928 Thread 0x0000020deb66eff0 DEOPT UNPACKING pc=0x0000020d90d246a2 sp=0x000000baef1fd6e8 mode 2
Event: 5540.929 Thread 0x0000020deb66eff0 Uncommon trap: trap_request=0xffffffbe fr.pc=0x0000020d9189e14c relative=0x000000000000110c
Event: 5540.929 Thread 0x0000020deb66eff0 Uncommon trap: reason=profile_predicate action=maybe_recompile pc=0x0000020d9189e14c method=java.util.ComparableTimSort.binarySort([Ljava/lang/Object;III)V @ 34 c2
Event: 5540.929 Thread 0x0000020deb66eff0 DEOPT PACKING pc=0x0000020d9189e14c sp=0x000000baef1fd8a0
Event: 5540.929 Thread 0x0000020deb66eff0 DEOPT UNPACKING pc=0x0000020d90d246a2 sp=0x000000baef1fd6d8 mode 2
Event: 5540.944 Thread 0x0000020deb668060 Uncommon trap: trap_request=0xffffffbe fr.pc=0x0000020d9189e14c relative=0x000000000000110c
Event: 5540.944 Thread 0x0000020deb668060 Uncommon trap: reason=profile_predicate action=maybe_recompile pc=0x0000020d9189e14c method=java.util.ComparableTimSort.binarySort([Ljava/lang/Object;III)V @ 34 c2
Event: 5540.944 Thread 0x0000020deb668060 DEOPT PACKING pc=0x0000020d9189e14c sp=0x000000baef2fd330
Event: 5540.944 Thread 0x0000020deb668060 DEOPT UNPACKING pc=0x0000020d90d246a2 sp=0x000000baef2fd168 mode 2
Event: 5540.945 Thread 0x0000020deb668060 Uncommon trap: trap_request=0xffffffbe fr.pc=0x0000020d9189e14c relative=0x000000000000110c
Event: 5540.945 Thread 0x0000020deb668060 Uncommon trap: reason=profile_predicate action=maybe_recompile pc=0x0000020d9189e14c method=java.util.ComparableTimSort.binarySort([Ljava/lang/Object;III)V @ 34 c2
Event: 5540.945 Thread 0x0000020deb668060 DEOPT PACKING pc=0x0000020d9189e14c sp=0x000000baef2fd320
Event: 5540.945 Thread 0x0000020deb668060 DEOPT UNPACKING pc=0x0000020d90d246a2 sp=0x000000baef2fd158 mode 2
Event: 5600.986 Thread 0x0000020deb66e960 Uncommon trap: trap_request=0xffffff45 fr.pc=0x0000020d914e0f5c relative=0x000000000000023c
Event: 5600.986 Thread 0x0000020deb66e960 Uncommon trap: reason=unstable_if action=reinterpret pc=0x0000020d914e0f5c method=java.util.HashMap.clear()V @ 23 c2
Event: 5600.986 Thread 0x0000020deb66e960 DEOPT PACKING pc=0x0000020d914e0f5c sp=0x000000baeeefed70
Event: 5600.986 Thread 0x0000020deb66e960 DEOPT UNPACKING pc=0x0000020d90d246a2 sp=0x000000baeeefed18 mode 2

Classes loaded (20 events):
Event: 137.491 Loading class java/security/KeyStoreException
Event: 137.491 Loading class java/security/KeyStoreException done
Event: 137.491 Loading class java/security/UnrecoverableKeyException
Event: 137.491 Loading class java/security/UnrecoverableEntryException
Event: 137.491 Loading class java/security/UnrecoverableEntryException done
Event: 137.491 Loading class java/security/UnrecoverableKeyException done
Event: 137.534 Loading class java/util/zip/GZIPInputStream
Event: 137.534 Loading class java/util/zip/GZIPInputStream done
Event: 137.545 Loading class java/util/concurrent/LinkedBlockingDeque$Node
Event: 137.545 Loading class java/util/concurrent/LinkedBlockingDeque$Node done
Event: 137.563 Loading class java/net/SocksSocketImpl
Event: 137.563 Loading class java/net/SocksConsts
Event: 137.563 Loading class java/net/SocksConsts done
Event: 137.563 Loading class java/net/DelegatingSocketImpl
Event: 137.563 Loading class java/net/DelegatingSocketImpl done
Event: 137.563 Loading class java/net/SocksSocketImpl done
Event: 137.564 Loading class java/net/SocksSocketImpl$3
Event: 137.564 Loading class java/net/SocksSocketImpl$3 done
Event: 887.205 Loading class java/util/concurrent/locks/ReentrantReadWriteLock$Sync$HoldCounter
Event: 887.205 Loading class java/util/concurrent/locks/ReentrantReadWriteLock$Sync$HoldCounter done

Classes unloaded (0 events):
No events

Classes redefined (0 events):
No events

Internal exceptions (20 events):
Event: 5.981 Thread 0x0000020da0bdcc70 Exception <a 'java/lang/NoSuchMethodError'{0x00000007154fe388}: 'long java.lang.invoke.DirectMethodHandle$Holder.invokeStatic(java.lang.Object, java.lang.Object, java.lang.Object)'> (0x00000007154fe388) 
thrown [s\open\src\hotspot\share\interpreter\linkResolver.cpp, line 773]
Event: 6.102 Thread 0x0000020dff491800 Exception <a 'java/lang/NoSuchMethodError'{0x000000070ab68fb0}: 'java.lang.Object java.lang.invoke.DirectMethodHandle$Holder.invokeVirtual(java.lang.Object, java.lang.Object, java.lang.Object, java.lang.Object, java.lang.Object, java.lang.Object, java.lang.Object)'> (0x000000070ab68fb0) 
thrown [s\open\src\hotspot\share\interpreter\linkResolver.cpp, line 773]
Event: 6.125 Thread 0x0000020dff491800 Exception <a 'java/lang/NoSuchMethodError'{0x000000070a871308}: 'double java.lang.invoke.DirectMethodHandle$Holder.invokeVirtual(java.lang.Object, java.lang.Object)'> (0x000000070a871308) 
thrown [s\open\src\hotspot\share\interpreter\linkResolver.cpp, line 773]
Event: 6.198 Thread 0x0000020dff491800 Exception <a 'sun/nio/fs/WindowsException'{0x000000070a7fc840}> (0x000000070a7fc840) 
thrown [s\open\src\hotspot\share\prims\jni.cpp, line 520]
Event: 6.320 Thread 0x0000020dff491800 Exception <a 'java/lang/NoSuchMethodError'{0x0000000709c62c68}: 'java.lang.Object java.lang.invoke.DirectMethodHandle$Holder.newInvokeSpecial(java.lang.Object, java.lang.Object, java.lang.Object, long, long)'> (0x0000000709c62c68) 
thrown [s\open\src\hotspot\share\interpreter\linkResolver.cpp, line 773]
Event: 6.320 Thread 0x0000020dff491800 Exception <a 'java/lang/NoSuchMethodError'{0x0000000709c670f8}: 'java.lang.Object java.lang.invoke.DirectMethodHandle$Holder.invokeSpecial(java.lang.Object, java.lang.Object, java.lang.Object, java.lang.Object, long, long)'> (0x0000000709c670f8) 
thrown [s\open\src\hotspot\share\interpreter\linkResolver.cpp, line 773]
Event: 6.332 Thread 0x0000020dff491800 Exception <a 'java/lang/NoSuchMethodError'{0x0000000709cff9e8}: 'java.lang.Object java.lang.invoke.DirectMethodHandle$Holder.invokeStatic(java.lang.Object, java.lang.Object, java.lang.Object, java.lang.Object, java.lang.Object, java.lang.Object, int)'> (0x0000000709cff9e8) 
thrown [s\open\src\hotspot\share\interpreter\linkResolver.cpp, line 773]
Event: 6.400 Thread 0x0000020dff491800 Exception <a 'java/lang/NoSuchMethodError'{0x000000070975a4c8}: 'void java.lang.invoke.DirectMethodHandle$Holder.invokeStatic(java.lang.Object, java.lang.Object, double)'> (0x000000070975a4c8) 
thrown [s\open\src\hotspot\share\interpreter\linkResolver.cpp, line 773]
Event: 6.413 Thread 0x0000020dff491800 Exception <a 'java/lang/NoSuchMethodError'{0x00000007097aff30}: 'double java.lang.invoke.DirectMethodHandle$Holder.invokeStatic(java.lang.Object, java.lang.Object, java.lang.Object)'> (0x00000007097aff30) 
thrown [s\open\src\hotspot\share\interpreter\linkResolver.cpp, line 773]
Event: 6.505 Thread 0x0000020dff491800 Exception <a 'java/lang/IncompatibleClassChangeError'{0x00000007090ae818}: Found class java.lang.Object, but interface was expected> (0x00000007090ae818) 
thrown [s\open\src\hotspot\share\interpreter\linkResolver.cpp, line 840]
Event: 6.536 Thread 0x0000020dff491800 Implicit null exception at 0x0000020d91459b7c to 0x0000020d9145a4c0
Event: 136.775 Thread 0x0000020deb66e960 Exception <a 'java/lang/NoSuchMethodError'{0x00000007143c16e8}: 'java.lang.Object java.lang.invoke.DirectMethodHandle$Holder.invokeSpecial(java.lang.Object, java.lang.Object, java.lang.Object, java.lang.Object, java.lang.Object, long)'> (0x00000007143c16e8) 
thrown [s\open\src\hotspot\share\interpreter\linkResolver.cpp, line 773]
Event: 136.775 Thread 0x0000020deb66e960 Exception <a 'java/lang/NoSuchMethodError'{0x00000007143c4ea8}: 'java.lang.Object java.lang.invoke.Invokers$Holder.linkToTargetMethod(java.lang.Object, java.lang.Object, java.lang.Object, long, java.lang.Object)'> (0x00000007143c4ea8) 
thrown [s\open\src\hotspot\share\interpreter\linkResolver.cpp, line 773]
Event: 136.822 Thread 0x0000020deb66e960 Implicit null exception at 0x0000020d9153b37c to 0x0000020d9153b434
Event: 136.823 Thread 0x0000020deb66e960 Exception <a 'java/lang/NoSuchMethodError'{0x000000070a8f3838}: 'java.lang.Object java.lang.invoke.DirectMethodHandle$Holder.invokeVirtual(java.lang.Object, java.lang.Object, java.lang.Object, java.lang.Object, java.lang.Object, java.lang.Object, java.lang.Object, java.lang.Object)'> (0x000000070a8f3838) 
thrown [s\open\src\hotspot\share\interpreter\linkResolver.cpp, line 773]
Event: 137.575 Thread 0x0000020deb687800 Exception <a 'java/lang/NoSuchMethodError'{0x000000071440c3a8}: 'long java.lang.invoke.DelegatingMethodHandle$Holder.reinvoke_L(java.lang.Object, java.lang.Object)'> (0x000000071440c3a8) 
thrown [s\open\src\hotspot\share\interpreter\linkResolver.cpp, line 773]
Event: 137.591 Thread 0x0000020deb687800 Implicit null exception at 0x0000020d91621f83 to 0x0000020d91622268
Event: 137.591 Thread 0x0000020deb687800 Exception <a 'java/lang/NoSuchMethodError'{0x0000000714521a68}: 'java.lang.Object java.lang.invoke.DelegatingMethodHandle$Holder.reinvoke_L(java.lang.Object, int, java.lang.Object)'> (0x0000000714521a68) 
thrown [s\open\src\hotspot\share\interpreter\linkResolver.cpp, line 773]
Event: 2509.219 Thread 0x0000020de6bb9b20 Implicit null exception at 0x0000020d917dfc60 to 0x0000020d917dfce9
Event: 5382.470 Thread 0x0000020de67ad040 Implicit null exception at 0x0000020d9189104e to 0x0000020d91891308

ZGC Phase Switch (0 events):
No events

VM Operations (20 events):
Event: 5513.357 Executing VM operation: Cleanup
Event: 5513.357 Executing VM operation: Cleanup done
Event: 5531.254 Executing VM operation: HandshakeAllThreads (HandshakeForDeflation)
Event: 5531.254 Executing VM operation: HandshakeAllThreads (HandshakeForDeflation) done
Event: 5531.254 Executing VM operation: RendezvousGCThreads
Event: 5531.254 Executing VM operation: RendezvousGCThreads done
Event: 5541.302 Executing VM operation: Cleanup
Event: 5541.302 Executing VM operation: Cleanup done
Event: 5542.307 Executing VM operation: Cleanup
Event: 5542.307 Executing VM operation: Cleanup done
Event: 5572.444 Executing VM operation: Cleanup
Event: 5572.444 Executing VM operation: Cleanup done
Event: 5587.532 Executing VM operation: Cleanup
Event: 5587.532 Executing VM operation: Cleanup done
Event: 5591.360 Executing VM operation: HandshakeAllThreads (HandshakeForDeflation)
Event: 5591.360 Executing VM operation: HandshakeAllThreads (HandshakeForDeflation) done
Event: 5591.360 Executing VM operation: RendezvousGCThreads
Event: 5591.360 Executing VM operation: RendezvousGCThreads done
Event: 5601.456 Executing VM operation: Cleanup
Event: 5601.456 Executing VM operation: Cleanup done

Events (20 events):
Event: 137.520 Thread 0x0000020da005ea80 flushing nmethod 0x0000020d91364190
Event: 137.520 Thread 0x0000020da005ea80 flushing nmethod 0x0000020d9136af10
Event: 137.520 Thread 0x0000020da005ea80 flushing nmethod 0x0000020d9131cf90
Event: 137.520 Thread 0x0000020da005ea80 flushing nmethod 0x0000020d91320c90
Event: 137.520 Thread 0x0000020da005ea80 flushing nmethod 0x0000020d912fa810
Event: 137.520 Thread 0x0000020da005ea80 flushing nmethod 0x0000020d91310a90
Event: 137.520 Thread 0x0000020da005ea80 flushing nmethod 0x0000020d9130ac10
Event: 137.520 Thread 0x0000020da005ea80 flushing nmethod 0x0000020d912f9090
Event: 137.520 Thread 0x0000020da005ea80 flushing nmethod 0x0000020d912fd490
Event: 137.520 Thread 0x0000020da005ea80 flushing nmethod 0x0000020d912e4690
Event: 137.520 Thread 0x0000020da005ea80 flushing nmethod 0x0000020d912d7590
Event: 137.520 Thread 0x0000020da005ea80 flushing nmethod 0x0000020d912e4390
Event: 137.520 Thread 0x0000020da005ea80 flushing nmethod 0x0000020d9128eb90
Event: 137.520 Thread 0x0000020da005ea80 flushing nmethod 0x0000020d9128b410
Event: 137.520 Thread 0x0000020da005ea80 flushing nmethod 0x0000020d9128ae10
Event: 137.520 Thread 0x0000020da005ea80 flushing nmethod 0x0000020d91281d10
Event: 137.529 Thread 0x0000020de83607a0 Thread added: 0x0000020de83607a0
Event: 137.866 Thread 0x0000020de83607a0 Thread exited: 0x0000020de83607a0
Event: 166.878 Thread 0x0000020de83607a0 Thread added: 0x0000020de83607a0
Event: 167.389 Thread 0x0000020de83607a0 Thread exited: 0x0000020de83607a0


Dynamic libraries:
0x00007ff6cd260000 - 0x00007ff6cd270000 	C:\Program Files\Java\jdk-21\bin\java.exe
0x00007ff86d470000 - 0x00007ff86d687000 	C:\WINDOWS\SYSTEM32\ntdll.dll
0x00007ff86b6d0000 - 0x00007ff86b794000 	C:\WINDOWS\System32\KERNEL32.DLL
0x00007ff86abb0000 - 0x00007ff86af82000 	C:\WINDOWS\System32\KERNELBASE.dll
0x00007ff86aa10000 - 0x00007ff86ab21000 	C:\WINDOWS\System32\ucrtbase.dll
0x00007ff8488f0000 - 0x00007ff848909000 	C:\Program Files\Java\jdk-21\bin\jli.dll
0x00007ff864f10000 - 0x00007ff864f2b000 	C:\Program Files\Java\jdk-21\bin\VCRUNTIME140.dll
0x00007ff86b1b0000 - 0x00007ff86b261000 	C:\WINDOWS\System32\ADVAPI32.dll
0x00007ff86b100000 - 0x00007ff86b1a7000 	C:\WINDOWS\System32\msvcrt.dll
0x00007ff86bfe0000 - 0x00007ff86c088000 	C:\WINDOWS\System32\sechost.dll
0x00007ff86b0d0000 - 0x00007ff86b0f8000 	C:\WINDOWS\System32\bcrypt.dll
0x00007ff86b7d0000 - 0x00007ff86b8e4000 	C:\WINDOWS\System32\RPCRT4.dll
0x00007ff86b470000 - 0x00007ff86b621000 	C:\WINDOWS\System32\USER32.dll
0x00007ff86a600000 - 0x00007ff86a626000 	C:\WINDOWS\System32\win32u.dll
0x00007ff84a640000 - 0x00007ff84a8db000 	C:\WINDOWS\WinSxS\amd64_microsoft.windows.common-controls_6595b64144ccf1df_6.0.22621.5415_none_270d77d17387d7da\COMCTL32.dll
0x00007ff86b7a0000 - 0x00007ff86b7c9000 	C:\WINDOWS\System32\GDI32.dll
0x00007ff86a630000 - 0x00007ff86a753000 	C:\WINDOWS\System32\gdi32full.dll
0x00007ff86a560000 - 0x00007ff86a5fa000 	C:\WINDOWS\System32\msvcp_win.dll
0x00007ff859240000 - 0x00007ff85924a000 	C:\WINDOWS\SYSTEM32\VERSION.dll
0x00007ff86b8f0000 - 0x00007ff86b921000 	C:\WINDOWS\System32\IMM32.DLL
0x00007ff8654e0000 - 0x00007ff8654ec000 	C:\Program Files\Java\jdk-21\bin\vcruntime140_1.dll
0x00007ff833110000 - 0x00007ff83319e000 	C:\Program Files\Java\jdk-21\bin\msvcp140.dll
0x00007fffd7b30000 - 0x00007fffd8845000 	C:\Program Files\Java\jdk-21\bin\server\jvm.dll
0x00007ff86b650000 - 0x00007ff86b6c1000 	C:\WINDOWS\System32\WS2_32.dll
0x00007ff86a380000 - 0x00007ff86a3cd000 	C:\WINDOWS\SYSTEM32\POWRPROF.dll
0x00007ff866940000 - 0x00007ff866974000 	C:\WINDOWS\SYSTEM32\WINMM.dll
0x00007ff86a360000 - 0x00007ff86a373000 	C:\WINDOWS\SYSTEM32\UMPDC.dll
0x00007ff869550000 - 0x00007ff869568000 	C:\WINDOWS\SYSTEM32\kernel.appcore.dll
0x00007ff8633f0000 - 0x00007ff8633fa000 	C:\Program Files\Java\jdk-21\bin\jimage.dll
0x00007ff8679f0000 - 0x00007ff867c23000 	C:\WINDOWS\SYSTEM32\DBGHELP.DLL
0x00007ff86cfe0000 - 0x00007ff86d373000 	C:\WINDOWS\System32\combase.dll
0x00007ff86bbb0000 - 0x00007ff86bc87000 	C:\WINDOWS\System32\OLEAUT32.dll
0x00007ff840e10000 - 0x00007ff840e42000 	C:\WINDOWS\SYSTEM32\dbgcore.DLL
0x00007ff86ab30000 - 0x00007ff86abab000 	C:\WINDOWS\System32\bcryptPrimitives.dll
0x00007ff84c970000 - 0x00007ff84c98f000 	C:\Program Files\Java\jdk-21\bin\java.dll
0x00007ff86c2b0000 - 0x00007ff86cb52000 	C:\WINDOWS\System32\SHELL32.dll
0x00007ff86a760000 - 0x00007ff86a89f000 	C:\WINDOWS\System32\wintypes.dll
0x00007ff868370000 - 0x00007ff868c8e000 	C:\WINDOWS\SYSTEM32\windows.storage.dll
0x00007ff86b930000 - 0x00007ff86ba3b000 	C:\WINDOWS\System32\SHCORE.dll
0x00007ff86c1a0000 - 0x00007ff86c209000 	C:\WINDOWS\System32\shlwapi.dll
0x00007ff86a490000 - 0x00007ff86a4bb000 	C:\WINDOWS\SYSTEM32\profapi.dll
0x00007ff8331a0000 - 0x00007ff833277000 	C:\Program Files\Java\jdk-21\bin\jsvml.dll
0x00007ff84c1d0000 - 0x00007ff84c1e0000 	C:\Program Files\Java\jdk-21\bin\net.dll
0x00007ff8664d0000 - 0x00007ff8665fc000 	C:\WINDOWS\SYSTEM32\WINHTTP.dll
0x00007ff8699c0000 - 0x00007ff869a29000 	C:\WINDOWS\system32\mswsock.dll
0x00007ff848500000 - 0x00007ff848516000 	C:\Program Files\Java\jdk-21\bin\nio.dll
0x00007ff846270000 - 0x00007ff846288000 	C:\Program Files\Java\jdk-21\bin\zip.dll
0x00007ff868de0000 - 0x00007ff868e0d000 	C:\WINDOWS\SYSTEM32\IPHLPAPI.DLL
0x00007ff86bc90000 - 0x00007ff86bc99000 	C:\WINDOWS\System32\NSI.dll
0x00007ff868e10000 - 0x00007ff868f08000 	C:\WINDOWS\SYSTEM32\DNSAPI.dll
0x00007ff865490000 - 0x00007ff86549a000 	C:\Windows\System32\rasadhlp.dll
0x00007ff865de0000 - 0x00007ff865e64000 	C:\WINDOWS\System32\fwpuclnt.dll
0x00007ff846200000 - 0x00007ff84620e000 	C:\Program Files\Java\jdk-21\bin\sunmscapi.dll
0x00007ff86a8a0000 - 0x00007ff86aa07000 	C:\WINDOWS\System32\CRYPT32.dll
0x00007ff869da0000 - 0x00007ff869dcd000 	C:\WINDOWS\SYSTEM32\ncrypt.dll
0x00007ff869d60000 - 0x00007ff869d97000 	C:\WINDOWS\SYSTEM32\NTASN1.dll
0x00007ff8485e0000 - 0x00007ff8485e7000 	C:\Program Files\Java\jdk-21\bin\extnet.dll
0x00007ff869cb0000 - 0x00007ff869ccb000 	C:\WINDOWS\SYSTEM32\CRYPTSP.dll
0x00007ff8694b0000 - 0x00007ff8694e7000 	C:\WINDOWS\system32\rsaenh.dll
0x00007ff869a60000 - 0x00007ff869a88000 	C:\WINDOWS\SYSTEM32\USERENV.dll
0x00007ff869c90000 - 0x00007ff869c9c000 	C:\WINDOWS\SYSTEM32\CRYPTBASE.dll
0x00007ff848490000 - 0x00007ff84849a000 	C:\Program Files\Java\jdk-21\bin\management.dll
0x00007ff848260000 - 0x00007ff84826b000 	C:\Program Files\Java\jdk-21\bin\management_ext.dll
0x00007ff86bd00000 - 0x00007ff86bd08000 	C:\WINDOWS\System32\PSAPI.DLL
0x00007ff849970000 - 0x00007ff849980000 	C:\Program Files\Java\jdk-21\bin\verify.dll
0x00007ff83c770000 - 0x00007ff83c787000 	C:\WINDOWS\system32\napinsp.dll
0x00007ff83c750000 - 0x00007ff83c76b000 	C:\WINDOWS\system32\pnrpnsp.dll
0x00007ff83b920000 - 0x00007ff83b931000 	C:\WINDOWS\System32\winrnr.dll
0x00007ff83b900000 - 0x00007ff83b91f000 	C:\WINDOWS\system32\wshbth.dll
0x00007ff83b8d0000 - 0x00007ff83b8f1000 	C:\WINDOWS\system32\nlansp_c.dll
0x00007ff843590000 - 0x00007ff843598000 	C:\WINDOWS\system32\wshunix.dll

dbghelp: loaded successfully - version: 4.0.5 - missing functions: none
symbol engine: initialized successfully - sym options: 0x614 - pdb path: .;C:\Program Files\Java\jdk-21\bin;C:\WINDOWS\SYSTEM32;C:\WINDOWS\WinSxS\amd64_microsoft.windows.common-controls_6595b64144ccf1df_6.0.22621.5415_none_270d77d17387d7da;C:\Program Files\Java\jdk-21\bin\server

VM Arguments:
java_command: zuul_server.ZuulServerApplication
java_class_path (initial): E:\ProjetSpringBoot\spring-cloud-gescom-api\eureka-server\eureka-server\target\classes;C:\Users\USER01\.m2\repository\org\springframework\cloud\spring-cloud-starter-config\4.2.1\spring-cloud-starter-config-4.2.1.jar;C:\Users\USER01\.m2\repository\org\springframework\cloud\spring-cloud-starter\4.2.1\spring-cloud-starter-4.2.1.jar;C:\Users\USER01\.m2\repository\org\springframework\cloud\spring-cloud-context\4.2.1\spring-cloud-context-4.2.1.jar;C:\Users\USER01\.m2\repository\org\springframework\security\spring-security-crypto\6.4.4\spring-security-crypto-6.4.4.jar;C:\Users\USER01\.m2\repository\org\springframework\cloud\spring-cloud-commons\4.2.1\spring-cloud-commons-4.2.1.jar;C:\Users\USER01\.m2\repository\org\bouncycastle\bcprov-jdk18on\1.78.1\bcprov-jdk18on-1.78.1.jar;C:\Users\USER01\.m2\repository\org\springframework\cloud\spring-cloud-config-client\4.2.1\spring-cloud-config-client-4.2.1.jar;C:\Users\USER01\.m2\repository\org\springframework\boot\spring-boot-autoconfigure\3.4.4\spring-boot-autoconfigure-3.4.4.jar;C:\Users\USER01\.m2\repository\org\springframework\spring-web\6.2.5\spring-web-6.2.5.jar;C:\Users\USER01\.m2\repository\org\springframework\spring-beans\6.2.5\spring-beans-6.2.5.jar;C:\Users\USER01\.m2\repository\io\micrometer\micrometer-observation\1.14.5\micrometer-observation-1.14.5.jar;C:\Users\USER01\.m2\repository\io\micrometer\micrometer-commons\1.14.5\micrometer-commons-1.14.5.jar;C:\Users\USER01\.m2\repository\com\fasterxml\jackson\core\jackson-annotations\2.18.3\jackson-annotations-2.18.3.jar;C:\Users\USER01\.m2\repository\org\apache\httpcomponents\client5\httpclient5\5.4.2\httpclient5-5.4.2.jar;C:\Users\USER01\.m2\repository\org\apache\httpcomponents\core5\httpcore5\5.3.3\httpcore5-5.3.3.jar;C:\Users\USER01\.m2\repository\org\apache\httpcomponents\core5\httpcore5-h2\5.3.3\httpcore5-h2-5.3.3.jar;C:\Users\USER01\.m2\repository\com\fasterxml\jackson\core\jackson-databind\2.18.3\jackson-databind-2.18.3.jar;C:\Users\USER01\.m2\repository\com\fasterxml\jackson\core\jackson-core\2.18.3\jackson-core-2.18.3.jar;C:\Users\USER01\.m2\repository\org\springframework\cloud\spring-cloud-starter-netflix-eureka-client\4.2.1\spring-cloud-starter-netflix-eureka-client-4.2.1.jar;C:\Users\USER01\.m2\repository\org\springframework\cloud\spring-cloud-netflix-eureka-client\4.2.1\spring-cloud-netflix-eureka-client-4.2.1.jar;C:\Users\USER01\.m2\repository\com\netflix\eureka\eureka-client\2.0.4\eureka-client-2.0.4.jar;C:\Users\USER01\.m2\repository\com\thoughtworks\xstream\xstream\1.4.20\xstream-1.4.20.jar;C:\Users\USER01\.m2\repository\io\github\x-stream\mxparser\1.2.2\mxparser-1.2.2.jar;C:\Users\USER01\.m2\repository\xmlpull\xmlpull\1.1.3.1\xmlpull-1.1.3.1.jar;C:\Users\USER01\.m2\repository\jakarta\ws\rs\jakarta.ws.rs-api\3.1.0\jakarta.ws.rs-api-3.1.0.jar;C:\Users\USER01\.m2\repository\jakarta\inject\jakarta.inject-api\2.0.1\jakarta.inject-api-2.0.1.jar;C:\Users\USER01\.m2\repository\jakarta\annotation\jakarta.annotation-api\2.1.1\jakarta.annotation-api-2.1.1.jar;C:\Users\USER01\.m2\repository\com\netflix\spectator\spectator-api\1.7.3\spectator-api-1.7.3.jar;C:\Users\USER01\.m2\repository\org\slf4j\slf4j-api\2.0.17\slf4j-api-2.0.17.jar;C:\Users\USER01\.m2\repository\org\apache\httpcomponents\httpclient\4.5.3\httpclient-4.5.3.jar;C:\Users\USER01\.m2\repository\org\apache\httpcomponents\httpcore\4.4.16\httpcore-4.4.16.jar;C:\Users\USER01\.m2\repository\commons-codec\commons-codec\1.17.2\commons-codec-1.17.2.jar;C:\Users\USER01\.m2\repository\commons-configuration\commons-configuration\1.10\commons-configuration-1.10.jar;C:\Users\USER01\.m2\repository\commons-lang\commons-lang\2.6\commons-lang-2.6.jar;C:\Users\USER01\.m2\repository\com\netflix\netflix-commons\netflix-eventbus\0.3.0\netflix-eventbus-0.3.0.jar;C:\Users\USER01\.m2\repository\com\netflix\netflix-commons\netflix-infix\0.3.0\netflix-infix-0.3.0.jar;C:\Users\USER01\.m2\repository\commons-jxpath\commons-jxpath\1.3\commons-jxpath-1.3.jar;C:\Users\USER01\.m2\repository\joda-time\joda-time\2.3\joda-time-2.3.jar;C:\Users\USER01\.m2\repository\org\antlr\antlr-runtime\3.4\antlr-runtime-3.4.jar;C:\Users\USER01\.m2\repository\org\antlr\stringtemplate\3.2.1\stringtemplate-3.2.1.jar;C:\Users\USER01\.m2\repository\antlr\antlr\2.7.7\antlr-2.7.7.jar;C:\Users\USER01\.m2\repository\com\google\guava\guava\14.0.1\guava-14.0.1.jar;C:\Users\USER01\.m2\repository\com\google\code\gson\gson\2.11.0\gson-2.11.0.jar;C:\Users\USER01\.m2\repository\com\google\errorprone\error_prone_annotations\2.27.0\error_prone_annotations-2.27.0.jar;C:\Users\USER01\.m2\repository\com\netflix\servo\servo-core\0.5.3\servo-core-0.5.3.jar;C:\Users\USER01\.m2\repository\org\apache\commons\commons-math\2.2\commons-math-2.2.jar;C:\Users\USER01\.m2\repository\javax\annotation\javax.annotation-api\1.2\javax.annotation-api-1.2.jar;C:\Users\USER01\.m2\repository\org\codehaus\jettison\jettison\1.5.4\jettison-1.5.4.jar;C:\Users\USER01\.m2\repository\org\springframework\cloud\spring-cloud-starter-loadbalancer\4.2.1\spring-cloud-starter-loadbalancer-4.2.1.jar;C:\Users\USER01\.m2\repository\org\springframework\cloud\spring-cloud-loadbalancer\4.2.1\spring-cloud-loadbalancer-4.2.1.jar;C:\Users\USER01\.m2\repository\io\projectreactor\reactor-core\3.7.4\reactor-core-3.7.4.jar;C:\Users\USER01\.m2\repository\org\reactivestreams\reactive-streams\1.0.4\reactive-streams-1.0.4.jar;C:\Users\USER01\.m2\repository\io\projectreactor\addons\reactor-extra\3.5.2\reactor-extra-3.5.2.jar;C:\Users\USER01\.m2\repository\org\springframework\boot\spring-boot-starter-cache\3.4.4\spring-boot-starter-cache-3.4.4.jar;C:\Users\USER01\.m2\repository\org\springframework\spring-context-support\6.2.5\spring-context-support-6.2.5.jar;C:\Users\USER01\.m2\repository\com\stoyanr\evictor\1.0.0\evictor-1.0.0.jar;C:\Users\USER01\.m2\repository\org\springframework\cloud\spring-cloud-starter-netflix-eureka-server\4.2.1\spring-cloud-starter-netflix-eureka-server-4.2.1.jar;C:\Users\USER01\.m2\repository\org\springframework\cloud\spring-cloud-netflix-eureka-server\4.2.1\spring-cloud-netflix-eureka-server-4.2.1.jar;C:\Users\USER01\.m2\repository\org\springframework\boot\spring-boot-starter-web\3.4.4\spring-boot-starter-web-3.4.4.jar;C:\Users\USER01\.m2\repository\org\springframework\boot\spring-boot-starter-json\3.4.4\spring-boot-starter-json-3.4.4.jar;C:\Users\USER01\.m2\repository\com\fasterxml\jackson\datatype\jackson-datatype-jdk8\2.18.3\jackson-datatype-jdk8-2.18.3.jar;C:\Users\USER01\.m2\repository\com\fasterxml\jackson\datatype\jackson-datatype-jsr310\2.18.3\jackson-datatype-jsr310-2.18.3.jar;C:\Users\USER01\.m2\repository\com\fasterxml\jackson\module\jackson-module-parameter-names\2.18.3\jackson-module-parameter-names-2.18.3.jar;C:\Users\USER01\.m2\repository\org\springframework\boot\spring-boot-starter-tomcat\3.4.4\spring-boot-starter-tomcat-3.4.4.jar;C:\Users\USER01\.m2\repository\org\apache\tomcat\embed\tomcat-embed-core\10.1.39\tomcat-embed-core-10.1.39.jar;C:\Users\USER01\.m2\repository\org\apache\tomcat\embed\tomcat-embed-el\10.1.39\tomcat-embed-el-10.1.39.jar;C:\Users\USER01\.m2\repository\org\apache\tomcat\embed\tomcat-embed-websocket\10.1.39\tomcat-embed-websocket-10.1.39.jar;C:\Users\USER01\.m2\repository\org\springframework\spring-webmvc\6.2.5\spring-webmvc-6.2.5.jar;C:\Users\USER01\.m2\repository\org\springframework\spring-aop\6.2.5\spring-aop-6.2.5.jar;C:\Users\USER01\.m2\repository\org\springframework\spring-expression\6.2.5\spring-expression-6.2.5.jar;C:\Users\USER01\.m2\repository\org\springframework\boot\spring-boot-starter-actuator\3.4.4\spring-boot-starter-actuator-3.4.4.jar;C:\Users\USER01\.m2\repository\org\springframework\boot\spring-boot-actuator-autoconfigure\3.4.4\spring-boot-actuator-autoconfigure-3.4.4.jar;C:\Users\USER01\.m2\repository\org\springframework\boot\spring-boot-actuator\3.4.4\spring-boot-actuator-3.4.4.jar;C:\Users\USER01\.m2\repository\io\micrometer\micrometer-jakarta9\1.14.5\micrometer-jakarta9-1.14.5.jar;C:\Users\USER01\.m2\repository\io\micrometer\micrometer-core\1.14.5\micrometer-core-1.14.5.jar;C:\Users\USER01\.m2\repository\org\hdrhistogram\HdrHistogram\2.2.2\HdrHistogram-2.2.2.jar;C:\Users\USER01\.m2\repository\org\latencyutils\LatencyUtils\2.0.3\LatencyUtils-2.0.3.jar;C:\Users\USER01\.m2\repository\org\springframework\boot\spring-boot-starter-freemarker\3.4.4\spring-boot-starter-freemarker-3.4.4.jar;C:\Users\USER01\.m2\repository\org\freemarker\freemarker\2.3.34\freemarker-2.3.34.jar;C:\Users\USER01\.m2\repository\com\netflix\eureka\eureka-client-jersey3\2.0.4\eureka-client-jersey3-2.0.4.jar;C:\Users\USER01\.m2\repository\org\glassfish\jersey\connectors\jersey-apache-connector\3.1.10\jersey-apache-connector-3.1.10.jar;C:\Users\USER01\.m2\repository\com\netflix\eureka\eureka-core-jersey3\2.0.4\eureka-core-jersey3-2.0.4.jar;C:\Users\USER01\.m2\repository\com\netflix\eureka\eureka-core\2.0.4\eureka-core-2.0.4.jar;C:\Users\USER01\.m2\repository\org\glassfish\jersey\containers\jersey-container-servlet\3.1.10\jersey-container-servlet-3.1.10.jar;C:\Users\USER01\.m2\repository\org\glassfish\jersey\containers\jersey-container-servlet-core\3.1.10\jersey-container-servlet-core-3.1.10.jar;C:\Users\USER01\.m2\repository\org\glassfish\jersey\core\jersey-common\3.1.10\jersey-common-3.1.10.jar;C:\Users\USER01\.m2\repository\org\glassfish\hk2\osgi-resource-locator\1.0.3\osgi-resource-locator-1.0.3.jar;C:\Users\USER01\.m2\repository\org\glassfish\jersey\core\jersey-server\3.1.10\jersey-server-3.1.10.jar;C:\Users\USER01\.m2\repository\jakarta\validation\jakarta.validation-api\3.0.2\jakarta.validation-api-3.0.2.jar;C:\Users\USER01\.m2\repository\org\glassfish\jersey\core\jersey-client\3.1.10\jersey-client-3.1.10.jar;C:\Users\USER01\.m2\repository\org\glassfish\jersey\inject\jersey-hk2\3.1.10\jersey-hk2-3.1.10.jar;C:\Users\USER01\.m2\repository\org\glassfish\hk2\hk2-locator\3.0.6\hk2-locator-3.0.6.jar;C:\Users\USER01\.m2\repository\org\glassfish\hk2\hk2-utils\3.0.6\hk2-utils-3.0.6.jar;C:\Users\USER01\.m2\repository\org\javassist\javassist\3.30.2-GA\javassist-3.30.2-GA.jar;C:\Users\USER01\.m2\repository\org\glassfish\hk2\spring-bridge\3.1.1\spring-bridge-3.1.1.jar;C:\Users\USER01\.m2\repository\org\glassfish\hk2\hk2-api\3.1.1\hk2-api-3.1.1.jar;C:\Users\USER01\.m2\repository\org\springframework\spring-context\6.2.5\spring-context-6.2.5.jar;C:\Users\USER01\.m2\repository\com\fasterxml\jackson\dataformat\jackson-dataformat-xml\2.18.3\jackson-dataformat-xml-2.18.3.jar;C:\Users\USER01\.m2\repository\org\codehaus\woodstox\stax2-api\4.2.2\stax2-api-4.2.2.jar;C:\Users\USER01\.m2\repository\com\fasterxml\woodstox\woodstox-core\7.0.0\woodstox-core-7.0.0.jar;C:\Users\USER01\.m2\repository\org\glassfish\jaxb\jaxb-runtime\4.0.5\jaxb-runtime-4.0.5.jar;C:\Users\USER01\.m2\repository\org\glassfish\jaxb\jaxb-core\4.0.5\jaxb-core-4.0.5.jar;C:\Users\USER01\.m2\repository\org\eclipse\angus\angus-activation\2.0.2\angus-activation-2.0.2.jar;C:\Users\USER01\.m2\repository\org\glassfish\jaxb\txw2\4.0.5\txw2-4.0.5.jar;C:\Users\USER01\.m2\repository\com\sun\istack\istack-commons-runtime\4.1.2\istack-commons-runtime-4.1.2.jar;C:\Users\USER01\.m2\repository\org\springframework\boot\spring-boot-starter\3.4.4\spring-boot-starter-3.4.4.jar;C:\Users\USER01\.m2\repository\org\springframework\boot\spring-boot\3.4.4\spring-boot-3.4.4.jar;C:\Users\USER01\.m2\repository\org\springframework\boot\spring-boot-starter-logging\3.4.4\spring-boot-starter-logging-3.4.4.jar;C:\Users\USER01\.m2\repository\ch\qos\logback\logback-classic\1.5.18\logback-classic-1.5.18.jar;C:\Users\USER01\.m2\repository\ch\qos\logback\logback-core\1.5.18\logback-core-1.5.18.jar;C:\Users\USER01\.m2\repository\org\apache\logging\log4j\log4j-to-slf4j\2.24.3\log4j-to-slf4j-2.24.3.jar;C:\Users\USER01\.m2\repository\org\apache\logging\log4j\log4j-api\2.24.3\log4j-api-2.24.3.jar;C:\Users\USER01\.m2\repository\org\slf4j\jul-to-slf4j\2.0.17\jul-to-slf4j-2.0.17.jar;C:\Users\USER01\.m2\repository\org\yaml\snakeyaml\2.3\snakeyaml-2.3.jar;C:\Users\USER01\.m2\repository\jakarta\xml\bind\jakarta.xml.bind-api\4.0.2\jakarta.xml.bind-api-4.0.2.jar;C:\Users\USER01\.m2\repository\jakarta\activation\jakarta.activation-api\2.1.3\jakarta.activation-api-2.1.3.jar;C:\Users\USER01\.m2\repository\org\springframework\spring-core\6.2.5\spring-core-6.2.5.jar;C:\Users\USER01\.m2\repository\org\springframework\spring-jcl\6.2.5\spring-jcl-6.2.5.jar;C:\Users\USER01\.m2\repository\org\springframework\cloud\spring-cloud-starter-bootstrap\4.2.1\spring-cloud-starter-bootstrap-4.2.1.jar
Launcher Type: SUN_STANDARD

[Global flags]
     intx CICompilerCount                          = 4                                         {product} {ergonomic}
     uint ConcGCThreads                            = 3                                         {product} {ergonomic}
     uint G1ConcRefinementThreads                  = 10                                        {product} {ergonomic}
   size_t G1HeapRegionSize                         = 2097152                                   {product} {ergonomic}
    uintx GCDrainStackTargetSize                   = 64                                        {product} {ergonomic}
   size_t InitialHeapSize                          = 264241152                                 {product} {ergonomic}
   size_t MarkStackSize                            = 4194304                                   {product} {ergonomic}
   size_t MaxHeapSize                              = 4200595456                                {product} {ergonomic}
   size_t MaxNewSize                               = 2518679552                                {product} {ergonomic}
   size_t MinHeapDeltaBytes                        = 2097152                                   {product} {ergonomic}
   size_t MinHeapSize                              = 8388608                                   {product} {ergonomic}
    uintx NonNMethodCodeHeapSize                   = 5839372                                {pd product} {ergonomic}
    uintx NonProfiledCodeHeapSize                  = 122909434                              {pd product} {ergonomic}
    uintx ProfiledCodeHeapSize                     = 122909434                              {pd product} {ergonomic}
    uintx ReservedCodeCacheSize                    = 251658240                              {pd product} {ergonomic}
     bool SegmentedCodeCache                       = true                                      {product} {ergonomic}
   size_t SoftMaxHeapSize                          = 4200595456                             {manageable} {ergonomic}
     bool UseCompressedOops                        = true                           {product lp64_product} {ergonomic}
     bool UseG1GC                                  = true                                      {product} {ergonomic}
     bool UseLargePagesIndividualAllocation        = false                                  {pd product} {ergonomic}

Logging:
Log output configuration:
 #0: stdout all=warning uptime,level,tags foldmultilines=false
 #1: stderr all=off uptime,level,tags foldmultilines=false

Environment Variables:
JAVA_HOME=C:\Program Files\Java\jdk-21
PATH=E:\app\USER01\product\11.2.0\dbhome_1\bin;E:\app\USER01\product\11.1.0\db_2\bin;C:\Program Files\Common Files\Oracle\Java\javapath;C:\ProgramData\Oracle\Java\javapath;C:\WINDOWS\system32;C:\WINDOWS;C:\WINDOWS\System32\Wbem;C:\WINDOWS\System32\WindowsPowerShell\v1.0\;C:\WINDOWS\System32\OpenSSH\;C:\ProgramData\chocolatey\bin;C:\Program Files\Java\jdk-21\bin;C:\Program Files\TortoiseSVN\bin;C:\Program Files\Microsoft SQL Server\150\Tools\Binn\;C:\Program Files\nodejs\;E:\zenithe\Biometrie\Logiciel_enrolement;E:\MySQL\MySQL Server 5.0\bin;C:\Program Files\Git\cmd;C:\Program Files\Docker\Docker\resources\bin;E:\MongoDB\Server\8.0\bin;;C:\Program Files\Filestar;C:\ProgramData\Filestar\aliases;C:\Users\USER01\AppData\Local\Microsoft\WindowsApps;;C:\Users\USER01\AppData\Local\Programs\Microsoft VS Code\bin;C:\Users\USER01\AppData\Roaming\npm;C:\Users\USER01\AppData\Local\Programs\mongosh\;C:\Users\USER01\AppData\Local\Programs\cursor\resources\app\bin
USERNAME=USER01
OS=Windows_NT
PROCESSOR_IDENTIFIER=Intel64 Family 6 Model 154 Stepping 4, GenuineIntel
TMP=C:\Users\USER01\AppData\Local\Temp
TEMP=C:\Users\USER01\AppData\Local\Temp




Periodic native trim disabled

---------------  S Y S T E M  ---------------

OS:
 Windows 11 , 64 bit Build 22621 (10.0.22621.5415)
OS uptime: 0 days 15:52 hours
Hyper-V role detected

CPU: total 12 (initial active 12) (6 cores per cpu, 2 threads per core) family 6 model 154 stepping 4 microcode 0x434, cx8, cmov, fxsr, ht, mmx, 3dnowpref, sse, sse2, sse3, ssse3, sse4.1, sse4.2, popcnt, lzcnt, tsc, tscinvbit, avx, avx2, aes, erms, clmul, bmi1, bmi2, adx, sha, fma, vzeroupper, clflush, clflushopt, clwb, hv, serialize, rdtscp, rdpid, fsrm, f16c, cet_ibt, cet_ss
Processor Information for processor 0
  Max Mhz: 1800, Current Mhz: 1800, Mhz Limit: 1800
Processor Information for processor 1
  Max Mhz: 1800, Current Mhz: 1472, Mhz Limit: 1800
Processor Information for processor 2
  Max Mhz: 1800, Current Mhz: 1800, Mhz Limit: 1800
Processor Information for processor 3
  Max Mhz: 1800, Current Mhz: 1800, Mhz Limit: 1800
Processor Information for processor 4
  Max Mhz: 1800, Current Mhz: 1800, Mhz Limit: 1800
Processor Information for processor 5
  Max Mhz: 1800, Current Mhz: 1523, Mhz Limit: 1800
Processor Information for processor 6
  Max Mhz: 1800, Current Mhz: 1523, Mhz Limit: 1800
Processor Information for processor 7
  Max Mhz: 1800, Current Mhz: 1523, Mhz Limit: 1800
Processor Information for processor 8
  Max Mhz: 1800, Current Mhz: 1523, Mhz Limit: 1800
Processor Information for processor 9
  Max Mhz: 1800, Current Mhz: 1800, Mhz Limit: 1800
Processor Information for processor 10
  Max Mhz: 1800, Current Mhz: 1800, Mhz Limit: 1800
Processor Information for processor 11
  Max Mhz: 1800, Current Mhz: 1523, Mhz Limit: 1800

Memory: 4k page, system-wide physical 16016M (1361M free)
TotalPageFile size 36453M (AvailPageFile size 0M)
current process WorkingSet (physical memory assigned to process): 175M, peak: 301M
current process commit charge ("private bytes"): 331M, peak: 422M

vm_info: Java HotSpot(TM) 64-Bit Server VM (21.0.1+12-LTS-29) for windows-amd64 JRE (21.0.1+12-LTS-29), built on 2023-10-05T13:27:09Z by "mach5one" with MS VC++ 17.1 (VS2022)

END.
