#
# There is insufficient memory for the Java Runtime Environment to continue.
# Native memory allocation (mmap) failed to map 65536 bytes for Failed to commit area from 0x0000023843ee0000 to 0x0000023843ef0000 of length 65536.
# Possible reasons:
#   The system is out of physical RAM or swap space
#   The process is running with CompressedOops enabled, and the Java Heap may be blocking the growth of the native heap
# Possible solutions:
#   Reduce memory load on the system
#   Increase physical memory or swap space
#   Check if swap backing store is full
#   Decrease Java heap size (-Xmx/-Xms)
#   Decrease number of Java threads
#   Decrease Java thread stack sizes (-Xss)
#   Set larger code cache with -XX:ReservedCodeCacheSize=
# This output file may be truncated or incomplete.
#
#  Out of Memory Error (./open/src/hotspot/os/windows/os_windows.cpp:3287), pid=25644, tid=31116
#
# JRE version:  (11.0.16+11) (build )
# Java VM: Java HotSpot(TM) 64-Bit Server VM (11.0.16+11-LTS-199, mixed mode, sharing, tiered, compressed oops, g1 gc, windows-amd64)
# No core dump will be written. Minidumps are not enabled by default on client versions of Windows
#

---------------  S U M M A R Y ------------

Command Line: C:\Users\USER01\AppData\Local\Temp\surefire3957944602686551858\surefirebooter1015955255711748588.jar C:\Users\USER01\AppData\Local\Temp\surefire3957944602686551858 2024-11-06T12-42-57_265-jvmRun1 surefire614421342676214976tmp surefire_016094775234237088626tmp

Host: 12th Gen Intel(R) Core(TM) i7-1265U, 12 cores, 15G,  Windows 11 , 64 bit Build 22621 (10.0.22621.3958)
Time: Wed Nov  6 12:42:57 2024 W. Central Africa Standard Time elapsed time: 0.023259 seconds (0d 0h 0m 0s)

---------------  T H R E A D  ---------------

Current thread (0x000002382591a000):  JavaThread "Unknown thread" [_thread_in_vm, id=31116, stack(0x000000f57cd00000,0x000000f57ce00000)]

Stack: [0x000000f57cd00000,0x000000f57ce00000]
Native frames: (J=compiled Java code, j=interpreted, Vv=VM code, C=native code)
V  [jvm.dll+0x62a3ea]
V  [jvm.dll+0x76418f]
V  [jvm.dll+0x765839]
V  [jvm.dll+0x765ec3]
V  [jvm.dll+0x23da98]
V  [jvm.dll+0x62770a]
V  [jvm.dll+0x61c475]
V  [jvm.dll+0x2f2aac]
V  [jvm.dll+0x2f2932]
V  [jvm.dll+0x2f7770]
V  [jvm.dll+0x33a1f5]
V  [jvm.dll+0x339c00]
V  [jvm.dll+0x2d00c8]
V  [jvm.dll+0x2d1236]
V  [jvm.dll+0x73e757]
V  [jvm.dll+0x73ffef]
V  [jvm.dll+0x346ef9]
V  [jvm.dll+0x723f90]
V  [jvm.dll+0x3b5adf]
V  [jvm.dll+0x3b7bf1]
C  [jli.dll+0x5207]
C  [ucrtbase.dll+0x29333]
C  [KERNEL32.DLL+0x1257d]
C  [ntdll.dll+0x5af08]


---------------  P R O C E S S  ---------------

Threads class SMR info:
_java_thread_list=0x0000023825848c70, length=0, elements={
}

Java Threads: ( => current thread )

Other Threads:
  0x0000023827a82000 GCTaskThread "GC Thread#0" [stack: 0x000000f57ce00000,0x000000f57cf00000] [id=18116]
  0x0000023827adb800 ConcurrentGCThread "G1 Main Marker" [stack: 0x000000f57cf00000,0x000000f57d000000] [id=28168]
  0x0000023827add000 ConcurrentGCThread "G1 Conc#0" [stack: 0x000000f57d000000,0x000000f57d100000] [id=28636]

[error occurred during error reporting (printing all threads), id 0xc0000005, EXCEPTION_ACCESS_VIOLATION (0xc0000005) at pc=0x00007ff96717f357]

VM state:not at safepoint (not fully initialized)

VM Mutex/Monitor currently owned by a thread:  ([mutex/lock_event])
[0x0000023827a6db10] Heap_lock - owner thread: 0x000002382591a000

Heap address: 0x0000000705a00000, size: 4006 MB, Compressed Oops mode: Non-zero based: 0x0000000705a00000
Narrow klass base: 0x0000000000000000, Narrow klass shift: 0

GC Heap History (0 events):
No events

Deoptimization events (0 events):
No events

Classes redefined (0 events):
No events

Internal exceptions (0 events):
No events

Events (0 events):
No events


Dynamic libraries:
0x00007ff7c8690000 - 0x00007ff7c869f000 	C:\Program Files\Java\jdk-11.0.16\bin\java.exe
0x00007ff9eaf30000 - 0x00007ff9eb147000 	C:\WINDOWS\SYSTEM32\ntdll.dll
0x00007ff9e9ef0000 - 0x00007ff9e9fb4000 	C:\WINDOWS\System32\KERNEL32.DLL
0x00007ff9e8420000 - 0x00007ff9e87d7000 	C:\WINDOWS\System32\KERNELBASE.dll
0x00007ff9e8b40000 - 0x00007ff9e8c51000 	C:\WINDOWS\System32\ucrtbase.dll
0x00007ff9c59d0000 - 0x00007ff9c59e5000 	C:\Program Files\Java\jdk-11.0.16\bin\VCRUNTIME140.dll
0x00007ff9c7290000 - 0x00007ff9c72a8000 	C:\Program Files\Java\jdk-11.0.16\bin\jli.dll
0x00007ff9e8e50000 - 0x00007ff9e8f02000 	C:\WINDOWS\System32\ADVAPI32.dll
0x00007ff9e9c50000 - 0x00007ff9e9cf7000 	C:\WINDOWS\System32\msvcrt.dll
0x00007ff9ea770000 - 0x00007ff9ea818000 	C:\WINDOWS\System32\sechost.dll
0x00007ff9e83f0000 - 0x00007ff9e8418000 	C:\WINDOWS\System32\bcrypt.dll
0x00007ff9ea950000 - 0x00007ff9eaa64000 	C:\WINDOWS\System32\RPCRT4.dll
0x00007ff9e9fc0000 - 0x00007ff9ea16f000 	C:\WINDOWS\System32\USER32.dll
0x00007ff9ce4a0000 - 0x00007ff9ce733000 	C:\WINDOWS\WinSxS\amd64_microsoft.windows.common-controls_6595b64144ccf1df_6.0.22621.3672_none_2713b9d173822955\COMCTL32.dll
0x00007ff9e89f0000 - 0x00007ff9e8a16000 	C:\WINDOWS\System32\win32u.dll
0x00007ff9e9ec0000 - 0x00007ff9e9ee9000 	C:\WINDOWS\System32\GDI32.dll
0x00007ff9e8a20000 - 0x00007ff9e8b38000 	C:\WINDOWS\System32\gdi32full.dll
0x00007ff9e87e0000 - 0x00007ff9e887a000 	C:\WINDOWS\System32\msvcp_win.dll
0x00007ff9de240000 - 0x00007ff9de24a000 	C:\WINDOWS\SYSTEM32\VERSION.dll
0x00007ff9e9c10000 - 0x00007ff9e9c41000 	C:\WINDOWS\System32\IMM32.DLL
0x00007ff9c0790000 - 0x00007ff9c082b000 	C:\Program Files\Java\jdk-11.0.16\bin\msvcp140.dll
0x00007ff966ea0000 - 0x00007ff9679b8000 	C:\Program Files\Java\jdk-11.0.16\bin\server\jvm.dll
0x00007ff9ea820000 - 0x00007ff9ea828000 	C:\WINDOWS\System32\PSAPI.DLL
0x00007ff9b9b70000 - 0x00007ff9b9b79000 	C:\WINDOWS\SYSTEM32\WSOCK32.dll
0x00007ff9e2920000 - 0x00007ff9e2954000 	C:\WINDOWS\SYSTEM32\WINMM.dll
0x00007ff9e8d60000 - 0x00007ff9e8dd1000 	C:\WINDOWS\System32\WS2_32.dll
0x00007ff9e7250000 - 0x00007ff9e7268000 	C:\WINDOWS\SYSTEM32\kernel.appcore.dll
0x00007ff9e2cb0000 - 0x00007ff9e2cc0000 	C:\Program Files\Java\jdk-11.0.16\bin\verify.dll
0x00007ff9e5a10000 - 0x00007ff9e5c42000 	C:\WINDOWS\SYSTEM32\DBGHELP.DLL
0x00007ff9ea170000 - 0x00007ff9ea4fe000 	C:\WINDOWS\System32\combase.dll
0x00007ff9ea690000 - 0x00007ff9ea767000 	C:\WINDOWS\System32\OLEAUT32.dll
0x00007ff9bdd60000 - 0x00007ff9bdd92000 	C:\WINDOWS\SYSTEM32\dbgcore.DLL
0x00007ff9e8370000 - 0x00007ff9e83eb000 	C:\WINDOWS\System32\bcryptPrimitives.dll
0x00007ff9c0760000 - 0x00007ff9c0788000 	C:\Program Files\Java\jdk-11.0.16\bin\java.dll
0x00007ff9e09d0000 - 0x00007ff9e09da000 	C:\Program Files\Java\jdk-11.0.16\bin\jimage.dll
0x00007ff9c0740000 - 0x00007ff9c0756000 	C:\Program Files\Java\jdk-11.0.16\bin\zip.dll

dbghelp: loaded successfully - version: 4.0.5 - missing functions: none
symbol engine: initialized successfully - sym options: 0x614 - pdb path: .;C:\Program Files\Java\jdk-11.0.16\bin;C:\WINDOWS\SYSTEM32;C:\WINDOWS\WinSxS\amd64_microsoft.windows.common-controls_6595b64144ccf1df_6.0.22621.3672_none_2713b9d173822955;C:\Program Files\Java\jdk-11.0.16\bin\server

VM Arguments:
java_command: C:\Users\USER01\AppData\Local\Temp\surefire3957944602686551858\surefirebooter1015955255711748588.jar C:\Users\USER01\AppData\Local\Temp\surefire3957944602686551858 2024-11-06T12-42-57_265-jvmRun1 surefire614421342676214976tmp surefire_016094775234237088626tmp
java_class_path (initial): C:\Users\USER01\AppData\Local\Temp\surefire3957944602686551858\surefirebooter1015955255711748588.jar
Launcher Type: SUN_STANDARD

[Global flags]
     intx CICompilerCount                          = 4                                         {product} {ergonomic}
     uint ConcGCThreads                            = 3                                         {product} {ergonomic}
     uint G1ConcRefinementThreads                  = 10                                        {product} {ergonomic}
   size_t G1HeapRegionSize                         = 1048576                                   {product} {ergonomic}
    uintx GCDrainStackTargetSize                   = 64                                        {product} {ergonomic}
   size_t InitialHeapSize                          = 264241152                                 {product} {ergonomic}
   size_t MarkStackSize                            = 4194304                                   {product} {ergonomic}
   size_t MaxHeapSize                              = 4200595456                                {product} {ergonomic}
   size_t MinHeapDeltaBytes                        = 1048576                                   {product} {ergonomic}
    uintx NonNMethodCodeHeapSize                   = 5836300                                {pd product} {ergonomic}
    uintx NonProfiledCodeHeapSize                  = 122910970                              {pd product} {ergonomic}
    uintx ProfiledCodeHeapSize                     = 122910970                              {pd product} {ergonomic}
    uintx ReservedCodeCacheSize                    = 251658240                              {pd product} {ergonomic}
     bool SegmentedCodeCache                       = true                                      {product} {ergonomic}
     bool UseCompressedClassPointers               = true                                 {lp64_product} {ergonomic}
     bool UseCompressedOops                        = true                                 {lp64_product} {ergonomic}
     bool UseG1GC                                  = true                                      {product} {ergonomic}
     bool UseLargePagesIndividualAllocation        = false                                  {pd product} {ergonomic}

Logging:
Log output configuration:
 #0: stdout all=warning uptime,level,tags
 #1: stderr all=off uptime,level,tags

Environment Variables:
JAVA_HOME=C:\Program Files\Java\jdk-11.0.16
PATH=E:\app\USER01\product\11.2.0\dbhome_1\bin;E:\app\USER01\product\11.1.0\db_2\bin;C:\Program Files\Common Files\Oracle\Java\javapath;C:\ProgramData\Oracle\Java\javapath;C:\WINDOWS\system32;C:\WINDOWS;C:\WINDOWS\System32\Wbem;C:\WINDOWS\System32\WindowsPowerShell\v1.0\;C:\WINDOWS\System32\OpenSSH\;C:\ProgramData\chocolatey\bin;C:\Program Files\Java\jdk1.8.0_144\bin;C:\Program Files\VisualSVN Server\bin;C:\Program Files\TortoiseSVN\bin;C:\Program Files\Microsoft SQL Server\150\Tools\Binn\;C:\Program Files\nodejs\;E:\zenithe\Biometrie\Logiciel_enrolement;C:\Program Files\Java\jdk1.8.0_144\bin;C:\Program Files\dotnet\;E:\MySQL\MySQL Server 5.0\bin;C:\Users\USER01\AppData\Local\Microsoft\WindowsApps;;C:\Users\USER01\AppData\Local\Programs\Microsoft VS Code\bin;C:\Users\USER01\AppData\Roaming\npm;C:\Users\USER01\.dotnet\tools
USERNAME=USER01
OS=Windows_NT
PROCESSOR_IDENTIFIER=Intel64 Family 6 Model 154 Stepping 4, GenuineIntel



---------------  S Y S T E M  ---------------

OS: Windows 11 , 64 bit Build 22621 (10.0.22621.3958)
Hyper-V role detected

CPU:total 12 (initial active 12) (6 cores per cpu, 2 threads per core) family 6 model 154 stepping 4 microcode 0x434, cmov, cx8, fxsr, mmx, sse, sse2, sse3, ssse3, sse4.1, sse4.2, popcnt, avx, avx2, aes, clmul, erms, 3dnowpref, lzcnt, ht, tsc, tscinvbit, bmi1, bmi2, adx, sha, fma

Memory: 4k page, system-wide physical 16016M (987M free)
TotalPageFile size 38448M (AvailPageFile size 63M)
current process WorkingSet (physical memory assigned to process): 15M, peak: 15M
current process commit charge ("private bytes"): 323M, peak: 323M

vm_info: Java HotSpot(TM) 64-Bit Server VM (11.0.16+11-LTS-199) for windows-amd64 JRE (11.0.16+11-LTS-199), built on Jun 28 2022 08:23:17 by "mach5one" with MS VC++ 15.9 (VS2017)

END.
