#
# There is insufficient memory for the Java Runtime Environment to continue.
# Native memory allocation (malloc) failed to allocate 699776 bytes for Chunk::new
# Possible reasons:
#   The system is out of physical RAM or swap space
#   The process is running with CompressedOops enabled, and the Java Heap may be blocking the growth of the native heap
# Possible solutions:
#   Reduce memory load on the system
#   Increase physical memory or swap space
#   Check if swap backing store is full
#   Decrease Java heap size (-Xmx/-Xms)
#   Decrease number of Java threads
#   Decrease Java thread stack sizes (-Xss)
#   Set larger code cache with -XX:ReservedCodeCacheSize=
#   JVM is running with Zero Based Compressed Oops mode in which the Java heap is
#     placed in the first 32GB address space. The Java Heap base address is the
#     maximum limit for the native heap growth. Please use -XX:HeapBaseMinAddress
#     to set the Java Heap base and to place the Java Heap above 32GB virtual address.
# This output file may be truncated or incomplete.
#
#  Out of Memory Error (arena.cpp:168), pid=11620, tid=15420
#
# JRE version: Java(TM) SE Runtime Environment (21.0.1+12) (build 21.0.1+12-LTS-29)
# Java VM: Java HotSpot(TM) 64-Bit Server VM (21.0.1+12-LTS-29, mixed mode, sharing, tiered, compressed oops, compressed class ptrs, g1 gc, windows-amd64)
# No core dump will be written. Minidumps are not enabled by default on client versions of Windows
#

---------------  S U M M A R Y ------------

Command Line: C:\Users\USER01\AppData\Local\Temp\surefire7757730125525543509\surefirebooter-20250916162815645_3.jar C:\Users\USER01\AppData\Local\Temp\surefire7757730125525543509 2025-09-16T16-28-15_527-jvmRun1 surefire-20250916162815645_1tmp surefire_0-20250916162815645_2tmp

Host: 12th Gen Intel(R) Core(TM) i7-1265U, 12 cores, 15G,  Windows 11 , 64 bit Build 22621 (10.0.22621.5415)
Time: Tue Sep 16 16:28:16 2025 W. Central Africa Standard Time elapsed time: 0.695683 seconds (0d 0h 0m 0s)

---------------  T H R E A D  ---------------

Current thread (0x000001eadf5eb960):  JavaThread "C2 CompilerThread1" daemon [_thread_in_native, id=15420, stack(0x0000005078f00000,0x0000005079000000) (1024K)]


Current CompileTask:
C2:    695 1704       4       java.lang.invoke.MethodType::methodType (69 bytes)

Stack: [0x0000005078f00000,0x0000005079000000]
Native frames: (J=compiled Java code, j=interpreted, Vv=VM code, C=native code)
V  [jvm.dll+0x6c9029]
V  [jvm.dll+0x854b81]
V  [jvm.dll+0x856e5e]
V  [jvm.dll+0x857543]
V  [jvm.dll+0x280c06]
V  [jvm.dll+0xc3ead]
V  [jvm.dll+0xc43c3]
V  [jvm.dll+0x2f3f3f]
V  [jvm.dll+0x5f40a6]
V  [jvm.dll+0x252bef]
V  [jvm.dll+0x252fbf]
V  [jvm.dll+0x24b734]
V  [jvm.dll+0x248fa3]
V  [jvm.dll+0x1c9ca1]
V  [jvm.dll+0x2586b9]
V  [jvm.dll+0x256c9a]
V  [jvm.dll+0x3ef1b6]
V  [jvm.dll+0x7fd728]
V  [jvm.dll+0x6c777d]
C  [ucrtbase.dll+0x29333]
C  [KERNEL32.DLL+0x1259d]
C  [ntdll.dll+0x5af78]


---------------  P R O C E S S  ---------------

Threads class SMR info:
_java_thread_list=0x000001eadf4684f0, length=14, elements={
0x000001eaf910f5c0, 0x000001eaff210510, 0x000001eaff211430, 0x000001eaff2133b0,
0x000001eaff216100, 0x000001eaff218130, 0x000001eaff218df0, 0x000001eaff21b020,
0x000001eaff23bf60, 0x000001ea9961d6c0, 0x000001ea99649df0, 0x000001eadf537510,
0x000001eadf35e2a0, 0x000001eadf5eb960
}

Java Threads: ( => current thread )
  0x000001eaf910f5c0 JavaThread "main"                              [_thread_in_vm, id=9348, stack(0x0000005077b00000,0x0000005077c00000) (1024K)]
  0x000001eaff210510 JavaThread "Reference Handler"          daemon [_thread_blocked, id=16032, stack(0x0000005078300000,0x0000005078400000) (1024K)]
  0x000001eaff211430 JavaThread "Finalizer"                  daemon [_thread_blocked, id=25948, stack(0x0000005078400000,0x0000005078500000) (1024K)]
  0x000001eaff2133b0 JavaThread "Signal Dispatcher"          daemon [_thread_blocked, id=15028, stack(0x0000005078500000,0x0000005078600000) (1024K)]
  0x000001eaff216100 JavaThread "Attach Listener"            daemon [_thread_blocked, id=17276, stack(0x0000005078600000,0x0000005078700000) (1024K)]
  0x000001eaff218130 JavaThread "Service Thread"             daemon [_thread_blocked, id=6232, stack(0x0000005078700000,0x0000005078800000) (1024K)]
  0x000001eaff218df0 JavaThread "Monitor Deflation Thread"   daemon [_thread_blocked, id=10784, stack(0x0000005078800000,0x0000005078900000) (1024K)]
  0x000001eaff21b020 JavaThread "C2 CompilerThread0"         daemon [_thread_in_native, id=23288, stack(0x0000005078900000,0x0000005078a00000) (1024K)]
  0x000001eaff23bf60 JavaThread "C1 CompilerThread0"         daemon [_thread_blocked, id=15132, stack(0x0000005078a00000,0x0000005078b00000) (1024K)]
  0x000001ea9961d6c0 JavaThread "Notification Thread"        daemon [_thread_blocked, id=10324, stack(0x0000005078b00000,0x0000005078c00000) (1024K)]
  0x000001ea99649df0 JavaThread "Common-Cleaner"             daemon [_thread_blocked, id=17436, stack(0x0000005078c00000,0x0000005078d00000) (1024K)]
  0x000001eadf537510 JavaThread "surefire-forkedjvm-stream-flusher" daemon [_thread_blocked, id=23620, stack(0x0000005078d00000,0x0000005078e00000) (1024K)]
  0x000001eadf35e2a0 JavaThread "surefire-forkedjvm-command-thread" daemon [_thread_in_native, id=15128, stack(0x0000005078e00000,0x0000005078f00000) (1024K)]
=>0x000001eadf5eb960 JavaThread "C2 CompilerThread1"         daemon [_thread_in_native, id=15420, stack(0x0000005078f00000,0x0000005079000000) (1024K)]
Total: 14

Other Threads:
  0x000001eaff1f3ae0 VMThread "VM Thread"                           [id=5072, stack(0x0000005078200000,0x0000005078300000) (1024K)]
  0x000001eaff1de6f0 WatcherThread "VM Periodic Task Thread"        [id=13888, stack(0x0000005078100000,0x0000005078200000) (1024K)]
  0x000001eaf91716e0 WorkerThread "GC Thread#0"                     [id=16896, stack(0x0000005077c00000,0x0000005077d00000) (1024K)]
  0x000001eadf826250 WorkerThread "GC Thread#1"                     [id=352, stack(0x0000005079000000,0x0000005079100000) (1024K)]
  0x000001eadf711c30 WorkerThread "GC Thread#2"                     [id=18836, stack(0x0000005079100000,0x0000005079200000) (1024K)]
  0x000001eadf711fd0 WorkerThread "GC Thread#3"                     [id=18344, stack(0x0000005079200000,0x0000005079300000) (1024K)]
  0x000001eadf7d2cd0 WorkerThread "GC Thread#4"                     [id=1456, stack(0x0000005079300000,0x0000005079400000) (1024K)]
  0x000001eadf7d3070 WorkerThread "GC Thread#5"                     [id=17712, stack(0x0000005079400000,0x0000005079500000) (1024K)]
  0x000001eadf7d3410 WorkerThread "GC Thread#6"                     [id=21412, stack(0x0000005079500000,0x0000005079600000) (1024K)]
  0x000001eadfdf0260 WorkerThread "GC Thread#7"                     [id=19568, stack(0x0000005079600000,0x0000005079700000) (1024K)]
  0x000001eadff2a160 WorkerThread "GC Thread#8"                     [id=19764, stack(0x0000005079700000,0x0000005079800000) (1024K)]
  0x000001eadff2a500 WorkerThread "GC Thread#9"                     [id=17032, stack(0x0000005079800000,0x0000005079900000) (1024K)]
  0x000001eaf91831e0 ConcurrentGCThread "G1 Main Marker"            [id=18484, stack(0x0000005077d00000,0x0000005077e00000) (1024K)]
  0x000001eaf9183bf0 WorkerThread "G1 Conc#0"                       [id=21108, stack(0x0000005077e00000,0x0000005077f00000) (1024K)]
  0x000001eaff0adbd0 ConcurrentGCThread "G1 Refine#0"               [id=2416, stack(0x0000005077f00000,0x0000005078000000) (1024K)]
  0x000001eaff0ae650 ConcurrentGCThread "G1 Service"                [id=10568, stack(0x0000005078000000,0x0000005078100000) (1024K)]
Total: 16

Threads with active compile tasks:
C2 CompilerThread0      705 1719       4       java.lang.invoke.MethodType::makeImpl (109 bytes)
C2 CompilerThread1      705 1704       4       java.lang.invoke.MethodType::methodType (69 bytes)
Total: 2

VM state: not at safepoint (normal execution)

VM Mutex/Monitor currently owned by a thread:  ([mutex/lock_event])
[0x00007fff8a89acf8] SystemDictionary_lock - owner thread: 0x0000000000000000

Heap address: 0x0000000705a00000, size: 4006 MB, Compressed Oops mode: Zero based, Oop shift amount: 3

CDS archive(s) mapped at: [0x000001ea9a000000-0x000001ea9ac90000-0x000001ea9ac90000), size 13172736, SharedBaseAddress: 0x000001ea9a000000, ArchiveRelocationMode: 1.
Compressed class space mapped at: 0x000001ea9b000000-0x000001eadb000000, reserved size: 1073741824
Narrow klass base: 0x000001ea9a000000, Narrow klass shift: 0, Narrow klass range: 0x100000000

GC Precious Log:
 CardTable entry size: 512
 Card Set container configuration: InlinePtr #cards 4 size 8 Array Of Cards #cards 16 size 48 Howl #buckets 8 coarsen threshold 3686 Howl Bitmap #cards 512 size 80 coarsen threshold 460 Card regions per heap region 1 cards per card region 4096
 CPUs: 12 total, 12 available
 Memory: 16016M
 Large Page Support: Disabled
 NUMA Support: Disabled
 Compressed Oops: Enabled (Zero based)
 Heap Region Size: 2M
 Heap Min Capacity: 8M
 Heap Initial Capacity: 252M
 Heap Max Capacity: 4006M
 Pre-touch: Disabled
 Parallel Workers: 10
 Concurrent Workers: 3
 Concurrent Refinement Workers: 10
 Periodic GC: Disabled

Heap:
 garbage-first heap   total 258048K, used 28194K [0x0000000705a00000, 0x0000000800000000)
  region size 2048K, 10 young (20480K), 1 survivors (2048K)
 Metaspace       used 11607K, committed 11904K, reserved 1114112K
  class space    used 1439K, committed 1536K, reserved 1048576K

Heap Regions: E=young(eden), S=young(survivor), O=old, HS=humongous(starts), HC=humongous(continues), CS=collection set, F=free, TAMS=top-at-mark-start, PB=parsable bottom
|   0|0x0000000705a00000, 0x0000000705c00000, 0x0000000705c00000|100%| O|  |TAMS 0x0000000705a00000| PB 0x0000000705a00000| Untracked 
|   1|0x0000000705c00000, 0x0000000705e00000, 0x0000000705e00000|100%| O|  |TAMS 0x0000000705c00000| PB 0x0000000705c00000| Untracked 
|   2|0x0000000705e00000, 0x0000000706000000, 0x0000000706000000|100%| O|  |TAMS 0x0000000705e00000| PB 0x0000000705e00000| Untracked 
|   3|0x0000000706000000, 0x0000000706200000, 0x0000000706200000|100%| O|  |TAMS 0x0000000706000000| PB 0x0000000706000000| Untracked 
|   4|0x0000000706200000, 0x0000000706400000, 0x0000000706400000|100%| O|  |TAMS 0x0000000706200000| PB 0x0000000706200000| Untracked 
|   5|0x0000000706400000, 0x0000000706428e20, 0x0000000706600000|  7%| O|  |TAMS 0x0000000706400000| PB 0x0000000706400000| Untracked 
|   6|0x0000000706600000, 0x0000000706600000, 0x0000000706800000|  0%| F|  |TAMS 0x0000000706600000| PB 0x0000000706600000| Untracked 
|   7|0x0000000706800000, 0x0000000706800000, 0x0000000706a00000|  0%| F|  |TAMS 0x0000000706800000| PB 0x0000000706800000| Untracked 
|   8|0x0000000706a00000, 0x0000000706a00000, 0x0000000706c00000|  0%| F|  |TAMS 0x0000000706a00000| PB 0x0000000706a00000| Untracked 
|   9|0x0000000706c00000, 0x0000000706c00000, 0x0000000706e00000|  0%| F|  |TAMS 0x0000000706c00000| PB 0x0000000706c00000| Untracked 
|  10|0x0000000706e00000, 0x0000000706e00000, 0x0000000707000000|  0%| F|  |TAMS 0x0000000706e00000| PB 0x0000000706e00000| Untracked 
|  11|0x0000000707000000, 0x0000000707000000, 0x0000000707200000|  0%| F|  |TAMS 0x0000000707000000| PB 0x0000000707000000| Untracked 
|  12|0x0000000707200000, 0x0000000707200000, 0x0000000707400000|  0%| F|  |TAMS 0x0000000707200000| PB 0x0000000707200000| Untracked 
|  13|0x0000000707400000, 0x0000000707400000, 0x0000000707600000|  0%| F|  |TAMS 0x0000000707400000| PB 0x0000000707400000| Untracked 
|  14|0x0000000707600000, 0x0000000707600000, 0x0000000707800000|  0%| F|  |TAMS 0x0000000707600000| PB 0x0000000707600000| Untracked 
|  15|0x0000000707800000, 0x0000000707800000, 0x0000000707a00000|  0%| F|  |TAMS 0x0000000707800000| PB 0x0000000707800000| Untracked 
|  16|0x0000000707a00000, 0x0000000707a00000, 0x0000000707c00000|  0%| F|  |TAMS 0x0000000707a00000| PB 0x0000000707a00000| Untracked 
|  17|0x0000000707c00000, 0x0000000707c00000, 0x0000000707e00000|  0%| F|  |TAMS 0x0000000707c00000| PB 0x0000000707c00000| Untracked 
|  18|0x0000000707e00000, 0x0000000707e00000, 0x0000000708000000|  0%| F|  |TAMS 0x0000000707e00000| PB 0x0000000707e00000| Untracked 
|  19|0x0000000708000000, 0x0000000708000000, 0x0000000708200000|  0%| F|  |TAMS 0x0000000708000000| PB 0x0000000708000000| Untracked 
|  20|0x0000000708200000, 0x0000000708200000, 0x0000000708400000|  0%| F|  |TAMS 0x0000000708200000| PB 0x0000000708200000| Untracked 
|  21|0x0000000708400000, 0x0000000708400000, 0x0000000708600000|  0%| F|  |TAMS 0x0000000708400000| PB 0x0000000708400000| Untracked 
|  22|0x0000000708600000, 0x0000000708600000, 0x0000000708800000|  0%| F|  |TAMS 0x0000000708600000| PB 0x0000000708600000| Untracked 
|  23|0x0000000708800000, 0x0000000708800000, 0x0000000708a00000|  0%| F|  |TAMS 0x0000000708800000| PB 0x0000000708800000| Untracked 
|  24|0x0000000708a00000, 0x0000000708a00000, 0x0000000708c00000|  0%| F|  |TAMS 0x0000000708a00000| PB 0x0000000708a00000| Untracked 
|  25|0x0000000708c00000, 0x0000000708c00000, 0x0000000708e00000|  0%| F|  |TAMS 0x0000000708c00000| PB 0x0000000708c00000| Untracked 
|  26|0x0000000708e00000, 0x0000000708e00000, 0x0000000709000000|  0%| F|  |TAMS 0x0000000708e00000| PB 0x0000000708e00000| Untracked 
|  27|0x0000000709000000, 0x0000000709000000, 0x0000000709200000|  0%| F|  |TAMS 0x0000000709000000| PB 0x0000000709000000| Untracked 
|  28|0x0000000709200000, 0x0000000709200000, 0x0000000709400000|  0%| F|  |TAMS 0x0000000709200000| PB 0x0000000709200000| Untracked 
|  29|0x0000000709400000, 0x0000000709400000, 0x0000000709600000|  0%| F|  |TAMS 0x0000000709400000| PB 0x0000000709400000| Untracked 
|  30|0x0000000709600000, 0x0000000709600000, 0x0000000709800000|  0%| F|  |TAMS 0x0000000709600000| PB 0x0000000709600000| Untracked 
|  31|0x0000000709800000, 0x0000000709800000, 0x0000000709a00000|  0%| F|  |TAMS 0x0000000709800000| PB 0x0000000709800000| Untracked 
|  32|0x0000000709a00000, 0x0000000709a00000, 0x0000000709c00000|  0%| F|  |TAMS 0x0000000709a00000| PB 0x0000000709a00000| Untracked 
|  33|0x0000000709c00000, 0x0000000709c00000, 0x0000000709e00000|  0%| F|  |TAMS 0x0000000709c00000| PB 0x0000000709c00000| Untracked 
|  34|0x0000000709e00000, 0x0000000709e00000, 0x000000070a000000|  0%| F|  |TAMS 0x0000000709e00000| PB 0x0000000709e00000| Untracked 
|  35|0x000000070a000000, 0x000000070a000000, 0x000000070a200000|  0%| F|  |TAMS 0x000000070a000000| PB 0x000000070a000000| Untracked 
|  36|0x000000070a200000, 0x000000070a200000, 0x000000070a400000|  0%| F|  |TAMS 0x000000070a200000| PB 0x000000070a200000| Untracked 
|  37|0x000000070a400000, 0x000000070a400000, 0x000000070a600000|  0%| F|  |TAMS 0x000000070a400000| PB 0x000000070a400000| Untracked 
|  38|0x000000070a600000, 0x000000070a600000, 0x000000070a800000|  0%| F|  |TAMS 0x000000070a600000| PB 0x000000070a600000| Untracked 
|  39|0x000000070a800000, 0x000000070a800000, 0x000000070aa00000|  0%| F|  |TAMS 0x000000070a800000| PB 0x000000070a800000| Untracked 
|  40|0x000000070aa00000, 0x000000070aa00000, 0x000000070ac00000|  0%| F|  |TAMS 0x000000070aa00000| PB 0x000000070aa00000| Untracked 
|  41|0x000000070ac00000, 0x000000070ac00000, 0x000000070ae00000|  0%| F|  |TAMS 0x000000070ac00000| PB 0x000000070ac00000| Untracked 
|  42|0x000000070ae00000, 0x000000070ae00000, 0x000000070b000000|  0%| F|  |TAMS 0x000000070ae00000| PB 0x000000070ae00000| Untracked 
|  43|0x000000070b000000, 0x000000070b000000, 0x000000070b200000|  0%| F|  |TAMS 0x000000070b000000| PB 0x000000070b000000| Untracked 
|  44|0x000000070b200000, 0x000000070b200000, 0x000000070b400000|  0%| F|  |TAMS 0x000000070b200000| PB 0x000000070b200000| Untracked 
|  45|0x000000070b400000, 0x000000070b400000, 0x000000070b600000|  0%| F|  |TAMS 0x000000070b400000| PB 0x000000070b400000| Untracked 
|  46|0x000000070b600000, 0x000000070b600000, 0x000000070b800000|  0%| F|  |TAMS 0x000000070b600000| PB 0x000000070b600000| Untracked 
|  47|0x000000070b800000, 0x000000070b800000, 0x000000070ba00000|  0%| F|  |TAMS 0x000000070b800000| PB 0x000000070b800000| Untracked 
|  48|0x000000070ba00000, 0x000000070ba00000, 0x000000070bc00000|  0%| F|  |TAMS 0x000000070ba00000| PB 0x000000070ba00000| Untracked 
|  49|0x000000070bc00000, 0x000000070bc00000, 0x000000070be00000|  0%| F|  |TAMS 0x000000070bc00000| PB 0x000000070bc00000| Untracked 
|  50|0x000000070be00000, 0x000000070be00000, 0x000000070c000000|  0%| F|  |TAMS 0x000000070be00000| PB 0x000000070be00000| Untracked 
|  51|0x000000070c000000, 0x000000070c000000, 0x000000070c200000|  0%| F|  |TAMS 0x000000070c000000| PB 0x000000070c000000| Untracked 
|  52|0x000000070c200000, 0x000000070c200000, 0x000000070c400000|  0%| F|  |TAMS 0x000000070c200000| PB 0x000000070c200000| Untracked 
|  53|0x000000070c400000, 0x000000070c400000, 0x000000070c600000|  0%| F|  |TAMS 0x000000070c400000| PB 0x000000070c400000| Untracked 
|  54|0x000000070c600000, 0x000000070c600000, 0x000000070c800000|  0%| F|  |TAMS 0x000000070c600000| PB 0x000000070c600000| Untracked 
|  55|0x000000070c800000, 0x000000070c800000, 0x000000070ca00000|  0%| F|  |TAMS 0x000000070c800000| PB 0x000000070c800000| Untracked 
|  56|0x000000070ca00000, 0x000000070ca00000, 0x000000070cc00000|  0%| F|  |TAMS 0x000000070ca00000| PB 0x000000070ca00000| Untracked 
|  57|0x000000070cc00000, 0x000000070cc00000, 0x000000070ce00000|  0%| F|  |TAMS 0x000000070cc00000| PB 0x000000070cc00000| Untracked 
|  58|0x000000070ce00000, 0x000000070ce00000, 0x000000070d000000|  0%| F|  |TAMS 0x000000070ce00000| PB 0x000000070ce00000| Untracked 
|  59|0x000000070d000000, 0x000000070d000000, 0x000000070d200000|  0%| F|  |TAMS 0x000000070d000000| PB 0x000000070d000000| Untracked 
|  60|0x000000070d200000, 0x000000070d200000, 0x000000070d400000|  0%| F|  |TAMS 0x000000070d200000| PB 0x000000070d200000| Untracked 
|  61|0x000000070d400000, 0x000000070d400000, 0x000000070d600000|  0%| F|  |TAMS 0x000000070d400000| PB 0x000000070d400000| Untracked 
|  62|0x000000070d600000, 0x000000070d600000, 0x000000070d800000|  0%| F|  |TAMS 0x000000070d600000| PB 0x000000070d600000| Untracked 
|  63|0x000000070d800000, 0x000000070d800000, 0x000000070da00000|  0%| F|  |TAMS 0x000000070d800000| PB 0x000000070d800000| Untracked 
|  64|0x000000070da00000, 0x000000070da00000, 0x000000070dc00000|  0%| F|  |TAMS 0x000000070da00000| PB 0x000000070da00000| Untracked 
|  65|0x000000070dc00000, 0x000000070dc00000, 0x000000070de00000|  0%| F|  |TAMS 0x000000070dc00000| PB 0x000000070dc00000| Untracked 
|  66|0x000000070de00000, 0x000000070de00000, 0x000000070e000000|  0%| F|  |TAMS 0x000000070de00000| PB 0x000000070de00000| Untracked 
|  67|0x000000070e000000, 0x000000070e000000, 0x000000070e200000|  0%| F|  |TAMS 0x000000070e000000| PB 0x000000070e000000| Untracked 
|  68|0x000000070e200000, 0x000000070e200000, 0x000000070e400000|  0%| F|  |TAMS 0x000000070e200000| PB 0x000000070e200000| Untracked 
|  69|0x000000070e400000, 0x000000070e400000, 0x000000070e600000|  0%| F|  |TAMS 0x000000070e400000| PB 0x000000070e400000| Untracked 
|  70|0x000000070e600000, 0x000000070e600000, 0x000000070e800000|  0%| F|  |TAMS 0x000000070e600000| PB 0x000000070e600000| Untracked 
|  71|0x000000070e800000, 0x000000070e800000, 0x000000070ea00000|  0%| F|  |TAMS 0x000000070e800000| PB 0x000000070e800000| Untracked 
|  72|0x000000070ea00000, 0x000000070ea00000, 0x000000070ec00000|  0%| F|  |TAMS 0x000000070ea00000| PB 0x000000070ea00000| Untracked 
|  73|0x000000070ec00000, 0x000000070ec00000, 0x000000070ee00000|  0%| F|  |TAMS 0x000000070ec00000| PB 0x000000070ec00000| Untracked 
|  74|0x000000070ee00000, 0x000000070ee00000, 0x000000070f000000|  0%| F|  |TAMS 0x000000070ee00000| PB 0x000000070ee00000| Untracked 
|  75|0x000000070f000000, 0x000000070f000000, 0x000000070f200000|  0%| F|  |TAMS 0x000000070f000000| PB 0x000000070f000000| Untracked 
|  76|0x000000070f200000, 0x000000070f200000, 0x000000070f400000|  0%| F|  |TAMS 0x000000070f200000| PB 0x000000070f200000| Untracked 
|  77|0x000000070f400000, 0x000000070f400000, 0x000000070f600000|  0%| F|  |TAMS 0x000000070f400000| PB 0x000000070f400000| Untracked 
|  78|0x000000070f600000, 0x000000070f600000, 0x000000070f800000|  0%| F|  |TAMS 0x000000070f600000| PB 0x000000070f600000| Untracked 
|  79|0x000000070f800000, 0x000000070f800000, 0x000000070fa00000|  0%| F|  |TAMS 0x000000070f800000| PB 0x000000070f800000| Untracked 
|  80|0x000000070fa00000, 0x000000070fa00000, 0x000000070fc00000|  0%| F|  |TAMS 0x000000070fa00000| PB 0x000000070fa00000| Untracked 
|  81|0x000000070fc00000, 0x000000070fc00000, 0x000000070fe00000|  0%| F|  |TAMS 0x000000070fc00000| PB 0x000000070fc00000| Untracked 
|  82|0x000000070fe00000, 0x000000070fe00000, 0x0000000710000000|  0%| F|  |TAMS 0x000000070fe00000| PB 0x000000070fe00000| Untracked 
|  83|0x0000000710000000, 0x0000000710000000, 0x0000000710200000|  0%| F|  |TAMS 0x0000000710000000| PB 0x0000000710000000| Untracked 
|  84|0x0000000710200000, 0x0000000710200000, 0x0000000710400000|  0%| F|  |TAMS 0x0000000710200000| PB 0x0000000710200000| Untracked 
|  85|0x0000000710400000, 0x0000000710400000, 0x0000000710600000|  0%| F|  |TAMS 0x0000000710400000| PB 0x0000000710400000| Untracked 
|  86|0x0000000710600000, 0x0000000710600000, 0x0000000710800000|  0%| F|  |TAMS 0x0000000710600000| PB 0x0000000710600000| Untracked 
|  87|0x0000000710800000, 0x0000000710800000, 0x0000000710a00000|  0%| F|  |TAMS 0x0000000710800000| PB 0x0000000710800000| Untracked 
|  88|0x0000000710a00000, 0x0000000710a00000, 0x0000000710c00000|  0%| F|  |TAMS 0x0000000710a00000| PB 0x0000000710a00000| Untracked 
|  89|0x0000000710c00000, 0x0000000710c00000, 0x0000000710e00000|  0%| F|  |TAMS 0x0000000710c00000| PB 0x0000000710c00000| Untracked 
|  90|0x0000000710e00000, 0x0000000710e00000, 0x0000000711000000|  0%| F|  |TAMS 0x0000000710e00000| PB 0x0000000710e00000| Untracked 
|  91|0x0000000711000000, 0x0000000711000000, 0x0000000711200000|  0%| F|  |TAMS 0x0000000711000000| PB 0x0000000711000000| Untracked 
|  92|0x0000000711200000, 0x0000000711200000, 0x0000000711400000|  0%| F|  |TAMS 0x0000000711200000| PB 0x0000000711200000| Untracked 
|  93|0x0000000711400000, 0x0000000711400000, 0x0000000711600000|  0%| F|  |TAMS 0x0000000711400000| PB 0x0000000711400000| Untracked 
|  94|0x0000000711600000, 0x0000000711600000, 0x0000000711800000|  0%| F|  |TAMS 0x0000000711600000| PB 0x0000000711600000| Untracked 
|  95|0x0000000711800000, 0x0000000711800000, 0x0000000711a00000|  0%| F|  |TAMS 0x0000000711800000| PB 0x0000000711800000| Untracked 
|  96|0x0000000711a00000, 0x0000000711a00000, 0x0000000711c00000|  0%| F|  |TAMS 0x0000000711a00000| PB 0x0000000711a00000| Untracked 
|  97|0x0000000711c00000, 0x0000000711c00000, 0x0000000711e00000|  0%| F|  |TAMS 0x0000000711c00000| PB 0x0000000711c00000| Untracked 
|  98|0x0000000711e00000, 0x0000000711e00000, 0x0000000712000000|  0%| F|  |TAMS 0x0000000711e00000| PB 0x0000000711e00000| Untracked 
|  99|0x0000000712000000, 0x0000000712000000, 0x0000000712200000|  0%| F|  |TAMS 0x0000000712000000| PB 0x0000000712000000| Untracked 
| 100|0x0000000712200000, 0x0000000712200000, 0x0000000712400000|  0%| F|  |TAMS 0x0000000712200000| PB 0x0000000712200000| Untracked 
| 101|0x0000000712400000, 0x0000000712400000, 0x0000000712600000|  0%| F|  |TAMS 0x0000000712400000| PB 0x0000000712400000| Untracked 
| 102|0x0000000712600000, 0x0000000712600000, 0x0000000712800000|  0%| F|  |TAMS 0x0000000712600000| PB 0x0000000712600000| Untracked 
| 103|0x0000000712800000, 0x0000000712800000, 0x0000000712a00000|  0%| F|  |TAMS 0x0000000712800000| PB 0x0000000712800000| Untracked 
| 104|0x0000000712a00000, 0x0000000712a00000, 0x0000000712c00000|  0%| F|  |TAMS 0x0000000712a00000| PB 0x0000000712a00000| Untracked 
| 105|0x0000000712c00000, 0x0000000712c00000, 0x0000000712e00000|  0%| F|  |TAMS 0x0000000712c00000| PB 0x0000000712c00000| Untracked 
| 106|0x0000000712e00000, 0x0000000712e00000, 0x0000000713000000|  0%| F|  |TAMS 0x0000000712e00000| PB 0x0000000712e00000| Untracked 
| 107|0x0000000713000000, 0x0000000713000000, 0x0000000713200000|  0%| F|  |TAMS 0x0000000713000000| PB 0x0000000713000000| Untracked 
| 108|0x0000000713200000, 0x0000000713200000, 0x0000000713400000|  0%| F|  |TAMS 0x0000000713200000| PB 0x0000000713200000| Untracked 
| 109|0x0000000713400000, 0x0000000713400000, 0x0000000713600000|  0%| F|  |TAMS 0x0000000713400000| PB 0x0000000713400000| Untracked 
| 110|0x0000000713600000, 0x0000000713600000, 0x0000000713800000|  0%| F|  |TAMS 0x0000000713600000| PB 0x0000000713600000| Untracked 
| 111|0x0000000713800000, 0x0000000713800000, 0x0000000713a00000|  0%| F|  |TAMS 0x0000000713800000| PB 0x0000000713800000| Untracked 
| 112|0x0000000713a00000, 0x0000000713a00000, 0x0000000713c00000|  0%| F|  |TAMS 0x0000000713a00000| PB 0x0000000713a00000| Untracked 
| 113|0x0000000713c00000, 0x0000000713c00000, 0x0000000713e00000|  0%| F|  |TAMS 0x0000000713c00000| PB 0x0000000713c00000| Untracked 
| 114|0x0000000713e00000, 0x0000000713e00000, 0x0000000714000000|  0%| F|  |TAMS 0x0000000713e00000| PB 0x0000000713e00000| Untracked 
| 115|0x0000000714000000, 0x0000000714000000, 0x0000000714200000|  0%| F|  |TAMS 0x0000000714000000| PB 0x0000000714000000| Untracked 
| 116|0x0000000714200000, 0x00000007142ae9d8, 0x0000000714400000| 34%| E|  |TAMS 0x0000000714200000| PB 0x0000000714200000| Complete 
| 117|0x0000000714400000, 0x000000071455faf8, 0x0000000714600000| 68%| S|CS|TAMS 0x0000000714400000| PB 0x0000000714400000| Complete 
| 118|0x0000000714600000, 0x0000000714800000, 0x0000000714800000|100%| E|CS|TAMS 0x0000000714600000| PB 0x0000000714600000| Complete 
| 119|0x0000000714800000, 0x0000000714a00000, 0x0000000714a00000|100%| E|CS|TAMS 0x0000000714800000| PB 0x0000000714800000| Complete 
| 120|0x0000000714a00000, 0x0000000714c00000, 0x0000000714c00000|100%| E|CS|TAMS 0x0000000714a00000| PB 0x0000000714a00000| Complete 
| 121|0x0000000714c00000, 0x0000000714e00000, 0x0000000714e00000|100%| E|CS|TAMS 0x0000000714c00000| PB 0x0000000714c00000| Complete 
| 122|0x0000000714e00000, 0x0000000715000000, 0x0000000715000000|100%| E|CS|TAMS 0x0000000714e00000| PB 0x0000000714e00000| Complete 
| 123|0x0000000715000000, 0x0000000715200000, 0x0000000715200000|100%| E|CS|TAMS 0x0000000715000000| PB 0x0000000715000000| Complete 
| 124|0x0000000715200000, 0x0000000715400000, 0x0000000715400000|100%| E|CS|TAMS 0x0000000715200000| PB 0x0000000715200000| Complete 
| 125|0x0000000715400000, 0x0000000715600000, 0x0000000715600000|100%| E|CS|TAMS 0x0000000715400000| PB 0x0000000715400000| Complete 

Card table byte_map: [0x000001eaf9f10000,0x000001eafa6f0000] _byte_map_base: 0x000001eaf66e3000

Marking Bits: (CMBitMap*) 0x000001eaf9171cf0
 Bits: [0x000001eafa6f0000, 0x000001eafe588000)

Polling page: 0x000001eaf88d0000

Metaspace:

Usage:
  Non-class:      9.95 MB used.
      Class:      1.41 MB used.
       Both:     11.36 MB used.

Virtual space:
  Non-class space:       64.00 MB reserved,      10.12 MB ( 16%) committed,  1 nodes.
      Class space:        1.00 GB reserved,       1.50 MB ( <1%) committed,  1 nodes.
             Both:        1.06 GB reserved,      11.62 MB (  1%) committed. 

Chunk freelists:
   Non-Class:  5.66 MB
       Class:  14.50 MB
        Both:  20.16 MB

MaxMetaspaceSize: unlimited
CompressedClassSpaceSize: 1.00 GB
Initial GC threshold: 21.00 MB
Current GC threshold: 21.00 MB
CDS: on
 - commit_granule_bytes: 65536.
 - commit_granule_words: 8192.
 - virtual_space_node_default_size: 8388608.
 - enlarge_chunks_in_place: 1.
 - use_allocation_guard: 0.


Internal statistics:

num_allocs_failed_limit: 0.
num_arena_births: 210.
num_arena_deaths: 0.
num_vsnodes_births: 2.
num_vsnodes_deaths: 0.
num_space_committed: 186.
num_space_uncommitted: 0.
num_chunks_returned_to_freelist: 0.
num_chunks_taken_from_freelist: 649.
num_chunk_merges: 0.
num_chunk_splits: 377.
num_chunks_enlarged: 235.
num_inconsistent_stats: 0.

CodeHeap 'non-profiled nmethods': size=120000Kb used=669Kb max_used=669Kb free=119330Kb
 bounds [0x000001ea8fe60000, 0x000001ea900d0000, 0x000001ea97390000]
CodeHeap 'profiled nmethods': size=120000Kb used=3371Kb max_used=3371Kb free=116628Kb
 bounds [0x000001ea88390000, 0x000001ea886e0000, 0x000001ea8f8c0000]
CodeHeap 'non-nmethods': size=5760Kb used=1405Kb max_used=1421Kb free=4354Kb
 bounds [0x000001ea8f8c0000, 0x000001ea8fb30000, 0x000001ea8fe60000]
 total_blobs=2247 nmethods=1747 adapters=404
 compilation: enabled
              stopped_count=0, restarted_count=0
 full_count=0

Compilation events (20 events):
Event: 0.675 Thread 0x000001eaff21b020 nmethod 1714 0x000001ea8ff05b10 code [0x000001ea8ff05ce0, 0x000001ea8ff060a0]
Event: 0.675 Thread 0x000001eaff23bf60 1718       3       java.lang.reflect.Constructor::newInstance (34 bytes)
Event: 0.676 Thread 0x000001eaff23bf60 nmethod 1718 0x000001ea886bca90 code [0x000001ea886bcc60, 0x000001ea886bceb0]
Event: 0.678 Thread 0x000001eaff21b020 1719       4       java.lang.invoke.MethodType::makeImpl (109 bytes)
Event: 0.678 Thread 0x000001eaff23bf60 1720       3       java.util.concurrent.CopyOnWriteArrayList::get (9 bytes)
Event: 0.679 Thread 0x000001eaff23bf60 nmethod 1720 0x000001ea886bcf90 code [0x000001ea886bd140, 0x000001ea886bd2f0]
Event: 0.684 Thread 0x000001eaff23bf60 1722       3       ch.qos.logback.classic.util.LoggerNameUtil::getSeparatorIndexOf (53 bytes)
Event: 0.684 Thread 0x000001eaff23bf60 nmethod 1722 0x000001ea886bd410 code [0x000001ea886bd5e0, 0x000001ea886bd910]
Event: 0.685 Thread 0x000001eaff23bf60 1723       3       java.lang.invoke.DirectMethodHandle$Holder::newInvokeSpecial (24 bytes)
Event: 0.685 Thread 0x000001eaff23bf60 nmethod 1723 0x000001ea886bda10 code [0x000001ea886bdc00, 0x000001ea886be360]
Event: 0.687 Thread 0x000001eaff23bf60 1724  s    3       java.io.ByteArrayOutputStream::reset (6 bytes)
Event: 0.687 Thread 0x000001eaff23bf60 nmethod 1724 0x000001ea886be510 code [0x000001ea886be6c0, 0x000001ea886be890]
Event: 0.692 Thread 0x000001eaff23bf60 1726       3       java.util.ArrayList$ArrayListSpliterator::tryAdvance (79 bytes)
Event: 0.693 Thread 0x000001eaff23bf60 nmethod 1726 0x000001ea886be910 code [0x000001ea886beb20, 0x000001ea886bf0a8]
Event: 0.693 Thread 0x000001eaff23bf60 1728       3       java.util.stream.MatchOps$1MatchSink::accept (44 bytes)
Event: 0.693 Thread 0x000001eaff23bf60 nmethod 1728 0x000001ea886bf310 code [0x000001ea886bf4c0, 0x000001ea886bf738]
Event: 0.693 Thread 0x000001eaff23bf60 1727       3       java.util.stream.AbstractPipeline::<init> (91 bytes)
Event: 0.693 Thread 0x000001eaff23bf60 nmethod 1727 0x000001ea886bf810 code [0x000001ea886bfa20, 0x000001ea886c00c8]
Event: 0.693 Thread 0x000001eaff23bf60 1730       3       jdk.internal.org.objectweb.asm.Type::getArgumentTypes (154 bytes)
Event: 0.694 Thread 0x000001eaff23bf60 nmethod 1730 0x000001ea886c0310 code [0x000001ea886c0760, 0x000001ea886c2cf8]

GC Heap History (4 events):
Event: 0.255 GC heap before
{Heap before GC invocations=0 (full 0):
 garbage-first heap   total 258048K, used 20480K [0x0000000705a00000, 0x0000000800000000)
  region size 2048K, 11 young (22528K), 0 survivors (0K)
 Metaspace       used 2829K, committed 2944K, reserved 1114112K
  class space    used 264K, committed 320K, reserved 1048576K
}
Event: 0.260 GC heap after
{Heap after GC invocations=1 (full 0):
 garbage-first heap   total 258048K, used 10688K [0x0000000705a00000, 0x0000000800000000)
  region size 2048K, 2 young (4096K), 2 survivors (4096K)
 Metaspace       used 2829K, committed 2944K, reserved 1114112K
  class space    used 264K, committed 320K, reserved 1048576K
}
Event: 0.477 GC heap before
{Heap before GC invocations=1 (full 0):
 garbage-first heap   total 258048K, used 27072K [0x0000000705a00000, 0x0000000800000000)
  region size 2048K, 10 young (20480K), 2 survivors (4096K)
 Metaspace       used 7116K, committed 7424K, reserved 1114112K
  class space    used 864K, committed 1024K, reserved 1048576K
}
Event: 0.481 GC heap after
{Heap after GC invocations=2 (full 0):
 garbage-first heap   total 258048K, used 11810K [0x0000000705a00000, 0x0000000800000000)
  region size 2048K, 1 young (2048K), 1 survivors (2048K)
 Metaspace       used 7116K, committed 7424K, reserved 1114112K
  class space    used 864K, committed 1024K, reserved 1048576K
}

Dll operation events (8 events):
Event: 0.004 Loaded shared library C:\Program Files\Java\jdk-21\bin\java.dll
Event: 0.022 Loaded shared library C:\Program Files\Java\jdk-21\bin\jsvml.dll
Event: 0.031 Loaded shared library C:\Program Files\Java\jdk-21\bin\net.dll
Event: 0.032 Loaded shared library C:\Program Files\Java\jdk-21\bin\nio.dll
Event: 0.033 Loaded shared library C:\Program Files\Java\jdk-21\bin\zip.dll
Event: 0.065 Loaded shared library C:\Program Files\Java\jdk-21\bin\management.dll
Event: 0.068 Loaded shared library C:\Program Files\Java\jdk-21\bin\management_ext.dll
Event: 0.077 Loaded shared library C:\Program Files\Java\jdk-21\bin\jimage.dll

Deoptimization events (20 events):
Event: 0.646 Thread 0x000001eaf910f5c0 Uncommon trap: trap_request=0xffffffde fr.pc=0x000001ea8ff02d4c relative=0x000000000000012c
Event: 0.646 Thread 0x000001eaf910f5c0 Uncommon trap: reason=class_check action=maybe_recompile pc=0x000001ea8ff02d4c method=jdk.internal.misc.Unsafe.allocateUninitializedArray(Ljava/lang/Class;I)Ljava/lang/Object; @ 51 c2
Event: 0.646 Thread 0x000001eaf910f5c0 DEOPT PACKING pc=0x000001ea8ff02d4c sp=0x0000005077bfb780
Event: 0.646 Thread 0x000001eaf910f5c0 DEOPT UNPACKING pc=0x000001ea8f9146a2 sp=0x0000005077bfb6f8 mode 2
Event: 0.646 Thread 0x000001eaf910f5c0 Uncommon trap: trap_request=0xffffffde fr.pc=0x000001ea8ff02d4c relative=0x000000000000012c
Event: 0.646 Thread 0x000001eaf910f5c0 Uncommon trap: reason=class_check action=maybe_recompile pc=0x000001ea8ff02d4c method=jdk.internal.misc.Unsafe.allocateUninitializedArray(Ljava/lang/Class;I)Ljava/lang/Object; @ 51 c2
Event: 0.646 Thread 0x000001eaf910f5c0 DEOPT PACKING pc=0x000001ea8ff02d4c sp=0x0000005077bfb780
Event: 0.646 Thread 0x000001eaf910f5c0 DEOPT UNPACKING pc=0x000001ea8f9146a2 sp=0x0000005077bfb6f8 mode 2
Event: 0.646 Thread 0x000001eaf910f5c0 Uncommon trap: trap_request=0xffffffde fr.pc=0x000001ea8ff02d4c relative=0x000000000000012c
Event: 0.646 Thread 0x000001eaf910f5c0 Uncommon trap: reason=class_check action=maybe_recompile pc=0x000001ea8ff02d4c method=jdk.internal.misc.Unsafe.allocateUninitializedArray(Ljava/lang/Class;I)Ljava/lang/Object; @ 51 c2
Event: 0.646 Thread 0x000001eaf910f5c0 DEOPT PACKING pc=0x000001ea8ff02d4c sp=0x0000005077bfb920
Event: 0.646 Thread 0x000001eaf910f5c0 DEOPT UNPACKING pc=0x000001ea8f9146a2 sp=0x0000005077bfb898 mode 2
Event: 0.663 Thread 0x000001eaf910f5c0 Uncommon trap: trap_request=0xffffff45 fr.pc=0x000001ea8fef6af0 relative=0x00000000000000d0
Event: 0.663 Thread 0x000001eaf910f5c0 Uncommon trap: reason=unstable_if action=reinterpret pc=0x000001ea8fef6af0 method=java.lang.ref.SoftReference.get()Ljava/lang/Object; @ 6 c2
Event: 0.663 Thread 0x000001eaf910f5c0 DEOPT PACKING pc=0x000001ea8fef6af0 sp=0x0000005077bfca60
Event: 0.663 Thread 0x000001eaf910f5c0 DEOPT UNPACKING pc=0x000001ea8f9146a2 sp=0x0000005077bfca18 mode 2
Event: 0.665 Thread 0x000001eaf910f5c0 Uncommon trap: trap_request=0xffffff45 fr.pc=0x000001ea8fed1dcc relative=0x00000000000002ec
Event: 0.665 Thread 0x000001eaf910f5c0 Uncommon trap: reason=unstable_if action=reinterpret pc=0x000001ea8fed1dcc method=java.util.HashMap.hash(Ljava/lang/Object;)I @ 1 c2
Event: 0.665 Thread 0x000001eaf910f5c0 DEOPT PACKING pc=0x000001ea8fed1dcc sp=0x0000005077bfc9a0
Event: 0.665 Thread 0x000001eaf910f5c0 DEOPT UNPACKING pc=0x000001ea8f9146a2 sp=0x0000005077bfc898 mode 2

Classes loaded (20 events):
Event: 0.653 Loading class java/time/Month
Event: 0.653 Loading class java/time/Month done
Event: 0.653 Loading class java/time/YearMonth
Event: 0.654 Loading class java/time/YearMonth done
Event: 0.654 Loading class java/time/MonthDay
Event: 0.654 Loading class java/time/MonthDay done
Event: 0.656 Loading class sun/reflect/generics/tree/CharSignature
Event: 0.656 Loading class sun/reflect/generics/tree/CharSignature done
Event: 0.656 Loading class sun/reflect/generics/tree/ArrayTypeSignature
Event: 0.656 Loading class sun/reflect/generics/tree/ArrayTypeSignature done
Event: 0.657 Loading class java/net/UnknownHostException
Event: 0.657 Loading class java/net/UnknownHostException done
Event: 0.659 Loading class sun/reflect/generics/tree/ByteSignature
Event: 0.659 Loading class sun/reflect/generics/tree/ByteSignature done
Event: 0.663 Loading class java/util/function/UnaryOperator
Event: 0.663 Loading class java/util/function/UnaryOperator done
Event: 0.663 Loading class java/util/ConcurrentModificationException
Event: 0.663 Loading class java/util/ConcurrentModificationException done
Event: 0.669 Loading class java/lang/ThreadLocal$SuppliedThreadLocal
Event: 0.669 Loading class java/lang/ThreadLocal$SuppliedThreadLocal done

Classes unloaded (0 events):
No events

Classes redefined (0 events):
No events

Internal exceptions (20 events):
Event: 0.390 Thread 0x000001eaf910f5c0 Exception <a 'java/lang/NoSuchMethodError'{0x0000000714d7a2f8}: 'int java.lang.invoke.DirectMethodHandle$Holder.invokeStatic(java.lang.Object, java.lang.Object, java.lang.Object, java.lang.Object, java.lang.Object)'> (0x0000000714d7a2f8) 
thrown [s\open\src\hotspot\share\interpreter\linkResolver.cpp, line 773]
Event: 0.394 Thread 0x000001eaf910f5c0 Exception <a 'java/lang/NoSuchMethodError'{0x0000000714dbd0a0}: 'void java.lang.invoke.DirectMethodHandle$Holder.invokeStaticInit(java.lang.Object)'> (0x0000000714dbd0a0) 
thrown [s\open\src\hotspot\share\interpreter\linkResolver.cpp, line 773]
Event: 0.404 Thread 0x000001eaf910f5c0 Exception <a 'java/lang/NoSuchMethodError'{0x0000000714a6fa38}: 'void java.lang.invoke.DirectMethodHandle$Holder.invokeStaticInit(java.lang.Object, java.lang.Object, java.lang.Object, java.lang.Object)'> (0x0000000714a6fa38) 
thrown [s\open\src\hotspot\share\interpreter\linkResolver.cpp, line 773]
Event: 0.415 Thread 0x000001eaf910f5c0 Exception <a 'java/lang/NoSuchMethodError'{0x0000000714b626d0}: 'int java.lang.invoke.DirectMethodHandle$Holder.invokeStaticInit(java.lang.Object, java.lang.Object)'> (0x0000000714b626d0) 
thrown [s\open\src\hotspot\share\interpreter\linkResolver.cpp, line 773]
Event: 0.434 Thread 0x000001eaf910f5c0 Exception <a 'java/lang/NoSuchMethodError'{0x0000000714881d20}: 'void java.lang.invoke.DirectMethodHandle$Holder.invokeStatic(java.lang.Object, java.lang.Object)'> (0x0000000714881d20) 
thrown [s\open\src\hotspot\share\interpreter\linkResolver.cpp, line 773]
Event: 0.458 Thread 0x000001eaf910f5c0 Exception <a 'java/lang/NoSuchMethodError'{0x0000000714673c58}: 'java.lang.Object java.lang.invoke.DirectMethodHandle$Holder.invokeSpecial(java.lang.Object, java.lang.Object, java.lang.Object, long, java.lang.Object)'> (0x0000000714673c58) 
thrown [s\open\src\hotspot\share\interpreter\linkResolver.cpp, line 773]
Event: 0.458 Thread 0x000001eaf910f5c0 Exception <a 'java/lang/NoSuchMethodError'{0x0000000714677858}: 'java.lang.Object java.lang.invoke.Invokers$Holder.linkToTargetMethod(java.lang.Object, long, java.lang.Object, java.lang.Object)'> (0x0000000714677858) 
thrown [s\open\src\hotspot\share\interpreter\linkResolver.cpp, line 773]
Event: 0.468 Thread 0x000001eaf910f5c0 Implicit null exception at 0x000001ea8fed13e6 to 0x000001ea8fed148a
Event: 0.509 Thread 0x000001eaf910f5c0 Exception <a 'java/lang/NoSuchMethodError'{0x00000007152774d8}: 'int java.lang.invoke.DirectMethodHandle$Holder.invokeStaticInit(java.lang.Object, java.lang.Object, java.lang.Object)'> (0x00000007152774d8) 
thrown [s\open\src\hotspot\share\interpreter\linkResolver.cpp, line 773]
Event: 0.520 Thread 0x000001eaf910f5c0 Exception <a 'java/lang/NoSuchMethodError'{0x000000071537bce8}: 'int java.lang.invoke.DirectMethodHandle$Holder.invokeInterface(java.lang.Object, java.lang.Object)'> (0x000000071537bce8) 
thrown [s\open\src\hotspot\share\interpreter\linkResolver.cpp, line 773]
Event: 0.530 Thread 0x000001eaf910f5c0 Exception <a 'java/lang/NoSuchMethodError'{0x000000071504e780}: 'void java.lang.invoke.DirectMethodHandle$Holder.invokeStaticInit(java.lang.Object, java.lang.Object)'> (0x000000071504e780) 
thrown [s\open\src\hotspot\share\interpreter\linkResolver.cpp, line 773]
Event: 0.541 Thread 0x000001eaf910f5c0 Exception <a 'java/lang/NoSuchMethodError'{0x0000000715123050}: 'int java.lang.invoke.DirectMethodHandle$Holder.invokeVirtual(java.lang.Object, java.lang.Object, java.lang.Object)'> (0x0000000715123050) 
thrown [s\open\src\hotspot\share\interpreter\linkResolver.cpp, line 773]
Event: 0.559 Thread 0x000001eaf910f5c0 Exception <a 'java/lang/IncompatibleClassChangeError'{0x0000000714e93250}: Found class java.lang.Object, but interface was expected> (0x0000000714e93250) 
thrown [s\open\src\hotspot\share\interpreter\linkResolver.cpp, line 840]
Event: 0.577 Thread 0x000001eaf910f5c0 Exception <a 'java/lang/NoSuchMethodError'{0x0000000714fe4f28}: 'int java.lang.invoke.DirectMethodHandle$Holder.invokeSpecial(java.lang.Object, java.lang.Object, java.lang.Object, java.lang.Object)'> (0x0000000714fe4f28) 
thrown [s\open\src\hotspot\share\interpreter\linkResolver.cpp, line 773]
Event: 0.580 Thread 0x000001eaf910f5c0 Exception <a 'java/lang/NoSuchMethodError'{0x0000000714c01950}: 'int java.lang.invoke.DirectMethodHandle$Holder.invokeSpecial(java.lang.Object, java.lang.Object, java.lang.Object, java.lang.Object, java.lang.Object)'> (0x0000000714c01950) 
thrown [s\open\src\hotspot\share\interpreter\linkResolver.cpp, line 773]
Event: 0.581 Thread 0x000001eaf910f5c0 Exception <a 'java/lang/NoSuchMethodError'{0x0000000714c09fc0}: 'void java.lang.invoke.DirectMethodHandle$Holder.invokeVirtual(java.lang.Object, java.lang.Object)'> (0x0000000714c09fc0) 
thrown [s\open\src\hotspot\share\interpreter\linkResolver.cpp, line 773]
Event: 0.618 Thread 0x000001eaf910f5c0 Exception <a 'java/lang/NoSuchMethodError'{0x0000000714a64e50}: 'void java.lang.invoke.DirectMethodHandle$Holder.invokeVirtual(java.lang.Object, java.lang.Object, java.lang.Object, java.lang.Object)'> (0x0000000714a64e50) 
thrown [s\open\src\hotspot\share\interpreter\linkResolver.cpp, line 773]
Event: 0.665 Thread 0x000001eaf910f5c0 Exception <a 'java/lang/NoSuchMethodError'{0x0000000714629d20}: 'java.lang.Object java.lang.invoke.DirectMethodHandle$Holder.newInvokeSpecial(java.lang.Object, java.lang.Object, java.lang.Object, java.lang.Object, java.lang.Object, java.lang.Object, java.lang.Object)'> (0x0000000714629d20) 
thrown [s\open\src\hotspot\share\interpreter\linkResolver.cpp, line 773]
Event: 0.665 Thread 0x000001eaf910f5c0 Implicit null exception at 0x000001ea8fed1b39 to 0x000001ea8fed1db0
Event: 0.693 Thread 0x000001eaf910f5c0 Exception <a 'java/lang/NoSuchMethodError'{0x00000007147db590}: 'java.lang.Object java.lang.invoke.DirectMethodHandle$Holder.invokeInterface(java.lang.Object, java.lang.Object, java.lang.Object, java.lang.Object)'> (0x00000007147db590) 
thrown [s\open\src\hotspot\share\interpreter\linkResolver.cpp, line 773]

ZGC Phase Switch (0 events):
No events

VM Operations (20 events):
Event: 0.255 Executing VM operation: G1CollectForAllocation (G1 Evacuation Pause)
Event: 0.260 Executing VM operation: G1CollectForAllocation (G1 Evacuation Pause) done
Event: 0.306 Executing VM operation: HandshakeAllThreads (Deoptimize)
Event: 0.306 Executing VM operation: HandshakeAllThreads (Deoptimize) done
Event: 0.308 Executing VM operation: HandshakeAllThreads (Deoptimize)
Event: 0.308 Executing VM operation: HandshakeAllThreads (Deoptimize) done
Event: 0.369 Executing VM operation: HandshakeAllThreads (Deoptimize)
Event: 0.369 Executing VM operation: HandshakeAllThreads (Deoptimize) done
Event: 0.372 Executing VM operation: HandshakeAllThreads (Deoptimize)
Event: 0.372 Executing VM operation: HandshakeAllThreads (Deoptimize) done
Event: 0.443 Executing VM operation: HandshakeAllThreads (Deoptimize)
Event: 0.444 Executing VM operation: HandshakeAllThreads (Deoptimize) done
Event: 0.477 Executing VM operation: G1CollectForAllocation (G1 Evacuation Pause)
Event: 0.481 Executing VM operation: G1CollectForAllocation (G1 Evacuation Pause) done
Event: 0.520 Executing VM operation: HandshakeAllThreads (Deoptimize)
Event: 0.520 Executing VM operation: HandshakeAllThreads (Deoptimize) done
Event: 0.563 Executing VM operation: HandshakeAllThreads (Deoptimize)
Event: 0.563 Executing VM operation: HandshakeAllThreads (Deoptimize) done
Event: 0.617 Executing VM operation: HandshakeAllThreads (Deoptimize)
Event: 0.617 Executing VM operation: HandshakeAllThreads (Deoptimize) done

Events (14 events):
Event: 0.014 Thread 0x000001eaf910f5c0 Thread added: 0x000001eaf910f5c0
Event: 0.021 Thread 0x000001eaff210510 Thread added: 0x000001eaff210510
Event: 0.021 Thread 0x000001eaff211430 Thread added: 0x000001eaff211430
Event: 0.021 Thread 0x000001eaff2133b0 Thread added: 0x000001eaff2133b0
Event: 0.021 Thread 0x000001eaff216100 Thread added: 0x000001eaff216100
Event: 0.021 Thread 0x000001eaff218130 Thread added: 0x000001eaff218130
Event: 0.021 Thread 0x000001eaff218df0 Thread added: 0x000001eaff218df0
Event: 0.021 Thread 0x000001eaff21b020 Thread added: 0x000001eaff21b020
Event: 0.021 Thread 0x000001eaff23bf60 Thread added: 0x000001eaff23bf60
Event: 0.029 Thread 0x000001ea9961d6c0 Thread added: 0x000001ea9961d6c0
Event: 0.030 Thread 0x000001ea99649df0 Thread added: 0x000001ea99649df0
Event: 0.144 Thread 0x000001eadf537510 Thread added: 0x000001eadf537510
Event: 0.151 Thread 0x000001eadf35e2a0 Thread added: 0x000001eadf35e2a0
Event: 0.183 Thread 0x000001eadf5eb960 Thread added: 0x000001eadf5eb960


Dynamic libraries:
0x00007ff60bcf0000 - 0x00007ff60bd00000 	C:\Program Files\Java\jdk-21\bin\java.exe
0x00007ff828250000 - 0x00007ff828467000 	C:\WINDOWS\SYSTEM32\ntdll.dll
0x00007ff826b80000 - 0x00007ff826c44000 	C:\WINDOWS\System32\KERNEL32.DLL
0x00007ff825a90000 - 0x00007ff825e60000 	C:\WINDOWS\System32\KERNELBASE.dll
0x00007ff825810000 - 0x00007ff825921000 	C:\WINDOWS\System32\ucrtbase.dll
0x00007ff804800000 - 0x00007ff80481b000 	C:\Program Files\Java\jdk-21\bin\VCRUNTIME140.dll
0x00007ff805fe0000 - 0x00007ff805ff9000 	C:\Program Files\Java\jdk-21\bin\jli.dll
0x00007ff8272c0000 - 0x00007ff827371000 	C:\WINDOWS\System32\ADVAPI32.dll
0x00007ff827010000 - 0x00007ff8270b7000 	C:\WINDOWS\System32\msvcrt.dll
0x00007ff827110000 - 0x00007ff8271b8000 	C:\WINDOWS\System32\sechost.dll
0x00007ff825930000 - 0x00007ff825958000 	C:\WINDOWS\System32\bcrypt.dll
0x00007ff826a60000 - 0x00007ff826b78000 	C:\WINDOWS\System32\RPCRT4.dll
0x00007ff825ee0000 - 0x00007ff826091000 	C:\WINDOWS\System32\USER32.dll
0x00007ff8253d0000 - 0x00007ff8253f6000 	C:\WINDOWS\System32\win32u.dll
0x00007ff804390000 - 0x00007ff80462c000 	C:\WINDOWS\WinSxS\amd64_microsoft.windows.common-controls_6595b64144ccf1df_6.0.22621.5840_none_2710ea077384a4fe\COMCTL32.dll
0x00007ff828170000 - 0x00007ff828199000 	C:\WINDOWS\System32\GDI32.dll
0x00007ff825960000 - 0x00007ff825a83000 	C:\WINDOWS\System32\gdi32full.dll
0x00007ff825770000 - 0x00007ff82580a000 	C:\WINDOWS\System32\msvcp_win.dll
0x00007ff818ec0000 - 0x00007ff818eca000 	C:\WINDOWS\SYSTEM32\VERSION.dll
0x00007ff8270c0000 - 0x00007ff8270f1000 	C:\WINDOWS\System32\IMM32.DLL
0x00007ff806030000 - 0x00007ff80603c000 	C:\Program Files\Java\jdk-21\bin\vcruntime140_1.dll
0x00007fffba7e0000 - 0x00007fffba86e000 	C:\Program Files\Java\jdk-21\bin\msvcp140.dll
0x00007fff89c60000 - 0x00007fff8a975000 	C:\Program Files\Java\jdk-21\bin\server\jvm.dll
0x00007ff827240000 - 0x00007ff8272b1000 	C:\WINDOWS\System32\WS2_32.dll
0x00007ff825170000 - 0x00007ff8251bd000 	C:\WINDOWS\SYSTEM32\POWRPROF.dll
0x00007ff821b80000 - 0x00007ff821bb4000 	C:\WINDOWS\SYSTEM32\WINMM.dll
0x00007ff825150000 - 0x00007ff825163000 	C:\WINDOWS\SYSTEM32\UMPDC.dll
0x00007ff8242e0000 - 0x00007ff8242f8000 	C:\WINDOWS\SYSTEM32\kernel.appcore.dll
0x00007ff804d90000 - 0x00007ff804d9a000 	C:\Program Files\Java\jdk-21\bin\jimage.dll
0x00007ff822a00000 - 0x00007ff822c33000 	C:\WINDOWS\SYSTEM32\DBGHELP.DLL
0x00007ff827580000 - 0x00007ff827911000 	C:\WINDOWS\System32\combase.dll
0x00007ff826e50000 - 0x00007ff826f28000 	C:\WINDOWS\System32\OLEAUT32.dll
0x00007ffffa860000 - 0x00007ffffa892000 	C:\WINDOWS\SYSTEM32\dbgcore.DLL
0x00007ff825e60000 - 0x00007ff825edb000 	C:\WINDOWS\System32\bcryptPrimitives.dll
0x00007ff8040b0000 - 0x00007ff8040cf000 	C:\Program Files\Java\jdk-21\bin\java.dll
0x00007ff8260a0000 - 0x00007ff826941000 	C:\WINDOWS\System32\SHELL32.dll
0x00007ff825630000 - 0x00007ff82576f000 	C:\WINDOWS\System32\wintypes.dll
0x00007ff823100000 - 0x00007ff823a1a000 	C:\WINDOWS\SYSTEM32\windows.storage.dll
0x00007ff827e10000 - 0x00007ff827f1a000 	C:\WINDOWS\System32\SHCORE.dll
0x00007ff827da0000 - 0x00007ff827e09000 	C:\WINDOWS\System32\shlwapi.dll
0x00007ff825280000 - 0x00007ff8252a5000 	C:\WINDOWS\SYSTEM32\profapi.dll
0x00007fffbb3f0000 - 0x00007fffbb4c7000 	C:\Program Files\Java\jdk-21\bin\jsvml.dll
0x00007ff804a30000 - 0x00007ff804a40000 	C:\Program Files\Java\jdk-21\bin\net.dll
0x00007ff821240000 - 0x00007ff82136c000 	C:\WINDOWS\SYSTEM32\WINHTTP.dll
0x00007ff8247a0000 - 0x00007ff824809000 	C:\WINDOWS\system32\mswsock.dll
0x00007ff803390000 - 0x00007ff8033a6000 	C:\Program Files\Java\jdk-21\bin\nio.dll
0x00007fffee020000 - 0x00007fffee038000 	C:\Program Files\Java\jdk-21\bin\zip.dll
0x00007ff81d550000 - 0x00007ff81d55a000 	C:\Program Files\Java\jdk-21\bin\management.dll
0x00007ff8060f0000 - 0x00007ff8060fb000 	C:\Program Files\Java\jdk-21\bin\management_ext.dll
0x00007ff827000000 - 0x00007ff827008000 	C:\WINDOWS\System32\PSAPI.DLL

dbghelp: loaded successfully - version: 4.0.5 - missing functions: none
symbol engine: initialized successfully - sym options: 0x614 - pdb path: .;C:\Program Files\Java\jdk-21\bin;C:\WINDOWS\SYSTEM32;C:\WINDOWS\WinSxS\amd64_microsoft.windows.common-controls_6595b64144ccf1df_6.0.22621.5840_none_2710ea077384a4fe;C:\Program Files\Java\jdk-21\bin\server

VM Arguments:
java_command: C:\Users\USER01\AppData\Local\Temp\surefire7757730125525543509\surefirebooter-20250916162815645_3.jar C:\Users\USER01\AppData\Local\Temp\surefire7757730125525543509 2025-09-16T16-28-15_527-jvmRun1 surefire-20250916162815645_1tmp surefire_0-20250916162815645_2tmp
java_class_path (initial): C:\Users\USER01\AppData\Local\Temp\surefire7757730125525543509\surefirebooter-20250916162815645_3.jar
Launcher Type: SUN_STANDARD

[Global flags]
     intx CICompilerCount                          = 4                                         {product} {ergonomic}
     uint ConcGCThreads                            = 3                                         {product} {ergonomic}
     uint G1ConcRefinementThreads                  = 10                                        {product} {ergonomic}
   size_t G1HeapRegionSize                         = 2097152                                   {product} {ergonomic}
    uintx GCDrainStackTargetSize                   = 64                                        {product} {ergonomic}
   size_t InitialHeapSize                          = 264241152                                 {product} {ergonomic}
   size_t MarkStackSize                            = 4194304                                   {product} {ergonomic}
   size_t MaxHeapSize                              = 4200595456                                {product} {ergonomic}
   size_t MaxNewSize                               = 2518679552                                {product} {ergonomic}
   size_t MinHeapDeltaBytes                        = 2097152                                   {product} {ergonomic}
   size_t MinHeapSize                              = 8388608                                   {product} {ergonomic}
    uintx NonNMethodCodeHeapSize                   = 5839372                                {pd product} {ergonomic}
    uintx NonProfiledCodeHeapSize                  = 122909434                              {pd product} {ergonomic}
    uintx ProfiledCodeHeapSize                     = 122909434                              {pd product} {ergonomic}
    uintx ReservedCodeCacheSize                    = 251658240                              {pd product} {ergonomic}
     bool SegmentedCodeCache                       = true                                      {product} {ergonomic}
   size_t SoftMaxHeapSize                          = 4200595456                             {manageable} {ergonomic}
     bool UseCompressedOops                        = true                           {product lp64_product} {ergonomic}
     bool UseG1GC                                  = true                                      {product} {ergonomic}
     bool UseLargePagesIndividualAllocation        = false                                  {pd product} {ergonomic}

Logging:
Log output configuration:
 #0: stdout all=warning uptime,level,tags foldmultilines=false
 #1: stderr all=off uptime,level,tags foldmultilines=false

Environment Variables:
JAVA_HOME=C:\Program Files\Java\jdk-21
PATH=E:\app\USER01\product\11.2.0\dbhome_1\bin;E:\app\USER01\product\11.1.0\db_2\bin;C:\Program Files\Common Files\Oracle\Java\javapath;C:\ProgramData\Oracle\Java\javapath;C:\WINDOWS\system32;C:\WINDOWS;C:\WINDOWS\System32\Wbem;C:\WINDOWS\System32\WindowsPowerShell\v1.0\;C:\WINDOWS\System32\OpenSSH\;C:\ProgramData\chocolatey\bin;C:\Program Files\Java\jdk-21\bin;C:\Program Files\TortoiseSVN\bin;C:\Program Files\Microsoft SQL Server\150\Tools\Binn\;C:\Program Files\nodejs\;E:\zenithe\Biometrie\Logiciel_enrolement;E:\MySQL\MySQL Server 5.0\bin;C:\Program Files\Git\cmd;C:\Program Files\Docker\Docker\resources\bin;E:\MongoDB\Server\8.0\bin;;C:\Program Files\Filestar;C:\ProgramData\Filestar\aliases;C:\Users\USER01\AppData\Local\Microsoft\WindowsApps;;C:\Users\USER01\AppData\Local\Programs\Microsoft VS Code\bin;C:\Users\USER01\AppData\Roaming\npm;C:\Users\USER01\AppData\Local\Programs\mongosh\;C:\Users\USER01\AppData\Local\Programs\cursor\resources\app\bin
USERNAME=USER01
OS=Windows_NT
PROCESSOR_IDENTIFIER=Intel64 Family 6 Model 154 Stepping 4, GenuineIntel
TMP=C:\Users\USER01\AppData\Local\Temp
TEMP=C:\Users\USER01\AppData\Local\Temp




Periodic native trim disabled

---------------  S Y S T E M  ---------------

OS:
 Windows 11 , 64 bit Build 22621 (10.0.22621.5415)
OS uptime: 0 days 12:46 hours
Hyper-V role detected

CPU: total 12 (initial active 12) (6 cores per cpu, 2 threads per core) family 6 model 154 stepping 4 microcode 0x437, cx8, cmov, fxsr, ht, mmx, 3dnowpref, sse, sse2, sse3, ssse3, sse4.1, sse4.2, popcnt, lzcnt, tsc, tscinvbit, avx, avx2, aes, erms, clmul, bmi1, bmi2, adx, sha, fma, vzeroupper, clflush, clflushopt, clwb, hv, serialize, rdtscp, rdpid, fsrm, f16c, cet_ibt, cet_ss
Processor Information for processor 0
  Max Mhz: 1800, Current Mhz: 1800, Mhz Limit: 1800
Processor Information for processor 1
  Max Mhz: 1800, Current Mhz: 1800, Mhz Limit: 1800
Processor Information for processor 2
  Max Mhz: 1800, Current Mhz: 1800, Mhz Limit: 1800
Processor Information for processor 3
  Max Mhz: 1800, Current Mhz: 1800, Mhz Limit: 1800
Processor Information for processor 4
  Max Mhz: 1800, Current Mhz: 1800, Mhz Limit: 1800
Processor Information for processor 5
  Max Mhz: 1800, Current Mhz: 1800, Mhz Limit: 1800
Processor Information for processor 6
  Max Mhz: 1800, Current Mhz: 1800, Mhz Limit: 1800
Processor Information for processor 7
  Max Mhz: 1800, Current Mhz: 1523, Mhz Limit: 1800
Processor Information for processor 8
  Max Mhz: 1800, Current Mhz: 1523, Mhz Limit: 1800
Processor Information for processor 9
  Max Mhz: 1800, Current Mhz: 1800, Mhz Limit: 1800
Processor Information for processor 10
  Max Mhz: 1800, Current Mhz: 1800, Mhz Limit: 1800
Processor Information for processor 11
  Max Mhz: 1800, Current Mhz: 1523, Mhz Limit: 1800

Memory: 4k page, system-wide physical 16016M (3989M free)
TotalPageFile size 23794M (AvailPageFile size 5M)
current process WorkingSet (physical memory assigned to process): 112M, peak: 112M
current process commit charge ("private bytes"): 379M, peak: 379M

vm_info: Java HotSpot(TM) 64-Bit Server VM (21.0.1+12-LTS-29) for windows-amd64 JRE (21.0.1+12-LTS-29), built on 2023-10-05T13:27:09Z by "mach5one" with MS VC++ 17.1 (VS2022)

END.
